{"/Users/mikko/github/translate-browser-extension/src/content/screenshot-ocr.ts": {"path":"/Users/mikko/github/translate-browser-extension/src/content/screenshot-ocr.ts","statementMap":{"0":{"start":{"line":17,"column":57},"end":{"line":17,"column":null}},"1":{"start":{"line":17,"column":63},"end":{"line":17,"column":null}},"2":{"start":{"line":20,"column":2},"end":{"line":20,"column":null}},"3":{"start":{"line":26,"column":21},"end":{"line":26,"column":null}},"4":{"start":{"line":27,"column":46},"end":{"line":27,"column":null}},"5":{"start":{"line":28,"column":54},"end":{"line":28,"column":null}},"6":{"start":{"line":34,"column":2},"end":{"line":34,"column":null}},"7":{"start":{"line":34,"column":22},"end":{"line":34,"column":null}},"8":{"start":{"line":35,"column":2},"end":{"line":35,"column":null}},"9":{"start":{"line":36,"column":2},"end":{"line":36,"column":null}},"10":{"start":{"line":39,"column":2},"end":{"line":39,"column":null}},"11":{"start":{"line":40,"column":2},"end":{"line":47,"column":null}},"12":{"start":{"line":48,"column":2},"end":{"line":48,"column":null}},"13":{"start":{"line":50,"column":2},"end":{"line":50,"column":null}},"14":{"start":{"line":51,"column":2},"end":{"line":51,"column":null}},"15":{"start":{"line":52,"column":2},"end":{"line":52,"column":null}},"16":{"start":{"line":53,"column":2},"end":{"line":53,"column":null}},"17":{"start":{"line":55,"column":2},"end":{"line":55,"column":null}},"18":{"start":{"line":62,"column":2},"end":{"line":62,"column":null}},"19":{"start":{"line":63,"column":2},"end":{"line":63,"column":null}},"20":{"start":{"line":64,"column":2},"end":{"line":64,"column":null}},"21":{"start":{"line":67,"column":2},"end":{"line":70,"column":null}},"22":{"start":{"line":68,"column":4},"end":{"line":68,"column":null}},"23":{"start":{"line":69,"column":4},"end":{"line":69,"column":null}},"24":{"start":{"line":72,"column":2},"end":{"line":72,"column":null}},"25":{"start":{"line":73,"column":2},"end":{"line":73,"column":null}},"26":{"start":{"line":74,"column":2},"end":{"line":74,"column":null}},"27":{"start":{"line":75,"column":2},"end":{"line":75,"column":null}},"28":{"start":{"line":79,"column":2},"end":{"line":79,"column":null}},"29":{"start":{"line":79,"column":26},"end":{"line":79,"column":null}},"30":{"start":{"line":84,"column":2},"end":{"line":84,"column":null}},"31":{"start":{"line":84,"column":23},"end":{"line":84,"column":null}},"32":{"start":{"line":85,"column":2},"end":{"line":85,"column":null}},"33":{"start":{"line":86,"column":2},"end":{"line":86,"column":null}},"34":{"start":{"line":88,"column":2},"end":{"line":94,"column":null}},"35":{"start":{"line":89,"column":4},"end":{"line":89,"column":null}},"36":{"start":{"line":90,"column":4},"end":{"line":90,"column":null}},"37":{"start":{"line":91,"column":4},"end":{"line":91,"column":null}},"38":{"start":{"line":92,"column":4},"end":{"line":92,"column":null}},"39":{"start":{"line":93,"column":4},"end":{"line":93,"column":null}},"40":{"start":{"line":98,"column":2},"end":{"line":98,"column":null}},"41":{"start":{"line":98,"column":44},"end":{"line":98,"column":null}},"42":{"start":{"line":99,"column":12},"end":{"line":99,"column":null}},"43":{"start":{"line":100,"column":12},"end":{"line":100,"column":null}},"44":{"start":{"line":101,"column":12},"end":{"line":101,"column":null}},"45":{"start":{"line":102,"column":12},"end":{"line":102,"column":null}},"46":{"start":{"line":103,"column":2},"end":{"line":108,"column":null}},"47":{"start":{"line":112,"column":2},"end":{"line":112,"column":null}},"48":{"start":{"line":112,"column":23},"end":{"line":112,"column":null}},"49":{"start":{"line":114,"column":15},"end":{"line":119,"column":null}},"50":{"start":{"line":121,"column":2},"end":{"line":121,"column":null}},"51":{"start":{"line":124,"column":2},"end":{"line":124,"column":null}},"52":{"start":{"line":124,"column":43},"end":{"line":124,"column":null}},"53":{"start":{"line":126,"column":2},"end":{"line":126,"column":null}},"54":{"start":{"line":128,"column":2},"end":{"line":169,"column":null}},"55":{"start":{"line":130,"column":21},"end":{"line":134,"column":null}},"56":{"start":{"line":136,"column":4},"end":{"line":139,"column":null}},"57":{"start":{"line":137,"column":6},"end":{"line":137,"column":null}},"58":{"start":{"line":138,"column":6},"end":{"line":138,"column":null}},"59":{"start":{"line":142,"column":24},"end":{"line":145,"column":null}},"60":{"start":{"line":147,"column":4},"end":{"line":150,"column":null}},"61":{"start":{"line":148,"column":6},"end":{"line":148,"column":null}},"62":{"start":{"line":149,"column":6},"end":{"line":149,"column":null}},"63":{"start":{"line":153,"column":21},"end":{"line":153,"column":null}},"64":{"start":{"line":154,"column":30},"end":{"line":159,"column":null}},"65":{"start":{"line":161,"column":4},"end":{"line":166,"column":null}},"66":{"start":{"line":163,"column":6},"end":{"line":163,"column":null}},"67":{"start":{"line":165,"column":6},"end":{"line":165,"column":null}},"68":{"start":{"line":168,"column":4},"end":{"line":168,"column":null}},"69":{"start":{"line":177,"column":18},"end":{"line":177,"column":null}},"70":{"start":{"line":178,"column":2},"end":{"line":194,"column":null}},"71":{"start":{"line":196,"column":21},"end":{"line":196,"column":null}},"72":{"start":{"line":197,"column":2},"end":{"line":197,"column":null}},"73":{"start":{"line":198,"column":2},"end":{"line":204,"column":null}},"74":{"start":{"line":206,"column":24},"end":{"line":206,"column":null}},"75":{"start":{"line":207,"column":2},"end":{"line":207,"column":null}},"76":{"start":{"line":209,"column":19},"end":{"line":209,"column":null}},"77":{"start":{"line":210,"column":2},"end":{"line":210,"column":null}},"78":{"start":{"line":211,"column":2},"end":{"line":221,"column":null}},"79":{"start":{"line":222,"column":2},"end":{"line":222,"column":null}},"80":{"start":{"line":222,"column":27},"end":{"line":222,"column":null}},"81":{"start":{"line":224,"column":2},"end":{"line":224,"column":null}},"82":{"start":{"line":225,"column":2},"end":{"line":225,"column":null}},"83":{"start":{"line":226,"column":2},"end":{"line":226,"column":null}},"84":{"start":{"line":227,"column":2},"end":{"line":227,"column":null}},"85":{"start":{"line":230,"column":2},"end":{"line":230,"column":null}},"86":{"start":{"line":230,"column":19},"end":{"line":230,"column":37}}},"fnMap":{"0":{"name":"(anonymous_0)","decl":{"start":{"line":17,"column":57},"end":{"line":17,"column":63}},"loc":{"start":{"line":17,"column":63},"end":{"line":17,"column":null}},"line":17},"1":{"name":"setGetCurrentSettings","decl":{"start":{"line":19,"column":16},"end":{"line":19,"column":38}},"loc":{"start":{"line":19,"column":78},"end":{"line":21,"column":null}},"line":19},"2":{"name":"enterScreenshotMode","decl":{"start":{"line":33,"column":16},"end":{"line":33,"column":44}},"loc":{"start":{"line":33,"column":44},"end":{"line":56,"column":null}},"line":33},"3":{"name":"exitScreenshotMode","decl":{"start":{"line":61,"column":9},"end":{"line":61,"column":36}},"loc":{"start":{"line":61,"column":36},"end":{"line":76,"column":null}},"line":61},"4":{"name":"onScreenshotKeyDown","decl":{"start":{"line":78,"column":9},"end":{"line":78,"column":29}},"loc":{"start":{"line":78,"column":53},"end":{"line":80,"column":null}},"line":78},"5":{"name":"onScreenshotMouseDown","decl":{"start":{"line":82,"column":9},"end":{"line":82,"column":31}},"loc":{"start":{"line":82,"column":52},"end":{"line":95,"column":null}},"line":82},"6":{"name":"onScreenshotMouseMove","decl":{"start":{"line":97,"column":9},"end":{"line":97,"column":31}},"loc":{"start":{"line":97,"column":52},"end":{"line":109,"column":null}},"line":97},"7":{"name":"onScreenshotMouseUp","decl":{"start":{"line":111,"column":15},"end":{"line":111,"column":35}},"loc":{"start":{"line":111,"column":65},"end":{"line":170,"column":null}},"line":111},"8":{"name":"showScreenshotResult","decl":{"start":{"line":172,"column":9},"end":{"line":172,"column":null}},"loc":{"start":{"line":176,"column":8},"end":{"line":231,"column":null}},"line":176},"9":{"name":"(anonymous_9)","decl":{"start":{"line":222,"column":21},"end":{"line":222,"column":27}},"loc":{"start":{"line":222,"column":27},"end":{"line":222,"column":null}},"line":222},"10":{"name":"(anonymous_10)","decl":{"start":{"line":230,"column":13},"end":{"line":230,"column":19}},"loc":{"start":{"line":230,"column":19},"end":{"line":230,"column":37}},"line":230}},"branchMap":{"0":{"loc":{"start":{"line":34,"column":2},"end":{"line":34,"column":null}},"type":"if","locations":[{"start":{"line":34,"column":2},"end":{"line":34,"column":null}},{"start":{},"end":{}}],"line":34},"1":{"loc":{"start":{"line":67,"column":2},"end":{"line":70,"column":null}},"type":"if","locations":[{"start":{"line":67,"column":2},"end":{"line":70,"column":null}},{"start":{},"end":{}}],"line":67},"2":{"loc":{"start":{"line":79,"column":2},"end":{"line":79,"column":null}},"type":"if","locations":[{"start":{"line":79,"column":2},"end":{"line":79,"column":null}},{"start":{},"end":{}}],"line":79},"3":{"loc":{"start":{"line":84,"column":2},"end":{"line":84,"column":null}},"type":"if","locations":[{"start":{"line":84,"column":2},"end":{"line":84,"column":null}},{"start":{},"end":{}}],"line":84},"4":{"loc":{"start":{"line":88,"column":2},"end":{"line":94,"column":null}},"type":"if","locations":[{"start":{"line":88,"column":2},"end":{"line":94,"column":null}},{"start":{},"end":{}}],"line":88},"5":{"loc":{"start":{"line":98,"column":2},"end":{"line":98,"column":null}},"type":"if","locations":[{"start":{"line":98,"column":2},"end":{"line":98,"column":null}},{"start":{},"end":{}}],"line":98},"6":{"loc":{"start":{"line":98,"column":6},"end":{"line":98,"column":44}},"type":"binary-expr","locations":[{"start":{"line":98,"column":6},"end":{"line":98,"column":25}},{"start":{"line":98,"column":25},"end":{"line":98,"column":44}}],"line":98},"7":{"loc":{"start":{"line":112,"column":2},"end":{"line":112,"column":null}},"type":"if","locations":[{"start":{"line":112,"column":2},"end":{"line":112,"column":null}},{"start":{},"end":{}}],"line":112},"8":{"loc":{"start":{"line":124,"column":2},"end":{"line":124,"column":null}},"type":"if","locations":[{"start":{"line":124,"column":2},"end":{"line":124,"column":null}},{"start":{},"end":{}}],"line":124},"9":{"loc":{"start":{"line":124,"column":6},"end":{"line":124,"column":43}},"type":"binary-expr","locations":[{"start":{"line":124,"column":6},"end":{"line":124,"column":25}},{"start":{"line":124,"column":25},"end":{"line":124,"column":43}}],"line":124},"10":{"loc":{"start":{"line":133,"column":24},"end":{"line":133,"column":null}},"type":"binary-expr","locations":[{"start":{"line":133,"column":24},"end":{"line":133,"column":51}},{"start":{"line":133,"column":51},"end":{"line":133,"column":null}}],"line":133},"11":{"loc":{"start":{"line":136,"column":4},"end":{"line":139,"column":null}},"type":"if","locations":[{"start":{"line":136,"column":4},"end":{"line":139,"column":null}},{"start":{},"end":{}}],"line":136},"12":{"loc":{"start":{"line":137,"column":21},"end":{"line":137,"column":59}},"type":"binary-expr","locations":[{"start":{"line":137,"column":21},"end":{"line":137,"column":40}},{"start":{"line":137,"column":40},"end":{"line":137,"column":59}}],"line":137},"13":{"loc":{"start":{"line":147,"column":4},"end":{"line":150,"column":null}},"type":"if","locations":[{"start":{"line":147,"column":4},"end":{"line":150,"column":null}},{"start":{},"end":{}}],"line":147},"14":{"loc":{"start":{"line":147,"column":8},"end":{"line":147,"column":60}},"type":"binary-expr","locations":[{"start":{"line":147,"column":8},"end":{"line":147,"column":33}},{"start":{"line":147,"column":33},"end":{"line":147,"column":60}}],"line":147},"15":{"loc":{"start":{"line":153,"column":21},"end":{"line":153,"column":null}},"type":"binary-expr","locations":[{"start":{"line":153,"column":21},"end":{"line":153,"column":47}},{"start":{"line":153,"column":47},"end":{"line":153,"column":null}}],"line":153},"16":{"loc":{"start":{"line":161,"column":4},"end":{"line":166,"column":null}},"type":"if","locations":[{"start":{"line":161,"column":4},"end":{"line":166,"column":null}},{"start":{"line":164,"column":11},"end":{"line":166,"column":null}}],"line":161},"17":{"loc":{"start":{"line":161,"column":8},"end":{"line":161,"column":64}},"type":"binary-expr","locations":[{"start":{"line":161,"column":8},"end":{"line":161,"column":38}},{"start":{"line":161,"column":38},"end":{"line":161,"column":64}}],"line":161},"18":{"loc":{"start":{"line":165,"column":22},"end":{"line":165,"column":93}},"type":"binary-expr","locations":[{"start":{"line":165,"column":22},"end":{"line":165,"column":73}},{"start":{"line":165,"column":73},"end":{"line":165,"column":93}}],"line":165}},"s":{"0":47,"1":6,"2":8,"3":47,"4":47,"5":47,"6":38,"7":1,"8":37,"9":37,"10":37,"11":37,"12":37,"13":37,"14":37,"15":37,"16":37,"17":37,"18":34,"19":34,"20":34,"21":34,"22":34,"23":34,"24":34,"25":34,"26":34,"27":34,"28":11,"29":10,"30":60,"31":0,"32":60,"33":60,"34":60,"35":60,"36":60,"37":60,"38":60,"39":60,"40":20,"41":1,"42":19,"43":19,"44":19,"45":19,"46":19,"47":25,"48":1,"49":24,"50":24,"51":24,"52":9,"53":15,"54":15,"55":15,"56":14,"57":2,"58":2,"59":12,"60":12,"61":4,"62":4,"63":8,"64":25,"65":8,"66":6,"67":2,"68":1,"69":6,"70":6,"71":6,"72":6,"73":6,"74":6,"75":6,"76":6,"77":6,"78":6,"79":6,"80":1,"81":6,"82":6,"83":6,"84":6,"85":6,"86":1},"f":{"0":6,"1":8,"2":38,"3":34,"4":11,"5":60,"6":20,"7":25,"8":6,"9":1,"10":1},"b":{"0":[1,37],"1":[34,0],"2":[10,1],"3":[0,60],"4":[60,0],"5":[1,19],"6":[20,19],"7":[1,24],"8":[9,15],"9":[24,15],"10":[15,2],"11":[2,12],"12":[2,1],"13":[4,8],"14":[12,10],"15":[8,7],"16":[6,2],"17":[8,6],"18":[2,1]},"meta":{"lastBranch":19,"lastFunction":11,"lastStatement":87,"seen":{"s:17:57:17:Infinity":0,"f:17:57:17:63":0,"s:17:63:17:Infinity":1,"f:19:16:19:38":1,"s:20:2:20:Infinity":2,"s:26:21:26:Infinity":3,"s:27:46:27:Infinity":4,"s:28:54:28:Infinity":5,"f:33:16:33:44":2,"b:34:2:34:Infinity:undefined:undefined:undefined:undefined":0,"s:34:2:34:Infinity":6,"s:34:22:34:Infinity":7,"s:35:2:35:Infinity":8,"s:36:2:36:Infinity":9,"s:39:2:39:Infinity":10,"s:40:2:47:Infinity":11,"s:48:2:48:Infinity":12,"s:50:2:50:Infinity":13,"s:51:2:51:Infinity":14,"s:52:2:52:Infinity":15,"s:53:2:53:Infinity":16,"s:55:2:55:Infinity":17,"f:61:9:61:36":3,"s:62:2:62:Infinity":18,"s:63:2:63:Infinity":19,"s:64:2:64:Infinity":20,"b:67:2:70:Infinity:undefined:undefined:undefined:undefined":1,"s:67:2:70:Infinity":21,"s:68:4:68:Infinity":22,"s:69:4:69:Infinity":23,"s:72:2:72:Infinity":24,"s:73:2:73:Infinity":25,"s:74:2:74:Infinity":26,"s:75:2:75:Infinity":27,"f:78:9:78:29":4,"b:79:2:79:Infinity:undefined:undefined:undefined:undefined":2,"s:79:2:79:Infinity":28,"s:79:26:79:Infinity":29,"f:82:9:82:31":5,"b:84:2:84:Infinity:undefined:undefined:undefined:undefined":3,"s:84:2:84:Infinity":30,"s:84:23:84:Infinity":31,"s:85:2:85:Infinity":32,"s:86:2:86:Infinity":33,"b:88:2:94:Infinity:undefined:undefined:undefined:undefined":4,"s:88:2:94:Infinity":34,"s:89:4:89:Infinity":35,"s:90:4:90:Infinity":36,"s:91:4:91:Infinity":37,"s:92:4:92:Infinity":38,"s:93:4:93:Infinity":39,"f:97:9:97:31":6,"b:98:2:98:Infinity:undefined:undefined:undefined:undefined":5,"s:98:2:98:Infinity":40,"b:98:6:98:25:98:25:98:44":6,"s:98:44:98:Infinity":41,"s:99:12:99:Infinity":42,"s:100:12:100:Infinity":43,"s:101:12:101:Infinity":44,"s:102:12:102:Infinity":45,"s:103:2:108:Infinity":46,"f:111:15:111:35":7,"b:112:2:112:Infinity:undefined:undefined:undefined:undefined":7,"s:112:2:112:Infinity":47,"s:112:23:112:Infinity":48,"s:114:15:119:Infinity":49,"s:121:2:121:Infinity":50,"b:124:2:124:Infinity:undefined:undefined:undefined:undefined":8,"s:124:2:124:Infinity":51,"b:124:6:124:25:124:25:124:43":9,"s:124:43:124:Infinity":52,"s:126:2:126:Infinity":53,"s:128:2:169:Infinity":54,"s:130:21:134:Infinity":55,"b:133:24:133:51:133:51:133:Infinity":10,"b:136:4:139:Infinity:undefined:undefined:undefined:undefined":11,"s:136:4:139:Infinity":56,"s:137:6:137:Infinity":57,"b:137:21:137:40:137:40:137:59":12,"s:138:6:138:Infinity":58,"s:142:24:145:Infinity":59,"b:147:4:150:Infinity:undefined:undefined:undefined:undefined":13,"s:147:4:150:Infinity":60,"b:147:8:147:33:147:33:147:60":14,"s:148:6:148:Infinity":61,"s:149:6:149:Infinity":62,"s:153:21:153:Infinity":63,"b:153:21:153:47:153:47:153:Infinity":15,"s:154:30:159:Infinity":64,"b:161:4:166:Infinity:164:11:166:Infinity":16,"s:161:4:166:Infinity":65,"b:161:8:161:38:161:38:161:64":17,"s:163:6:163:Infinity":66,"s:165:6:165:Infinity":67,"b:165:22:165:73:165:73:165:93":18,"s:168:4:168:Infinity":68,"f:172:9:172:Infinity":8,"s:177:18:177:Infinity":69,"s:178:2:194:Infinity":70,"s:196:21:196:Infinity":71,"s:197:2:197:Infinity":72,"s:198:2:204:Infinity":73,"s:206:24:206:Infinity":74,"s:207:2:207:Infinity":75,"s:209:19:209:Infinity":76,"s:210:2:210:Infinity":77,"s:211:2:221:Infinity":78,"s:222:2:222:Infinity":79,"f:222:21:222:27":9,"s:222:27:222:Infinity":80,"s:224:2:224:Infinity":81,"s:225:2:225:Infinity":82,"s:226:2:226:Infinity":83,"s:227:2:227:Infinity":84,"s:230:2:230:Infinity":85,"f:230:13:230:19":10,"s:230:19:230:37":86}}}
}
