TN:
SF:src/background-legacy.js
FN:1,(anonymous_0)
FN:39,(anonymous_1)
FN:94,(anonymous_2)
FN:95,(anonymous_3)
FN:96,(anonymous_4)
FN:97,(anonymous_5)
FN:114,(anonymous_6)
FN:115,(anonymous_7)
FN:116,(anonymous_8)
FN:127,(anonymous_9)
FN:131,(anonymous_10)
FN:139,(anonymous_11)
FN:140,(anonymous_12)
FN:149,(anonymous_13)
FN:161,(anonymous_14)
FN:177,normalizeProviderSnapshot
FN:181,(anonymous_16)
FN:201,buildProviderOrder
FN:204,(anonymous_18)
FN:215,(anonymous_19)
FN:228,loadProviderConfigWithSecrets
FN:253,resolveProviderSettings
FN:256,(anonymous_22)
FN:296,(anonymous_23)
FN:357,handleLastError
FN:358,(anonymous_25)
FN:369,(anonymous_26)
FN:370,(anonymous_27)
FN:371,(anonymous_28)
FN:374,(anonymous_29)
FN:380,(anonymous_30)
FN:384,(anonymous_31)
FN:390,(anonymous_32)
FN:397,(anonymous_33)
FN:402,(anonymous_34)
FN:405,(anonymous_35)
FN:412,getApiKeyFromStorage
FN:442,getDetectApiKeyFromStorage
FN:472,safeSendMessage
FN:473,(anonymous_39)
FN:476,calibrateLimits
FN:514,(anonymous_41)
FN:557,(anonymous_42)
FN:567,(anonymous_43)
FN:570,(anonymous_44)
FN:572,localDetectLanguage
FN:590,googleDetectLanguage
FN:652,scoreConfidence
FN:660,urlEligible
FN:663,originPattern
FN:670,hasOriginPermission
FN:671,(anonymous_51)
FN:672,(anonymous_52)
FN:675,requestOriginPermission
FN:676,(anonymous_54)
FN:677,(anonymous_55)
FN:680,injectContentScripts
FN:698,ensureInjected
FN:699,(anonymous_58)
FN:701,(anonymous_59)
FN:704,(anonymous_60)
FN:708,ensureInjectedAndStart
FN:710,(anonymous_62)
FN:712,maybeAutoInject
FN:714,(anonymous_64)
FN:716,(anonymous_65)
FN:733,createContextMenus
FN:735,(anonymous_67)
FN:757,(anonymous_68)
FN:777,(anonymous_69)
FN:792,(anonymous_70)
FN:801,(anonymous_71)
FN:806,(anonymous_72)
FN:819,(anonymous_73)
FN:826,(anonymous_74)
FN:860,logUsage
FN:867,(anonymous_76)
FN:873,(anonymous_77)
FN:877,setUsingPlus
FN:878,_setActiveTranslations
FN:879,_setConfig
FN:883,(anonymous_81)
FN:889,getAggregatedStats
FN:892,(anonymous_83)
FN:893,(anonymous_84)
FN:897,(anonymous_85)
FN:897,(anonymous_86)
FN:897,(anonymous_87)
FN:898,(anonymous_88)
FN:904,(anonymous_89)
FN:912,(anonymous_90)
FN:915,(anonymous_91)
FN:919,(anonymous_92)
FN:920,(anonymous_93)
FN:921,(anonymous_94)
FN:925,(anonymous_95)
FN:933,(anonymous_96)
FN:939,(anonymous_97)
FN:941,(anonymous_98)
FN:942,(anonymous_99)
FN:943,(anonymous_100)
FN:956,(anonymous_101)
FN:958,computeUsageCosts
FN:963,(anonymous_103)
FN:982,loadProviderConfigSnapshot
FN:992,buildProvidersResponse
FN:996,(anonymous_106)
FN:1020,providerHasKey
FN:1035,broadcastStats
FN:1036,(anonymous_109)
FN:1048,broadcastEta
FN:1052,updateIcon
FN:1130,updateBadge
FN:1146,ensureThrottle
FN:1149,(anonymous_114)
FN:1167,(anonymous_115)
FN:1183,(anonymous_116)
FN:1189,(anonymous_117)
FN:1200,(anonymous_118)
FN:1214,selectProvider
FN:1231,(anonymous_120)
FN:1238,(anonymous_121)
FN:1256,(anonymous_122)
FN:1257,(anonymous_123)
FN:1258,(anonymous_124)
FN:1266,(anonymous_125)
FN:1279,(anonymous_126)
FN:1307,handleTranslate
FN:1330,(anonymous_128)
FN:1360,(anonymous_129)
FN:1429,(anonymous_130)
FN:1434,(anonymous_131)
FN:1453,(anonymous_132)
FN:1466,(anonymous_133)
FN:1470,(anonymous_134)
FN:1491,(anonymous_135)
FN:1493,(anonymous_136)
FN:1523,(anonymous_137)
FN:1546,(anonymous_138)
FN:1621,(anonymous_139)
FN:1686,ensureTestState
FN:1698,(anonymous_141)
FN:1707,(anonymous_142)
FN:1718,(anonymous_143)
FN:1731,(anonymous_144)
FN:1755,(anonymous_145)
FN:1789,(anonymous_146)
FN:1794,(anonymous_147)
FN:1805,(anonymous_148)
FN:1826,(anonymous_149)
FN:1827,(anonymous_150)
FN:1829,(anonymous_151)
FN:1849,(anonymous_152)
FN:1866,(anonymous_153)
FN:1878,(anonymous_154)
FN:1881,(anonymous_155)
FN:1889,(anonymous_156)
FN:1890,(anonymous_157)
FN:1892,(anonymous_158)
FN:1900,(anonymous_159)
FN:1921,(anonymous_160)
FN:1946,(anonymous_161)
FN:1951,(anonymous_162)
FN:1958,(anonymous_163)
FN:1993,(anonymous_164)
FN:2004,(anonymous_165)
FN:2025,(anonymous_166)
FN:2032,(anonymous_167)
FN:2044,(anonymous_168)
FN:2078,(anonymous_169)
FN:2080,(anonymous_170)
FN:2089,(anonymous_171)
FN:2093,(anonymous_172)
FN:2103,(anonymous_173)
FN:2114,(anonymous_174)
FN:2124,(anonymous_175)
FN:2154,(anonymous_176)
FN:2176,(anonymous_177)
FN:2188,(anonymous_178)
FN:2191,(anonymous_179)
FN:2211,(anonymous_180)
FN:2222,(anonymous_181)
FN:2229,(anonymous_182)
FN:2231,(anonymous_183)
FN:2232,(anonymous_184)
FN:2252,(anonymous_185)
FNF:186
FNH:0
FNDA:0,(anonymous_0)
FNDA:0,(anonymous_1)
FNDA:0,(anonymous_2)
FNDA:0,(anonymous_3)
FNDA:0,(anonymous_4)
FNDA:0,(anonymous_5)
FNDA:0,(anonymous_6)
FNDA:0,(anonymous_7)
FNDA:0,(anonymous_8)
FNDA:0,(anonymous_9)
FNDA:0,(anonymous_10)
FNDA:0,(anonymous_11)
FNDA:0,(anonymous_12)
FNDA:0,(anonymous_13)
FNDA:0,(anonymous_14)
FNDA:0,normalizeProviderSnapshot
FNDA:0,(anonymous_16)
FNDA:0,buildProviderOrder
FNDA:0,(anonymous_18)
FNDA:0,(anonymous_19)
FNDA:0,loadProviderConfigWithSecrets
FNDA:0,resolveProviderSettings
FNDA:0,(anonymous_22)
FNDA:0,(anonymous_23)
FNDA:0,handleLastError
FNDA:0,(anonymous_25)
FNDA:0,(anonymous_26)
FNDA:0,(anonymous_27)
FNDA:0,(anonymous_28)
FNDA:0,(anonymous_29)
FNDA:0,(anonymous_30)
FNDA:0,(anonymous_31)
FNDA:0,(anonymous_32)
FNDA:0,(anonymous_33)
FNDA:0,(anonymous_34)
FNDA:0,(anonymous_35)
FNDA:0,getApiKeyFromStorage
FNDA:0,getDetectApiKeyFromStorage
FNDA:0,safeSendMessage
FNDA:0,(anonymous_39)
FNDA:0,calibrateLimits
FNDA:0,(anonymous_41)
FNDA:0,(anonymous_42)
FNDA:0,(anonymous_43)
FNDA:0,(anonymous_44)
FNDA:0,localDetectLanguage
FNDA:0,googleDetectLanguage
FNDA:0,scoreConfidence
FNDA:0,urlEligible
FNDA:0,originPattern
FNDA:0,hasOriginPermission
FNDA:0,(anonymous_51)
FNDA:0,(anonymous_52)
FNDA:0,requestOriginPermission
FNDA:0,(anonymous_54)
FNDA:0,(anonymous_55)
FNDA:0,injectContentScripts
FNDA:0,ensureInjected
FNDA:0,(anonymous_58)
FNDA:0,(anonymous_59)
FNDA:0,(anonymous_60)
FNDA:0,ensureInjectedAndStart
FNDA:0,(anonymous_62)
FNDA:0,maybeAutoInject
FNDA:0,(anonymous_64)
FNDA:0,(anonymous_65)
FNDA:0,createContextMenus
FNDA:0,(anonymous_67)
FNDA:0,(anonymous_68)
FNDA:0,(anonymous_69)
FNDA:0,(anonymous_70)
FNDA:0,(anonymous_71)
FNDA:0,(anonymous_72)
FNDA:0,(anonymous_73)
FNDA:0,(anonymous_74)
FNDA:0,logUsage
FNDA:0,(anonymous_76)
FNDA:0,(anonymous_77)
FNDA:0,setUsingPlus
FNDA:0,_setActiveTranslations
FNDA:0,_setConfig
FNDA:0,(anonymous_81)
FNDA:0,getAggregatedStats
FNDA:0,(anonymous_83)
FNDA:0,(anonymous_84)
FNDA:0,(anonymous_85)
FNDA:0,(anonymous_86)
FNDA:0,(anonymous_87)
FNDA:0,(anonymous_88)
FNDA:0,(anonymous_89)
FNDA:0,(anonymous_90)
FNDA:0,(anonymous_91)
FNDA:0,(anonymous_92)
FNDA:0,(anonymous_93)
FNDA:0,(anonymous_94)
FNDA:0,(anonymous_95)
FNDA:0,(anonymous_96)
FNDA:0,(anonymous_97)
FNDA:0,(anonymous_98)
FNDA:0,(anonymous_99)
FNDA:0,(anonymous_100)
FNDA:0,(anonymous_101)
FNDA:0,computeUsageCosts
FNDA:0,(anonymous_103)
FNDA:0,loadProviderConfigSnapshot
FNDA:0,buildProvidersResponse
FNDA:0,(anonymous_106)
FNDA:0,providerHasKey
FNDA:0,broadcastStats
FNDA:0,(anonymous_109)
FNDA:0,broadcastEta
FNDA:0,updateIcon
FNDA:0,updateBadge
FNDA:0,ensureThrottle
FNDA:0,(anonymous_114)
FNDA:0,(anonymous_115)
FNDA:0,(anonymous_116)
FNDA:0,(anonymous_117)
FNDA:0,(anonymous_118)
FNDA:0,selectProvider
FNDA:0,(anonymous_120)
FNDA:0,(anonymous_121)
FNDA:0,(anonymous_122)
FNDA:0,(anonymous_123)
FNDA:0,(anonymous_124)
FNDA:0,(anonymous_125)
FNDA:0,(anonymous_126)
FNDA:0,handleTranslate
FNDA:0,(anonymous_128)
FNDA:0,(anonymous_129)
FNDA:0,(anonymous_130)
FNDA:0,(anonymous_131)
FNDA:0,(anonymous_132)
FNDA:0,(anonymous_133)
FNDA:0,(anonymous_134)
FNDA:0,(anonymous_135)
FNDA:0,(anonymous_136)
FNDA:0,(anonymous_137)
FNDA:0,(anonymous_138)
FNDA:0,(anonymous_139)
FNDA:0,ensureTestState
FNDA:0,(anonymous_141)
FNDA:0,(anonymous_142)
FNDA:0,(anonymous_143)
FNDA:0,(anonymous_144)
FNDA:0,(anonymous_145)
FNDA:0,(anonymous_146)
FNDA:0,(anonymous_147)
FNDA:0,(anonymous_148)
FNDA:0,(anonymous_149)
FNDA:0,(anonymous_150)
FNDA:0,(anonymous_151)
FNDA:0,(anonymous_152)
FNDA:0,(anonymous_153)
FNDA:0,(anonymous_154)
FNDA:0,(anonymous_155)
FNDA:0,(anonymous_156)
FNDA:0,(anonymous_157)
FNDA:0,(anonymous_158)
FNDA:0,(anonymous_159)
FNDA:0,(anonymous_160)
FNDA:0,(anonymous_161)
FNDA:0,(anonymous_162)
FNDA:0,(anonymous_163)
FNDA:0,(anonymous_164)
FNDA:0,(anonymous_165)
FNDA:0,(anonymous_166)
FNDA:0,(anonymous_167)
FNDA:0,(anonymous_168)
FNDA:0,(anonymous_169)
FNDA:0,(anonymous_170)
FNDA:0,(anonymous_171)
FNDA:0,(anonymous_172)
FNDA:0,(anonymous_173)
FNDA:0,(anonymous_174)
FNDA:0,(anonymous_175)
FNDA:0,(anonymous_176)
FNDA:0,(anonymous_177)
FNDA:0,(anonymous_178)
FNDA:0,(anonymous_179)
FNDA:0,(anonymous_180)
FNDA:0,(anonymous_181)
FNDA:0,(anonymous_182)
FNDA:0,(anonymous_183)
FNDA:0,(anonymous_184)
FNDA:0,(anonymous_185)
DA:1,0
DA:2,0
DA:36,0
DA:37,0
DA:38,0
DA:39,0
DA:44,0
DA:45,0
DA:48,0
DA:53,0
DA:54,0
DA:55,0
DA:57,0
DA:60,0
DA:64,0
DA:65,0
DA:66,0
DA:68,0
DA:71,0
DA:75,0
DA:76,0
DA:77,0
DA:79,0
DA:82,0
DA:86,0
DA:87,0
DA:88,0
DA:90,0
DA:93,0
DA:94,0
DA:95,0
DA:96,0
DA:97,0
DA:101,0
DA:102,0
DA:103,0
DA:106,0
DA:107,0
DA:108,0
DA:110,0
DA:113,0
DA:114,0
DA:115,0
DA:120,0
DA:121,0
DA:122,0
DA:123,0
DA:126,0
DA:128,0
DA:129,0
DA:132,0
DA:133,0
DA:135,0
DA:136,0
DA:140,0
DA:141,0
DA:142,0
DA:144,0
DA:145,0
DA:150,0
DA:151,0
DA:156,0
DA:158,0
DA:159,0
DA:161,0
DA:162,0
DA:163,0
DA:165,0
DA:178,0
DA:179,0
DA:180,0
DA:181,0
DA:182,0
DA:183,0
DA:185,0
DA:186,0
DA:188,0
DA:189,0
DA:190,0
DA:191,0
DA:192,0
DA:193,0
DA:194,0
DA:195,0
DA:196,0
DA:198,0
DA:202,0
DA:203,0
DA:204,0
DA:205,0
DA:206,0
DA:208,0
DA:210,0
DA:214,0
DA:215,0
DA:216,0
DA:217,0
DA:220,0
DA:221,0
DA:222,0
DA:224,0
DA:225,0
DA:229,0
DA:230,0
DA:231,0
DA:233,0
DA:236,0
DA:250,0
DA:254,0
DA:255,0
DA:256,0
DA:257,0
DA:259,0
DA:260,0
DA:261,0
DA:263,0
DA:274,0
DA:275,0
DA:290,0
DA:291,0
DA:292,0
DA:294,0
DA:296,0
DA:297,0
DA:298,0
DA:300,0
DA:301,0
DA:303,0
DA:304,0
DA:305,0
DA:307,0
DA:308,0
DA:309,0
DA:310,0
DA:312,0
DA:315,0
DA:316,0
DA:324,0
DA:325,0
DA:326,0
DA:327,0
DA:328,0
DA:329,0
DA:332,0
DA:343,0
DA:358,0
DA:359,0
DA:360,0
DA:362,0
DA:367,0
DA:369,0
DA:370,0
DA:371,0
DA:373,0
DA:374,0
DA:375,0
DA:376,0
DA:380,0
DA:381,0
DA:382,0
DA:383,0
DA:384,0
DA:388,0
DA:389,0
DA:391,0
DA:392,0
DA:393,0
DA:394,0
DA:395,0
DA:400,0
DA:401,0
DA:402,0
DA:403,0
DA:404,0
DA:405,0
DA:406,0
DA:413,0
DA:415,0
DA:416,0
DA:417,0
DA:421,0
DA:422,0
DA:425,0
DA:426,0
DA:427,0
DA:429,0
DA:431,0
DA:435,0
DA:437,0
DA:438,0
DA:443,0
DA:445,0
DA:446,0
DA:447,0
DA:451,0
DA:452,0
DA:455,0
DA:456,0
DA:457,0
DA:459,0
DA:461,0
DA:465,0
DA:467,0
DA:468,0
DA:473,0
DA:477,0
DA:479,0
DA:481,0
DA:482,0
DA:483,0
DA:484,0
DA:486,0
DA:492,0
DA:495,0
DA:496,0
DA:505,0
DA:506,0
DA:514,0
DA:515,0
DA:533,0
DA:534,0
DA:537,0
DA:543,0
DA:545,0
DA:551,0
DA:553,0
DA:556,0
DA:557,0
DA:558,0
DA:560,0
DA:562,0
DA:566,0
DA:568,0
DA:573,0
DA:574,0
DA:575,0
DA:576,0
DA:584,0
DA:585,0
DA:586,0
DA:587,0
DA:588,0
DA:591,0
DA:597,0
DA:598,0
DA:604,0
DA:605,0
DA:607,0
DA:618,0
DA:619,0
DA:625,0
DA:626,0
DA:627,0
DA:634,0
DA:641,0
DA:642,0
DA:643,0
DA:649,0
DA:653,0
DA:654,0
DA:655,0
DA:656,0
DA:657,0
DA:661,0
DA:664,0
DA:665,0
DA:666,0
DA:667,0
DA:668,0
DA:671,0
DA:672,0
DA:676,0
DA:677,0
DA:681,0
DA:682,0
DA:689,0
DA:690,0
DA:699,0
DA:700,0
DA:702,0
DA:704,0
DA:706,0
DA:709,0
DA:710,0
DA:713,0
DA:714,0
DA:715,0
DA:716,0
DA:717,0
DA:720,0
DA:723,0
DA:724,0
DA:725,0
DA:726,0
DA:727,0
DA:728,0
DA:729,0
DA:730,0
DA:734,0
DA:735,0
DA:736,0
DA:741,0
DA:746,0
DA:755,0
DA:757,0
DA:758,0
DA:761,0
DA:762,0
DA:763,0
DA:764,0
DA:765,0
DA:768,0
DA:771,0
DA:772,0
DA:773,0
DA:774,0
DA:775,0
DA:776,0
DA:777,0
DA:778,0
DA:779,0
DA:782,0
DA:789,0
DA:790,0
DA:791,0
DA:792,0
DA:796,0
DA:799,0
DA:801,0
DA:802,0
DA:803,0
DA:804,0
DA:805,0
DA:806,0
DA:807,0
DA:809,0
DA:810,0
DA:811,0
DA:813,0
DA:814,0
DA:815,0
DA:816,0
DA:817,0
DA:818,0
DA:819,0
DA:820,0
DA:826,0
DA:827,0
DA:828,0
DA:829,0
DA:830,0
DA:831,0
DA:832,0
DA:833,0
DA:834,0
DA:842,0
DA:843,0
DA:844,0
DA:845,0
DA:846,0
DA:847,0
DA:848,0
DA:849,0
DA:852,0
DA:853,0
DA:854,0
DA:855,0
DA:856,0
DA:857,0
DA:858,0
DA:861,0
DA:862,0
DA:863,0
DA:864,0
DA:865,0
DA:866,0
DA:868,0
DA:869,0
DA:870,0
DA:871,0
DA:877,0
DA:878,0
DA:880,0
DA:881,0
DA:882,0
DA:883,0
DA:884,0
DA:890,0
DA:891,0
DA:892,0
DA:893,0
DA:894,0
DA:895,0
DA:896,0
DA:897,0
DA:898,0
DA:899,0
DA:900,0
DA:904,0
DA:912,0
DA:913,0
DA:915,0
DA:916,0
DA:917,0
DA:919,0
DA:920,0
DA:921,0
DA:922,0
DA:925,0
DA:930,0
DA:933,0
DA:934,0
DA:935,0
DA:937,0
DA:938,0
DA:939,0
DA:940,0
DA:941,0
DA:942,0
DA:943,0
DA:944,0
DA:953,0
DA:956,0
DA:959,0
DA:960,0
DA:962,0
DA:963,0
DA:964,0
DA:965,0
DA:966,0
DA:967,0
DA:968,0
DA:969,0
DA:970,0
DA:971,0
DA:973,0
DA:974,0
DA:975,0
DA:977,0
DA:979,0
DA:983,0
DA:984,0
DA:985,0
DA:987,0
DA:988,0
DA:993,0
DA:994,0
DA:995,0
DA:996,0
DA:997,0
DA:998,0
DA:999,0
DA:1000,0
DA:1001,0
DA:1002,0
DA:1004,0
DA:1007,0
DA:1017,0
DA:1021,0
DA:1022,0
DA:1024,0
DA:1025,0
DA:1026,0
DA:1027,0
DA:1029,0
DA:1032,0
DA:1036,0
DA:1037,0
DA:1038,0
DA:1039,0
DA:1040,0
DA:1041,0
DA:1043,0
DA:1044,0
DA:1049,0
DA:1053,0
DA:1055,0
DA:1056,0
DA:1057,0
DA:1058,0
DA:1059,0
DA:1060,0
DA:1061,0
DA:1062,0
DA:1064,0
DA:1065,0
DA:1068,0
DA:1069,0
DA:1070,0
DA:1071,0
DA:1072,0
DA:1073,0
DA:1074,0
DA:1075,0
DA:1076,0
DA:1079,0
DA:1080,0
DA:1081,0
DA:1083,0
DA:1084,0
DA:1086,0
DA:1087,0
DA:1088,0
DA:1089,0
DA:1090,0
DA:1093,0
DA:1094,0
DA:1095,0
DA:1096,0
DA:1097,0
DA:1098,0
DA:1099,0
DA:1102,0
DA:1103,0
DA:1104,0
DA:1105,0
DA:1106,0
DA:1109,0
DA:1110,0
DA:1111,0
DA:1112,0
DA:1113,0
DA:1114,0
DA:1118,0
DA:1119,0
DA:1120,0
DA:1121,0
DA:1122,0
DA:1123,0
DA:1124,0
DA:1126,0
DA:1127,0
DA:1131,0
DA:1132,0
DA:1133,0
DA:1134,0
DA:1135,0
DA:1137,0
DA:1139,0
DA:1140,0
DA:1141,0
DA:1142,0
DA:1143,0
DA:1144,0
DA:1147,0
DA:1148,0
DA:1152,0
DA:1153,0
DA:1157,0
DA:1161,0
DA:1168,0
DA:1169,0
DA:1174,0
DA:1177,0
DA:1180,0
DA:1183,0
DA:1184,0
DA:1185,0
DA:1186,0
DA:1189,0
DA:1190,0
DA:1191,0
DA:1200,0
DA:1201,0
DA:1202,0
DA:1204,0
DA:1206,0
DA:1207,0
DA:1208,0
DA:1210,0
DA:1215,0
DA:1217,0
DA:1218,0
DA:1219,0
DA:1220,0
DA:1221,0
DA:1222,0
DA:1223,0
DA:1227,0
DA:1231,0
DA:1232,0
DA:1233,0
DA:1235,0
DA:1236,0
DA:1238,0
DA:1239,0
DA:1241,0
DA:1246,0
DA:1247,0
DA:1248,0
DA:1249,0
DA:1250,0
DA:1251,0
DA:1253,0
DA:1256,0
DA:1257,0
DA:1258,0
DA:1259,0
DA:1260,0
DA:1261,0
DA:1266,0
DA:1267,0
DA:1268,0
DA:1269,0
DA:1271,0
DA:1272,0
DA:1273,0
DA:1274,0
DA:1275,0
DA:1279,0
DA:1280,0
DA:1282,0
DA:1283,0
DA:1294,0
DA:1295,0
DA:1296,0
DA:1298,0
DA:1301,0
DA:1304,0
DA:1308,0
DA:1309,0
DA:1320,0
DA:1322,0
DA:1323,0
DA:1324,0
DA:1326,0
DA:1328,0
DA:1329,0
DA:1330,0
DA:1331,0
DA:1332,0
DA:1334,0
DA:1335,0
DA:1336,0
DA:1338,0
DA:1339,0
DA:1340,0
DA:1341,0
DA:1350,0
DA:1351,0
DA:1358,0
DA:1359,0
DA:1360,0
DA:1361,0
DA:1363,0
DA:1367,0
DA:1368,0
DA:1372,0
DA:1373,0
DA:1374,0
DA:1376,0
DA:1377,0
DA:1378,0
DA:1379,0
DA:1380,0
DA:1381,0
DA:1382,0
DA:1383,0
DA:1384,0
DA:1385,0
DA:1386,0
DA:1388,0
DA:1391,0
DA:1392,0
DA:1394,0
DA:1396,0
DA:1397,0
DA:1399,0
DA:1401,0
DA:1402,0
DA:1404,0
DA:1405,0
DA:1408,0
DA:1412,0
DA:1413,0
DA:1418,0
DA:1420,0
DA:1421,0
DA:1422,0
DA:1423,0
DA:1429,0
DA:1430,0
DA:1431,0
DA:1432,0
DA:1434,0
DA:1436,0
DA:1437,0
DA:1438,0
DA:1440,0
DA:1445,0
DA:1446,0
DA:1448,0
DA:1449,0
DA:1452,0
DA:1453,0
DA:1454,0
DA:1456,0
DA:1457,0
DA:1460,0
DA:1461,0
DA:1466,0
DA:1467,0
DA:1468,0
DA:1470,0
DA:1471,0
DA:1478,0
DA:1481,0
DA:1482,0
DA:1486,0
DA:1487,0
DA:1491,0
DA:1493,0
DA:1494,0
DA:1496,0
DA:1497,0
DA:1498,0
DA:1502,0
DA:1503,0
DA:1504,0
DA:1507,0
DA:1509,0
DA:1510,0
DA:1515,0
DA:1517,0
DA:1523,0
DA:1524,0
DA:1525,0
DA:1529,0
DA:1530,0
DA:1531,0
DA:1539,0
DA:1540,0
DA:1543,0
DA:1546,0
DA:1547,0
DA:1548,0
DA:1551,0
DA:1554,0
DA:1555,0
DA:1556,0
DA:1557,0
DA:1561,0
DA:1563,0
DA:1567,0
DA:1568,0
DA:1572,0
DA:1576,0
DA:1577,0
DA:1578,0
DA:1579,0
DA:1583,0
DA:1588,0
DA:1589,0
DA:1593,0
DA:1596,0
DA:1602,0
DA:1603,0
DA:1604,0
DA:1611,0
DA:1613,0
DA:1616,0
DA:1617,0
DA:1621,0
DA:1622,0
DA:1623,0
DA:1624,0
DA:1625,0
DA:1626,0
DA:1628,0
DA:1630,0
DA:1636,0
DA:1641,0
DA:1642,0
DA:1643,0
DA:1644,0
DA:1646,0
DA:1647,0
DA:1649,0
DA:1651,0
DA:1655,0
DA:1657,0
DA:1679,0
DA:1682,0
DA:1683,0
DA:1687,0
DA:1688,0
DA:1694,0
DA:1697,0
DA:1699,0
DA:1700,0
DA:1701,0
DA:1702,0
DA:1703,0
DA:1708,0
DA:1709,0
DA:1710,0
DA:1711,0
DA:1712,0
DA:1713,0
DA:1714,0
DA:1719,0
DA:1720,0
DA:1721,0
DA:1722,0
DA:1723,0
DA:1724,0
DA:1725,0
DA:1726,0
DA:1728,0
DA:1732,0
DA:1733,0
DA:1734,0
DA:1737,0
DA:1752,0
DA:1756,0
DA:1757,0
DA:1758,0
DA:1759,0
DA:1772,0
DA:1773,0
DA:1774,0
DA:1775,0
DA:1776,0
DA:1777,0
DA:1778,0
DA:1781,0
DA:1782,0
DA:1783,0
DA:1785,0
DA:1790,0
DA:1791,0
DA:1792,0
DA:1793,0
DA:1794,0
DA:1795,0
DA:1796,0
DA:1800,0
DA:1801,0
DA:1804,0
DA:1805,0
DA:1806,0
DA:1809,0
DA:1821,0
DA:1826,0
DA:1827,0
DA:1830,0
DA:1831,0
DA:1832,0
DA:1833,0
DA:1834,0
DA:1835,0
DA:1836,0
DA:1837,0
DA:1838,0
DA:1839,0
DA:1840,0
DA:1843,0
DA:1844,0
DA:1845,0
DA:1846,0
DA:1847,0
DA:1849,0
DA:1850,0
DA:1851,0
DA:1852,0
DA:1863,0
DA:1867,0
DA:1868,0
DA:1870,0
DA:1871,0
DA:1873,0
DA:1874,0
DA:1877,0
DA:1878,0
DA:1880,0
DA:1881,0
DA:1882,0
DA:1883,0
DA:1884,0
DA:1888,0
DA:1889,0
DA:1890,0
DA:1891,0
DA:1892,0
DA:1897,0
DA:1901,0
DA:1903,0
DA:1904,0
DA:1905,0
DA:1906,0
DA:1909,0
DA:1910,0
DA:1911,0
DA:1913,0
DA:1915,0
DA:1916,0
DA:1922,0
DA:1923,0
DA:1924,0
DA:1926,0
DA:1937,0
DA:1938,0
DA:1940,0
DA:1942,0
DA:1947,0
DA:1948,0
DA:1952,0
DA:1953,0
DA:1955,0
DA:1959,0
DA:1960,0
DA:1961,0
DA:1962,0
DA:1964,0
DA:1965,0
DA:1967,0
DA:1968,0
DA:1970,0
DA:1971,0
DA:1974,0
DA:1978,0
DA:1980,0
DA:1981,0
DA:1992,0
DA:1993,0
DA:1994,0
DA:1995,0
DA:1996,0
DA:2000,0
DA:2001,0
DA:2002,0
DA:2003,0
DA:2004,0
DA:2005,0
DA:2006,0
DA:2016,0
DA:2017,0
DA:2019,0
DA:2020,0
DA:2021,0
DA:2022,0
DA:2024,0
DA:2026,0
DA:2027,0
DA:2029,0
DA:2033,0
DA:2034,0
DA:2036,0
DA:2040,0
DA:2044,0
DA:2045,0
DA:2047,0
DA:2048,0
DA:2049,0
DA:2060,0
DA:2061,0
DA:2062,0
DA:2064,0
DA:2067,0
DA:2068,0
DA:2071,0
DA:2074,0
DA:2078,0
DA:2079,0
DA:2080,0
DA:2081,0
DA:2082,0
DA:2084,0
DA:2086,0
DA:2089,0
DA:2092,0
DA:2093,0
DA:2094,0
DA:2097,0
DA:2100,0
DA:2103,0
DA:2104,0
DA:2105,0
DA:2107,0
DA:2108,0
DA:2109,0
DA:2110,0
DA:2114,0
DA:2115,0
DA:2116,0
DA:2117,0
DA:2118,0
DA:2119,0
DA:2123,0
DA:2125,0
DA:2126,0
DA:2128,0
DA:2129,0
DA:2131,0
DA:2132,0
DA:2133,0
DA:2134,0
DA:2136,0
DA:2138,0
DA:2139,0
DA:2140,0
DA:2142,0
DA:2144,0
DA:2145,0
DA:2147,0
DA:2148,0
DA:2150,0
DA:2155,0
DA:2156,0
DA:2158,0
DA:2159,0
DA:2162,0
DA:2163,0
DA:2165,0
DA:2170,0
DA:2172,0
DA:2177,0
DA:2179,0
DA:2180,0
DA:2181,0
DA:2182,0
DA:2183,0
DA:2188,0
DA:2189,0
DA:2191,0
DA:2192,0
DA:2195,0
DA:2196,0
DA:2197,0
DA:2198,0
DA:2200,0
DA:2201,0
DA:2202,0
DA:2211,0
DA:2212,0
DA:2213,0
DA:2214,0
DA:2215,0
DA:2216,0
DA:2222,0
DA:2223,0
DA:2224,0
DA:2228,0
DA:2229,0
DA:2230,0
DA:2231,0
DA:2232,0
DA:2233,0
DA:2234,0
DA:2237,0
DA:2238,0
DA:2244,0
DA:2245,0
DA:2253,0
DA:2254,0
DA:2255,0
LF:1056
LH:0
BRDA:36,0,0,0
BRDA:36,0,1,0
BRDA:38,1,0,0
BRDA:38,1,1,0
BRDA:44,2,0,0
BRDA:44,2,1,0
BRDA:44,3,0,0
BRDA:44,3,1,0
BRDA:48,4,0,0
BRDA:48,4,1,0
BRDA:48,5,0,0
BRDA:48,5,1,0
BRDA:54,6,0,0
BRDA:54,6,1,0
BRDA:65,7,0,0
BRDA:65,7,1,0
BRDA:76,8,0,0
BRDA:76,8,1,0
BRDA:87,9,0,0
BRDA:87,9,1,0
BRDA:87,10,0,0
BRDA:87,10,1,0
BRDA:94,11,0,0
BRDA:94,11,1,0
BRDA:97,12,0,0
BRDA:97,12,1,0
BRDA:97,13,0,0
BRDA:97,13,1,0
BRDA:107,14,0,0
BRDA:107,14,1,0
BRDA:126,15,0,0
BRDA:126,15,1,0
BRDA:127,16,0,0
BRDA:129,17,0,0
BRDA:129,17,1,0
BRDA:131,18,0,0
BRDA:136,19,0,0
BRDA:136,19,1,0
BRDA:139,20,0,0
BRDA:145,21,0,0
BRDA:145,21,1,0
BRDA:150,22,0,0
BRDA:150,22,1,0
BRDA:151,23,0,0
BRDA:151,23,1,0
BRDA:156,24,0,0
BRDA:156,24,1,0
BRDA:156,24,2,0
BRDA:158,25,0,0
BRDA:158,25,1,0
BRDA:158,25,2,0
BRDA:159,26,0,0
BRDA:159,26,1,0
BRDA:159,26,2,0
BRDA:162,27,0,0
BRDA:162,27,1,0
BRDA:162,28,0,0
BRDA:162,28,1,0
BRDA:178,29,0,0
BRDA:178,29,1,0
BRDA:179,30,0,0
BRDA:179,30,1,0
BRDA:180,31,0,0
BRDA:180,31,1,0
BRDA:180,32,0,0
BRDA:180,32,1,0
BRDA:182,33,0,0
BRDA:182,33,1,0
BRDA:185,34,0,0
BRDA:185,34,1,0
BRDA:188,35,0,0
BRDA:188,35,1,0
BRDA:189,36,0,0
BRDA:189,36,1,0
BRDA:190,37,0,0
BRDA:190,37,1,0
BRDA:191,38,0,0
BRDA:191,38,1,0
BRDA:191,39,0,0
BRDA:191,39,1,0
BRDA:192,40,0,0
BRDA:192,40,1,0
BRDA:192,41,0,0
BRDA:192,41,1,0
BRDA:193,42,0,0
BRDA:193,42,1,0
BRDA:193,43,0,0
BRDA:193,43,1,0
BRDA:194,44,0,0
BRDA:194,44,1,0
BRDA:195,45,0,0
BRDA:195,45,1,0
BRDA:195,46,0,0
BRDA:195,46,1,0
BRDA:195,46,2,0
BRDA:202,47,0,0
BRDA:202,47,1,0
BRDA:202,47,2,0
BRDA:204,48,0,0
BRDA:204,48,1,0
BRDA:205,49,0,0
BRDA:205,49,1,0
BRDA:205,50,0,0
BRDA:205,50,1,0
BRDA:208,51,0,0
BRDA:208,51,1,0
BRDA:210,52,0,0
BRDA:210,52,1,0
BRDA:210,53,0,0
BRDA:210,53,1,0
BRDA:212,54,0,0
BRDA:212,54,1,0
BRDA:216,55,0,0
BRDA:216,55,1,0
BRDA:217,56,0,0
BRDA:217,56,1,0
BRDA:224,57,0,0
BRDA:224,57,1,0
BRDA:228,58,0,0
BRDA:228,59,0,0
BRDA:229,60,0,0
BRDA:229,60,1,0
BRDA:229,61,0,0
BRDA:229,61,1,0
BRDA:253,62,0,0
BRDA:254,63,0,0
BRDA:254,63,1,0
BRDA:255,64,0,0
BRDA:255,64,1,0
BRDA:257,65,0,0
BRDA:257,65,1,0
BRDA:257,66,0,0
BRDA:257,66,1,0
BRDA:261,67,0,0
BRDA:261,67,1,0
BRDA:264,68,0,0
BRDA:264,68,1,0
BRDA:264,68,2,0
BRDA:267,69,0,0
BRDA:267,69,1,0
BRDA:275,70,0,0
BRDA:275,70,1,0
BRDA:277,71,0,0
BRDA:277,71,1,0
BRDA:278,72,0,0
BRDA:278,72,1,0
BRDA:278,73,0,0
BRDA:278,73,1,0
BRDA:281,74,0,0
BRDA:281,74,1,0
BRDA:282,75,0,0
BRDA:282,75,1,0
BRDA:283,76,0,0
BRDA:283,76,1,0
BRDA:284,77,0,0
BRDA:284,77,1,0
BRDA:285,78,0,0
BRDA:285,78,1,0
BRDA:286,79,0,0
BRDA:286,79,1,0
BRDA:291,80,0,0
BRDA:291,80,1,0
BRDA:291,80,2,0
BRDA:292,81,0,0
BRDA:292,81,1,0
BRDA:296,82,0,0
BRDA:297,83,0,0
BRDA:297,83,1,0
BRDA:300,84,0,0
BRDA:300,84,1,0
BRDA:301,85,0,0
BRDA:301,85,1,0
BRDA:303,86,0,0
BRDA:303,86,1,0
BRDA:304,87,0,0
BRDA:304,87,1,0
BRDA:304,87,2,0
BRDA:304,87,3,0
BRDA:305,88,0,0
BRDA:305,88,1,0
BRDA:307,89,0,0
BRDA:307,89,1,0
BRDA:307,89,2,0
BRDA:307,89,3,0
BRDA:308,90,0,0
BRDA:308,90,1,0
BRDA:308,91,0,0
BRDA:308,91,1,0
BRDA:308,91,2,0
BRDA:315,92,0,0
BRDA:315,92,1,0
BRDA:324,93,0,0
BRDA:324,93,1,0
BRDA:324,93,2,0
BRDA:324,93,3,0
BRDA:325,94,0,0
BRDA:325,94,1,0
BRDA:325,94,2,0
BRDA:325,94,3,0
BRDA:326,95,0,0
BRDA:326,95,1,0
BRDA:328,96,0,0
BRDA:328,96,1,0
BRDA:328,97,0,0
BRDA:328,97,1,0
BRDA:329,98,0,0
BRDA:329,98,1,0
BRDA:336,99,0,0
BRDA:336,99,1,0
BRDA:336,100,0,0
BRDA:336,100,1,0
BRDA:339,101,0,0
BRDA:339,101,1,0
BRDA:340,102,0,0
BRDA:340,102,1,0
BRDA:359,103,0,0
BRDA:359,103,1,0
BRDA:359,104,0,0
BRDA:359,104,1,0
BRDA:362,105,0,0
BRDA:362,105,1,0
BRDA:373,106,0,0
BRDA:373,106,1,0
BRDA:382,107,0,0
BRDA:382,107,1,0
BRDA:383,108,0,0
BRDA:383,108,1,0
BRDA:388,109,0,0
BRDA:388,109,1,0
BRDA:392,110,0,0
BRDA:392,110,1,0
BRDA:393,111,0,0
BRDA:393,111,1,0
BRDA:393,112,0,0
BRDA:393,112,1,0
BRDA:395,113,0,0
BRDA:395,113,1,0
BRDA:395,114,0,0
BRDA:395,114,1,0
BRDA:401,115,0,0
BRDA:401,115,1,0
BRDA:401,116,0,0
BRDA:401,116,1,0
BRDA:401,116,2,0
BRDA:401,116,3,0
BRDA:403,117,0,0
BRDA:403,117,1,0
BRDA:404,118,0,0
BRDA:404,118,1,0
BRDA:405,119,0,0
BRDA:405,119,1,0
BRDA:405,120,0,0
BRDA:405,120,1,0
BRDA:405,120,2,0
BRDA:405,120,3,0
BRDA:405,120,4,0
BRDA:415,121,0,0
BRDA:415,121,1,0
BRDA:417,122,0,0
BRDA:417,122,1,0
BRDA:422,123,0,0
BRDA:422,123,1,0
BRDA:425,124,0,0
BRDA:425,124,1,0
BRDA:425,125,0,0
BRDA:425,125,1,0
BRDA:445,126,0,0
BRDA:445,126,1,0
BRDA:447,127,0,0
BRDA:447,127,1,0
BRDA:452,128,0,0
BRDA:452,128,1,0
BRDA:455,129,0,0
BRDA:455,129,1,0
BRDA:455,130,0,0
BRDA:455,130,1,0
BRDA:477,131,0,0
BRDA:477,131,1,0
BRDA:483,132,0,0
BRDA:483,132,1,0
BRDA:483,133,0,0
BRDA:483,133,1,0
BRDA:483,133,2,0
BRDA:484,134,0,0
BRDA:484,134,1,0
BRDA:484,135,0,0
BRDA:484,135,1,0
BRDA:492,136,0,0
BRDA:492,136,1,0
BRDA:495,137,0,0
BRDA:495,137,1,0
BRDA:495,138,0,0
BRDA:495,138,1,0
BRDA:505,139,0,0
BRDA:505,139,1,0
BRDA:505,140,0,0
BRDA:505,140,1,0
BRDA:543,141,0,0
BRDA:543,141,1,0
BRDA:551,142,0,0
BRDA:551,142,1,0
BRDA:568,143,0,0
BRDA:568,143,1,0
BRDA:572,144,0,0
BRDA:573,145,0,0
BRDA:573,145,1,0
BRDA:575,146,0,0
BRDA:575,146,1,0
BRDA:577,147,0,0
BRDA:577,147,1,0
BRDA:578,148,0,0
BRDA:578,148,1,0
BRDA:579,149,0,0
BRDA:579,149,1,0
BRDA:580,150,0,0
BRDA:580,150,1,0
BRDA:581,151,0,0
BRDA:581,151,1,0
BRDA:582,152,0,0
BRDA:582,152,1,0
BRDA:585,153,0,0
BRDA:585,153,1,0
BRDA:586,154,0,0
BRDA:586,154,1,0
BRDA:597,155,0,0
BRDA:597,155,1,0
BRDA:605,156,0,0
BRDA:605,156,1,0
BRDA:618,157,0,0
BRDA:618,157,1,0
BRDA:618,158,0,0
BRDA:618,158,1,0
BRDA:620,159,0,0
BRDA:620,159,1,0
BRDA:625,160,0,0
BRDA:625,160,1,0
BRDA:625,161,0,0
BRDA:625,161,1,0
BRDA:626,162,0,0
BRDA:626,162,1,0
BRDA:626,163,0,0
BRDA:626,163,1,0
BRDA:642,164,0,0
BRDA:642,164,1,0
BRDA:642,165,0,0
BRDA:642,165,1,0
BRDA:649,166,0,0
BRDA:649,166,1,0
BRDA:653,167,0,0
BRDA:653,167,1,0
BRDA:654,168,0,0
BRDA:654,168,1,0
BRDA:655,169,0,0
BRDA:655,169,1,0
BRDA:655,170,0,0
BRDA:655,170,1,0
BRDA:661,171,0,0
BRDA:661,171,1,0
BRDA:661,171,2,0
BRDA:666,172,0,0
BRDA:666,172,1,0
BRDA:702,173,0,0
BRDA:702,173,1,0
BRDA:706,174,0,0
BRDA:706,174,1,0
BRDA:713,175,0,0
BRDA:713,175,1,0
BRDA:717,176,0,0
BRDA:717,176,1,0
BRDA:723,177,0,0
BRDA:723,177,1,0
BRDA:723,178,0,0
BRDA:723,178,1,0
BRDA:725,179,0,0
BRDA:725,179,1,0
BRDA:727,180,0,0
BRDA:727,180,1,0
BRDA:729,181,0,0
BRDA:729,181,1,0
BRDA:762,182,0,0
BRDA:762,182,1,0
BRDA:771,183,0,0
BRDA:771,183,1,0
BRDA:774,184,0,0
BRDA:774,184,1,0
BRDA:778,185,0,0
BRDA:778,185,1,0
BRDA:789,186,0,0
BRDA:789,186,1,0
BRDA:799,187,0,0
BRDA:799,187,1,0
BRDA:802,188,0,0
BRDA:802,188,1,0
BRDA:802,189,0,0
BRDA:802,189,1,0
BRDA:804,190,0,0
BRDA:804,190,1,0
BRDA:809,191,0,0
BRDA:809,191,1,0
BRDA:813,192,0,0
BRDA:813,192,1,0
BRDA:814,193,0,0
BRDA:814,193,1,0
BRDA:814,194,0,0
BRDA:814,194,1,0
BRDA:816,195,0,0
BRDA:816,195,1,0
BRDA:818,196,0,0
BRDA:818,196,1,0
BRDA:827,197,0,0
BRDA:827,197,1,0
BRDA:828,198,0,0
BRDA:828,198,1,0
BRDA:829,199,0,0
BRDA:829,199,1,0
BRDA:832,200,0,0
BRDA:832,200,1,0
BRDA:832,201,0,0
BRDA:832,201,1,0
BRDA:832,201,2,0
BRDA:832,201,3,0
BRDA:868,202,0,0
BRDA:868,202,1,0
BRDA:870,203,0,0
BRDA:870,203,1,0
BRDA:881,204,0,0
BRDA:881,204,1,0
BRDA:882,205,0,0
BRDA:882,205,1,0
BRDA:884,206,0,0
BRDA:884,206,1,0
BRDA:884,207,0,0
BRDA:884,207,1,0
BRDA:892,208,0,0
BRDA:892,208,1,0
BRDA:893,209,0,0
BRDA:893,209,1,0
BRDA:894,210,0,0
BRDA:894,210,1,0
BRDA:895,211,0,0
BRDA:895,211,1,0
BRDA:896,212,0,0
BRDA:896,212,1,0
BRDA:897,213,0,0
BRDA:897,213,1,0
BRDA:897,214,0,0
BRDA:897,214,1,0
BRDA:898,215,0,0
BRDA:898,215,1,0
BRDA:905,216,0,0
BRDA:905,216,1,0
BRDA:905,217,0,0
BRDA:905,217,1,0
BRDA:906,218,0,0
BRDA:906,218,1,0
BRDA:906,219,0,0
BRDA:906,219,1,0
BRDA:906,219,2,0
BRDA:907,220,0,0
BRDA:907,220,1,0
BRDA:908,221,0,0
BRDA:908,221,1,0
BRDA:909,222,0,0
BRDA:909,222,1,0
BRDA:913,223,0,0
BRDA:913,223,1,0
BRDA:913,224,0,0
BRDA:913,224,1,0
BRDA:913,225,0,0
BRDA:913,225,1,0
BRDA:920,226,0,0
BRDA:920,226,1,0
BRDA:921,227,0,0
BRDA:921,227,1,0
BRDA:934,228,0,0
BRDA:934,228,1,0
BRDA:934,229,0,0
BRDA:934,229,1,0
BRDA:940,230,0,0
BRDA:940,230,1,0
BRDA:941,231,0,0
BRDA:941,231,1,0
BRDA:942,232,0,0
BRDA:942,232,1,0
BRDA:942,233,0,0
BRDA:942,233,1,0
BRDA:943,234,0,0
BRDA:943,234,1,0
BRDA:943,235,0,0
BRDA:943,235,1,0
BRDA:943,236,0,0
BRDA:943,236,1,0
BRDA:945,237,0,0
BRDA:945,237,1,0
BRDA:947,238,0,0
BRDA:947,238,1,0
BRDA:948,239,0,0
BRDA:948,239,1,0
BRDA:949,240,0,0
BRDA:949,240,1,0
BRDA:950,241,0,0
BRDA:950,241,1,0
BRDA:958,242,0,0
BRDA:959,243,0,0
BRDA:959,243,1,0
BRDA:959,244,0,0
BRDA:959,244,1,0
BRDA:963,245,0,0
BRDA:963,245,1,0
BRDA:964,246,0,0
BRDA:964,246,1,0
BRDA:965,247,0,0
BRDA:965,247,1,0
BRDA:966,248,0,0
BRDA:966,248,1,0
BRDA:967,249,0,0
BRDA:967,249,1,0
BRDA:968,250,0,0
BRDA:968,250,1,0
BRDA:969,251,0,0
BRDA:969,251,1,0
BRDA:973,252,0,0
BRDA:973,252,1,0
BRDA:982,253,0,0
BRDA:983,254,0,0
BRDA:983,254,1,0
BRDA:983,255,0,0
BRDA:983,255,1,0
BRDA:992,256,0,0
BRDA:992,257,0,0
BRDA:994,258,0,0
BRDA:994,258,1,0
BRDA:994,259,0,0
BRDA:994,259,1,0
BRDA:997,260,0,0
BRDA:997,260,1,0
BRDA:998,261,0,0
BRDA:998,261,1,0
BRDA:999,262,0,0
BRDA:999,262,1,0
BRDA:999,263,0,0
BRDA:999,263,1,0
BRDA:999,263,2,0
BRDA:1009,264,0,0
BRDA:1009,264,1,0
BRDA:1010,265,0,0
BRDA:1010,265,1,0
BRDA:1011,266,0,0
BRDA:1011,266,1,0
BRDA:1012,267,0,0
BRDA:1012,267,1,0
BRDA:1013,268,0,0
BRDA:1013,268,1,0
BRDA:1014,269,0,0
BRDA:1014,269,1,0
BRDA:1020,270,0,0
BRDA:1021,271,0,0
BRDA:1021,271,1,0
BRDA:1021,272,0,0
BRDA:1021,272,1,0
BRDA:1024,273,0,0
BRDA:1024,273,1,0
BRDA:1024,274,0,0
BRDA:1024,274,1,0
BRDA:1055,275,0,0
BRDA:1055,275,1,0
BRDA:1058,276,0,0
BRDA:1058,276,1,0
BRDA:1064,277,0,0
BRDA:1064,277,1,0
BRDA:1064,278,0,0
BRDA:1064,278,1,0
BRDA:1065,279,0,0
BRDA:1065,279,1,0
BRDA:1071,280,0,0
BRDA:1071,280,1,0
BRDA:1072,281,0,0
BRDA:1072,281,1,0
BRDA:1080,282,0,0
BRDA:1080,282,1,0
BRDA:1080,283,0,0
BRDA:1080,283,1,0
BRDA:1086,284,0,0
BRDA:1086,284,1,0
BRDA:1087,285,0,0
BRDA:1087,285,1,0
BRDA:1102,286,0,0
BRDA:1102,286,1,0
BRDA:1109,287,0,0
BRDA:1109,287,1,0
BRDA:1119,288,0,0
BRDA:1119,288,1,0
BRDA:1120,289,0,0
BRDA:1120,289,1,0
BRDA:1132,290,0,0
BRDA:1132,290,1,0
BRDA:1132,291,0,0
BRDA:1132,291,1,0
BRDA:1134,292,0,0
BRDA:1134,292,1,0
BRDA:1135,293,0,0
BRDA:1135,293,1,0
BRDA:1139,294,0,0
BRDA:1139,294,1,0
BRDA:1139,294,2,0
BRDA:1140,295,0,0
BRDA:1140,295,1,0
BRDA:1147,296,0,0
BRDA:1147,296,1,0
BRDA:1152,297,0,0
BRDA:1152,297,1,0
BRDA:1168,298,0,0
BRDA:1168,298,1,0
BRDA:1184,299,0,0
BRDA:1184,299,1,0
BRDA:1185,300,0,0
BRDA:1185,300,1,0
BRDA:1186,301,0,0
BRDA:1186,301,1,0
BRDA:1190,302,0,0
BRDA:1190,302,1,0
BRDA:1190,303,0,0
BRDA:1190,303,1,0
BRDA:1201,304,0,0
BRDA:1201,304,1,0
BRDA:1201,304,2,0
BRDA:1202,305,0,0
BRDA:1202,305,1,0
BRDA:1204,306,0,0
BRDA:1204,306,1,0
BRDA:1208,307,0,0
BRDA:1208,307,1,0
BRDA:1208,307,2,0
BRDA:1208,308,0,0
BRDA:1208,308,1,0
BRDA:1221,309,0,0
BRDA:1221,309,1,0
BRDA:1221,310,0,0
BRDA:1221,310,1,0
BRDA:1221,310,2,0
BRDA:1222,311,0,0
BRDA:1222,311,1,0
BRDA:1232,312,0,0
BRDA:1232,312,1,0
BRDA:1236,313,0,0
BRDA:1236,313,1,0
BRDA:1238,314,0,0
BRDA:1238,314,1,0
BRDA:1238,315,0,0
BRDA:1238,315,1,0
BRDA:1238,316,0,0
BRDA:1238,316,1,0
BRDA:1239,317,0,0
BRDA:1239,317,1,0
BRDA:1241,318,0,0
BRDA:1241,318,1,0
BRDA:1259,319,0,0
BRDA:1259,319,1,0
BRDA:1260,320,0,0
BRDA:1260,320,1,0
BRDA:1267,321,0,0
BRDA:1267,321,1,0
BRDA:1280,322,0,0
BRDA:1280,322,1,0
BRDA:1282,323,0,0
BRDA:1282,323,1,0
BRDA:1282,324,0,0
BRDA:1282,324,1,0
BRDA:1282,324,2,0
BRDA:1294,325,0,0
BRDA:1294,325,1,0
BRDA:1294,326,0,0
BRDA:1294,326,1,0
BRDA:1308,327,0,0
BRDA:1308,327,1,0
BRDA:1309,328,0,0
BRDA:1309,328,1,0
BRDA:1323,329,0,0
BRDA:1323,329,1,0
BRDA:1323,329,2,0
BRDA:1324,330,0,0
BRDA:1324,330,1,0
BRDA:1326,331,0,0
BRDA:1326,331,1,0
BRDA:1330,332,0,0
BRDA:1330,332,1,0
BRDA:1335,333,0,0
BRDA:1335,333,1,0
BRDA:1340,334,0,0
BRDA:1340,334,1,0
BRDA:1358,335,0,0
BRDA:1358,335,1,0
BRDA:1359,336,0,0
BRDA:1359,336,1,0
BRDA:1367,337,0,0
BRDA:1367,337,1,0
BRDA:1367,338,0,0
BRDA:1367,338,1,0
BRDA:1372,339,0,0
BRDA:1372,339,1,0
BRDA:1377,340,0,0
BRDA:1377,340,1,0
BRDA:1380,341,0,0
BRDA:1380,341,1,0
BRDA:1381,342,0,0
BRDA:1381,342,1,0
BRDA:1381,343,0,0
BRDA:1381,343,1,0
BRDA:1382,344,0,0
BRDA:1382,344,1,0
BRDA:1385,345,0,0
BRDA:1385,345,1,0
BRDA:1385,346,0,0
BRDA:1385,346,1,0
BRDA:1391,347,0,0
BRDA:1391,347,1,0
BRDA:1394,348,0,0
BRDA:1394,348,1,0
BRDA:1418,349,0,0
BRDA:1418,349,1,0
BRDA:1423,350,0,0
BRDA:1423,350,1,0
BRDA:1436,351,0,0
BRDA:1436,351,1,0
BRDA:1448,352,0,0
BRDA:1448,352,1,0
BRDA:1456,353,0,0
BRDA:1456,353,1,0
BRDA:1481,354,0,0
BRDA:1481,354,1,0
BRDA:1486,355,0,0
BRDA:1486,355,1,0
BRDA:1496,356,0,0
BRDA:1496,356,1,0
BRDA:1502,357,0,0
BRDA:1502,357,1,0
BRDA:1502,358,0,0
BRDA:1502,358,1,0
BRDA:1524,359,0,0
BRDA:1524,359,1,0
BRDA:1524,360,0,0
BRDA:1524,360,1,0
BRDA:1524,360,2,0
BRDA:1529,361,0,0
BRDA:1529,361,1,0
BRDA:1530,362,0,0
BRDA:1530,362,1,0
BRDA:1530,363,0,0
BRDA:1530,363,1,0
BRDA:1530,363,2,0
BRDA:1532,364,0,0
BRDA:1532,364,1,0
BRDA:1532,364,2,0
BRDA:1532,364,3,0
BRDA:1532,364,4,0
BRDA:1532,364,5,0
BRDA:1532,364,6,0
BRDA:1539,365,0,0
BRDA:1539,365,1,0
BRDA:1539,366,0,0
BRDA:1539,366,1,0
BRDA:1547,367,0,0
BRDA:1547,367,1,0
BRDA:1547,368,0,0
BRDA:1547,368,1,0
BRDA:1554,369,0,0
BRDA:1554,369,1,0
BRDA:1554,370,0,0
BRDA:1554,370,1,0
BRDA:1556,371,0,0
BRDA:1556,371,1,0
BRDA:1567,372,0,0
BRDA:1567,372,1,0
BRDA:1567,373,0,0
BRDA:1567,373,1,0
BRDA:1576,374,0,0
BRDA:1576,374,1,0
BRDA:1576,375,0,0
BRDA:1576,375,1,0
BRDA:1578,376,0,0
BRDA:1578,376,1,0
BRDA:1588,377,0,0
BRDA:1588,377,1,0
BRDA:1588,378,0,0
BRDA:1588,378,1,0
BRDA:1603,379,0,0
BRDA:1603,379,1,0
BRDA:1622,380,0,0
BRDA:1622,380,1,0
BRDA:1625,381,0,0
BRDA:1625,381,1,0
BRDA:1626,382,0,0
BRDA:1626,382,1,0
BRDA:1642,383,0,0
BRDA:1642,383,1,0
BRDA:1642,384,0,0
BRDA:1642,384,1,0
BRDA:1642,384,2,0
BRDA:1642,384,3,0
BRDA:1687,385,0,0
BRDA:1687,385,1,0
BRDA:1702,386,0,0
BRDA:1702,386,1,0
BRDA:1709,387,0,0
BRDA:1709,387,1,0
BRDA:1710,388,0,0
BRDA:1710,388,1,0
BRDA:1710,389,0,0
BRDA:1710,389,1,0
BRDA:1712,390,0,0
BRDA:1712,390,1,0
BRDA:1720,391,0,0
BRDA:1720,391,1,0
BRDA:1721,392,0,0
BRDA:1721,392,1,0
BRDA:1721,393,0,0
BRDA:1721,393,1,0
BRDA:1723,394,0,0
BRDA:1723,394,1,0
BRDA:1725,395,0,0
BRDA:1725,395,1,0
BRDA:1733,396,0,0
BRDA:1733,396,1,0
BRDA:1733,397,0,0
BRDA:1733,397,1,0
BRDA:1734,398,0,0
BRDA:1734,398,1,0
BRDA:1737,399,0,0
BRDA:1737,399,1,0
BRDA:1737,400,0,0
BRDA:1737,400,1,0
BRDA:1739,401,0,0
BRDA:1739,401,1,0
BRDA:1740,402,0,0
BRDA:1740,402,1,0
BRDA:1740,402,2,0
BRDA:1745,403,0,0
BRDA:1745,403,1,0
BRDA:1746,404,0,0
BRDA:1746,404,1,0
BRDA:1747,405,0,0
BRDA:1747,405,1,0
BRDA:1747,405,2,0
BRDA:1759,406,0,0
BRDA:1759,406,1,0
BRDA:1759,407,0,0
BRDA:1759,407,1,0
BRDA:1761,408,0,0
BRDA:1761,408,1,0
BRDA:1762,409,0,0
BRDA:1762,409,1,0
BRDA:1762,409,2,0
BRDA:1763,410,0,0
BRDA:1763,410,1,0
BRDA:1764,411,0,0
BRDA:1764,411,1,0
BRDA:1765,412,0,0
BRDA:1765,412,1,0
BRDA:1768,413,0,0
BRDA:1768,413,1,0
BRDA:1769,414,0,0
BRDA:1769,414,1,0
BRDA:1769,414,2,0
BRDA:1772,415,0,0
BRDA:1772,415,1,0
BRDA:1772,416,0,0
BRDA:1772,416,1,0
BRDA:1772,417,0,0
BRDA:1772,417,1,0
BRDA:1775,418,0,0
BRDA:1775,418,1,0
BRDA:1775,419,0,0
BRDA:1775,419,1,0
BRDA:1777,420,0,0
BRDA:1777,420,1,0
BRDA:1791,421,0,0
BRDA:1791,421,1,0
BRDA:1806,422,0,0
BRDA:1806,422,1,0
BRDA:1806,422,2,0
BRDA:1814,423,0,0
BRDA:1814,423,1,0
BRDA:1821,424,0,0
BRDA:1821,424,1,0
BRDA:1831,425,0,0
BRDA:1831,425,1,0
BRDA:1835,426,0,0
BRDA:1835,426,1,0
BRDA:1835,427,0,0
BRDA:1835,427,1,0
BRDA:1837,428,0,0
BRDA:1837,428,1,0
BRDA:1838,429,0,0
BRDA:1838,429,1,0
BRDA:1844,430,0,0
BRDA:1844,430,1,0
BRDA:1850,431,0,0
BRDA:1850,431,1,0
BRDA:1851,432,0,0
BRDA:1851,432,1,0
BRDA:1856,433,0,0
BRDA:1856,433,1,0
BRDA:1857,434,0,0
BRDA:1857,434,1,0
BRDA:1858,435,0,0
BRDA:1858,435,1,0
BRDA:1859,436,0,0
BRDA:1859,436,1,0
BRDA:1867,437,0,0
BRDA:1867,437,1,0
BRDA:1870,438,0,0
BRDA:1870,438,1,0
BRDA:1870,439,0,0
BRDA:1870,439,1,0
BRDA:1873,440,0,0
BRDA:1873,440,1,0
BRDA:1873,441,0,0
BRDA:1873,441,1,0
BRDA:1878,442,0,0
BRDA:1878,442,1,0
BRDA:1880,443,0,0
BRDA:1880,443,1,0
BRDA:1882,444,0,0
BRDA:1882,444,1,0
BRDA:1883,445,0,0
BRDA:1883,445,1,0
BRDA:1883,446,0,0
BRDA:1883,446,1,0
BRDA:1888,447,0,0
BRDA:1888,447,1,0
BRDA:1890,448,0,0
BRDA:1890,448,1,0
BRDA:1891,449,0,0
BRDA:1891,449,1,0
BRDA:1891,450,0,0
BRDA:1891,450,1,0
BRDA:1904,451,0,0
BRDA:1904,451,1,0
BRDA:1905,452,0,0
BRDA:1905,452,1,0
BRDA:1905,453,0,0
BRDA:1905,453,1,0
BRDA:1905,453,2,0
BRDA:1905,453,3,0
BRDA:1909,454,0,0
BRDA:1909,454,1,0
BRDA:1909,455,0,0
BRDA:1909,455,1,0
BRDA:1911,456,0,0
BRDA:1911,456,1,0
BRDA:1916,457,0,0
BRDA:1916,457,1,0
BRDA:1923,458,0,0
BRDA:1923,458,1,0
BRDA:1924,459,0,0
BRDA:1924,459,1,0
BRDA:1924,460,0,0
BRDA:1924,460,1,0
BRDA:1929,461,0,0
BRDA:1929,461,1,0
BRDA:1930,462,0,0
BRDA:1930,462,1,0
BRDA:1931,463,0,0
BRDA:1931,463,1,0
BRDA:1937,464,0,0
BRDA:1937,464,1,0
BRDA:1937,465,0,0
BRDA:1937,465,1,0
BRDA:1937,465,2,0
BRDA:1938,466,0,0
BRDA:1938,466,1,0
BRDA:1940,467,0,0
BRDA:1940,467,1,0
BRDA:1942,468,0,0
BRDA:1942,468,1,0
BRDA:1947,469,0,0
BRDA:1947,469,1,0
BRDA:1947,470,0,0
BRDA:1947,470,1,0
BRDA:1952,471,0,0
BRDA:1952,471,1,0
BRDA:1952,472,0,0
BRDA:1952,472,1,0
BRDA:1959,473,0,0
BRDA:1959,473,1,0
BRDA:1959,474,0,0
BRDA:1959,474,1,0
BRDA:1961,475,0,0
BRDA:1961,475,1,0
BRDA:1961,476,0,0
BRDA:1961,476,1,0
BRDA:1964,477,0,0
BRDA:1964,477,1,0
BRDA:1967,478,0,0
BRDA:1967,478,1,0
BRDA:1970,479,0,0
BRDA:1970,479,1,0
BRDA:1978,480,0,0
BRDA:1978,480,1,0
BRDA:1980,481,0,0
BRDA:1980,481,1,0
BRDA:1994,482,0,0
BRDA:1994,482,1,0
BRDA:1994,483,0,0
BRDA:1994,483,1,0
BRDA:1994,483,2,0
BRDA:2000,484,0,0
BRDA:2000,484,1,0
BRDA:2002,485,0,0
BRDA:2002,485,1,0
BRDA:2004,486,0,0
BRDA:2004,486,1,0
BRDA:2005,487,0,0
BRDA:2005,487,1,0
BRDA:2010,488,0,0
BRDA:2010,488,1,0
BRDA:2011,489,0,0
BRDA:2011,489,1,0
BRDA:2012,490,0,0
BRDA:2012,490,1,0
BRDA:2013,491,0,0
BRDA:2013,491,1,0
BRDA:2020,492,0,0
BRDA:2020,492,1,0
BRDA:2026,493,0,0
BRDA:2026,493,1,0
BRDA:2034,494,0,0
BRDA:2034,494,1,0
BRDA:2045,495,0,0
BRDA:2045,495,1,0
BRDA:2047,496,0,0
BRDA:2047,496,1,0
BRDA:2047,497,0,0
BRDA:2047,497,1,0
BRDA:2047,497,2,0
BRDA:2060,498,0,0
BRDA:2060,498,1,0
BRDA:2060,499,0,0
BRDA:2060,499,1,0
BRDA:2080,500,0,0
BRDA:2080,500,1,0
BRDA:2084,501,0,0
BRDA:2084,501,1,0
BRDA:2084,502,0,0
BRDA:2084,502,1,0
BRDA:2084,503,0,0
BRDA:2084,503,1,0
BRDA:2092,504,0,0
BRDA:2092,504,1,0
BRDA:2092,505,0,0
BRDA:2092,505,1,0
BRDA:2108,506,0,0
BRDA:2108,506,1,0
BRDA:2109,507,0,0
BRDA:2109,507,1,0
BRDA:2119,508,0,0
BRDA:2119,508,1,0
BRDA:2126,509,0,0
BRDA:2126,509,1,0
BRDA:2126,510,0,0
BRDA:2126,510,1,0
BRDA:2134,511,0,0
BRDA:2134,511,1,0
BRDA:2156,512,0,0
BRDA:2156,512,1,0
BRDA:2156,513,0,0
BRDA:2156,513,1,0
BRDA:2159,514,0,0
BRDA:2159,514,1,0
BRDA:2162,515,0,0
BRDA:2162,515,1,0
BRDA:2162,516,0,0
BRDA:2162,516,1,0
BRDA:2165,517,0,0
BRDA:2165,517,1,0
BRDA:2177,518,0,0
BRDA:2177,518,1,0
BRDA:2180,519,0,0
BRDA:2180,519,1,0
BRDA:2189,520,0,0
BRDA:2189,520,1,0
BRDA:2192,521,0,0
BRDA:2192,521,1,0
BRDA:2192,522,0,0
BRDA:2192,522,1,0
BRDA:2196,523,0,0
BRDA:2196,523,1,0
BRDA:2204,524,0,0
BRDA:2204,524,1,0
BRDA:2213,525,0,0
BRDA:2213,525,1,0
BRDA:2223,526,0,0
BRDA:2223,526,1,0
BRDA:2223,527,0,0
BRDA:2223,527,1,0
BRDA:2223,527,2,0
BRDA:2223,527,3,0
BRDA:2228,528,0,0
BRDA:2228,528,1,0
BRDA:2228,529,0,0
BRDA:2228,529,1,0
BRDA:2233,530,0,0
BRDA:2233,530,1,0
BRDA:2237,531,0,0
BRDA:2237,531,1,0
BRDA:2237,532,0,0
BRDA:2237,532,1,0
BRDA:2237,532,2,0
BRDA:2244,533,0,0
BRDA:2244,533,1,0
BRDA:2254,534,0,0
BRDA:2254,534,1,0
BRDA:2255,535,0,0
BRDA:2255,535,1,0
BRF:1114
BRH:0
end_of_record
TN:
SF:src/background.js
FN:6,(anonymous_0)
FN:36,(anonymous_1)
FN:40,(anonymous_2)
FN:54,(anonymous_3)
FN:70,(anonymous_4)
FN:113,(anonymous_5)
FN:117,(anonymous_6)
FN:122,(anonymous_7)
FN:126,(anonymous_8)
FN:131,(anonymous_9)
FN:136,(anonymous_10)
FN:144,(anonymous_11)
FN:204,(anonymous_12)
FN:245,(anonymous_13)
FN:298,(anonymous_14)
FN:333,(anonymous_15)
FN:350,(anonymous_16)
FN:374,(anonymous_17)
FN:407,(anonymous_18)
FN:421,(anonymous_19)
FN:428,(anonymous_20)
FN:437,(anonymous_21)
FN:439,(anonymous_22)
FN:440,(anonymous_23)
FN:457,(anonymous_24)
FN:482,(anonymous_25)
FN:499,(anonymous_26)
FN:501,(anonymous_27)
FN:528,(anonymous_28)
FN:546,(anonymous_29)
FN:558,(anonymous_30)
FN:579,(anonymous_31)
FN:587,(anonymous_32)
FN:590,(anonymous_33)
FN:591,(anonymous_34)
FN:604,(anonymous_35)
FN:607,(anonymous_36)
FN:617,(anonymous_37)
FN:646,(anonymous_38)
FN:674,(anonymous_39)
FN:690,(anonymous_40)
FNF:41
FNH:0
FNDA:0,(anonymous_0)
FNDA:0,(anonymous_1)
FNDA:0,(anonymous_2)
FNDA:0,(anonymous_3)
FNDA:0,(anonymous_4)
FNDA:0,(anonymous_5)
FNDA:0,(anonymous_6)
FNDA:0,(anonymous_7)
FNDA:0,(anonymous_8)
FNDA:0,(anonymous_9)
FNDA:0,(anonymous_10)
FNDA:0,(anonymous_11)
FNDA:0,(anonymous_12)
FNDA:0,(anonymous_13)
FNDA:0,(anonymous_14)
FNDA:0,(anonymous_15)
FNDA:0,(anonymous_16)
FNDA:0,(anonymous_17)
FNDA:0,(anonymous_18)
FNDA:0,(anonymous_19)
FNDA:0,(anonymous_20)
FNDA:0,(anonymous_21)
FNDA:0,(anonymous_22)
FNDA:0,(anonymous_23)
FNDA:0,(anonymous_24)
FNDA:0,(anonymous_25)
FNDA:0,(anonymous_26)
FNDA:0,(anonymous_27)
FNDA:0,(anonymous_28)
FNDA:0,(anonymous_29)
FNDA:0,(anonymous_30)
FNDA:0,(anonymous_31)
FNDA:0,(anonymous_32)
FNDA:0,(anonymous_33)
FNDA:0,(anonymous_34)
FNDA:0,(anonymous_35)
FNDA:0,(anonymous_36)
FNDA:0,(anonymous_37)
FNDA:0,(anonymous_38)
FNDA:0,(anonymous_39)
FNDA:0,(anonymous_40)
DA:6,0
DA:8,0
DA:27,0
DA:28,0
DA:32,0
DA:35,0
DA:37,0
DA:38,0
DA:41,0
DA:42,0
DA:44,0
DA:45,0
DA:55,0
DA:56,0
DA:57,0
DA:58,0
DA:59,0
DA:60,0
DA:71,0
DA:73,0
DA:74,0
DA:77,0
DA:78,0
DA:81,0
DA:82,0
DA:83,0
DA:87,0
DA:90,0
DA:93,0
DA:96,0
DA:99,0
DA:101,0
DA:102,0
DA:105,0
DA:106,0
DA:114,0
DA:117,0
DA:118,0
DA:122,0
DA:123,0
DA:126,0
DA:127,0
DA:131,0
DA:132,0
DA:136,0
DA:137,0
DA:145,0
DA:146,0
DA:147,0
DA:150,0
DA:151,0
DA:154,0
DA:157,0
DA:158,0
DA:159,0
DA:161,0
DA:162,0
DA:166,0
DA:167,0
DA:168,0
DA:172,0
DA:181,0
DA:184,0
DA:186,0
DA:193,0
DA:194,0
DA:196,0
DA:197,0
DA:205,0
DA:206,0
DA:207,0
DA:210,0
DA:211,0
DA:213,0
DA:214,0
DA:215,0
DA:221,0
DA:235,0
DA:237,0
DA:238,0
DA:246,0
DA:247,0
DA:248,0
DA:251,0
DA:255,0
DA:256,0
DA:260,0
DA:272,0
DA:274,0
DA:275,0
DA:281,0
DA:287,0
DA:288,0
DA:299,0
DA:300,0
DA:301,0
DA:304,0
DA:306,0
DA:308,0
DA:309,0
DA:310,0
DA:311,0
DA:315,0
DA:316,0
DA:317,0
DA:318,0
DA:323,0
DA:325,0
DA:326,0
DA:334,0
DA:335,0
DA:336,0
DA:339,0
DA:340,0
DA:342,0
DA:343,0
DA:351,0
DA:353,0
DA:354,0
DA:359,0
DA:365,0
DA:367,0
DA:376,0
DA:377,0
DA:380,0
DA:381,0
DA:385,0
DA:386,0
DA:389,0
DA:390,0
DA:394,0
DA:395,0
DA:399,0
DA:400,0
DA:408,0
DA:410,0
DA:411,0
DA:412,0
DA:413,0
DA:414,0
DA:422,0
DA:429,0
DA:430,0
DA:438,0
DA:439,0
DA:440,0
DA:441,0
DA:442,0
DA:446,0
DA:447,0
DA:458,0
DA:460,0
DA:462,0
DA:463,0
DA:464,0
DA:467,0
DA:468,0
DA:471,0
DA:472,0
DA:473,0
DA:475,0
DA:483,0
DA:484,0
DA:486,0
DA:488,0
DA:490,0
DA:491,0
DA:492,0
DA:500,0
DA:501,0
DA:502,0
DA:508,0
DA:514,0
DA:521,0
DA:529,0
DA:531,0
DA:532,0
DA:533,0
DA:535,0
DA:537,0
DA:547,0
DA:548,0
DA:549,0
DA:551,0
DA:559,0
DA:560,0
DA:572,0
DA:580,0
DA:581,0
DA:588,0
DA:590,0
DA:591,0
DA:592,0
DA:593,0
DA:595,0
DA:605,0
DA:607,0
DA:608,0
DA:618,0
DA:619,0
DA:621,0
DA:622,0
DA:629,0
DA:630,0
DA:631,0
DA:633,0
DA:634,0
DA:638,0
DA:639,0
DA:647,0
DA:650,0
DA:654,0
DA:659,0
DA:660,0
DA:675,0
DA:677,0
DA:678,0
DA:679,0
DA:681,0
DA:687,0
DA:690,0
DA:691,0
DA:695,0
DA:696,0
LF:224
LH:0
BRDA:27,0,0,0
BRDA:27,0,1,0
BRDA:32,1,0,0
BRDA:32,1,1,0
BRDA:35,2,0,0
BRDA:35,2,1,0
BRDA:36,3,0,0
BRDA:38,4,0,0
BRDA:38,4,1,0
BRDA:40,5,0,0
BRDA:45,6,0,0
BRDA:45,6,1,0
BRDA:71,7,0,0
BRDA:71,7,1,0
BRDA:77,8,0,0
BRDA:77,8,1,0
BRDA:81,9,0,0
BRDA:81,9,1,0
BRDA:114,10,0,0
BRDA:114,10,1,0
BRDA:146,11,0,0
BRDA:146,11,1,0
BRDA:146,12,0,0
BRDA:146,12,1,0
BRDA:157,13,0,0
BRDA:157,13,1,0
BRDA:158,14,0,0
BRDA:158,14,1,0
BRDA:158,14,2,0
BRDA:161,15,0,0
BRDA:161,15,1,0
BRDA:167,16,0,0
BRDA:167,16,1,0
BRDA:206,17,0,0
BRDA:206,17,1,0
BRDA:206,18,0,0
BRDA:206,18,1,0
BRDA:213,19,0,0
BRDA:213,19,1,0
BRDA:215,20,0,0
BRDA:215,20,1,0
BRDA:247,21,0,0
BRDA:247,21,1,0
BRDA:255,22,0,0
BRDA:255,22,1,0
BRDA:274,23,0,0
BRDA:274,23,1,0
BRDA:274,24,0,0
BRDA:274,24,1,0
BRDA:300,25,0,0
BRDA:300,25,1,0
BRDA:306,26,0,0
BRDA:306,26,1,0
BRDA:309,27,0,0
BRDA:309,27,1,0
BRDA:310,28,0,0
BRDA:310,28,1,0
BRDA:316,29,0,0
BRDA:316,29,1,0
BRDA:317,30,0,0
BRDA:317,30,1,0
BRDA:335,31,0,0
BRDA:335,31,1,0
BRDA:351,32,0,0
BRDA:351,32,1,0
BRDA:351,33,0,0
BRDA:351,33,1,0
BRDA:376,34,0,0
BRDA:376,34,1,0
BRDA:380,35,0,0
BRDA:380,35,1,0
BRDA:385,36,0,0
BRDA:385,36,1,0
BRDA:389,37,0,0
BRDA:389,37,1,0
BRDA:394,38,0,0
BRDA:394,38,1,0
BRDA:399,39,0,0
BRDA:399,39,1,0
BRDA:410,40,0,0
BRDA:410,40,1,0
BRDA:412,41,0,0
BRDA:412,41,1,0
BRDA:429,42,0,0
BRDA:429,42,1,0
BRDA:429,43,0,0
BRDA:429,43,1,0
BRDA:429,43,2,0
BRDA:441,44,0,0
BRDA:441,44,1,0
BRDA:446,45,0,0
BRDA:446,45,1,0
BRDA:446,46,0,0
BRDA:446,46,1,0
BRDA:458,47,0,0
BRDA:458,47,1,0
BRDA:460,48,0,0
BRDA:460,48,1,0
BRDA:460,48,2,0
BRDA:471,49,0,0
BRDA:471,49,1,0
BRDA:484,50,0,0
BRDA:484,50,1,0
BRDA:486,51,0,0
BRDA:486,51,1,0
BRDA:488,52,0,0
BRDA:529,53,0,0
BRDA:529,53,1,0
BRDA:533,54,0,0
BRDA:533,54,1,0
BRDA:535,55,0,0
BRDA:535,55,1,0
BRDA:588,56,0,0
BRDA:588,56,1,0
BRDA:592,57,0,0
BRDA:592,57,1,0
BRDA:595,58,0,0
BRDA:595,58,1,0
BRDA:605,59,0,0
BRDA:605,59,1,0
BRDA:608,60,0,0
BRDA:608,60,1,0
BRDA:621,61,0,0
BRDA:621,61,1,0
BRDA:633,62,0,0
BRDA:633,62,1,0
BRDA:638,63,0,0
BRDA:638,63,1,0
BRDA:651,64,0,0
BRDA:651,64,1,0
BRDA:655,65,0,0
BRDA:655,65,1,0
BRDA:659,66,0,0
BRDA:659,66,1,0
BRDA:675,67,0,0
BRDA:675,67,1,0
BRDA:695,68,0,0
BRDA:695,68,1,0
BRF:138
BRH:0
end_of_record
TN:
SF:src/backgroundBenchmark.js
FN:2,(anonymous_0)
FN:12,runBenchmark
FN:14,(anonymous_2)
FN:57,(anonymous_3)
FN:62,(anonymous_4)
FN:64,(anonymous_5)
FN:64,(anonymous_6)
FNF:7
FNH:0
FNDA:0,(anonymous_0)
FNDA:0,runBenchmark
FNDA:0,(anonymous_2)
FNDA:0,(anonymous_3)
FNDA:0,(anonymous_4)
FNDA:0,(anonymous_5)
FNDA:0,(anonymous_6)
DA:2,0
DA:3,0
DA:4,0
DA:10,0
DA:13,0
DA:14,0
DA:15,0
DA:17,0
DA:18,0
DA:19,0
DA:20,0
DA:21,0
DA:22,0
DA:23,0
DA:24,0
DA:25,0
DA:36,0
DA:37,0
DA:38,0
DA:39,0
DA:40,0
DA:41,0
DA:42,0
DA:43,0
DA:45,0
DA:48,0
DA:49,0
DA:50,0
DA:51,0
DA:52,0
DA:53,0
DA:56,0
DA:57,0
DA:58,0
DA:61,0
DA:62,0
DA:63,0
DA:64,0
DA:65,0
DA:67,0
DA:71,0
LF:41
LH:0
BRDA:13,0,0,0
BRDA:13,0,1,0
BRDA:14,1,0,0
BRDA:14,2,0,0
BRDA:17,3,0,0
BRDA:17,3,1,0
BRDA:20,4,0,0
BRDA:20,4,1,0
BRDA:22,5,0,0
BRDA:22,5,1,0
BRDA:22,6,0,0
BRDA:22,6,1,0
BRDA:22,6,2,0
BRDA:22,6,3,0
BRDA:37,7,0,0
BRDA:37,7,1,0
BRDA:38,8,0,0
BRDA:38,8,1,0
BRDA:38,8,2,0
BRDA:38,8,3,0
BRDA:39,9,0,0
BRDA:39,9,1,0
BRDA:39,9,2,0
BRDA:42,10,0,0
BRDA:42,10,1,0
BRDA:50,11,0,0
BRDA:50,11,1,0
BRDA:51,12,0,0
BRDA:51,12,1,0
BRDA:52,13,0,0
BRDA:52,13,1,0
BRDA:52,14,0,0
BRDA:52,14,1,0
BRDA:52,14,2,0
BRDA:52,14,3,0
BRDA:56,15,0,0
BRDA:56,15,1,0
BRDA:61,16,0,0
BRDA:61,16,1,0
BRDA:61,17,0,0
BRDA:61,17,1,0
BRDA:61,17,2,0
BRDA:63,18,0,0
BRDA:63,18,1,0
BRDA:63,19,0,0
BRDA:63,19,1,0
BRDA:72,20,0,0
BRDA:72,20,1,0
BRF:48
BRH:0
end_of_record
TN:
SF:src/batch.js
FN:1,(anonymous_0)
FN:22,(anonymous_1)
FN:23,(anonymous_2)
FN:52,qwenTranslateBatch
FN:102,_getTokenBudget
FN:106,_setTokenBudget
FN:117,batchOnce
FN:136,(anonymous_7)
FN:154,(anonymous_8)
FN:157,(anonymous_9)
FN:165,(anonymous_10)
FN:179,(anonymous_11)
FN:186,(anonymous_12)
FN:230,(anonymous_13)
FN:232,(anonymous_14)
FN:233,(anonymous_15)
FN:261,(anonymous_16)
FN:268,(anonymous_17)
FN:269,(anonymous_18)
FN:288,splitLongText
FNF:20
FNH:0
FNDA:0,(anonymous_0)
FNDA:0,(anonymous_1)
FNDA:0,(anonymous_2)
FNDA:0,qwenTranslateBatch
FNDA:0,_getTokenBudget
FNDA:0,_setTokenBudget
FNDA:0,batchOnce
FNDA:0,(anonymous_7)
FNDA:0,(anonymous_8)
FNDA:0,(anonymous_9)
FNDA:0,(anonymous_10)
FNDA:0,(anonymous_11)
FNDA:0,(anonymous_12)
FNDA:0,(anonymous_13)
FNDA:0,(anonymous_14)
FNDA:0,(anonymous_15)
FNDA:0,(anonymous_16)
FNDA:0,(anonymous_17)
FNDA:0,(anonymous_18)
FNDA:0,splitLongText
DA:1,0
DA:10,0
DA:11,0
DA:12,0
DA:13,0
DA:14,0
DA:15,0
DA:17,0
DA:18,0
DA:19,0
DA:20,0
DA:22,0
DA:23,0
DA:25,0
DA:26,0
DA:27,0
DA:28,0
DA:29,0
DA:30,0
DA:32,0
DA:33,0
DA:34,0
DA:35,0
DA:36,0
DA:37,0
DA:38,0
DA:40,0
DA:41,0
DA:45,0
DA:46,0
DA:47,0
DA:48,0
DA:49,0
DA:50,0
DA:53,0
DA:54,0
DA:55,0
DA:56,0
DA:57,0
DA:58,0
DA:59,0
DA:60,0
DA:62,0
DA:63,0
DA:64,0
DA:65,0
DA:66,0
DA:67,0
DA:68,0
DA:72,0
DA:75,0
DA:77,0
DA:78,0
DA:79,0
DA:80,0
DA:81,0
DA:82,0
DA:83,0
DA:84,0
DA:85,0
DA:86,0
DA:87,0
DA:91,0
DA:93,0
DA:94,0
DA:95,0
DA:97,0
DA:103,0
DA:107,0
DA:108,0
DA:109,0
DA:111,0
DA:112,0
DA:114,0
DA:128,0
DA:129,0
DA:130,0
DA:132,0
DA:133,0
DA:134,0
DA:135,0
DA:136,0
DA:137,0
DA:138,0
DA:139,0
DA:140,0
DA:141,0
DA:142,0
DA:143,0
DA:146,0
DA:147,0
DA:148,0
DA:149,0
DA:150,0
DA:152,0
DA:153,0
DA:154,0
DA:156,0
DA:157,0
DA:158,0
DA:159,0
DA:162,0
DA:163,0
DA:164,0
DA:165,0
DA:166,0
DA:167,0
DA:168,0
DA:169,0
DA:170,0
DA:172,0
DA:173,0
DA:175,0
DA:176,0
DA:178,0
DA:179,0
DA:180,0
DA:182,0
DA:183,0
DA:185,0
DA:186,0
DA:187,0
DA:189,0
DA:191,0
DA:192,0
DA:193,0
DA:194,0
DA:195,0
DA:196,0
DA:197,0
DA:198,0
DA:200,0
DA:202,0
DA:203,0
DA:204,0
DA:206,0
DA:208,0
DA:209,0
DA:210,0
DA:211,0
DA:212,0
DA:213,0
DA:215,0
DA:217,0
DA:218,0
DA:219,0
DA:220,0
DA:222,0
DA:223,0
DA:224,0
DA:225,0
DA:226,0
DA:229,0
DA:230,0
DA:231,0
DA:232,0
DA:233,0
DA:234,0
DA:237,0
DA:238,0
DA:239,0
DA:240,0
DA:241,0
DA:242,0
DA:243,0
DA:244,0
DA:245,0
DA:246,0
DA:249,0
DA:250,0
DA:261,0
DA:262,0
DA:263,0
DA:264,0
DA:268,0
DA:269,0
DA:270,0
DA:271,0
DA:272,0
DA:276,0
DA:277,0
DA:278,0
DA:279,0
DA:280,0
DA:281,0
DA:282,0
DA:285,0
DA:289,0
DA:290,0
DA:291,0
DA:292,0
DA:293,0
DA:294,0
DA:295,0
DA:296,0
DA:298,0
DA:301,0
DA:302,0
DA:303,0
DA:304,0
DA:305,0
DA:307,0
DA:308,0
DA:309,0
DA:310,0
DA:311,0
DA:315,0
DA:318,0
DA:319,0
DA:320,0
DA:321,0
DA:323,0
DA:324,0
DA:325,0
DA:327,0
DA:328,0
DA:330,0
LF:217
LH:0
BRDA:10,0,0,0
BRDA:10,0,1,0
BRDA:17,1,0,0
BRDA:17,1,1,0
BRDA:19,2,0,0
BRDA:19,2,1,0
BRDA:25,3,0,0
BRDA:25,3,1,0
BRDA:27,4,0,0
BRDA:27,4,1,0
BRDA:27,5,0,0
BRDA:27,5,1,0
BRDA:29,6,0,0
BRDA:29,6,1,0
BRDA:32,7,0,0
BRDA:32,7,1,0
BRDA:34,8,0,0
BRDA:34,8,1,0
BRDA:34,9,0,0
BRDA:34,9,1,0
BRDA:36,10,0,0
BRDA:36,10,1,0
BRDA:40,11,0,0
BRDA:40,11,1,0
BRDA:40,12,0,0
BRDA:40,12,1,0
BRDA:53,13,0,0
BRDA:53,13,1,0
BRDA:56,14,0,0
BRDA:56,14,1,0
BRDA:57,15,0,0
BRDA:57,15,1,0
BRDA:57,16,0,0
BRDA:57,16,1,0
BRDA:58,17,0,0
BRDA:58,17,1,0
BRDA:58,18,0,0
BRDA:58,18,1,0
BRDA:60,19,0,0
BRDA:60,19,1,0
BRDA:65,20,0,0
BRDA:65,20,1,0
BRDA:67,21,0,0
BRDA:67,21,1,0
BRDA:77,22,0,0
BRDA:77,22,1,0
BRDA:77,23,0,0
BRDA:77,23,1,0
BRDA:77,24,0,0
BRDA:77,24,1,0
BRDA:78,25,0,0
BRDA:78,25,1,0
BRDA:82,26,0,0
BRDA:82,26,1,0
BRDA:82,27,0,0
BRDA:82,27,1,0
BRDA:82,27,2,0
BRDA:85,28,0,0
BRDA:85,28,1,0
BRDA:106,29,0,0
BRDA:107,30,0,0
BRDA:107,30,1,0
BRDA:118,31,0,0
BRDA:119,32,0,0
BRDA:120,33,0,0
BRDA:121,34,0,0
BRDA:129,35,0,0
BRDA:129,35,1,0
BRDA:132,36,0,0
BRDA:132,36,1,0
BRDA:138,37,0,0
BRDA:138,37,1,0
BRDA:140,38,0,0
BRDA:140,38,1,0
BRDA:146,39,0,0
BRDA:146,39,1,0
BRDA:148,40,0,0
BRDA:148,40,1,0
BRDA:158,41,0,0
BRDA:158,41,1,0
BRDA:167,42,0,0
BRDA:167,42,1,0
BRDA:167,43,0,0
BRDA:167,43,1,0
BRDA:167,43,2,0
BRDA:175,44,0,0
BRDA:175,44,1,0
BRDA:185,45,0,0
BRDA:185,45,1,0
BRDA:185,46,0,0
BRDA:185,46,1,0
BRDA:195,47,0,0
BRDA:195,47,1,0
BRDA:195,48,0,0
BRDA:195,48,1,0
BRDA:196,49,0,0
BRDA:196,49,1,0
BRDA:197,50,0,0
BRDA:197,50,1,0
BRDA:218,51,0,0
BRDA:218,51,1,0
BRDA:225,52,0,0
BRDA:225,52,1,0
BRDA:233,53,0,0
BRDA:233,53,1,0
BRDA:240,54,0,0
BRDA:240,54,1,0
BRDA:241,55,0,0
BRDA:241,55,1,0
BRDA:242,56,0,0
BRDA:242,56,1,0
BRDA:242,57,0,0
BRDA:242,57,1,0
BRDA:242,57,2,0
BRDA:249,58,0,0
BRDA:249,58,1,0
BRDA:249,59,0,0
BRDA:249,59,1,0
BRDA:276,60,0,0
BRDA:276,60,1,0
BRDA:278,61,0,0
BRDA:278,61,1,0
BRDA:279,62,0,0
BRDA:279,62,1,0
BRDA:280,63,0,0
BRDA:280,63,1,0
BRDA:281,64,0,0
BRDA:281,64,1,0
BRDA:289,65,0,0
BRDA:289,65,1,0
BRDA:293,66,0,0
BRDA:293,66,1,0
BRDA:294,67,0,0
BRDA:294,67,1,0
BRDA:294,68,0,0
BRDA:294,68,1,0
BRDA:301,69,0,0
BRDA:301,69,1,0
BRDA:304,70,0,0
BRDA:304,70,1,0
BRDA:319,71,0,0
BRDA:319,71,1,0
BRDA:323,72,0,0
BRDA:323,72,1,0
BRDA:323,73,0,0
BRDA:323,73,1,0
BRDA:327,74,0,0
BRDA:327,74,1,0
BRF:148
BRH:0
end_of_record
TN:
SF:src/cache.js
FN:15,(anonymous_0)
FN:18,encodeCacheValue
FN:28,decodeCacheValue
FN:49,(anonymous_3)
FN:50,(anonymous_4)
FN:54,(anonymous_5)
FN:74,(anonymous_6)
FN:93,persistCache
FN:96,(anonymous_8)
FN:110,getCache
FN:125,setCache
FN:135,removeCache
FN:138,(anonymous_12)
FN:163,qwenClearCache
FN:175,qwenGetCacheSize
FN:179,qwenGetCompressionErrors
FN:183,qwenGetCacheStats
FN:189,qwenGetDomainCounts
FN:191,(anonymous_18)
FN:198,qwenClearCacheDomain
FN:199,(anonymous_20)
FN:204,qwenClearCacheLangPair
FN:205,(anonymous_22)
FN:211,_setMaxCacheEntries
FN:215,_setCacheTTL
FN:219,qwenSetCacheLimit
FN:223,qwenSetCacheTTL
FN:227,_setCacheEntryTimestamp
FN:234,qwenResetCacheStats
FNF:29
FNH:0
FNDA:0,(anonymous_0)
FNDA:0,encodeCacheValue
FNDA:0,decodeCacheValue
FNDA:0,(anonymous_3)
FNDA:0,(anonymous_4)
FNDA:0,(anonymous_5)
FNDA:0,(anonymous_6)
FNDA:0,persistCache
FNDA:0,(anonymous_8)
FNDA:0,getCache
FNDA:0,setCache
FNDA:0,removeCache
FNDA:0,(anonymous_12)
FNDA:0,qwenClearCache
FNDA:0,qwenGetCacheSize
FNDA:0,qwenGetCompressionErrors
FNDA:0,qwenGetCacheStats
FNDA:0,qwenGetDomainCounts
FNDA:0,(anonymous_18)
FNDA:0,qwenClearCacheDomain
FNDA:0,(anonymous_20)
FNDA:0,qwenClearCacheLangPair
FNDA:0,(anonymous_22)
FNDA:0,_setMaxCacheEntries
FNDA:0,_setCacheTTL
FNDA:0,qwenSetCacheLimit
FNDA:0,qwenSetCacheTTL
FNDA:0,_setCacheEntryTimestamp
FNDA:0,qwenResetCacheStats
DA:1,0
DA:2,0
DA:3,0
DA:4,0
DA:6,0
DA:7,0
DA:8,0
DA:10,0
DA:11,0
DA:13,0
DA:15,0
DA:19,0
DA:20,0
DA:21,0
DA:23,0
DA:24,0
DA:29,0
DA:30,0
DA:31,0
DA:32,0
DA:33,0
DA:34,0
DA:36,0
DA:37,0
DA:40,0
DA:41,0
DA:43,0
DA:44,0
DA:48,0
DA:49,0
DA:50,0
DA:51,0
DA:52,0
DA:53,0
DA:54,0
DA:55,0
DA:56,0
DA:57,0
DA:58,0
DA:61,0
DA:62,0
DA:64,0
DA:66,0
DA:69,0
DA:70,0
DA:71,0
DA:72,0
DA:73,0
DA:74,0
DA:75,0
DA:76,0
DA:77,0
DA:78,0
DA:81,0
DA:82,0
DA:84,0
DA:87,0
DA:88,0
DA:94,0
DA:95,0
DA:96,0
DA:97,0
DA:98,0
DA:99,0
DA:101,0
DA:102,0
DA:103,0
DA:104,0
DA:105,0
DA:111,0
DA:112,0
DA:113,0
DA:114,0
DA:116,0
DA:117,0
DA:118,0
DA:119,0
DA:121,0
DA:122,0
DA:126,0
DA:127,0
DA:128,0
DA:129,0
DA:130,0
DA:132,0
DA:136,0
DA:137,0
DA:138,0
DA:139,0
DA:140,0
DA:141,0
DA:142,0
DA:144,0
DA:147,0
DA:148,0
DA:149,0
DA:150,0
DA:151,0
DA:152,0
DA:154,0
DA:155,0
DA:156,0
DA:158,0
DA:164,0
DA:165,0
DA:166,0
DA:167,0
DA:168,0
DA:169,0
DA:170,0
DA:171,0
DA:176,0
DA:180,0
DA:184,0
DA:185,0
DA:186,0
DA:190,0
DA:191,0
DA:192,0
DA:193,0
DA:195,0
DA:199,0
DA:200,0
DA:205,0
DA:206,0
DA:207,0
DA:212,0
DA:216,0
DA:220,0
DA:224,0
DA:228,0
DA:229,0
DA:230,0
DA:231,0
DA:235,0
DA:236,0
DA:239,0
DA:259,0
DA:260,0
DA:261,0
DA:262,0
DA:263,0
DA:264,0
DA:266,0
DA:267,0
LF:145
LH:0
BRDA:10,0,0,0
BRDA:10,0,1,0
BRDA:13,1,0,0
BRDA:13,1,1,0
BRDA:13,1,2,0
BRDA:13,1,3,0
BRDA:13,1,4,0
BRDA:15,2,0,0
BRDA:15,2,1,0
BRDA:21,3,0,0
BRDA:21,3,1,0
BRDA:29,4,0,0
BRDA:29,4,1,0
BRDA:30,5,0,0
BRDA:30,5,1,0
BRDA:33,6,0,0
BRDA:33,6,1,0
BRDA:48,7,0,0
BRDA:48,7,1,0
BRDA:48,8,0,0
BRDA:48,8,1,0
BRDA:48,8,2,0
BRDA:51,9,0,0
BRDA:51,9,1,0
BRDA:51,10,0,0
BRDA:51,10,1,0
BRDA:56,11,0,0
BRDA:56,11,1,0
BRDA:56,12,0,0
BRDA:56,12,1,0
BRDA:56,12,2,0
BRDA:61,13,0,0
BRDA:61,13,1,0
BRDA:69,14,0,0
BRDA:69,14,1,0
BRDA:69,15,0,0
BRDA:69,15,1,0
BRDA:71,16,0,0
BRDA:71,16,1,0
BRDA:76,17,0,0
BRDA:76,17,1,0
BRDA:76,18,0,0
BRDA:76,18,1,0
BRDA:76,18,2,0
BRDA:81,19,0,0
BRDA:81,19,1,0
BRDA:95,20,0,0
BRDA:95,20,1,0
BRDA:95,21,0,0
BRDA:95,21,1,0
BRDA:95,21,2,0
BRDA:97,22,0,0
BRDA:97,22,1,0
BRDA:97,23,0,0
BRDA:97,23,1,0
BRDA:101,24,0,0
BRDA:101,24,1,0
BRDA:103,25,0,0
BRDA:103,25,1,0
BRDA:112,26,0,0
BRDA:112,26,1,0
BRDA:116,27,0,0
BRDA:116,27,1,0
BRDA:116,28,0,0
BRDA:116,28,1,0
BRDA:126,29,0,0
BRDA:126,29,1,0
BRDA:128,30,0,0
BRDA:128,30,1,0
BRDA:137,31,0,0
BRDA:137,31,1,0
BRDA:137,32,0,0
BRDA:137,32,1,0
BRDA:137,32,2,0
BRDA:139,33,0,0
BRDA:139,33,1,0
BRDA:139,34,0,0
BRDA:139,34,1,0
BRDA:141,35,0,0
BRDA:141,35,1,0
BRDA:147,36,0,0
BRDA:147,36,1,0
BRDA:151,37,0,0
BRDA:151,37,1,0
BRDA:154,38,0,0
BRDA:154,38,1,0
BRDA:154,39,0,0
BRDA:154,39,1,0
BRDA:168,40,0,0
BRDA:168,40,1,0
BRDA:168,41,0,0
BRDA:168,41,1,0
BRDA:168,41,2,0
BRDA:170,42,0,0
BRDA:170,42,1,0
BRDA:185,43,0,0
BRDA:185,43,1,0
BRDA:192,44,0,0
BRDA:192,44,1,0
BRDA:193,45,0,0
BRDA:193,45,1,0
BRDA:200,46,0,0
BRDA:200,46,1,0
BRDA:207,47,0,0
BRDA:207,47,1,0
BRDA:207,48,0,0
BRDA:207,48,1,0
BRDA:229,49,0,0
BRDA:229,49,1,0
BRDA:259,50,0,0
BRDA:259,50,1,0
BRDA:262,51,0,0
BRDA:262,51,1,0
BRDA:266,52,0,0
BRDA:266,52,1,0
BRF:115
BRH:0
end_of_record
TN:
SF:src/config.js
FN:1,(anonymous_0)
FN:36,(anonymous_1)
FN:40,(anonymous_2)
FN:48,(anonymous_3)
FN:49,(anonymous_4)
FN:72,(anonymous_5)
FN:81,(anonymous_6)
FN:138,migrate
FN:140,mapStrategy
FN:149,(anonymous_9)
FN:186,(anonymous_10)
FN:196,(anonymous_11)
FN:197,(anonymous_12)
FN:230,qwenLoadConfig
FN:234,(anonymous_14)
FN:236,(anonymous_15)
FN:242,(anonymous_16)
FN:248,(anonymous_17)
FN:271,(anonymous_18)
FN:279,(anonymous_19)
FN:286,qwenSaveConfig
FN:290,(anonymous_21)
FN:292,(anonymous_22)
FN:294,(anonymous_23)
FN:317,(anonymous_24)
FN:329,(anonymous_25)
FNF:26
FNH:0
FNDA:0,(anonymous_0)
FNDA:0,(anonymous_1)
FNDA:0,(anonymous_2)
FNDA:0,(anonymous_3)
FNDA:0,(anonymous_4)
FNDA:0,(anonymous_5)
FNDA:0,(anonymous_6)
FNDA:0,migrate
FNDA:0,mapStrategy
FNDA:0,(anonymous_9)
FNDA:0,(anonymous_10)
FNDA:0,(anonymous_11)
FNDA:0,(anonymous_12)
FNDA:0,qwenLoadConfig
FNDA:0,(anonymous_14)
FNDA:0,(anonymous_15)
FNDA:0,(anonymous_16)
FNDA:0,(anonymous_17)
FNDA:0,(anonymous_18)
FNDA:0,(anonymous_19)
FNDA:0,qwenSaveConfig
FNDA:0,(anonymous_21)
FNDA:0,(anonymous_22)
FNDA:0,(anonymous_23)
FNDA:0,(anonymous_24)
FNDA:0,(anonymous_25)
DA:1,0
DA:3,0
DA:10,0
DA:17,0
DA:18,0
DA:19,0
DA:21,0
DA:25,0
DA:26,0
DA:27,0
DA:34,0
DA:35,0
DA:37,0
DA:38,0
DA:41,0
DA:42,0
DA:44,0
DA:45,0
DA:49,0
DA:50,0
DA:51,0
DA:53,0
DA:54,0
DA:61,0
DA:62,0
DA:63,0
DA:64,0
DA:65,0
DA:68,0
DA:69,0
DA:72,0
DA:73,0
DA:74,0
DA:76,0
DA:77,0
DA:78,0
DA:79,0
DA:80,0
DA:81,0
DA:84,0
DA:86,0
DA:87,0
DA:91,0
DA:93,0
DA:132,0
DA:139,0
DA:141,0
DA:142,0
DA:143,0
DA:145,0
DA:146,0
DA:147,0
DA:148,0
DA:149,0
DA:150,0
DA:151,0
DA:152,0
DA:153,0
DA:154,0
DA:155,0
DA:157,0
DA:158,0
DA:159,0
DA:161,0
DA:162,0
DA:163,0
DA:164,0
DA:165,0
DA:167,0
DA:168,0
DA:169,0
DA:170,0
DA:171,0
DA:172,0
DA:173,0
DA:174,0
DA:175,0
DA:176,0
DA:177,0
DA:178,0
DA:179,0
DA:180,0
DA:181,0
DA:182,0
DA:183,0
DA:184,0
DA:185,0
DA:186,0
DA:187,0
DA:188,0
DA:189,0
DA:191,0
DA:193,0
DA:195,0
DA:196,0
DA:197,0
DA:198,0
DA:199,0
DA:202,0
DA:203,0
DA:204,0
DA:206,0
DA:207,0
DA:209,0
DA:210,0
DA:211,0
DA:212,0
DA:213,0
DA:214,0
DA:215,0
DA:217,0
DA:218,0
DA:219,0
DA:221,0
DA:222,0
DA:223,0
DA:225,0
DA:227,0
DA:232,0
DA:233,0
DA:235,0
DA:236,0
DA:237,0
DA:238,0
DA:239,0
DA:242,0
DA:246,0
DA:248,0
DA:249,0
DA:251,0
DA:257,0
DA:261,0
DA:270,0
DA:271,0
DA:275,0
DA:279,0
DA:283,0
DA:288,0
DA:289,0
DA:291,0
DA:292,0
DA:293,0
DA:294,0
DA:295,0
DA:296,0
DA:311,0
DA:317,0
DA:318,0
DA:319,0
DA:320,0
DA:322,0
DA:326,0
DA:329,0
DA:330,0
DA:331,0
DA:332,0
DA:334,0
DA:337,0
DA:344,0
DA:347,0
DA:349,0
DA:350,0
DA:352,0
DA:353,0
DA:354,0
DA:355,0
DA:356,0
DA:357,0
DA:358,0
DA:364,0
LF:170
LH:0
BRDA:3,0,0,0
BRDA:3,0,1,0
BRDA:3,1,0,0
BRDA:3,1,1,0
BRDA:3,1,2,0
BRDA:5,2,0,0
BRDA:5,2,1,0
BRDA:5,3,0,0
BRDA:5,3,1,0
BRDA:5,3,2,0
BRDA:10,4,0,0
BRDA:10,4,1,0
BRDA:11,5,0,0
BRDA:11,5,1,0
BRDA:11,5,2,0
BRDA:11,5,3,0
BRDA:11,5,4,0
BRDA:11,5,5,0
BRDA:17,6,0,0
BRDA:17,6,1,0
BRDA:18,7,0,0
BRDA:18,7,1,0
BRDA:27,8,0,0
BRDA:27,8,1,0
BRDA:27,8,2,0
BRDA:27,8,3,0
BRDA:34,9,0,0
BRDA:34,9,1,0
BRDA:36,10,0,0
BRDA:38,11,0,0
BRDA:38,11,1,0
BRDA:40,12,0,0
BRDA:45,13,0,0
BRDA:45,13,1,0
BRDA:48,14,0,0
BRDA:54,15,0,0
BRDA:54,15,1,0
BRDA:63,16,0,0
BRDA:63,16,1,0
BRDA:65,17,0,0
BRDA:65,17,1,0
BRDA:65,17,2,0
BRDA:73,18,0,0
BRDA:73,18,1,0
BRDA:73,19,0,0
BRDA:73,19,1,0
BRDA:78,20,0,0
BRDA:78,20,1,0
BRDA:80,21,0,0
BRDA:80,21,1,0
BRDA:138,22,0,0
BRDA:141,23,0,0
BRDA:141,23,1,0
BRDA:142,24,0,0
BRDA:142,24,1,0
BRDA:145,25,0,0
BRDA:145,25,1,0
BRDA:145,26,0,0
BRDA:145,26,1,0
BRDA:146,27,0,0
BRDA:146,27,1,0
BRDA:147,28,0,0
BRDA:147,28,1,0
BRDA:148,29,0,0
BRDA:148,29,1,0
BRDA:148,30,0,0
BRDA:148,30,1,0
BRDA:150,31,0,0
BRDA:150,31,1,0
BRDA:150,32,0,0
BRDA:150,32,1,0
BRDA:150,33,0,0
BRDA:150,33,1,0
BRDA:151,34,0,0
BRDA:151,34,1,0
BRDA:152,35,0,0
BRDA:152,35,1,0
BRDA:153,36,0,0
BRDA:153,36,1,0
BRDA:154,37,0,0
BRDA:154,37,1,0
BRDA:157,38,0,0
BRDA:157,38,1,0
BRDA:158,39,0,0
BRDA:158,39,1,0
BRDA:161,40,0,0
BRDA:161,40,1,0
BRDA:162,41,0,0
BRDA:162,41,1,0
BRDA:163,42,0,0
BRDA:163,42,1,0
BRDA:163,43,0,0
BRDA:163,43,1,0
BRDA:164,44,0,0
BRDA:164,44,1,0
BRDA:164,45,0,0
BRDA:164,45,1,0
BRDA:164,46,0,0
BRDA:164,46,1,0
BRDA:165,47,0,0
BRDA:165,47,1,0
BRDA:167,48,0,0
BRDA:167,48,1,0
BRDA:167,49,0,0
BRDA:167,49,1,0
BRDA:168,50,0,0
BRDA:168,50,1,0
BRDA:168,51,0,0
BRDA:168,51,1,0
BRDA:169,52,0,0
BRDA:169,52,1,0
BRDA:169,53,0,0
BRDA:169,53,1,0
BRDA:171,54,0,0
BRDA:171,54,1,0
BRDA:171,55,0,0
BRDA:171,55,1,0
BRDA:171,56,0,0
BRDA:171,56,1,0
BRDA:172,57,0,0
BRDA:172,57,1,0
BRDA:172,57,2,0
BRDA:173,58,0,0
BRDA:173,58,1,0
BRDA:173,58,2,0
BRDA:174,59,0,0
BRDA:174,59,1,0
BRDA:174,59,2,0
BRDA:175,60,0,0
BRDA:175,60,1,0
BRDA:175,61,0,0
BRDA:175,61,1,0
BRDA:176,62,0,0
BRDA:176,62,1,0
BRDA:177,63,0,0
BRDA:177,63,1,0
BRDA:178,64,0,0
BRDA:178,64,1,0
BRDA:179,65,0,0
BRDA:179,65,1,0
BRDA:180,66,0,0
BRDA:180,66,1,0
BRDA:181,67,0,0
BRDA:181,67,1,0
BRDA:183,68,0,0
BRDA:183,68,1,0
BRDA:186,69,0,0
BRDA:187,70,0,0
BRDA:187,70,1,0
BRDA:187,71,0,0
BRDA:187,71,1,0
BRDA:188,72,0,0
BRDA:188,72,1,0
BRDA:197,73,0,0
BRDA:198,74,0,0
BRDA:198,74,1,0
BRDA:198,75,0,0
BRDA:198,75,1,0
BRDA:198,75,2,0
BRDA:198,75,3,0
BRDA:198,75,4,0
BRDA:203,76,0,0
BRDA:203,76,1,0
BRDA:203,77,0,0
BRDA:203,77,1,0
BRDA:204,78,0,0
BRDA:204,78,1,0
BRDA:206,79,0,0
BRDA:206,79,1,0
BRDA:206,80,0,0
BRDA:206,80,1,0
BRDA:209,81,0,0
BRDA:209,81,1,0
BRDA:210,82,0,0
BRDA:210,82,1,0
BRDA:210,83,0,0
BRDA:210,83,1,0
BRDA:211,84,0,0
BRDA:211,84,1,0
BRDA:212,85,0,0
BRDA:212,85,1,0
BRDA:214,86,0,0
BRDA:214,86,1,0
BRDA:214,87,0,0
BRDA:214,87,1,0
BRDA:218,88,0,0
BRDA:218,88,1,0
BRDA:218,89,0,0
BRDA:218,89,1,0
BRDA:221,90,0,0
BRDA:221,90,1,0
BRDA:221,91,0,0
BRDA:221,91,1,0
BRDA:221,91,2,0
BRDA:222,92,0,0
BRDA:222,92,1,0
BRDA:222,93,0,0
BRDA:222,93,1,0
BRDA:232,94,0,0
BRDA:232,94,1,0
BRDA:232,95,0,0
BRDA:232,95,1,0
BRDA:232,95,2,0
BRDA:237,96,0,0
BRDA:237,96,1,0
BRDA:249,97,0,0
BRDA:249,97,1,0
BRDA:270,98,0,0
BRDA:270,98,1,0
BRDA:270,99,0,0
BRDA:270,99,1,0
BRDA:288,100,0,0
BRDA:288,100,1,0
BRDA:288,101,0,0
BRDA:288,101,1,0
BRDA:288,101,2,0
BRDA:293,102,0,0
BRDA:293,102,1,0
BRDA:294,103,0,0
BRDA:294,103,1,0
BRDA:294,104,0,0
BRDA:294,104,1,0
BRDA:295,105,0,0
BRDA:295,105,1,0
BRDA:297,106,0,0
BRDA:297,106,1,0
BRDA:317,107,0,0
BRDA:318,108,0,0
BRDA:318,108,1,0
BRDA:318,109,0,0
BRDA:318,109,1,0
BRDA:319,110,0,0
BRDA:319,110,1,0
BRDA:324,111,0,0
BRDA:324,111,1,0
BRDA:324,112,0,0
BRDA:324,112,1,0
BRDA:330,113,0,0
BRDA:330,113,1,0
BRDA:349,114,0,0
BRDA:349,114,1,0
BRDA:352,115,0,0
BRDA:352,115,1,0
BRDA:358,116,0,0
BRDA:358,116,1,0
BRDA:359,117,0,0
BRDA:359,117,1,0
BRDA:359,117,2,0
BRDA:359,117,3,0
BRDA:359,117,4,0
BRDA:364,118,0,0
BRDA:364,118,1,0
BRF:252
BRH:0
end_of_record
TN:
SF:src/findLimit.js
FN:1,defaultCheck
FN:3,findLimit
FN:7,safe
FNF:3
FNH:0
FNDA:0,defaultCheck
FNDA:0,findLimit
FNDA:0,safe
DA:1,0
DA:4,0
DA:5,0
DA:6,0
DA:8,0
DA:10,0
DA:11,0
DA:12,0
DA:14,0
DA:15,0
DA:16,0
DA:17,0
DA:18,0
DA:20,0
DA:23,0
DA:26,0
DA:27,0
LF:17
LH:0
BRDA:3,0,0,0
BRDA:3,1,0,0
BRDA:3,2,0,0
BRDA:3,3,0,0
BRDA:4,4,0,0
BRDA:4,4,1,0
BRDA:10,5,0,0
BRDA:10,5,1,0
BRDA:14,6,0,0
BRDA:14,6,1,0
BRDA:17,7,0,0
BRDA:17,7,1,0
BRDA:17,8,0,0
BRDA:17,8,1,0
BRDA:26,9,0,0
BRDA:26,9,1,0
BRDA:27,10,0,0
BRDA:27,10,1,0
BRF:18
BRH:0
end_of_record
TN:
SF:src/hb.js
FN:1,(anonymous_0)
FN:1,(anonymous_1)
FN:1,(anonymous_2)
FN:1,locateFile
FN:1,(anonymous_4)
FN:1,(anonymous_5)
FN:1,(anonymous_6)
FN:1,(anonymous_7)
FN:1,(anonymous_8)
FN:1,(anonymous_9)
FN:1,(anonymous_10)
FN:1,(anonymous_11)
FN:1,updateMemoryViews
FN:1,preRun
FN:1,initRuntime
FN:1,postRun
FN:1,addRunDependency
FN:1,removeRunDependency
FN:1,abort
FN:1,findWasmBinary
FN:1,getBinarySync
FN:1,getWasmBinary
FN:1,instantiateArrayBuffer
FN:1,instantiateAsync
FN:1,getWasmImports
FN:1,createWasm
FN:1,receiveInstance
FN:1,receiveInstantiationResult
FN:1,(anonymous_28)
FN:1,(anonymous_29)
FN:1,(anonymous_30)
FN:1,(anonymous_31)
FN:1,(anonymous_32)
FN:1,(anonymous_33)
FN:1,(anonymous_34)
FN:1,(anonymous_35)
FN:1,(anonymous_36)
FN:1,(anonymous_37)
FN:1,(anonymous_38)
FN:1,(anonymous_39)
FN:1,(anonymous_40)
FN:1,(anonymous_41)
FN:1,(anonymous_42)
FN:1,(anonymous_43)
FN:1,(anonymous_44)
FN:1,(anonymous_45)
FN:1,(anonymous_46)
FN:1,(anonymous_47)
FN:1,(anonymous_48)
FN:1,(anonymous_49)
FN:1,(anonymous_50)
FN:1,(anonymous_51)
FN:1,(anonymous_52)
FN:1,(anonymous_53)
FN:1,(anonymous_54)
FN:1,(anonymous_55)
FN:1,(anonymous_56)
FN:1,(anonymous_57)
FN:1,(anonymous_58)
FN:1,(anonymous_59)
FN:1,(anonymous_60)
FN:1,assignWasmExports
FN:1,run
FN:1,doRun
FN:1,(anonymous_64)
FN:1,(anonymous_65)
FN:1,preInit
FN:1,(anonymous_67)
FN:2,(anonymous_68)
FNF:69
FNH:0
FNDA:0,(anonymous_0)
FNDA:0,(anonymous_1)
FNDA:0,(anonymous_2)
FNDA:0,locateFile
FNDA:0,(anonymous_4)
FNDA:0,(anonymous_5)
FNDA:0,(anonymous_6)
FNDA:0,(anonymous_7)
FNDA:0,(anonymous_8)
FNDA:0,(anonymous_9)
FNDA:0,(anonymous_10)
FNDA:0,(anonymous_11)
FNDA:0,updateMemoryViews
FNDA:0,preRun
FNDA:0,initRuntime
FNDA:0,postRun
FNDA:0,addRunDependency
FNDA:0,removeRunDependency
FNDA:0,abort
FNDA:0,findWasmBinary
FNDA:0,getBinarySync
FNDA:0,getWasmBinary
FNDA:0,instantiateArrayBuffer
FNDA:0,instantiateAsync
FNDA:0,getWasmImports
FNDA:0,createWasm
FNDA:0,receiveInstance
FNDA:0,receiveInstantiationResult
FNDA:0,(anonymous_28)
FNDA:0,(anonymous_29)
FNDA:0,(anonymous_30)
FNDA:0,(anonymous_31)
FNDA:0,(anonymous_32)
FNDA:0,(anonymous_33)
FNDA:0,(anonymous_34)
FNDA:0,(anonymous_35)
FNDA:0,(anonymous_36)
FNDA:0,(anonymous_37)
FNDA:0,(anonymous_38)
FNDA:0,(anonymous_39)
FNDA:0,(anonymous_40)
FNDA:0,(anonymous_41)
FNDA:0,(anonymous_42)
FNDA:0,(anonymous_43)
FNDA:0,(anonymous_44)
FNDA:0,(anonymous_45)
FNDA:0,(anonymous_46)
FNDA:0,(anonymous_47)
FNDA:0,(anonymous_48)
FNDA:0,(anonymous_49)
FNDA:0,(anonymous_50)
FNDA:0,(anonymous_51)
FNDA:0,(anonymous_52)
FNDA:0,(anonymous_53)
FNDA:0,(anonymous_54)
FNDA:0,(anonymous_55)
FNDA:0,(anonymous_56)
FNDA:0,(anonymous_57)
FNDA:0,(anonymous_58)
FNDA:0,(anonymous_59)
FNDA:0,(anonymous_60)
FNDA:0,assignWasmExports
FNDA:0,run
FNDA:0,doRun
FNDA:0,(anonymous_64)
FNDA:0,(anonymous_65)
FNDA:0,preInit
FNDA:0,(anonymous_67)
FNDA:0,(anonymous_68)
DA:1,0
DA:2,0
LF:2
LH:0
BRDA:1,0,0,0
BRDA:1,0,1,0
BRDA:1,1,0,0
BRDA:1,2,0,0
BRDA:1,2,1,0
BRDA:1,2,2,0
BRDA:1,3,0,0
BRDA:1,3,1,0
BRDA:1,4,0,0
BRDA:1,4,1,0
BRDA:1,5,0,0
BRDA:1,5,1,0
BRDA:1,6,0,0
BRDA:1,6,1,0
BRDA:1,7,0,0
BRDA:1,7,1,0
BRDA:1,8,0,0
BRDA:1,9,0,0
BRDA:1,9,1,0
BRDA:1,10,0,0
BRDA:1,10,1,0
BRDA:1,11,0,0
BRDA:1,11,1,0
BRDA:1,12,0,0
BRDA:1,12,1,0
BRDA:1,13,0,0
BRDA:1,13,1,0
BRDA:1,14,0,0
BRDA:1,14,1,0
BRDA:1,15,0,0
BRDA:1,15,1,0
BRDA:1,16,0,0
BRDA:1,16,1,0
BRDA:1,17,0,0
BRDA:1,17,1,0
BRDA:1,17,2,0
BRDA:1,18,0,0
BRDA:1,18,1,0
BRDA:1,19,0,0
BRDA:1,19,1,0
BRDA:1,20,0,0
BRDA:1,20,1,0
BRDA:1,21,0,0
BRDA:1,21,1,0
BRDA:1,22,0,0
BRDA:1,22,1,0
BRDA:1,23,0,0
BRDA:1,23,1,0
BRDA:1,24,0,0
BRDA:1,24,1,0
BRDA:1,25,0,0
BRDA:1,25,1,0
BRDA:1,26,0,0
BRDA:1,26,1,0
BRDA:1,27,0,0
BRDA:1,27,1,0
BRDA:1,28,0,0
BRDA:1,28,1,0
BRDA:1,29,0,0
BRDA:1,29,1,0
BRDA:1,30,0,0
BRDA:1,30,1,0
BRDA:1,30,2,0
BRDA:1,30,3,0
BRDA:1,31,0,0
BRDA:1,31,1,0
BRDA:1,32,0,0
BRDA:1,32,1,0
BRDA:1,33,0,0
BRDA:1,33,1,0
BRDA:1,34,0,0
BRDA:1,34,1,0
BRDA:1,35,0,0
BRDA:1,35,1,0
BRDA:1,36,0,0
BRDA:1,36,1,0
BRDA:1,37,0,0
BRDA:1,37,1,0
BRDA:1,38,0,0
BRDA:1,38,1,0
BRDA:1,39,0,0
BRDA:1,39,1,0
BRDA:1,40,0,0
BRDA:1,40,1,0
BRDA:1,41,0,0
BRDA:1,41,1,0
BRDA:1,42,0,0
BRDA:1,42,1,0
BRDA:1,43,0,0
BRDA:1,43,1,0
BRDA:1,44,0,0
BRDA:1,44,1,0
BRDA:1,45,0,0
BRDA:1,45,1,0
BRDA:1,46,0,0
BRDA:1,46,1,0
BRDA:1,47,0,0
BRDA:1,47,1,0
BRDA:1,48,0,0
BRDA:1,48,1,0
BRDA:1,49,0,0
BRDA:1,49,1,0
BRDA:1,50,0,0
BRDA:1,50,1,0
BRDA:1,51,0,0
BRDA:1,51,1,0
BRDA:1,52,0,0
BRDA:1,52,1,0
BRDA:1,53,0,0
BRDA:1,53,1,0
BRDA:1,54,0,0
BRDA:1,54,1,0
BRDA:1,55,0,0
BRDA:1,55,1,0
BRDA:1,56,0,0
BRDA:1,56,1,0
BRDA:1,57,0,0
BRDA:1,57,1,0
BRDA:1,58,0,0
BRDA:1,58,1,0
BRDA:1,59,0,0
BRDA:1,59,1,0
BRDA:1,60,0,0
BRDA:1,60,1,0
BRDA:1,61,0,0
BRDA:1,61,1,0
BRDA:1,62,0,0
BRDA:1,62,1,0
BRDA:2,63,0,0
BRDA:2,63,1,0
BRDA:2,64,0,0
BRDA:2,64,1,0
BRDA:2,65,0,0
BRDA:2,65,1,0
BRDA:2,66,0,0
BRDA:2,66,1,0
BRF:136
BRH:0
end_of_record
TN:
SF:src/intelligent-language-selection.js
FN:6,(anonymous_0)
FN:31,(anonymous_1)
FN:37,(anonymous_2)
FN:53,(anonymous_3)
FN:68,(anonymous_4)
FN:90,(anonymous_5)
FN:95,(anonymous_6)
FN:98,(anonymous_7)
FN:99,(anonymous_8)
FN:100,(anonymous_9)
FN:101,(anonymous_10)
FN:118,(anonymous_11)
FN:123,(anonymous_12)
FN:147,(anonymous_13)
FN:178,(anonymous_14)
FN:204,(anonymous_15)
FN:215,(anonymous_16)
FN:239,(anonymous_17)
FN:246,(anonymous_18)
FN:249,(anonymous_19)
FN:261,(anonymous_20)
FN:278,(anonymous_21)
FN:295,(anonymous_22)
FN:319,(anonymous_23)
FN:323,(anonymous_24)
FN:348,(anonymous_25)
FN:349,(anonymous_26)
FN:354,(anonymous_27)
FN:360,(anonymous_28)
FN:363,(anonymous_29)
FN:366,(anonymous_30)
FN:372,(anonymous_31)
FN:376,(anonymous_32)
FN:383,(anonymous_33)
FN:408,(anonymous_34)
FN:438,(anonymous_35)
FN:460,(anonymous_36)
FN:474,(anonymous_37)
FN:493,(anonymous_38)
FN:497,(anonymous_39)
FN:513,(anonymous_40)
FN:528,(anonymous_41)
FN:530,(anonymous_42)
FN:536,(anonymous_43)
FN:557,(anonymous_44)
FN:567,(anonymous_45)
FN:568,(anonymous_46)
FN:585,(anonymous_47)
FN:605,(anonymous_48)
FN:626,(anonymous_49)
FN:640,(anonymous_50)
FN:659,(anonymous_51)
FN:683,(anonymous_52)
FN:686,(anonymous_53)
FN:699,(anonymous_54)
FN:702,(anonymous_55)
FN:717,(anonymous_56)
FNF:57
FNH:0
FNDA:0,(anonymous_0)
FNDA:0,(anonymous_1)
FNDA:0,(anonymous_2)
FNDA:0,(anonymous_3)
FNDA:0,(anonymous_4)
FNDA:0,(anonymous_5)
FNDA:0,(anonymous_6)
FNDA:0,(anonymous_7)
FNDA:0,(anonymous_8)
FNDA:0,(anonymous_9)
FNDA:0,(anonymous_10)
FNDA:0,(anonymous_11)
FNDA:0,(anonymous_12)
FNDA:0,(anonymous_13)
FNDA:0,(anonymous_14)
FNDA:0,(anonymous_15)
FNDA:0,(anonymous_16)
FNDA:0,(anonymous_17)
FNDA:0,(anonymous_18)
FNDA:0,(anonymous_19)
FNDA:0,(anonymous_20)
FNDA:0,(anonymous_21)
FNDA:0,(anonymous_22)
FNDA:0,(anonymous_23)
FNDA:0,(anonymous_24)
FNDA:0,(anonymous_25)
FNDA:0,(anonymous_26)
FNDA:0,(anonymous_27)
FNDA:0,(anonymous_28)
FNDA:0,(anonymous_29)
FNDA:0,(anonymous_30)
FNDA:0,(anonymous_31)
FNDA:0,(anonymous_32)
FNDA:0,(anonymous_33)
FNDA:0,(anonymous_34)
FNDA:0,(anonymous_35)
FNDA:0,(anonymous_36)
FNDA:0,(anonymous_37)
FNDA:0,(anonymous_38)
FNDA:0,(anonymous_39)
FNDA:0,(anonymous_40)
FNDA:0,(anonymous_41)
FNDA:0,(anonymous_42)
FNDA:0,(anonymous_43)
FNDA:0,(anonymous_44)
FNDA:0,(anonymous_45)
FNDA:0,(anonymous_46)
FNDA:0,(anonymous_47)
FNDA:0,(anonymous_48)
FNDA:0,(anonymous_49)
FNDA:0,(anonymous_50)
FNDA:0,(anonymous_51)
FNDA:0,(anonymous_52)
FNDA:0,(anonymous_53)
FNDA:0,(anonymous_54)
FNDA:0,(anonymous_55)
FNDA:0,(anonymous_56)
DA:6,0
DA:8,0
DA:9,0
DA:12,0
DA:32,0
DA:33,0
DA:34,0
DA:38,0
DA:39,0
DA:45,0
DA:46,0
DA:47,0
DA:49,0
DA:54,0
DA:55,0
DA:60,0
DA:69,0
DA:72,0
DA:73,0
DA:76,0
DA:85,0
DA:86,0
DA:89,0
DA:90,0
DA:92,0
DA:97,0
DA:98,0
DA:99,0
DA:100,0
DA:101,0
DA:104,0
DA:105,0
DA:106,0
DA:107,0
DA:108,0
DA:115,0
DA:119,0
DA:120,0
DA:124,0
DA:127,0
DA:137,0
DA:138,0
DA:139,0
DA:144,0
DA:148,0
DA:149,0
DA:152,0
DA:161,0
DA:163,0
DA:164,0
DA:165,0
DA:166,0
DA:169,0
DA:170,0
DA:171,0
DA:175,0
DA:180,0
DA:189,0
DA:190,0
DA:191,0
DA:192,0
DA:193,0
DA:194,0
DA:195,0
DA:198,0
DA:201,0
DA:205,0
DA:206,0
DA:208,0
DA:216,0
DA:219,0
DA:220,0
DA:223,0
DA:224,0
DA:227,0
DA:228,0
DA:232,0
DA:233,0
DA:236,0
DA:241,0
DA:246,0
DA:250,0
DA:254,0
DA:262,0
DA:263,0
DA:266,0
DA:267,0
DA:277,0
DA:278,0
DA:279,0
DA:280,0
DA:291,0
DA:292,0
DA:293,0
DA:295,0
DA:296,0
DA:306,0
DA:307,0
DA:308,0
DA:318,0
DA:319,0
DA:325,0
DA:340,0
DA:341,0
DA:342,0
DA:345,0
DA:349,0
DA:350,0
DA:353,0
DA:354,0
DA:355,0
DA:359,0
DA:360,0
DA:364,0
DA:366,0
DA:367,0
DA:368,0
DA:371,0
DA:373,0
DA:374,0
DA:376,0
DA:384,0
DA:385,0
DA:386,0
DA:388,0
DA:391,0
DA:394,0
DA:395,0
DA:399,0
DA:402,0
DA:405,0
DA:409,0
DA:410,0
DA:411,0
DA:413,0
DA:414,0
DA:417,0
DA:418,0
DA:421,0
DA:422,0
DA:423,0
DA:424,0
DA:426,0
DA:431,0
DA:432,0
DA:434,0
DA:440,0
DA:441,0
DA:442,0
DA:443,0
DA:444,0
DA:448,0
DA:451,0
DA:452,0
DA:453,0
DA:454,0
DA:455,0
DA:457,0
DA:458,0
DA:460,0
DA:461,0
DA:462,0
DA:463,0
DA:474,0
DA:475,0
DA:476,0
DA:479,0
DA:480,0
DA:483,0
DA:486,0
DA:489,0
DA:494,0
DA:495,0
DA:497,0
DA:498,0
DA:499,0
DA:501,0
DA:502,0
DA:503,0
DA:506,0
DA:508,0
DA:509,0
DA:513,0
DA:514,0
DA:515,0
DA:518,0
DA:519,0
DA:522,0
DA:529,0
DA:530,0
DA:531,0
DA:532,0
DA:537,0
DA:538,0
DA:541,0
DA:542,0
DA:543,0
DA:544,0
DA:546,0
DA:547,0
DA:548,0
DA:550,0
DA:554,0
DA:557,0
DA:567,0
DA:568,0
DA:569,0
DA:570,0
DA:572,0
DA:573,0
DA:576,0
DA:577,0
DA:580,0
DA:586,0
DA:587,0
DA:590,0
DA:591,0
DA:592,0
DA:594,0
DA:595,0
DA:596,0
DA:598,0
DA:602,0
DA:606,0
DA:623,0
DA:627,0
DA:628,0
DA:630,0
DA:631,0
DA:632,0
DA:633,0
DA:641,0
DA:649,0
DA:652,0
DA:653,0
DA:656,0
DA:660,0
DA:669,0
DA:672,0
DA:673,0
DA:676,0
DA:685,0
DA:686,0
DA:688,0
DA:691,0
DA:701,0
DA:702,0
DA:703,0
DA:706,0
DA:712,0
DA:713,0
DA:716,0
DA:717,0
DA:718,0
DA:721,0
DA:726,0
DA:727,0
LF:257
LH:0
BRDA:8,0,0,0
BRDA:8,0,1,0
BRDA:8,1,0,0
BRDA:8,1,1,0
BRDA:45,2,0,0
BRDA:45,2,1,0
BRDA:46,3,0,0
BRDA:46,3,1,0
BRDA:47,4,0,0
BRDA:47,4,1,0
BRDA:72,5,0,0
BRDA:72,5,1,0
BRDA:107,6,0,0
BRDA:107,6,1,0
BRDA:107,7,0,0
BRDA:107,7,1,0
BRDA:124,8,0,0
BRDA:124,8,1,0
BRDA:124,9,0,0
BRDA:124,9,1,0
BRDA:138,10,0,0
BRDA:138,10,1,0
BRDA:148,11,0,0
BRDA:148,11,1,0
BRDA:149,12,0,0
BRDA:149,12,1,0
BRDA:166,13,0,0
BRDA:166,13,1,0
BRDA:170,14,0,0
BRDA:170,14,1,0
BRDA:170,15,0,0
BRDA:170,15,1,0
BRDA:193,16,0,0
BRDA:193,16,1,0
BRDA:195,17,0,0
BRDA:195,17,1,0
BRDA:198,18,0,0
BRDA:198,18,1,0
BRDA:208,19,0,0
BRDA:208,19,1,0
BRDA:208,19,2,0
BRDA:208,19,3,0
BRDA:208,19,4,0
BRDA:219,20,0,0
BRDA:219,20,1,0
BRDA:223,21,0,0
BRDA:223,21,1,0
BRDA:227,22,0,0
BRDA:227,22,1,0
BRDA:227,23,0,0
BRDA:227,23,1,0
BRDA:232,24,0,0
BRDA:232,24,1,0
BRDA:266,25,0,0
BRDA:266,25,1,0
BRDA:266,26,0,0
BRDA:266,26,1,0
BRDA:279,27,0,0
BRDA:279,27,1,0
BRDA:291,28,0,0
BRDA:291,28,1,0
BRDA:292,29,0,0
BRDA:292,29,1,0
BRDA:293,30,0,0
BRDA:293,30,1,0
BRDA:307,31,0,0
BRDA:307,31,1,0
BRDA:307,32,0,0
BRDA:307,32,1,0
BRDA:319,33,0,0
BRDA:319,33,1,0
BRDA:341,34,0,0
BRDA:341,34,1,0
BRDA:345,35,0,0
BRDA:345,35,1,0
BRDA:350,36,0,0
BRDA:350,36,1,0
BRDA:355,37,0,0
BRDA:355,37,1,0
BRDA:368,38,0,0
BRDA:368,38,1,0
BRDA:388,39,0,0
BRDA:388,39,1,0
BRDA:388,40,0,0
BRDA:388,40,1,0
BRDA:394,41,0,0
BRDA:394,41,1,0
BRDA:413,42,0,0
BRDA:413,42,1,0
BRDA:417,43,0,0
BRDA:417,43,1,0
BRDA:421,44,0,0
BRDA:421,44,1,0
BRDA:423,45,0,0
BRDA:423,45,1,0
BRDA:431,46,0,0
BRDA:431,46,1,0
BRDA:441,47,0,0
BRDA:441,47,1,0
BRDA:451,48,0,0
BRDA:451,48,1,0
BRDA:495,49,0,0
BRDA:495,49,1,0
BRDA:501,50,0,0
BRDA:501,50,1,0
BRDA:501,51,0,0
BRDA:501,51,1,0
BRDA:506,52,0,0
BRDA:506,52,1,0
BRDA:538,53,0,0
BRDA:538,53,1,0
BRDA:542,54,0,0
BRDA:542,54,1,0
BRDA:547,55,0,0
BRDA:547,55,1,0
BRDA:594,56,0,0
BRDA:594,56,1,0
BRDA:598,57,0,0
BRDA:598,57,1,0
BRDA:623,58,0,0
BRDA:623,58,1,0
BRDA:630,59,0,0
BRDA:630,59,1,0
BRDA:631,60,0,0
BRDA:631,60,1,0
BRDA:632,61,0,0
BRDA:632,61,1,0
BRDA:640,62,0,0
BRDA:652,63,0,0
BRDA:652,63,1,0
BRDA:672,64,0,0
BRDA:672,64,1,0
BRDA:685,65,0,0
BRDA:685,65,1,0
BRDA:701,66,0,0
BRDA:701,66,1,0
BRDA:712,67,0,0
BRDA:712,67,1,0
BRDA:716,68,0,0
BRDA:716,68,1,0
BRDA:726,69,0,0
BRDA:726,69,1,0
BRF:142
BRH:0
end_of_record
TN:
SF:src/languages.js
FN:1,(anonymous_0)
FNF:1
FNH:0
FNDA:0,(anonymous_0)
DA:1,0
DA:2,0
DA:108,0
DA:109,0
DA:111,0
DA:112,0
LF:6
LH:0
BRDA:108,0,0,0
BRDA:108,0,1,0
BRDA:111,1,0,0
BRDA:111,1,1,0
BRF:4
BRH:0
end_of_record
TN:
SF:src/limitDetector.js
FN:9,(anonymous_0)
FN:12,detectTokenLimit
FN:13,(anonymous_2)
FN:20,detectRequestLimit
FN:21,(anonymous_4)
FNF:5
FNH:0
FNDA:0,(anonymous_0)
FNDA:0,detectTokenLimit
FNDA:0,(anonymous_2)
FNDA:0,detectRequestLimit
FNDA:0,(anonymous_4)
DA:2,0
DA:3,0
DA:4,0
DA:5,0
DA:6,0
DA:7,0
DA:9,0
DA:13,0
DA:14,0
DA:15,0
DA:16,0
DA:21,0
DA:22,0
DA:23,0
DA:24,0
DA:26,0
DA:29,0
DA:33,0
DA:34,0
DA:37,0
DA:38,0
LF:21
LH:0
BRDA:2,0,0,0
BRDA:2,0,1,0
BRDA:4,1,0,0
BRDA:4,1,1,0
BRDA:6,2,0,0
BRDA:6,2,1,0
BRDA:6,3,0,0
BRDA:6,3,1,0
BRDA:12,4,0,0
BRDA:12,5,0,0
BRDA:12,6,0,0
BRDA:20,7,0,0
BRDA:20,8,0,0
BRDA:20,9,0,0
BRDA:33,10,0,0
BRDA:33,10,1,0
BRDA:37,11,0,0
BRDA:37,11,1,0
BRF:18
BRH:0
end_of_record
TN:
SF:src/lz-string.min.js
FN:1,(anonymous_0)
FN:1,t
FN:1,(anonymous_2)
FN:1,(anonymous_3)
FN:1,(anonymous_4)
FN:1,(anonymous_5)
FN:1,(anonymous_6)
FN:1,(anonymous_7)
FN:1,(anonymous_8)
FN:1,(anonymous_9)
FN:1,(anonymous_10)
FN:1,(anonymous_11)
FN:1,(anonymous_12)
FN:1,(anonymous_13)
FN:1,(anonymous_14)
FN:1,(anonymous_15)
FN:1,(anonymous_16)
FN:1,(anonymous_17)
FN:1,(anonymous_18)
FN:1,(anonymous_19)
FN:1,(anonymous_20)
FN:1,(anonymous_21)
FN:1,(anonymous_22)
FN:1,(anonymous_23)
FN:1,(anonymous_24)
FNF:25
FNH:0
FNDA:0,(anonymous_0)
FNDA:0,t
FNDA:0,(anonymous_2)
FNDA:0,(anonymous_3)
FNDA:0,(anonymous_4)
FNDA:0,(anonymous_5)
FNDA:0,(anonymous_6)
FNDA:0,(anonymous_7)
FNDA:0,(anonymous_8)
FNDA:0,(anonymous_9)
FNDA:0,(anonymous_10)
FNDA:0,(anonymous_11)
FNDA:0,(anonymous_12)
FNDA:0,(anonymous_13)
FNDA:0,(anonymous_14)
FNDA:0,(anonymous_15)
FNDA:0,(anonymous_16)
FNDA:0,(anonymous_17)
FNDA:0,(anonymous_18)
FNDA:0,(anonymous_19)
FNDA:0,(anonymous_20)
FNDA:0,(anonymous_21)
FNDA:0,(anonymous_22)
FNDA:0,(anonymous_23)
FNDA:0,(anonymous_24)
DA:1,0
LF:1
LH:0
BRDA:1,0,0,0
BRDA:1,0,1,0
BRDA:1,1,0,0
BRDA:1,1,1,0
BRDA:1,2,0,0
BRDA:1,2,1,0
BRDA:1,2,2,0
BRDA:1,2,3,0
BRDA:1,2,4,0
BRDA:1,3,0,0
BRDA:1,3,1,0
BRDA:1,4,0,0
BRDA:1,4,1,0
BRDA:1,5,0,0
BRDA:1,5,1,0
BRDA:1,6,0,0
BRDA:1,6,1,0
BRDA:1,7,0,0
BRDA:1,7,1,0
BRDA:1,8,0,0
BRDA:1,8,1,0
BRDA:1,9,0,0
BRDA:1,9,1,0
BRDA:1,10,0,0
BRDA:1,10,1,0
BRDA:1,11,0,0
BRDA:1,11,1,0
BRDA:1,12,0,0
BRDA:1,12,1,0
BRDA:1,13,0,0
BRDA:1,13,1,0
BRDA:1,14,0,0
BRDA:1,14,1,0
BRDA:1,15,0,0
BRDA:1,15,1,0
BRDA:1,16,0,0
BRDA:1,16,1,0
BRDA:1,17,0,0
BRDA:1,17,1,0
BRDA:1,18,0,0
BRDA:1,18,1,0
BRDA:1,19,0,0
BRDA:1,19,1,0
BRDA:1,20,0,0
BRDA:1,20,1,0
BRDA:1,21,0,0
BRDA:1,21,1,0
BRDA:1,22,0,0
BRDA:1,22,1,0
BRDA:1,23,0,0
BRDA:1,23,1,0
BRDA:1,24,0,0
BRDA:1,24,1,0
BRDA:1,25,0,0
BRDA:1,25,1,0
BRDA:1,26,0,0
BRDA:1,26,1,0
BRDA:1,27,0,0
BRDA:1,27,1,0
BRDA:1,28,0,0
BRDA:1,28,1,0
BRDA:1,29,0,0
BRDA:1,29,1,0
BRDA:1,30,0,0
BRDA:1,30,1,0
BRDA:1,31,0,0
BRDA:1,31,1,0
BRDA:1,32,0,0
BRDA:1,32,1,0
BRDA:1,33,0,0
BRDA:1,33,1,0
BRDA:1,34,0,0
BRDA:1,34,1,0
BRDA:1,35,0,0
BRDA:1,35,1,0
BRDA:1,36,0,0
BRDA:1,36,1,0
BRDA:1,37,0,0
BRDA:1,37,1,0
BRDA:1,38,0,0
BRDA:1,38,1,0
BRDA:1,39,0,0
BRDA:1,39,1,0
BRDA:1,40,0,0
BRDA:1,40,1,0
BRDA:1,40,2,0
BRDA:1,41,0,0
BRDA:1,41,1,0
BRDA:1,42,0,0
BRDA:1,42,1,0
BRDA:1,43,0,0
BRDA:1,43,1,0
BRDA:1,44,0,0
BRDA:1,44,1,0
BRDA:1,45,0,0
BRDA:1,45,1,0
BRDA:1,46,0,0
BRDA:1,46,1,0
BRDA:1,47,0,0
BRDA:1,47,1,0
BRDA:1,48,0,0
BRDA:1,48,1,0
BRDA:1,48,2,0
BRDA:1,49,0,0
BRDA:1,49,1,0
BRDA:1,50,0,0
BRDA:1,50,1,0
BRDA:1,51,0,0
BRDA:1,51,1,0
BRDA:1,52,0,0
BRDA:1,52,1,0
BRDA:1,53,0,0
BRDA:1,53,1,0
BRDA:1,54,0,0
BRDA:1,54,1,0
BRDA:1,55,0,0
BRDA:1,55,1,0
BRDA:1,56,0,0
BRDA:1,56,1,0
BRDA:1,57,0,0
BRDA:1,57,1,0
BRDA:1,58,0,0
BRDA:1,58,1,0
BRDA:1,59,0,0
BRDA:1,59,1,0
BRDA:1,60,0,0
BRDA:1,60,1,0
BRDA:1,61,0,0
BRDA:1,61,1,0
BRDA:1,61,2,0
BRF:130
BRH:0
end_of_record
TN:
SF:src/mupdf-wasm.js
FN:1,(anonymous_0)
FN:1,(anonymous_1)
FN:1,(anonymous_2)
FN:1,(anonymous_3)
FN:1,(anonymous_4)
FN:1,(anonymous_5)
FN:1,(anonymous_6)
FN:1,(anonymous_7)
FN:1,(anonymous_8)
FN:1,(anonymous_9)
FN:1,(anonymous_10)
FN:1,R
FN:1,M
FN:1,D
FN:1,(anonymous_14)
FN:1,F
FN:1,(anonymous_16)
FN:1,(anonymous_17)
FN:1,(anonymous_18)
FN:1,(anonymous_19)
FN:1,(anonymous_20)
FN:1,(anonymous_21)
FN:1,(anonymous_22)
FN:1,(anonymous_23)
FN:1,(anonymous_24)
FN:1,(anonymous_25)
FN:1,(anonymous_26)
FN:1,(anonymous_27)
FN:1,(anonymous_28)
FN:1,(anonymous_29)
FN:1,(anonymous_30)
FN:1,(anonymous_31)
FN:1,(anonymous_32)
FN:1,(anonymous_33)
FN:1,(anonymous_34)
FN:1,(anonymous_35)
FN:1,(anonymous_36)
FN:1,(anonymous_37)
FN:1,(anonymous_38)
FN:1,(anonymous_39)
FN:1,(anonymous_40)
FN:1,(anonymous_41)
FN:1,(anonymous_42)
FN:1,(anonymous_43)
FN:1,(anonymous_44)
FN:1,(anonymous_45)
FN:1,(anonymous_46)
FN:1,(anonymous_47)
FN:1,(anonymous_48)
FN:1,(anonymous_49)
FN:1,(anonymous_50)
FN:1,(anonymous_51)
FN:1,(anonymous_52)
FN:1,(anonymous_53)
FN:1,(anonymous_54)
FN:1,(anonymous_55)
FN:1,(anonymous_56)
FN:1,(anonymous_57)
FN:1,(anonymous_58)
FN:1,(anonymous_59)
FN:1,(anonymous_60)
FN:1,(anonymous_61)
FN:1,(anonymous_62)
FN:1,(anonymous_63)
FN:1,(anonymous_64)
FN:1,(anonymous_65)
FN:1,(anonymous_66)
FN:1,(anonymous_67)
FN:1,(anonymous_68)
FN:1,(anonymous_69)
FN:1,(anonymous_70)
FN:1,(anonymous_71)
FN:1,(anonymous_72)
FN:1,(anonymous_73)
FN:1,(anonymous_74)
FN:1,(anonymous_75)
FN:1,(anonymous_76)
FN:1,(anonymous_77)
FN:1,(anonymous_78)
FN:1,(anonymous_79)
FN:1,(anonymous_80)
FN:1,(anonymous_81)
FN:1,(anonymous_82)
FN:1,(anonymous_83)
FN:1,(anonymous_84)
FN:1,(anonymous_85)
FN:1,(anonymous_86)
FN:1,(anonymous_87)
FN:1,(anonymous_88)
FN:1,(anonymous_89)
FN:1,(anonymous_90)
FN:1,(anonymous_91)
FN:1,(anonymous_92)
FN:1,(anonymous_93)
FN:1,(anonymous_94)
FN:1,(anonymous_95)
FN:1,(anonymous_96)
FN:1,(anonymous_97)
FN:1,_
FN:1,(anonymous_99)
FN:1,(anonymous_100)
FN:1,(anonymous_101)
FN:1,(anonymous_102)
FN:1,(anonymous_103)
FN:1,(anonymous_104)
FN:1,_
FN:1,e
FN:1,(anonymous_107)
FN:1,(anonymous_108)
FN:1,(anonymous_109)
FN:1,(anonymous_110)
[...]
DA:56,0
DA:57,0
DA:58,0
DA:59,0
DA:60,0
DA:63,0
DA:65,0
DA:69,0
DA:70,0
DA:71,0
DA:72,0
DA:73,0
DA:74,0
DA:75,0
DA:76,0
DA:77,0
DA:78,0
DA:79,0
DA:80,0
DA:81,0
DA:82,0
DA:83,0
DA:84,0
DA:85,0
DA:86,0
DA:88,0
DA:89,0
DA:90,0
DA:91,0
DA:92,0
DA:93,0
DA:94,0
DA:99,0
DA:103,0
DA:104,0
DA:105,0
DA:106,0
DA:107,0
DA:108,0
DA:110,0
DA:111,0
DA:113,0
DA:114,0
DA:116,0
DA:118,0
DA:119,0
DA:120,0
DA:122,0
DA:123,0
DA:124,0
DA:126,0
DA:127,0
DA:131,0
DA:133,0
DA:136,0
DA:142,0
DA:143,0
DA:144,0
DA:146,0
LF:99
LH:0
BRDA:3,0,0,0
BRDA:3,0,1,0
BRDA:4,1,0,0
BRDA:4,1,1,0
BRDA:5,2,0,0
BRDA:5,2,1,0
BRDA:6,3,0,0
BRDA:6,3,1,0
BRDA:7,4,0,0
BRDA:7,4,1,0
BRDA:7,5,0,0
BRDA:7,5,1,0
BRDA:8,6,0,0
BRDA:8,6,1,0
BRDA:8,7,0,0
BRDA:8,7,1,0
BRDA:9,8,0,0
BRDA:9,8,1,0
BRDA:10,9,0,0
BRDA:10,9,1,0
BRDA:11,10,0,0
BRDA:11,10,1,0
BRDA:13,11,0,0
BRDA:14,12,0,0
BRDA:14,12,1,0
BRDA:15,13,0,0
BRDA:15,13,1,0
BRDA:20,14,0,0
BRDA:20,14,1,0
BRDA:21,15,0,0
BRDA:21,15,1,0
BRDA:21,16,0,0
BRDA:21,16,1,0
BRDA:22,17,0,0
BRDA:22,17,1,0
BRDA:23,18,0,0
BRDA:23,18,1,0
BRDA:25,19,0,0
BRDA:25,19,1,0
BRDA:34,20,0,0
BRDA:34,20,1,0
BRDA:39,21,0,0
BRDA:39,21,1,0
BRDA:40,22,0,0
BRDA:40,22,1,0
BRDA:45,23,0,0
BRDA:45,23,1,0
BRDA:48,24,0,0
BRDA:48,24,1,0
BRDA:48,24,2,0
BRDA:49,25,0,0
BRDA:49,25,1,0
BRDA:49,26,0,0
BRDA:49,26,1,0
BRDA:49,27,0,0
BRDA:49,27,1,0
BRDA:49,28,0,0
BRDA:49,28,1,0
BRDA:50,29,0,0
BRDA:50,29,1,0
BRDA:50,30,0,0
BRDA:50,30,1,0
BRDA:50,31,0,0
BRDA:50,31,1,0
BRDA:50,32,0,0
BRDA:50,32,1,0
BRDA:51,33,0,0
BRDA:51,33,1,0
BRDA:51,34,0,0
BRDA:51,34,1,0
BRDA:55,35,0,0
BRDA:55,35,1,0
BRDA:55,36,0,0
BRDA:55,36,1,0
BRDA:55,36,2,0
BRDA:58,37,0,0
BRDA:58,37,1,0
BRDA:59,38,0,0
BRDA:59,38,1,0
BRDA:75,39,0,0
BRDA:75,39,1,0
BRDA:81,40,0,0
BRDA:81,40,1,0
BRDA:83,41,0,0
BRDA:83,41,1,0
BRDA:84,42,0,0
BRDA:84,42,1,0
BRDA:90,43,0,0
BRDA:90,43,1,0
BRDA:91,44,0,0
BRDA:91,44,1,0
BRDA:93,45,0,0
BRDA:93,45,1,0
BRDA:94,46,0,0
BRDA:94,46,1,0
BRDA:102,47,0,0
BRDA:103,48,0,0
BRDA:103,48,1,0
BRDA:104,49,0,0
BRDA:104,49,1,0
BRDA:107,50,0,0
BRDA:107,50,1,0
BRDA:108,51,0,0
BRDA:108,51,1,0
BRDA:108,52,0,0
BRDA:108,52,1,0
BRDA:113,53,0,0
BRDA:113,53,1,0
BRDA:118,54,0,0
BRDA:118,54,1,0
BRDA:119,55,0,0
BRDA:119,55,1,0
BRDA:127,56,0,0
BRDA:127,56,1,0
BRDA:131,57,0,0
BRDA:131,57,1,0
BRDA:133,58,0,0
BRDA:133,58,1,0
BRDA:143,59,0,0
BRDA:143,59,1,0
BRDA:143,60,0,0
BRDA:143,60,1,0
BRDA:144,61,0,0
BRDA:144,61,1,0
BRDA:144,62,0,0
BRDA:144,62,1,0
BRDA:144,62,2,0
BRF:127
BRH:0
end_of_record
TN:
SF:src/providers/qwen-mt-turbo.js
FN:33,(anonymous_0)
FN:106,(anonymous_1)
FN:122,(anonymous_2)
FN:162,(anonymous_3)
FN:171,(anonymous_4)
FN:194,(anonymous_5)
FN:198,(anonymous_6)
FN:232,(anonymous_7)
FN:254,(anonymous_8)
FN:256,(anonymous_9)
FN:260,(anonymous_10)
FN:308,(anonymous_11)
FN:352,(anonymous_12)
FN:365,(anonymous_13)
FN:384,(anonymous_14)
FN:415,(anonymous_15)
FN:433,(anonymous_16)
FN:454,(anonymous_17)
FNF:18
FNH:0
FNDA:0,(anonymous_0)
FNDA:0,(anonymous_1)
FNDA:0,(anonymous_2)
FNDA:0,(anonymous_3)
FNDA:0,(anonymous_4)
FNDA:0,(anonymous_5)
FNDA:0,(anonymous_6)
FNDA:0,(anonymous_7)
FNDA:0,(anonymous_8)
FNDA:0,(anonymous_9)
FNDA:0,(anonymous_10)
FNDA:0,(anonymous_11)
FNDA:0,(anonymous_12)
FNDA:0,(anonymous_13)
FNDA:0,(anonymous_14)
FNDA:0,(anonymous_15)
FNDA:0,(anonymous_16)
FNDA:0,(anonymous_17)
DA:34,0
DA:35,0
DA:36,0
DA:37,0
DA:38,0
DA:39,0
DA:40,0
DA:43,0
DA:46,0
DA:57,0
DA:68,0
DA:71,0
DA:72,0
DA:78,0
DA:107,0
DA:108,0
DA:111,0
DA:112,0
DA:113,0
DA:123,0
DA:124,0
DA:127,0
DA:128,0
DA:131,0
DA:139,0
DA:141,0
DA:142,0
DA:143,0
DA:145,0
DA:147,0
DA:148,0
DA:151,0
DA:152,0
DA:163,0
DA:164,0
DA:167,0
DA:168,0
DA:171,0
DA:172,0
DA:173,0
DA:176,0
DA:184,0
DA:186,0
DA:189,0
DA:190,0
DA:192,0
DA:193,0
DA:194,0
DA:196,0
DA:198,0
DA:199,0
DA:200,0
DA:202,0
DA:204,0
DA:219,0
DA:220,0
DA:223,0
DA:224,0
DA:233,0
DA:234,0
DA:236,0
DA:255,0
DA:256,0
DA:259,0
DA:260,0
DA:263,0
DA:264,0
DA:271,0
DA:273,0
DA:274,0
DA:275,0
DA:277,0
DA:278,0
DA:279,0
DA:280,0
DA:281,0
DA:282,0
DA:288,0
DA:291,0
DA:294,0
DA:296,0
DA:297,0
DA:300,0
DA:309,0
DA:310,0
DA:313,0
DA:314,0
DA:315,0
DA:318,0
DA:319,0
DA:322,0
DA:323,0
DA:324,0
DA:325,0
DA:326,0
DA:329,0
DA:331,0
DA:353,0
DA:354,0
DA:357,0
DA:358,0
DA:366,0
DA:367,0
DA:371,0
DA:372,0
DA:373,0
DA:377,0
DA:385,0
DA:388,0
DA:389,0
DA:392,0
DA:393,0
DA:396,0
DA:397,0
DA:400,0
DA:401,0
DA:404,0
DA:405,0
DA:408,0
DA:416,0
DA:417,0
DA:422,0
DA:424,0
DA:425,0
DA:434,0
DA:455,0
DA:468,0
DA:469,0
DA:470,0
DA:471,0
LF:130
LH:0
BRDA:107,0,0,0
BRDA:107,0,1,0
BRDA:107,1,0,0
BRDA:107,1,1,0
BRDA:122,2,0,0
BRDA:123,3,0,0
BRDA:123,3,1,0
BRDA:127,4,0,0
BRDA:127,4,1,0
BRDA:127,5,0,0
BRDA:127,5,1,0
BRDA:127,5,2,0
BRDA:162,6,0,0
BRDA:163,7,0,0
BRDA:163,7,1,0
BRDA:167,8,0,0
BRDA:167,8,1,0
BRDA:167,9,0,0
BRDA:167,9,1,0
BRDA:171,10,0,0
BRDA:171,10,1,0
BRDA:171,10,2,0
BRDA:172,11,0,0
BRDA:172,11,1,0
BRDA:199,12,0,0
BRDA:199,12,1,0
BRDA:244,13,0,0
BRDA:244,13,1,0
BRDA:259,14,0,0
BRDA:259,14,1,0
BRDA:273,15,0,0
BRDA:273,15,1,0
BRDA:279,16,0,0
BRDA:279,16,1,0
BRDA:281,17,0,0
BRDA:281,17,1,0
BRDA:281,18,0,0
BRDA:281,18,1,0
BRDA:296,19,0,0
BRDA:296,19,1,0
BRDA:309,20,0,0
BRDA:309,20,1,0
BRDA:309,21,0,0
BRDA:309,21,1,0
BRDA:314,22,0,0
BRDA:314,22,1,0
BRDA:315,23,0,0
BRDA:315,23,1,0
BRDA:323,24,0,0
BRDA:323,24,1,0
BRDA:325,25,0,0
BRDA:325,25,1,0
BRDA:341,26,0,0
BRDA:341,26,1,0
BRDA:342,27,0,0
BRDA:342,27,1,0
BRDA:353,28,0,0
BRDA:353,28,1,0
BRDA:353,29,0,0
BRDA:353,29,1,0
BRDA:358,30,0,0
BRDA:358,30,1,0
BRDA:366,31,0,0
BRDA:366,31,1,0
BRDA:366,32,0,0
BRDA:366,32,1,0
BRDA:372,33,0,0
BRDA:372,33,1,0
BRDA:385,34,0,0
BRDA:385,34,1,0
BRDA:388,35,0,0
BRDA:388,35,1,0
BRDA:388,36,0,0
BRDA:388,36,1,0
BRDA:388,36,2,0
BRDA:392,37,0,0
BRDA:392,37,1,0
BRDA:392,38,0,0
BRDA:392,38,1,0
BRDA:396,39,0,0
BRDA:396,39,1,0
BRDA:396,40,0,0
BRDA:396,40,1,0
BRDA:396,40,2,0
BRDA:400,41,0,0
BRDA:400,41,1,0
BRDA:400,42,0,0
BRDA:400,42,1,0
BRDA:404,43,0,0
BRDA:404,43,1,0
BRDA:404,44,0,0
BRDA:404,44,1,0
BRDA:468,45,0,0
BRDA:468,45,1,0
BRDA:468,46,0,0
BRDA:468,46,1,0
BRDA:470,47,0,0
BRDA:470,47,1,0
BRF:98
BRH:0
end_of_record
TN:
SF:src/providers/qwen-mt.js
FN:34,(anonymous_0)
FN:147,(anonymous_1)
FN:163,(anonymous_2)
FN:204,(anonymous_3)
FN:213,(anonymous_4)
FN:252,(anonymous_5)
FN:289,(anonymous_6)
FN:292,(anonymous_7)
FN:296,(anonymous_8)
FN:328,(anonymous_9)
FN:348,(anonymous_10)
FN:360,(anonymous_11)
FN:401,(anonymous_12)
FN:443,(anonymous_13)
FN:459,(anonymous_14)
FN:502,(anonymous_15)
FN:515,(anonymous_16)
FN:534,(anonymous_17)
FN:565,(anonymous_18)
FN:585,(anonymous_19)
FN:606,(anonymous_20)
FNF:21
FNH:0
FNDA:0,(anonymous_0)
FNDA:0,(anonymous_1)
FNDA:0,(anonymous_2)
FNDA:0,(anonymous_3)
FNDA:0,(anonymous_4)
FNDA:0,(anonymous_5)
FNDA:0,(anonymous_6)
FNDA:0,(anonymous_7)
FNDA:0,(anonymous_8)
FNDA:0,(anonymous_9)
FNDA:0,(anonymous_10)
FNDA:0,(anonymous_11)
FNDA:0,(anonymous_12)
FNDA:0,(anonymous_13)
FNDA:0,(anonymous_14)
FNDA:0,(anonymous_15)
FNDA:0,(anonymous_16)
FNDA:0,(anonymous_17)
FNDA:0,(anonymous_18)
FNDA:0,(anonymous_19)
FNDA:0,(anonymous_20)
DA:35,0
DA:36,0
DA:37,0
DA:38,0
DA:39,0
DA:40,0
DA:41,0
DA:44,0
DA:47,0
DA:58,0
DA:69,0
DA:72,0
DA:73,0
DA:79,0
DA:131,0
DA:148,0
DA:149,0
DA:152,0
DA:153,0
DA:154,0
DA:164,0
DA:165,0
DA:168,0
DA:169,0
DA:172,0
DA:181,0
DA:183,0
DA:184,0
DA:185,0
DA:187,0
DA:189,0
DA:190,0
DA:193,0
DA:194,0
DA:205,0
DA:206,0
DA:209,0
DA:210,0
DA:213,0
DA:214,0
DA:215,0
DA:218,0
DA:227,0
DA:229,0
DA:231,0
DA:232,0
DA:234,0
DA:235,0
DA:236,0
DA:239,0
DA:240,0
DA:243,0
DA:244,0
DA:253,0
DA:254,0
DA:256,0
DA:273,0
DA:274,0
DA:278,0
DA:279,0
DA:282,0
DA:290,0
DA:291,0
DA:292,0
DA:295,0
DA:296,0
DA:299,0
DA:300,0
DA:307,0
DA:309,0
DA:310,0
DA:311,0
DA:313,0
DA:314,0
DA:315,0
DA:316,0
DA:317,0
DA:318,0
DA:325,0
DA:326,0
DA:327,0
DA:328,0
DA:329,0
DA:332,0
DA:335,0
DA:338,0
DA:340,0
DA:341,0
DA:345,0
DA:346,0
DA:347,0
DA:348,0
DA:349,0
DA:352,0
DA:361,0
DA:362,0
DA:365,0
DA:366,0
DA:367,0
DA:370,0
DA:371,0
DA:374,0
DA:376,0
DA:378,0
DA:402,0
DA:405,0
DA:406,0
DA:410,0
DA:411,0
DA:412,0
DA:416,0
DA:417,0
DA:421,0
DA:422,0
DA:423,0
DA:424,0
DA:428,0
DA:429,0
DA:432,0
DA:433,0
DA:436,0
DA:445,0
DA:446,0
DA:448,0
DA:449,0
DA:452,0
DA:460,0
DA:463,0
DA:464,0
DA:467,0
DA:468,0
DA:469,0
DA:471,0
DA:476,0
DA:477,0
DA:478,0
DA:480,0
DA:481,0
DA:495,0
DA:503,0
DA:504,0
DA:507,0
DA:508,0
DA:516,0
DA:517,0
DA:521,0
DA:522,0
DA:523,0
DA:527,0
DA:535,0
DA:538,0
DA:539,0
DA:542,0
DA:543,0
DA:546,0
DA:547,0
DA:550,0
DA:551,0
DA:554,0
DA:555,0
DA:558,0
DA:566,0
DA:567,0
DA:574,0
DA:576,0
DA:577,0
DA:586,0
DA:607,0
DA:625,0
DA:626,0
DA:627,0
DA:628,0
LF:172
LH:0
BRDA:148,0,0,0
BRDA:148,0,1,0
BRDA:148,1,0,0
BRDA:148,1,1,0
BRDA:163,2,0,0
BRDA:164,3,0,0
BRDA:164,3,1,0
BRDA:168,4,0,0
BRDA:168,4,1,0
BRDA:168,5,0,0
BRDA:168,5,1,0
BRDA:168,5,2,0
BRDA:204,6,0,0
BRDA:205,7,0,0
BRDA:205,7,1,0
BRDA:209,8,0,0
BRDA:209,8,1,0
BRDA:209,9,0,0
BRDA:209,9,1,0
BRDA:213,10,0,0
BRDA:213,10,1,0
BRDA:213,10,2,0
BRDA:214,11,0,0
BRDA:214,11,1,0
BRDA:264,12,0,0
BRDA:264,12,1,0
BRDA:273,13,0,0
BRDA:273,13,1,0
BRDA:273,14,0,0
BRDA:273,14,1,0
BRDA:274,15,0,0
BRDA:274,15,1,0
BRDA:278,16,0,0
BRDA:278,16,1,0
BRDA:278,17,0,0
BRDA:278,17,1,0
BRDA:289,18,0,0
BRDA:295,19,0,0
BRDA:295,19,1,0
BRDA:309,20,0,0
BRDA:309,20,1,0
BRDA:315,21,0,0
BRDA:315,21,1,0
BRDA:317,22,0,0
BRDA:317,22,1,0
BRDA:317,23,0,0
BRDA:317,23,1,0
BRDA:325,24,0,0
BRDA:325,24,1,0
BRDA:325,25,0,0
BRDA:325,25,1,0
BRDA:340,26,0,0
BRDA:340,26,1,0
BRDA:345,27,0,0
BRDA:345,27,1,0
BRDA:345,28,0,0
BRDA:345,28,1,0
BRDA:345,28,2,0
BRDA:361,29,0,0
BRDA:361,29,1,0
BRDA:361,30,0,0
BRDA:361,30,1,0
BRDA:366,31,0,0
BRDA:366,31,1,0
BRDA:367,32,0,0
BRDA:367,32,1,0
BRDA:388,33,0,0
BRDA:388,33,1,0
BRDA:389,34,0,0
BRDA:389,34,1,0
BRDA:405,35,0,0
BRDA:405,35,1,0
BRDA:411,36,0,0
BRDA:411,36,1,0
BRDA:411,37,0,0
BRDA:411,37,1,0
BRDA:416,38,0,0
BRDA:416,38,1,0
BRDA:416,39,0,0
BRDA:416,39,1,0
BRDA:423,40,0,0
BRDA:423,40,1,0
BRDA:423,41,0,0
BRDA:423,41,1,0
BRDA:428,42,0,0
BRDA:428,42,1,0
BRDA:428,43,0,0
BRDA:428,43,1,0
BRDA:432,44,0,0
BRDA:432,44,1,0
BRDA:432,45,0,0
BRDA:432,45,1,0
BRDA:468,46,0,0
BRDA:468,46,1,0
BRDA:469,47,0,0
BRDA:469,47,1,0
BRDA:503,48,0,0
BRDA:503,48,1,0
BRDA:503,49,0,0
BRDA:503,49,1,0
BRDA:508,50,0,0
BRDA:508,50,1,0
BRDA:516,51,0,0
BRDA:516,51,1,0
BRDA:516,52,0,0
BRDA:516,52,1,0
BRDA:522,53,0,0
BRDA:522,53,1,0
BRDA:535,54,0,0
BRDA:535,54,1,0
BRDA:538,55,0,0
BRDA:538,55,1,0
BRDA:538,56,0,0
BRDA:538,56,1,0
BRDA:538,56,2,0
BRDA:542,57,0,0
BRDA:542,57,1,0
BRDA:542,58,0,0
BRDA:542,58,1,0
BRDA:546,59,0,0
BRDA:546,59,1,0
BRDA:546,60,0,0
BRDA:546,60,1,0
BRDA:546,60,2,0
BRDA:550,61,0,0
BRDA:550,61,1,0
BRDA:550,62,0,0
BRDA:550,62,1,0
BRDA:554,63,0,0
BRDA:554,63,1,0
BRDA:554,64,0,0
BRDA:554,64,1,0
BRDA:574,65,0,0
BRDA:574,65,1,0
BRDA:625,66,0,0
BRDA:625,66,1,0
BRDA:625,67,0,0
BRDA:625,67,1,0
BRDA:627,68,0,0
BRDA:627,68,1,0
BRF:140
BRH:0
end_of_record
TN:
SF:src/providers/qwen.js
FN:1,(anonymous_0)
FN:16,withSlash
FN:20,fetchViaXHR
FN:21,(anonymous_3)
FN:24,(anonymous_4)
FN:28,(anonymous_5)
FN:33,(anonymous_6)
FN:35,(anonymous_7)
FN:39,(anonymous_8)
FN:40,(anonymous_9)
FN:46,(anonymous_10)
FN:51,translate
FN:52,attempt
FN:100,(anonymous_13)
FN:172,getQuota
FN:193,(anonymous_15)
FNF:16
FNH:4
FNDA:29,(anonymous_0)
FNDA:14,withSlash
FNDA:0,fetchViaXHR
FNDA:0,(anonymous_3)
FNDA:0,(anonymous_4)
FNDA:0,(anonymous_5)
FNDA:0,(anonymous_6)
FNDA:0,(anonymous_7)
FNDA:0,(anonymous_8)
FNDA:0,(anonymous_9)
FNDA:0,(anonymous_10)
FNDA:14,translate
FNDA:14,attempt
FNDA:0,(anonymous_13)
FNDA:0,getQuota
FNDA:0,(anonymous_15)
DA:1,29
DA:2,29
DA:4,29
DA:5,0
DA:8,29
DA:12,29
DA:17,14
DA:21,0
DA:22,0
DA:23,0
DA:24,0
DA:25,0
DA:26,0
DA:27,0
DA:28,0
DA:29,0
DA:30,0
DA:32,0
DA:33,0
DA:35,0
DA:36,0
DA:39,0
DA:40,0
DA:43,0
DA:44,0
DA:46,0
DA:47,0
DA:53,14
DA:54,14
DA:55,0
DA:56,0
DA:58,14
DA:65,14
DA:66,14
DA:67,14
DA:68,14
DA:69,14
DA:71,14
DA:72,14
DA:78,13
DA:79,0
DA:80,0
DA:83,1
DA:84,1
DA:87,0
DA:88,0
DA:89,0
DA:91,0
DA:92,0
DA:95,13
DA:96,2
DA:97,2
DA:100,0
DA:101,0
DA:102,0
DA:103,0
DA:104,0
DA:105,0
DA:106,0
DA:107,0
DA:108,0
DA:109,0
DA:111,0
DA:113,0
DA:115,11
DA:116,11
DA:117,11
DA:118,9
DA:119,9
DA:120,1
DA:121,1
DA:124,0
DA:126,8
DA:128,0
DA:129,0
DA:130,0
DA:131,0
DA:132,0
DA:133,0
DA:134,0
DA:135,0
DA:136,0
DA:137,0
DA:138,0
DA:139,0
DA:140,0
DA:141,0
DA:142,0
DA:143,0
DA:144,0
DA:145,0
DA:146,0
DA:148,0
DA:149,0
DA:150,0
DA:151,0
DA:152,0
DA:153,0
DA:157,0
DA:160,14
DA:161,14
DA:163,6
DA:164,6
DA:165,0
DA:166,0
DA:168,6
DA:173,0
DA:174,0
DA:175,0
DA:176,0
DA:177,0
DA:179,0
DA:180,0
DA:182,0
DA:183,0
DA:185,0
DA:187,0
DA:188,0
DA:189,0
DA:190,0
DA:193,0
DA:194,0
DA:196,0
DA:197,0
DA:201,0
DA:205,0
DA:207,0
DA:208,0
DA:213,29
DA:215,29
DA:218,29
DA:225,29
DA:226,0
DA:228,29
DA:229,29
DA:232,29
DA:235,29
LF:137
LH:43
BRDA:2,0,0,29
BRDA:2,0,1,0
BRDA:4,1,0,0
BRDA:4,1,1,29
BRDA:4,2,0,29
BRDA:4,2,1,0
BRDA:4,2,2,0
BRDA:8,3,0,0
BRDA:8,3,1,29
BRDA:8,4,0,29
BRDA:8,4,1,29
BRDA:8,4,2,0
BRDA:10,5,0,0
BRDA:10,5,1,29
BRDA:10,6,0,29
BRDA:10,6,1,29
BRDA:10,6,2,0
BRDA:12,7,0,29
BRDA:12,7,1,29
BRDA:12,7,2,29
BRDA:12,7,3,29
BRDA:12,7,4,29
BRDA:14,8,0,29
BRDA:14,8,1,0
BRDA:17,9,0,0
BRDA:17,9,1,14
BRDA:20,10,0,0
BRDA:20,11,0,0
BRDA:26,12,0,0
BRDA:26,12,1,0
BRDA:27,13,0,0
BRDA:27,13,1,0
BRDA:37,14,0,0
BRDA:37,14,1,0
BRDA:39,15,0,0
BRDA:39,15,1,0
BRDA:43,16,0,0
BRDA:43,16,1,0
BRDA:51,17,0,0
BRDA:54,18,0,0
BRDA:54,18,1,14
BRDA:65,19,0,0
BRDA:65,19,1,14
BRDA:66,20,0,14
BRDA:66,20,1,0
BRDA:68,21,0,14
BRDA:68,21,1,0
BRDA:68,22,0,0
BRDA:68,22,1,14
BRDA:69,23,0,1
BRDA:69,23,1,13
BRDA:78,24,0,0
BRDA:78,24,1,13
BRDA:83,25,0,1
BRDA:83,25,1,0
BRDA:87,26,0,0
BRDA:87,26,1,0
BRDA:87,27,0,0
BRDA:87,27,1,0
BRDA:88,28,0,0
BRDA:88,28,1,0
BRDA:95,29,0,2
BRDA:95,29,1,11
BRDA:96,30,0,2
BRDA:96,30,1,0
BRDA:101,31,0,0
BRDA:101,31,1,0
BRDA:103,32,0,0
BRDA:103,32,1,0
BRDA:104,33,0,0
BRDA:104,33,1,0
BRDA:104,34,0,0
BRDA:104,34,1,0
BRDA:107,35,0,0
BRDA:107,35,1,0
BRDA:109,36,0,0
BRDA:109,36,1,0
BRDA:111,37,0,0
BRDA:111,37,1,0
BRDA:111,38,0,0
BRDA:111,38,1,0
BRDA:115,39,0,11
BRDA:115,39,1,0
BRDA:115,40,0,11
BRDA:115,40,1,1
BRDA:115,40,2,1
BRDA:116,41,0,0
BRDA:116,41,1,11
BRDA:118,42,0,9
BRDA:118,42,1,1
BRDA:119,43,0,1
BRDA:119,43,1,8
BRDA:120,44,0,1
BRDA:120,44,1,0
BRDA:128,45,0,0
BRDA:128,45,1,0
BRDA:135,46,0,0
BRDA:135,46,1,0
BRDA:141,47,0,0
BRDA:141,47,1,0
BRDA:143,48,0,0
BRDA:143,48,1,0
BRDA:144,49,0,0
BRDA:144,49,1,0
BRDA:150,50,0,0
BRDA:150,50,1,0
BRDA:150,50,2,0
BRDA:152,51,0,0
BRDA:152,51,1,0
BRDA:152,52,0,0
BRDA:152,52,1,0
BRDA:153,53,0,0
BRDA:153,53,1,0
BRDA:153,54,0,0
BRDA:153,54,1,0
BRDA:163,55,0,6
BRDA:163,55,1,6
BRDA:163,55,2,5
BRDA:163,56,0,5
BRDA:163,56,1,0
BRDA:164,57,0,0
BRDA:164,57,1,6
BRDA:164,58,0,6
BRDA:164,58,1,0
BRDA:165,59,0,0
BRDA:165,59,1,0
BRDA:174,60,0,0
BRDA:174,60,1,0
BRDA:176,61,0,0
BRDA:176,61,1,0
BRDA:176,62,0,0
BRDA:176,62,1,0
BRDA:180,63,0,0
BRDA:180,63,1,0
BRDA:182,64,0,0
BRDA:182,64,1,0
BRDA:187,65,0,0
BRDA:187,65,1,0
BRDA:188,66,0,0
BRDA:188,66,1,0
BRDA:189,67,0,0
BRDA:189,67,1,0
BRDA:194,68,0,0
BRDA:194,68,1,0
BRDA:198,69,0,0
BRDA:198,69,1,0
BRDA:198,69,2,0
BRDA:199,70,0,0
BRDA:199,70,1,0
BRDA:199,70,2,0
BRDA:202,71,0,0
BRDA:202,71,1,0
BRDA:202,71,2,0
BRDA:203,72,0,0
BRDA:203,72,1,0
BRDA:203,72,2,0
BRDA:207,73,0,0
BRDA:207,73,1,0
BRDA:213,74,0,29
BRDA:213,74,1,0
BRDA:215,75,0,29
BRDA:215,75,1,0
BRDA:225,76,0,29
BRDA:225,76,1,0
BRDA:226,77,0,0
BRDA:226,77,1,0
BRDA:229,78,0,29
BRDA:229,78,1,29
BRDA:229,78,2,29
BRDA:229,78,3,29
BRDA:229,78,4,29
BRDA:231,79,0,29
BRDA:231,79,1,0
BRDA:232,80,0,29
BRDA:232,80,1,0
BRDA:232,81,0,29
BRDA:232,81,1,29
BRDA:232,81,2,29
BRDA:235,82,0,29
BRDA:235,82,1,0
BRF:180
BRH:58
end_of_record
TN:
SF:src/scripts/optimize-manifest.js
FN:43,getCurrentPdfEngine
FN:70,optimizeManifest
FN:131,(anonymous_2)
FN:134,(anonymous_3)
FN:141,restoreManifest
FN:157,createBuildConfig
FNF:6
FNH:0
FNDA:0,getCurrentPdfEngine
FNDA:0,optimizeManifest
FNDA:0,(anonymous_2)
FNDA:0,(anonymous_3)
FNDA:0,restoreManifest
FNDA:0,createBuildConfig
DA:8,0
DA:9,0
DA:12,0
DA:32,0
DA:45,0
DA:46,0
DA:47,0
DA:51,0
DA:52,0
DA:53,0
DA:54,0
DA:55,0
DA:56,0
DA:59,0
DA:64,0
DA:71,0
DA:73,0
DA:74,0
DA:75,0
DA:79,0
DA:80,0
DA:82,0
DA:83,0
DA:86,0
DA:87,0
DA:89,0
DA:92,0
DA:94,0
DA:95,0
DA:96,0
DA:100,0
DA:108,0
DA:109,0
DA:115,0
DA:118,0
DA:119,0
DA:120,0
DA:121,0
DA:124,0
DA:126,0
DA:127,0
DA:130,0
DA:131,0
DA:132,0
DA:133,0
DA:134,0
DA:142,0
DA:143,0
DA:145,0
DA:146,0
DA:147,0
DA:150,0
DA:151,0
DA:158,0
DA:159,0
DA:160,0
DA:161,0
DA:164,0
DA:165,0
DA:167,0
DA:168,0
DA:172,0
DA:173,0
DA:175,0
DA:177,0
DA:178,0
DA:181,0
DA:182,0
DA:185,0
DA:186,0
DA:187,0
DA:188,0
DA:190,0
DA:191,0
DA:194,0
DA:195,0
DA:196,0
DA:198,0
DA:199,0
DA:200,0
DA:201,0
DA:202,0
DA:205,0
DA:206,0
DA:207,0
DA:208,0
DA:209,0
DA:210,0
DA:211,0
DA:212,0
DA:213,0
DA:214,0
DA:215,0
DA:216,0
LF:94
LH:0
BRDA:46,0,0,0
BRDA:46,0,1,0
BRDA:46,1,0,0
BRDA:46,1,1,0
BRDA:52,2,0,0
BRDA:52,2,1,0
BRDA:55,3,0,0
BRDA:55,3,1,0
BRDA:55,4,0,0
BRDA:55,4,1,0
BRDA:73,5,0,0
BRDA:73,5,1,0
BRDA:94,6,0,0
BRDA:94,6,1,0
BRDA:108,7,0,0
BRDA:108,7,1,0
BRDA:119,8,0,0
BRDA:119,8,1,0
BRDA:127,9,0,0
BRDA:127,9,1,0
BRDA:132,10,0,0
BRDA:132,10,1,0
BRDA:145,11,0,0
BRDA:145,11,1,0
BRDA:158,12,0,0
BRDA:158,12,1,0
BRDA:175,13,0,0
BRDA:175,13,1,0
BRDA:175,13,2,0
BRDA:175,13,3,0
BRDA:175,13,4,0
BRDA:185,14,0,0
BRDA:185,14,1,0
BRF:33
BRH:0
end_of_record
TN:
SF:src/translator/batching.js
FN:1,(anonymous_0)
FN:2,(anonymous_1)
FN:9,splitLongText
FNF:3
FNH:0
FNDA:0,(anonymous_0)
FNDA:0,(anonymous_1)
FNDA:0,splitLongText
DA:1,0
DA:2,0
DA:3,0
DA:4,0
DA:5,0
DA:6,0
DA:10,0
DA:11,0
DA:12,0
DA:13,0
DA:14,0
DA:15,0
DA:16,0
DA:17,0
DA:19,0
DA:22,0
DA:23,0
DA:24,0
DA:25,0
DA:26,0
DA:28,0
DA:29,0
DA:30,0
DA:31,0
DA:32,0
DA:36,0
DA:39,0
DA:40,0
DA:41,0
DA:42,0
LF:30
LH:0
BRDA:2,0,0,0
BRDA:2,0,1,0
BRDA:4,1,0,0
BRDA:4,1,1,0
BRDA:4,2,0,0
BRDA:4,2,1,0
BRDA:5,3,0,0
BRDA:5,3,1,0
BRDA:5,4,0,0
BRDA:5,4,1,0
BRDA:5,4,2,0
BRDA:6,5,0,0
BRDA:6,5,1,0
BRDA:10,6,0,0
BRDA:10,6,1,0
BRDA:14,7,0,0
BRDA:14,7,1,0
BRDA:15,8,0,0
BRDA:15,8,1,0
BRDA:15,9,0,0
BRDA:15,9,1,0
BRDA:22,10,0,0
BRDA:22,10,1,0
BRDA:25,11,0,0
BRDA:25,11,1,0
BRDA:40,12,0,0
BRDA:40,12,1,0
BRDA:41,13,0,0
BRDA:41,13,1,0
BRDA:41,14,0,0
BRDA:41,14,1,0
BRDA:42,15,0,0
BRDA:42,15,1,0
BRDA:42,16,0,0
BRDA:42,16,1,0
BRDA:43,17,0,0
BRDA:43,17,1,0
BRDA:43,18,0,0
BRDA:43,18,1,0
BRF:39
BRH:0
end_of_record
TN:
SF:src/translator/cacheKey.js
FN:1,(anonymous_0)
FN:2,normalizeText
FN:7,makeCacheKey
FNF:3
FNH:0
FNDA:0,(anonymous_0)
FNDA:0,normalizeText
FNDA:0,makeCacheKey
DA:1,0
DA:3,0
DA:4,0
DA:5,0
DA:8,0
DA:10,0
DA:11,0
DA:12,0
DA:13,0
LF:9
LH:0
BRDA:3,0,0,0
BRDA:3,0,1,0
BRDA:11,1,0,0
BRDA:11,1,1,0
BRDA:12,2,0,0
BRDA:12,2,1,0
BRDA:12,3,0,0
BRDA:12,3,1,0
BRDA:13,4,0,0
BRDA:13,4,1,0
BRDA:13,5,0,0
BRDA:13,5,1,0
BRDA:14,6,0,0
BRDA:14,6,1,0
BRDA:14,7,0,0
BRDA:14,7,1,0
BRF:16
BRH:0
end_of_record
TN:
SF:src/translator/providers.js
FN:1,(anonymous_0)
FN:2,chooseDefault
FN:18,candidatesChain
FN:23,(anonymous_3)
FNF:4
FNH:0
FNDA:0,(anonymous_0)
FNDA:0,chooseDefault
FNDA:0,candidatesChain
FNDA:0,(anonymous_3)
DA:1,0
DA:3,0
DA:4,0
DA:5,0
DA:6,0
DA:7,0
DA:8,0
DA:9,0
DA:10,0
DA:11,0
DA:12,0
DA:13,0
DA:14,0
DA:15,0
DA:19,0
DA:20,0
DA:21,0
DA:22,0
DA:23,0
DA:24,0
DA:26,0
DA:27,0
DA:28,0
DA:30,0
DA:34,0
DA:35,0
DA:36,0
DA:37,0
LF:28
LH:0
BRDA:3,0,0,0
BRDA:3,0,1,0
BRDA:3,1,0,0
BRDA:3,1,1,0
BRDA:4,2,0,0
BRDA:4,2,1,0
BRDA:5,3,0,0
BRDA:5,3,1,0
BRDA:6,4,0,0
BRDA:6,4,1,0
BRDA:7,5,0,0
BRDA:7,5,1,0
BRDA:7,6,0,0
BRDA:7,6,1,0
BRDA:8,7,0,0
BRDA:8,7,1,0
BRDA:9,8,0,0
BRDA:9,8,1,0
BRDA:10,9,0,0
BRDA:10,9,1,0
BRDA:11,10,0,0
BRDA:11,10,1,0
BRDA:11,11,0,0
BRDA:11,11,1,0
BRDA:12,12,0,0
BRDA:12,12,1,0
BRDA:13,13,0,0
BRDA:13,13,1,0
BRDA:14,14,0,0
BRDA:14,14,1,0
BRDA:14,15,0,0
BRDA:14,15,1,0
BRDA:20,16,0,0
BRDA:20,16,1,0
BRDA:20,17,0,0
BRDA:20,17,1,0
BRDA:22,18,0,0
BRDA:22,18,1,0
BRDA:22,19,0,0
BRDA:22,19,1,0
BRDA:23,20,0,0
BRDA:23,20,1,0
BRDA:26,21,0,0
BRDA:26,21,1,0
BRDA:27,22,0,0
BRDA:27,22,1,0
BRDA:27,23,0,0
BRDA:27,23,1,0
BRDA:35,24,0,0
BRDA:35,24,1,0
BRDA:36,25,0,0
BRDA:36,25,1,0
BRDA:36,26,0,0
BRDA:36,26,1,0
BRDA:37,27,0,0
BRDA:37,27,1,0
BRDA:37,28,0,0
BRDA:37,28,1,0
BRDA:38,29,0,0
BRDA:38,29,1,0
BRDA:38,30,0,0
BRDA:38,30,1,0
BRF:62
BRH:0
end_of_record
