<?xml version="1.0" encoding="UTF-8"?>
<coverage generated="1758387982149" clover="3.2.0">
  <project timestamp="1758387982149" name="All files">
    <metrics statements="12547" coveredstatements="5835" conditionals="11574" coveredconditionals="4310" methods="2612" coveredmethods="1084" elements="26733" coveredelements="11229" complexity="0" loc="12547" ncloc="12547" packages="10" files="112" classes="112"/>
    <package name="src">
      <metrics statements="5235" coveredstatements="2255" conditionals="5129" coveredconditionals="1707" methods="1135" coveredmethods="316"/>
      <file name="background.js" path="/Users/mikko/github/translate-browser-extension/src/background.js">
        <metrics statements="1025" coveredstatements="564" conditionals="1088" coveredconditionals="439" methods="184" coveredmethods="85"/>
        <line num="1" count="27" type="stmt"/>
        <line num="2" count="27" type="stmt"/>
        <line num="35" count="27" type="cond" truecount="2" falsecount="0"/>
        <line num="36" count="26" type="stmt"/>
        <line num="37" count="1" type="cond" truecount="1" falsecount="1"/>
        <line num="38" count="31" type="stmt"/>
        <line num="43" count="27" type="cond" truecount="4" falsecount="0"/>
        <line num="44" count="8" type="stmt"/>
        <line num="47" count="27" type="cond" truecount="4" falsecount="0"/>
        <line num="52" count="27" type="stmt"/>
        <line num="53" count="27" type="cond" truecount="2" falsecount="0"/>
        <line num="54" count="17" type="stmt"/>
        <line num="56" count="10" type="stmt"/>
        <line num="59" count="0" type="stmt"/>
        <line num="63" count="27" type="stmt"/>
        <line num="64" count="27" type="cond" truecount="1" falsecount="1"/>
        <line num="65" count="0" type="stmt"/>
        <line num="67" count="27" type="stmt"/>
        <line num="70" count="0" type="stmt"/>
        <line num="74" count="27" type="stmt"/>
        <line num="75" count="27" type="cond" truecount="2" falsecount="0"/>
        <line num="76" count="18" type="stmt"/>
        <line num="78" count="9" type="stmt"/>
        <line num="81" count="0" type="stmt"/>
        <line num="85" count="27" type="stmt"/>
        <line num="86" count="27" type="cond" truecount="4" falsecount="0"/>
        <line num="87" count="18" type="stmt"/>
        <line num="89" count="9" type="stmt"/>
        <line num="92" count="0" type="stmt"/>
        <line num="93" count="0" type="cond" truecount="0" falsecount="2"/>
        <line num="94" count="0" type="stmt"/>
        <line num="95" count="0" type="stmt"/>
        <line num="96" count="0" type="cond" truecount="0" falsecount="4"/>
        <line num="100" count="27" type="stmt"/>
        <line num="101" count="27" type="stmt"/>
        <line num="102" count="27" type="stmt"/>
        <line num="105" count="27" type="stmt"/>
        <line num="106" count="27" type="cond" truecount="2" falsecount="0"/>
        <line num="107" count="18" type="stmt"/>
        <line num="109" count="9" type="stmt"/>
        <line num="112" count="0" type="stmt"/>
        <line num="113" count="0" type="stmt"/>
        <line num="114" count="0" type="stmt"/>
        <line num="119" count="27" type="stmt"/>
        <line num="120" count="27" type="stmt"/>
        <line num="121" count="27" type="stmt"/>
        <line num="122" count="27" type="stmt"/>
        <line num="125" count="27" type="cond" truecount="2" falsecount="0"/>
        <line num="127" count="0" type="stmt"/>
        <line num="128" count="0" type="cond" truecount="0" falsecount="2"/>
        <line num="131" count="3" type="stmt"/>
        <line num="132" count="3" type="stmt"/>
        <line num="134" count="0" type="stmt"/>
        <line num="135" count="0" type="cond" truecount="0" falsecount="2"/>
        <line num="139" count="1" type="stmt"/>
        <line num="140" count="1" type="stmt"/>
        <line num="141" count="1" type="stmt"/>
        <line num="143" count="0" type="stmt"/>
        <line num="144" count="0" type="cond" truecount="0" falsecount="2"/>
        <line num="149" count="2" type="cond" truecount="1" falsecount="1"/>
        <line num="150" count="2" type="cond" truecount="2" falsecount="0"/>
        <line num="155" count="27" type="cond" truecount="3" falsecount="0"/>
        <line num="157" count="27" type="cond" truecount="3" falsecount="0"/>
        <line num="158" count="27" type="cond" truecount="3" falsecount="0"/>
        <line num="160" count="27" type="stmt"/>
        <line num="161" count="27" type="cond" truecount="3" falsecount="1"/>
        <line num="162" count="27" type="stmt"/>
        <line num="164" count="0" type="stmt"/>
        <line num="177" count="9" type="cond" truecount="1" falsecount="1"/>
        <line num="178" count="9" type="cond" truecount="1" falsecount="1"/>
        <line num="179" count="9" type="cond" truecount="3" falsecount="1"/>
        <line num="180" count="9" type="stmt"/>
        <line num="181" count="6" type="cond" truecount="1" falsecount="1"/>
        <line num="182" count="6" type="stmt"/>
        <line num="184" count="9" type="cond" truecount="2" falsecount="0"/>
        <line num="185" count="6" type="stmt"/>
        <line num="187" count="9" type="cond" truecount="1" falsecount="1"/>
        <line num="188" count="9" type="cond" truecount="2" falsecount="0"/>
        <line num="189" count="9" type="cond" truecount="1" falsecount="1"/>
        <line num="190" count="9" type="cond" truecount="3" falsecount="1"/>
        <line num="191" count="9" type="cond" truecount="3" falsecount="1"/>
        <line num="192" count="9" type="cond" truecount="3" falsecount="1"/>
        <line num="193" count="9" type="cond" truecount="1" falsecount="1"/>
        <line num="194" count="9" type="cond" truecount="2" falsecount="3"/>
        <line num="195" count="0" type="stmt"/>
        <line num="197" count="9" type="stmt"/>
        <line num="201" count="9" type="cond" truecount="1" falsecount="2"/>
        <line num="202" count="9" type="stmt"/>
        <line num="203" count="9" type="cond" truecount="1" falsecount="1"/>
        <line num="204" count="12" type="cond" truecount="3" falsecount="1"/>
        <line num="205" count="12" type="stmt"/>
        <line num="207" count="9" type="cond" truecount="1" falsecount="1"/>
        <line num="209" count="9" type="cond" truecount="2" falsecount="2"/>
        <line num="213" count="9" type="stmt"/>
        <line num="214" count="9" type="stmt"/>
        <line num="215" count="24" type="cond" truecount="1" falsecount="1"/>
        <line num="216" count="24" type="cond" truecount="2" falsecount="0"/>
        <line num="219" count="9" type="stmt"/>
        <line num="220" count="9" type="stmt"/>
        <line num="221" count="9" type="stmt"/>
        <line num="223" count="9" type="cond" truecount="1" falsecount="1"/>
        <line num="224" count="9" type="stmt"/>
        <line num="228" count="9" type="cond" truecount="3" falsecount="1"/>
        <line num="229" count="9" type="stmt"/>
        <line num="230" count="9" type="stmt"/>
        <line num="232" count="0" type="stmt"/>
        <line num="235" count="0" type="stmt"/>
        <line num="249" count="0" type="stmt"/>
        <line num="253" count="9" type="cond" truecount="1" falsecount="1"/>
        <line num="254" count="9" type="cond" truecount="2" falsecount="0"/>
        <line num="255" count="9" type="stmt"/>
        <line num="256" count="12" type="cond" truecount="4" falsecount="0"/>
        <line num="258" count="9" type="stmt"/>
        <line num="259" count="9" type="stmt"/>
        <line num="260" count="9" type="cond" truecount="1" falsecount="1"/>
        <line num="262" count="9" type="stmt"/>
        <line num="273" count="9" type="stmt"/>
        <line num="274" count="9" type="cond" truecount="1" falsecount="1"/>
        <line num="289" count="9" type="stmt"/>
        <line num="290" count="9" type="cond" truecount="2" falsecount="1"/>
        <line num="291" count="9" type="cond" truecount="1" falsecount="1"/>
        <line num="293" count="9" type="stmt"/>
        <line num="295" count="9" type="cond" truecount="0" falsecount="1"/>
        <line num="296" count="12" type="cond" truecount="1" falsecount="1"/>
        <line num="297" count="12" type="stmt"/>
        <line num="299" count="9" type="cond" truecount="1" falsecount="1"/>
        <line num="300" count="9" type="cond" truecount="2" falsecount="0"/>
        <line num="302" count="9" type="cond" truecount="2" falsecount="0"/>
        <line num="303" count="9" type="cond" truecount="2" falsecount="2"/>
        <line num="304" count="9" type="cond" truecount="1" falsecount="1"/>
        <line num="306" count="9" type="cond" truecount="4" falsecount="0"/>
        <line num="307" count="9" type="cond" truecount="5" falsecount="0"/>
        <line num="308" count="2" type="stmt"/>
        <line num="309" count="2" type="stmt"/>
        <line num="311" count="0" type="stmt"/>
        <line num="314" count="9" type="cond" truecount="2" falsecount="0"/>
        <line num="315" count="2" type="stmt"/>
        <line num="323" count="9" type="cond" truecount="3" falsecount="1"/>
        <line num="324" count="9" type="cond" truecount="4" falsecount="0"/>
        <line num="325" count="9" type="cond" truecount="1" falsecount="1"/>
        <line num="326" count="9" type="stmt"/>
        <line num="327" count="9" type="cond" truecount="2" falsecount="2"/>
        <line num="328" count="9" type="cond" truecount="1" falsecount="1"/>
        <line num="331" count="9" type="stmt"/>
        <line num="342" count="9" type="stmt"/>
        <line num="357" count="0" type="stmt"/>
        <line num="358" count="0" type="cond" truecount="0" falsecount="4"/>
        <line num="359" count="0" type="stmt"/>
        <line num="361" count="0" type="cond" truecount="0" falsecount="2"/>
        <line num="366" count="27" type="stmt"/>
        <line num="368" count="27" type="stmt"/>
        <line num="369" count="27" type="stmt"/>
        <line num="370" count="1" type="stmt"/>
        <line num="372" count="27" type="cond" truecount="2" falsecount="0"/>
        <line num="373" count="3" type="stmt"/>
        <line num="374" count="1" type="stmt"/>
        <line num="375" count="1" type="stmt"/>
        <line num="379" count="27" type="stmt"/>
        <line num="380" count="0" type="stmt"/>
        <line num="381" count="0" type="cond" truecount="0" falsecount="2"/>
        <line num="382" count="0" type="cond" truecount="0" falsecount="2"/>
        <line num="383" count="0" type="stmt"/>
        <line num="387" count="27" type="cond" truecount="2" falsecount="0"/>
        <line num="388" count="27" type="stmt"/>
        <line num="390" count="27" type="stmt"/>
        <line num="391" count="27" type="cond" truecount="2" falsecount="0"/>
        <line num="392" count="27" type="cond" truecount="4" falsecount="0"/>
        <line num="393" count="27" type="stmt"/>
        <line num="394" count="27" type="cond" truecount="4" falsecount="0"/>
        <line num="399" count="27" type="stmt"/>
        <line num="400" count="27" type="cond" truecount="3" falsecount="3"/>
        <line num="401" count="0" type="stmt"/>
        <line num="402" count="0" type="cond" truecount="0" falsecount="2"/>
        <line num="403" count="0" type="cond" truecount="0" falsecount="2"/>
        <line num="404" count="0" type="cond" truecount="0" falsecount="7"/>
        <line num="405" count="0" type="stmt"/>
        <line num="412" count="4" type="stmt"/>
        <line num="414" count="4" type="cond" truecount="1" falsecount="1"/>
        <line num="415" count="0" type="stmt"/>
        <line num="416" count="0" type="cond" truecount="0" falsecount="2"/>
        <line num="420" count="4" type="stmt"/>
        <line num="421" count="4" type="cond" truecount="2" falsecount="0"/>
        <line num="424" count="4" type="cond" truecount="3" falsecount="1"/>
        <line num="425" count="0" type="stmt"/>
        <line num="426" count="0" type="stmt"/>
        <line num="428" count="0" type="stmt"/>
        <line num="430" count="0" type="stmt"/>
        <line num="434" count="4" type="stmt"/>
        <line num="436" count="0" type="stmt"/>
        <line num="437" count="0" type="stmt"/>
        <line num="442" count="0" type="stmt"/>
        <line num="444" count="0" type="cond" truecount="0" falsecount="2"/>
        <line num="445" count="0" type="stmt"/>
        <line num="446" count="0" type="cond" truecount="0" falsecount="2"/>
        <line num="450" count="0" type="stmt"/>
        <line num="451" count="0" type="cond" truecount="0" falsecount="2"/>
        <line num="454" count="0" type="cond" truecount="0" falsecount="4"/>
        <line num="455" count="0" type="stmt"/>
        <line num="456" count="0" type="stmt"/>
        <line num="458" count="0" type="stmt"/>
        <line num="460" count="0" type="stmt"/>
        <line num="464" count="0" type="stmt"/>
        <line num="466" count="0" type="stmt"/>
        <line num="467" count="0" type="stmt"/>
        <line num="472" count="9" type="stmt"/>
        <line num="476" count="27" type="cond" truecount="2" falsecount="0"/>
        <line num="478" count="1" type="stmt"/>
        <line num="480" count="1" type="stmt"/>
        <line num="481" count="1" type="stmt"/>
        <line num="482" count="1" type="cond" truecount="2" falsecount="3"/>
        <line num="483" count="1" type="cond" truecount="2" falsecount="2"/>
        <line num="485" count="0" type="stmt"/>
        <line num="491" count="0" type="cond" truecount="0" falsecount="2"/>
        <line num="494" count="0" type="cond" truecount="0" falsecount="4"/>
        <line num="495" count="0" type="stmt"/>
        <line num="504" count="0" type="cond" truecount="0" falsecount="4"/>
        <line num="505" count="0" type="stmt"/>
        <line num="513" count="0" type="stmt"/>
        <line num="514" count="0" type="stmt"/>
        <line num="532" count="0" type="stmt"/>
        <line num="533" count="0" type="stmt"/>
        <line num="536" count="0" type="stmt"/>
        <line num="542" count="0" type="cond" truecount="0" falsecount="2"/>
        <line num="544" count="0" type="stmt"/>
        <line num="550" count="0" type="cond" truecount="0" falsecount="2"/>
        <line num="552" count="0" type="stmt"/>
        <line num="555" count="0" type="stmt"/>
        <line num="556" count="0" type="stmt"/>
        <line num="557" count="0" type="stmt"/>
        <line num="559" count="0" type="stmt"/>
        <line num="561" count="0" type="stmt"/>
        <line num="565" count="27" type="stmt"/>
        <line num="567" count="27" type="cond" truecount="1" falsecount="1"/>
        <line num="572" count="0" type="cond" truecount="0" falsecount="2"/>
        <line num="573" count="0" type="stmt"/>
        <line num="574" count="0" type="cond" truecount="0" falsecount="2"/>
        <line num="575" count="0" type="stmt"/>
        <line num="583" count="0" type="stmt"/>
        <line num="584" count="0" type="cond" truecount="0" falsecount="2"/>
        <line num="585" count="0" type="cond" truecount="0" falsecount="2"/>
        <line num="586" count="0" type="stmt"/>
        <line num="587" count="0" type="stmt"/>
        <line num="590" count="0" type="stmt"/>
        <line num="596" count="0" type="cond" truecount="0" falsecount="2"/>
        <line num="597" count="0" type="stmt"/>
        <line num="603" count="0" type="stmt"/>
        <line num="604" count="0" type="cond" truecount="0" falsecount="2"/>
        <line num="606" count="0" type="stmt"/>
        <line num="617" count="0" type="cond" truecount="0" falsecount="4"/>
        <line num="618" count="0" type="stmt"/>
        <line num="624" count="0" type="cond" truecount="0" falsecount="4"/>
        <line num="625" count="0" type="cond" truecount="0" falsecount="4"/>
        <line num="626" count="0" type="stmt"/>
        <line num="633" count="0" type="stmt"/>
        <line num="640" count="0" type="stmt"/>
        <line num="641" count="0" type="cond" truecount="0" falsecount="4"/>
        <line num="642" count="0" type="stmt"/>
        <line num="648" count="0" type="cond" truecount="0" falsecount="2"/>
        <line num="652" count="7" type="cond" truecount="1" falsecount="1"/>
        <line num="653" count="7" type="cond" truecount="1" falsecount="1"/>
        <line num="654" count="7" type="cond" truecount="3" falsecount="1"/>
        <line num="655" count="7" type="stmt"/>
        <line num="656" count="7" type="stmt"/>
        <line num="660" count="0" type="cond" truecount="0" falsecount="3"/>
        <line num="663" count="0" type="stmt"/>
        <line num="664" count="0" type="stmt"/>
        <line num="665" count="0" type="cond" truecount="0" falsecount="2"/>
        <line num="666" count="0" type="stmt"/>
        <line num="667" count="0" type="stmt"/>
        <line num="670" count="0" type="stmt"/>
        <line num="671" count="0" type="stmt"/>
        <line num="675" count="0" type="stmt"/>
        <line num="676" count="0" type="stmt"/>
        <line num="680" count="0" type="stmt"/>
        <line num="681" count="0" type="stmt"/>
        <line num="688" count="0" type="stmt"/>
        <line num="689" count="0" type="stmt"/>
        <line num="698" count="0" type="stmt"/>
        <line num="699" count="0" type="stmt"/>
        <line num="701" count="0" type="cond" truecount="0" falsecount="2"/>
        <line num="703" count="0" type="stmt"/>
        <line num="705" count="0" type="cond" truecount="0" falsecount="2"/>
        <line num="708" count="0" type="stmt"/>
        <line num="709" count="0" type="stmt"/>
        <line num="712" count="0" type="cond" truecount="0" falsecount="2"/>
        <line num="713" count="0" type="stmt"/>
        <line num="714" count="0" type="stmt"/>
        <line num="715" count="0" type="stmt"/>
        <line num="716" count="0" type="cond" truecount="0" falsecount="2"/>
        <line num="719" count="0" type="stmt"/>
        <line num="722" count="0" type="cond" truecount="0" falsecount="4"/>
        <line num="723" count="0" type="stmt"/>
        <line num="724" count="0" type="cond" truecount="0" falsecount="2"/>
        <line num="725" count="0" type="stmt"/>
        <line num="726" count="0" type="cond" truecount="0" falsecount="2"/>
        <line num="727" count="0" type="stmt"/>
        <line num="728" count="0" type="cond" truecount="0" falsecount="2"/>
        <line num="729" count="0" type="stmt"/>
        <line num="733" count="33" type="stmt"/>
        <line num="734" count="33" type="stmt"/>
        <line num="735" count="31" type="stmt"/>
        <line num="740" count="31" type="stmt"/>
        <line num="745" count="31" type="stmt"/>
        <line num="754" count="27" type="stmt"/>
        <line num="756" count="27" type="stmt"/>
        <line num="757" count="6" type="stmt"/>
        <line num="760" count="6" type="stmt"/>
        <line num="761" count="6" type="cond" truecount="2" falsecount="0"/>
        <line num="762" count="3" type="stmt"/>
        <line num="763" count="3" type="stmt"/>
        <line num="764" count="2" type="stmt"/>
        <line num="767" count="1" type="stmt"/>
        <line num="770" count="6" type="cond" truecount="2" falsecount="0"/>
        <line num="771" count="3" type="stmt"/>
        <line num="772" count="3" type="stmt"/>
        <line num="773" count="3" type="cond" truecount="2" falsecount="0"/>
        <line num="774" count="2" type="stmt"/>
        <line num="775" count="2" type="stmt"/>
        <line num="776" count="2" type="stmt"/>
        <line num="777" count="1" type="cond" truecount="1" falsecount="1"/>
        <line num="778" count="1" type="stmt"/>
        <line num="781" count="2" type="stmt"/>
        <line num="788" count="1" type="cond" truecount="1" falsecount="1"/>
        <line num="789" count="1" type="stmt"/>
        <line num="790" count="1" type="stmt"/>
        <line num="791" count="1" type="stmt"/>
        <line num="795" count="3" type="stmt"/>
        <line num="798" count="27" type="cond" truecount="2" falsecount="0"/>
        <line num="800" count="27" type="stmt"/>
        <line num="801" count="0" type="cond" truecount="0" falsecount="4"/>
        <line num="802" count="0" type="stmt"/>
        <line num="803" count="0" type="cond" truecount="0" falsecount="2"/>
        <line num="804" count="0" type="stmt"/>
        <line num="805" count="0" type="stmt"/>
        <line num="806" count="0" type="stmt"/>
        <line num="808" count="0" type="cond" truecount="0" falsecount="2"/>
        <line num="809" count="0" type="stmt"/>
        <line num="810" count="0" type="stmt"/>
        <line num="812" count="0" type="cond" truecount="0" falsecount="2"/>
        <line num="813" count="0" type="cond" truecount="0" falsecount="4"/>
        <line num="814" count="0" type="stmt"/>
        <line num="815" count="0" type="cond" truecount="0" falsecount="2"/>
        <line num="816" count="0" type="stmt"/>
        <line num="817" count="0" type="cond" truecount="0" falsecount="2"/>
        <line num="818" count="0" type="stmt"/>
        <line num="819" count="0" type="stmt"/>
        <line num="825" count="27" type="stmt"/>
        <line num="826" count="0" type="cond" truecount="0" falsecount="2"/>
        <line num="827" count="0" type="cond" truecount="0" falsecount="2"/>
        <line num="828" count="0" type="cond" truecount="0" falsecount="2"/>
        <line num="829" count="0" type="stmt"/>
        <line num="830" count="0" type="stmt"/>
        <line num="831" count="0" type="cond" truecount="0" falsecount="6"/>
        <line num="832" count="0" type="stmt"/>
        <line num="833" count="0" type="stmt"/>
        <line num="841" count="27" type="stmt"/>
        <line num="842" count="27" type="stmt"/>
        <line num="843" count="27" type="stmt"/>
        <line num="844" count="27" type="stmt"/>
        <line num="845" count="27" type="stmt"/>
        <line num="846" count="27" type="stmt"/>
        <line num="847" count="27" type="stmt"/>
        <line num="848" count="27" type="stmt"/>
        <line num="851" count="27" type="stmt"/>
        <line num="852" count="27" type="stmt"/>
        <line num="853" count="27" type="stmt"/>
        <line num="854" count="27" type="stmt"/>
        <line num="855" count="27" type="stmt"/>
        <line num="856" count="27" type="stmt"/>
        <line num="857" count="27" type="stmt"/>
        <line num="860" count="8" type="stmt"/>
        <line num="861" count="8" type="stmt"/>
        <line num="862" count="8" type="stmt"/>
        <line num="863" count="8" type="stmt"/>
        <line num="864" count="8" type="stmt"/>
        <line num="865" count="8" type="stmt"/>
        <line num="867" count="8" type="cond" truecount="2" falsecount="0"/>
        <line num="868" count="8" type="stmt"/>
        <line num="869" count="8" type="cond" truecount="1" falsecount="1"/>
        <line num="870" count="8" type="stmt"/>
        <line num="876" count="1" type="stmt"/>
        <line num="877" count="3" type="stmt"/>
        <line num="879" count="3" type="stmt"/>
        <line num="880" count="3" type="cond" truecount="1" falsecount="1"/>
        <line num="881" count="3" type="cond" truecount="2" falsecount="0"/>
        <line num="882" count="3" type="stmt"/>
        <line num="883" count="2" type="cond" truecount="3" falsecount="1"/>
        <line num="889" count="0" type="stmt"/>
        <line num="890" count="0" type="stmt"/>
        <line num="891" count="0" type="cond" truecount="0" falsecount="2"/>
        <line num="892" count="0" type="cond" truecount="0" falsecount="2"/>
        <line num="893" count="0" type="cond" truecount="0" falsecount="2"/>
        <line num="894" count="0" type="cond" truecount="0" falsecount="2"/>
        <line num="895" count="0" type="cond" truecount="0" falsecount="2"/>
        <line num="896" count="0" type="cond" truecount="0" falsecount="4"/>
        <line num="897" count="0" type="cond" truecount="0" falsecount="2"/>
        <line num="898" count="0" type="stmt"/>
        <line num="899" count="0" type="stmt"/>
        <line num="903" count="27" type="stmt"/>
        <line num="911" count="27" type="stmt"/>
        <line num="912" count="1" type="cond" truecount="4" falsecount="2"/>
        <line num="914" count="27" type="stmt"/>
        <line num="915" count="0" type="stmt"/>
        <line num="916" count="0" type="stmt"/>
        <line num="918" count="0" type="stmt"/>
        <line num="919" count="0" type="cond" truecount="0" falsecount="2"/>
        <line num="920" count="0" type="cond" truecount="0" falsecount="2"/>
        <line num="921" count="0" type="stmt"/>
        <line num="924" count="0" type="stmt"/>
        <line num="929" count="0" type="stmt"/>
        <line num="932" count="27" type="stmt"/>
        <line num="933" count="3" type="cond" truecount="3" falsecount="1"/>
        <line num="934" count="3" type="stmt"/>
        <line num="936" count="0" type="stmt"/>
        <line num="937" count="0" type="stmt"/>
        <line num="938" count="0" type="stmt"/>
        <line num="939" count="0" type="cond" truecount="0" falsecount="2"/>
        <line num="940" count="0" type="cond" truecount="0" falsecount="2"/>
        <line num="941" count="0" type="cond" truecount="0" falsecount="4"/>
        <line num="942" count="0" type="cond" truecount="0" falsecount="6"/>
        <line num="943" count="0" type="stmt"/>
        <line num="952" count="0" type="stmt"/>
        <line num="955" count="27" type="stmt"/>
        <line num="958" count="2" type="cond" truecount="3" falsecount="1"/>
        <line num="959" count="2" type="stmt"/>
        <line num="961" count="0" type="stmt"/>
        <line num="962" count="0" type="cond" truecount="0" falsecount="2"/>
        <line num="963" count="0" type="cond" truecount="0" falsecount="2"/>
        <line num="964" count="0" type="cond" truecount="0" falsecount="2"/>
        <line num="965" count="0" type="cond" truecount="0" falsecount="2"/>
        <line num="966" count="0" type="cond" truecount="0" falsecount="2"/>
        <line num="967" count="0" type="cond" truecount="0" falsecount="2"/>
        <line num="968" count="0" type="cond" truecount="0" falsecount="2"/>
        <line num="969" count="0" type="stmt"/>
        <line num="970" count="0" type="stmt"/>
        <line num="972" count="0" type="cond" truecount="0" falsecount="2"/>
        <line num="973" count="0" type="stmt"/>
        <line num="974" count="0" type="stmt"/>
        <line num="976" count="0" type="stmt"/>
        <line num="978" count="0" type="stmt"/>
        <line num="982" count="3" type="cond" truecount="3" falsecount="1"/>
        <line num="983" count="3" type="stmt"/>
        <line num="984" count="3" type="stmt"/>
        <line num="986" count="0" type="stmt"/>
        <line num="987" count="0" type="stmt"/>
        <line num="992" count="2" type="stmt"/>
        <line num="993" count="2" type="cond" truecount="3" falsecount="1"/>
        <line num="994" count="2" type="stmt"/>
        <line num="995" count="2" type="stmt"/>
        <line num="996" count="2" type="cond" truecount="2" falsecount="0"/>
        <line num="997" count="2" type="cond" truecount="1" falsecount="1"/>
        <line num="998" count="2" type="cond" truecount="2" falsecount="3"/>
        <line num="999" count="0" type="stmt"/>
        <line num="1000" count="0" type="stmt"/>
        <line num="1001" count="0" type="stmt"/>
        <line num="1003" count="0" type="stmt"/>
        <line num="1006" count="2" type="stmt"/>
        <line num="1016" count="2" type="stmt"/>
        <line num="1020" count="0" type="cond" truecount="0" falsecount="4"/>
        <line num="1021" count="0" type="stmt"/>
        <line num="1023" count="0" type="cond" truecount="0" falsecount="4"/>
        <line num="1024" count="0" type="stmt"/>
        <line num="1025" count="0" type="stmt"/>
        <line num="1026" count="0" type="stmt"/>
        <line num="1028" count="0" type="stmt"/>
        <line num="1031" count="0" type="stmt"/>
        <line num="1035" count="0" type="stmt"/>
        <line num="1036" count="0" type="stmt"/>
        <line num="1037" count="0" type="stmt"/>
        <line num="1038" count="0" type="stmt"/>
        <line num="1039" count="0" type="stmt"/>
        <line num="1040" count="0" type="stmt"/>
        <line num="1042" count="0" type="stmt"/>
        <line num="1043" count="0" type="stmt"/>
        <line num="1048" count="0" type="stmt"/>
        <line num="1052" count="25" type="stmt"/>
        <line num="1054" count="25" type="cond" truecount="2" falsecount="0"/>
        <line num="1055" count="24" type="stmt"/>
        <line num="1056" count="24" type="stmt"/>
        <line num="1057" count="1" type="cond" truecount="1" falsecount="1"/>
        <line num="1058" count="1" type="stmt"/>
        <line num="1059" count="1" type="stmt"/>
        <line num="1060" count="1" type="stmt"/>
        <line num="1061" count="0" type="stmt"/>
        <line num="1063" count="25" type="cond" truecount="3" falsecount="1"/>
        <line num="1064" count="25" type="cond" truecount="2" falsecount="0"/>
        <line num="1067" count="24" type="stmt"/>
        <line num="1068" count="24" type="stmt"/>
        <line num="1069" count="24" type="stmt"/>
        <line num="1070" count="24" type="cond" truecount="2" falsecount="0"/>
        <line num="1071" count="22" type="cond" truecount="2" falsecount="0"/>
        <line num="1072" count="24" type="stmt"/>
        <line num="1073" count="24" type="stmt"/>
        <line num="1074" count="24" type="stmt"/>
        <line num="1075" count="24" type="stmt"/>
        <line num="1078" count="24" type="stmt"/>
        <line num="1079" count="24" type="stmt"/>
        <line num="1080" count="24" type="cond" truecount="1" falsecount="1"/>
        <line num="1081" count="24" type="cond" truecount="1" falsecount="1"/>
        <line num="1082" count="24" type="stmt"/>
        <line num="1083" count="24" type="stmt"/>
        <line num="1084" count="24" type="stmt"/>
        <line num="1087" count="24" type="stmt"/>
        <line num="1088" count="24" type="stmt"/>
        <line num="1089" count="24" type="stmt"/>
        <line num="1090" count="24" type="stmt"/>
        <line num="1091" count="24" type="stmt"/>
        <line num="1092" count="24" type="stmt"/>
        <line num="1093" count="24" type="stmt"/>
        <line num="1096" count="24" type="cond" truecount="2" falsecount="0"/>
        <line num="1097" count="24" type="stmt"/>
        <line num="1098" count="24" type="stmt"/>
        <line num="1099" count="24" type="stmt"/>
        <line num="1100" count="24" type="stmt"/>
        <line num="1103" count="24" type="cond" truecount="2" falsecount="0"/>
        <line num="1104" count="2" type="stmt"/>
        <line num="1105" count="2" type="stmt"/>
        <line num="1106" count="2" type="stmt"/>
        <line num="1107" count="2" type="stmt"/>
        <line num="1108" count="2" type="stmt"/>
        <line num="1112" count="24" type="stmt"/>
        <line num="1113" count="24" type="cond" truecount="2" falsecount="0"/>
        <line num="1114" count="22" type="cond" truecount="2" falsecount="0"/>
        <line num="1115" count="24" type="stmt"/>
        <line num="1116" count="24" type="stmt"/>
        <line num="1117" count="24" type="stmt"/>
        <line num="1118" count="24" type="stmt"/>
        <line num="1120" count="24" type="stmt"/>
        <line num="1121" count="24" type="stmt"/>
        <line num="1125" count="25" type="stmt"/>
        <line num="1126" count="25" type="cond" truecount="4" falsecount="0"/>
        <line num="1127" count="25" type="stmt"/>
        <line num="1128" count="25" type="cond" truecount="1" falsecount="1"/>
        <line num="1129" count="25" type="cond" truecount="2" falsecount="0"/>
        <line num="1131" count="25" type="stmt"/>
        <line num="1133" count="27" type="cond" truecount="3" falsecount="0"/>
        <line num="1134" count="27" type="cond" truecount="1" falsecount="1"/>
        <line num="1135" count="0" type="stmt"/>
        <line num="1136" count="0" type="stmt"/>
        <line num="1137" count="0" type="stmt"/>
        <line num="1138" count="0" type="stmt"/>
        <line num="1141" count="39" type="cond" truecount="2" falsecount="0"/>
        <line num="1142" count="15" type="stmt"/>
        <line num="1144" count="15" type="stmt"/>
        <line num="1151" count="0" type="stmt"/>
        <line num="1154" count="39" type="stmt"/>
        <line num="1157" count="27" type="stmt"/>
        <line num="1160" count="27" type="stmt"/>
        <line num="1161" count="9" type="cond" truecount="1" falsecount="1"/>
        <line num="1162" count="9" type="cond" truecount="1" falsecount="1"/>
        <line num="1163" count="9" type="cond" truecount="1" falsecount="1"/>
        <line num="1166" count="27" type="stmt"/>
        <line num="1167" count="12" type="cond" truecount="2" falsecount="2"/>
        <line num="1168" count="0" type="stmt"/>
        <line num="1177" count="27" type="stmt"/>
        <line num="1178" count="12" type="cond" truecount="3" falsecount="0"/>
        <line num="1179" count="12" type="cond" truecount="2" falsecount="0"/>
        <line num="1181" count="6" type="cond" truecount="2" falsecount="0"/>
        <line num="1183" count="4" type="stmt"/>
        <line num="1184" count="4" type="stmt"/>
        <line num="1185" count="4" type="cond" truecount="5" falsecount="0"/>
        <line num="1187" count="0" type="stmt"/>
        <line num="1192" count="9" type="stmt"/>
        <line num="1194" count="9" type="stmt"/>
        <line num="1195" count="12" type="stmt"/>
        <line num="1196" count="12" type="stmt"/>
        <line num="1197" count="12" type="stmt"/>
        <line num="1198" count="12" type="cond" truecount="2" falsecount="3"/>
        <line num="1199" count="12" type="cond" truecount="2" falsecount="0"/>
        <line num="1200" count="2" type="stmt"/>
        <line num="1204" count="7" type="stmt"/>
        <line num="1208" count="27" type="stmt"/>
        <line num="1209" count="9" type="cond" truecount="2" falsecount="0"/>
        <line num="1210" count="9" type="stmt"/>
        <line num="1212" count="9" type="stmt"/>
        <line num="1213" count="9" type="cond" truecount="1" falsecount="1"/>
        <line num="1215" count="9" type="cond" truecount="2" falsecount="4"/>
        <line num="1216" count="9" type="cond" truecount="1" falsecount="1"/>
        <line num="1218" count="9" type="cond" truecount="2" falsecount="0"/>
        <line num="1223" count="9" type="stmt"/>
        <line num="1224" count="9" type="stmt"/>
        <line num="1225" count="9" type="stmt"/>
        <line num="1226" count="9" type="stmt"/>
        <line num="1227" count="9" type="stmt"/>
        <line num="1228" count="9" type="stmt"/>
        <line num="1230" count="9" type="stmt"/>
        <line num="1233" count="27" type="stmt"/>
        <line num="1234" count="6" type="stmt"/>
        <line num="1235" count="6" type="stmt"/>
        <line num="1236" count="6" type="cond" truecount="1" falsecount="1"/>
        <line num="1237" count="6" type="cond" truecount="1" falsecount="1"/>
        <line num="1238" count="6" type="stmt"/>
        <line num="1243" count="27" type="stmt"/>
        <line num="1244" count="6" type="cond" truecount="1" falsecount="1"/>
        <line num="1245" count="0" type="stmt"/>
        <line num="1246" count="0" type="stmt"/>
        <line num="1248" count="6" type="stmt"/>
        <line num="1249" count="6" type="stmt"/>
        <line num="1250" count="6" type="stmt"/>
        <line num="1251" count="6" type="stmt"/>
        <line num="1252" count="6" type="stmt"/>
        <line num="1256" count="27" type="stmt"/>
        <line num="1257" count="6" type="cond" truecount="2" falsecount="0"/>
        <line num="1259" count="6" type="cond" truecount="2" falsecount="3"/>
        <line num="1260" count="0" type="stmt"/>
        <line num="1271" count="0" type="cond" truecount="0" falsecount="4"/>
        <line num="1272" count="0" type="stmt"/>
        <line num="1273" count="0" type="stmt"/>
        <line num="1275" count="0" type="stmt"/>
        <line num="1278" count="6" type="stmt"/>
        <line num="1281" count="6" type="stmt"/>
        <line num="1285" count="9" type="cond" truecount="1" falsecount="1"/>
        <line num="1286" count="9" type="cond" truecount="1" falsecount="1"/>
        <line num="1297" count="9" type="stmt"/>
        <line num="1299" count="9" type="stmt"/>
        <line num="1300" count="9" type="cond" truecount="3" falsecount="0"/>
        <line num="1301" count="9" type="cond" truecount="2" falsecount="0"/>
        <line num="1303" count="9" type="cond" truecount="1" falsecount="1"/>
        <line num="1305" count="9" type="stmt"/>
        <line num="1306" count="9" type="stmt"/>
        <line num="1307" count="9" type="cond" truecount="1" falsecount="1"/>
        <line num="1308" count="9" type="stmt"/>
        <line num="1309" count="9" type="stmt"/>
        <line num="1311" count="9" type="stmt"/>
        <line num="1312" count="9" type="cond" truecount="1" falsecount="1"/>
        <line num="1313" count="9" type="stmt"/>
        <line num="1315" count="9" type="stmt"/>
        <line num="1316" count="9" type="stmt"/>
        <line num="1317" count="9" type="cond" truecount="2" falsecount="0"/>
        <line num="1318" count="1" type="stmt"/>
        <line num="1327" count="9" type="stmt"/>
        <line num="1328" count="9" type="stmt"/>
        <line num="1335" count="3" type="cond" truecount="2" falsecount="0"/>
        <line num="1336" count="2" type="cond" truecount="2" falsecount="0"/>
        <line num="1337" count="1" type="stmt"/>
        <line num="1338" count="1" type="stmt"/>
        <line num="1340" count="1" type="stmt"/>
        <line num="1344" count="1" type="cond" truecount="2" falsecount="2"/>
        <line num="1345" count="1" type="stmt"/>
        <line num="1349" count="0" type="cond" truecount="0" falsecount="2"/>
        <line num="1350" count="0" type="stmt"/>
        <line num="1351" count="0" type="stmt"/>
        <line num="1353" count="0" type="stmt"/>
        <line num="1354" count="0" type="cond" truecount="0" falsecount="2"/>
        <line num="1355" count="0" type="stmt"/>
        <line num="1356" count="0" type="stmt"/>
        <line num="1357" count="0" type="cond" truecount="0" falsecount="2"/>
        <line num="1358" count="0" type="cond" truecount="0" falsecount="4"/>
        <line num="1359" count="0" type="cond" truecount="0" falsecount="2"/>
        <line num="1360" count="0" type="stmt"/>
        <line num="1361" count="0" type="stmt"/>
        <line num="1362" count="0" type="cond" truecount="0" falsecount="4"/>
        <line num="1363" count="0" type="stmt"/>
        <line num="1365" count="0" type="stmt"/>
        <line num="1368" count="6" type="cond" truecount="2" falsecount="0"/>
        <line num="1369" count="6" type="stmt"/>
        <line num="1371" count="6" type="cond" truecount="1" falsecount="1"/>
        <line num="1373" count="6" type="stmt"/>
        <line num="1374" count="6" type="stmt"/>
        <line num="1376" count="6" type="stmt"/>
        <line num="1378" count="6" type="stmt"/>
        <line num="1379" count="6" type="stmt"/>
        <line num="1381" count="5" type="stmt"/>
        <line num="1382" count="5" type="stmt"/>
        <line num="1385" count="1" type="stmt"/>
        <line num="1389" count="1" type="stmt"/>
        <line num="1390" count="1" type="stmt"/>
        <line num="1395" count="1" type="cond" truecount="1" falsecount="1"/>
        <line num="1397" count="8" type="stmt"/>
        <line num="1398" count="8" type="stmt"/>
        <line num="1399" count="8" type="stmt"/>
        <line num="1400" count="8" type="cond" truecount="1" falsecount="1"/>
        <line num="1405" count="27" type="stmt"/>
        <line num="1406" count="27" type="stmt"/>
        <line num="1407" count="27" type="stmt"/>
        <line num="1408" count="27" type="stmt"/>
        <line num="1410" count="27" type="stmt"/>
        <line num="1411" count="0" type="stmt"/>
        <line num="1412" count="0" type="stmt"/>
        <line num="1414" count="0" type="cond" truecount="0" falsecount="2"/>
        <line num="1415" count="0" type="stmt"/>
        <line num="1418" count="0" type="stmt"/>
        <line num="1421" count="0" type="stmt"/>
        <line num="1422" count="0" type="stmt"/>
        <line num="1425" count="0" type="cond" truecount="0" falsecount="2"/>
        <line num="1426" count="0" type="stmt"/>
        <line num="1430" count="0" type="stmt"/>
        <line num="1431" count="0" type="stmt"/>
        <line num="1436" count="27" type="stmt"/>
        <line num="1437" count="27" type="stmt"/>
        <line num="1438" count="27" type="stmt"/>
        <line num="1440" count="27" type="stmt"/>
        <line num="1441" count="27" type="stmt"/>
        <line num="1448" count="27" type="stmt"/>
        <line num="1451" count="27" type="cond" truecount="1" falsecount="1"/>
        <line num="1452" count="0" type="stmt"/>
        <line num="1456" count="27" type="cond" truecount="1" falsecount="1"/>
        <line num="1457" count="0" type="stmt"/>
        <line num="1461" count="27" type="stmt"/>
        <line num="1463" count="27" type="stmt"/>
        <line num="1464" count="27" type="stmt"/>
        <line num="1466" count="27" type="cond" truecount="1" falsecount="1"/>
        <line num="1467" count="27" type="stmt"/>
        <line num="1468" count="27" type="stmt"/>
        <line num="1472" count="0" type="cond" truecount="0" falsecount="4"/>
        <line num="1473" count="0" type="stmt"/>
        <line num="1474" count="0" type="stmt"/>
        <line num="1477" count="0" type="stmt"/>
        <line num="1479" count="0" type="stmt"/>
        <line num="1480" count="0" type="stmt"/>
        <line num="1485" count="27" type="stmt"/>
        <line num="1487" count="27" type="stmt"/>
        <line num="1493" count="27" type="stmt"/>
        <line num="1494" count="0" type="cond" truecount="0" falsecount="5"/>
        <line num="1495" count="0" type="stmt"/>
        <line num="1499" count="0" type="cond" truecount="0" falsecount="2"/>
        <line num="1500" count="0" type="cond" truecount="0" falsecount="5"/>
        <line num="1501" count="0" type="stmt"/>
        <line num="1509" count="0" type="cond" truecount="0" falsecount="4"/>
        <line num="1510" count="0" type="stmt"/>
        <line num="1513" count="0" type="stmt"/>
        <line num="1516" count="27" type="stmt"/>
        <line num="1517" count="0" type="cond" truecount="0" falsecount="4"/>
        <line num="1518" count="0" type="stmt"/>
        <line num="1521" count="0" type="stmt"/>
        <line num="1524" count="0" type="cond" truecount="0" falsecount="4"/>
        <line num="1525" count="0" type="stmt"/>
        <line num="1526" count="0" type="cond" truecount="0" falsecount="2"/>
        <line num="1527" count="0" type="stmt"/>
        <line num="1531" count="0" type="stmt"/>
        <line num="1533" count="0" type="stmt"/>
        <line num="1537" count="0" type="cond" truecount="0" falsecount="4"/>
        <line num="1538" count="0" type="stmt"/>
        <line num="1542" count="0" type="stmt"/>
        <line num="1546" count="0" type="cond" truecount="0" falsecount="4"/>
        <line num="1547" count="0" type="stmt"/>
        <line num="1548" count="0" type="cond" truecount="0" falsecount="2"/>
        <line num="1549" count="0" type="stmt"/>
        <line num="1553" count="0" type="stmt"/>
        <line num="1558" count="0" type="cond" truecount="0" falsecount="4"/>
        <line num="1559" count="0" type="stmt"/>
        <line num="1563" count="0" type="stmt"/>
        <line num="1566" count="0" type="stmt"/>
        <line num="1571" count="27" type="stmt"/>
        <line num="1572" count="27" type="cond" truecount="5" falsecount="1"/>
        <line num="1573" count="27" type="stmt"/>
        <line num="1574" count="27" type="stmt"/>
        <line num="1576" count="0" type="stmt"/>
        <line num="1577" count="0" type="stmt"/>
        <line num="1579" count="0" type="stmt"/>
        <line num="1581" count="0" type="stmt"/>
        <line num="1585" count="0" type="stmt"/>
        <line num="1587" count="0" type="stmt"/>
        <line num="1609" count="0" type="stmt"/>
        <line num="1612" count="0" type="stmt"/>
        <line num="1613" count="0" type="stmt"/>
        <line num="1617" count="11" type="cond" truecount="2" falsecount="0"/>
        <line num="1618" count="5" type="stmt"/>
        <line num="1624" count="11" type="stmt"/>
        <line num="1627" count="27" type="stmt"/>
        <line num="1629" count="2" type="stmt"/>
        <line num="1630" count="2" type="stmt"/>
        <line num="1631" count="2" type="stmt"/>
        <line num="1632" count="2" type="cond" truecount="1" falsecount="1"/>
        <line num="1633" count="2" type="stmt"/>
        <line num="1638" count="0" type="stmt"/>
        <line num="1639" count="0" type="cond" truecount="0" falsecount="2"/>
        <line num="1640" count="0" type="cond" truecount="0" falsecount="4"/>
        <line num="1641" count="0" type="stmt"/>
        <line num="1642" count="0" type="cond" truecount="0" falsecount="2"/>
        <line num="1643" count="0" type="stmt"/>
        <line num="1644" count="0" type="stmt"/>
        <line num="1649" count="0" type="stmt"/>
        <line num="1650" count="0" type="cond" truecount="0" falsecount="2"/>
        <line num="1651" count="0" type="cond" truecount="0" falsecount="4"/>
        <line num="1652" count="0" type="stmt"/>
        <line num="1653" count="0" type="cond" truecount="0" falsecount="2"/>
        <line num="1654" count="0" type="stmt"/>
        <line num="1655" count="0" type="cond" truecount="0" falsecount="2"/>
        <line num="1656" count="0" type="stmt"/>
        <line num="1658" count="0" type="stmt"/>
        <line num="1662" count="1" type="stmt"/>
        <line num="1663" count="1" type="cond" truecount="3" falsecount="1"/>
        <line num="1664" count="1" type="cond" truecount="1" falsecount="1"/>
        <line num="1667" count="1" type="cond" truecount="3" falsecount="1"/>
        <line num="1682" count="1" type="stmt"/>
        <line num="1686" count="2" type="stmt"/>
        <line num="1687" count="2" type="stmt"/>
        <line num="1688" count="2" type="stmt"/>
        <line num="1689" count="2" type="cond" truecount="3" falsecount="1"/>
        <line num="1702" count="2" type="cond" truecount="5" falsecount="1"/>
        <line num="1703" count="2" type="stmt"/>
        <line num="1704" count="2" type="stmt"/>
        <line num="1705" count="2" type="cond" truecount="3" falsecount="1"/>
        <line num="1706" count="2" type="stmt"/>
        <line num="1707" count="2" type="cond" truecount="1" falsecount="1"/>
        <line num="1708" count="2" type="stmt"/>
        <line num="1711" count="0" type="stmt"/>
        <line num="1712" count="0" type="stmt"/>
        <line num="1713" count="0" type="stmt"/>
        <line num="1715" count="2" type="stmt"/>
        <line num="1720" count="1" type="stmt"/>
        <line num="1721" count="1" type="cond" truecount="1" falsecount="1"/>
        <line num="1722" count="1" type="stmt"/>
        <line num="1723" count="1" type="stmt"/>
        <line num="1724" count="1" type="stmt"/>
        <line num="1725" count="1" type="stmt"/>
        <line num="1726" count="1" type="stmt"/>
        <line num="1730" count="1" type="stmt"/>
        <line num="1731" count="0" type="stmt"/>
        <line num="1734" count="1" type="stmt"/>
        <line num="1735" count="1" type="stmt"/>
        <line num="1736" count="1" type="cond" truecount="2" falsecount="1"/>
        <line num="1739" count="1" type="stmt"/>
        <line num="1751" count="0" type="cond" truecount="0" falsecount="2"/>
        <line num="1756" count="0" type="stmt"/>
        <line num="1757" count="0" type="stmt"/>
        <line num="1760" count="0" type="stmt"/>
        <line num="1761" count="0" type="cond" truecount="0" falsecount="2"/>
        <line num="1762" count="0" type="stmt"/>
        <line num="1763" count="0" type="stmt"/>
        <line num="1764" count="0" type="stmt"/>
        <line num="1765" count="0" type="cond" truecount="0" falsecount="4"/>
        <line num="1766" count="0" type="stmt"/>
        <line num="1767" count="0" type="cond" truecount="0" falsecount="2"/>
        <line num="1768" count="0" type="cond" truecount="0" falsecount="2"/>
        <line num="1769" count="0" type="stmt"/>
        <line num="1770" count="0" type="stmt"/>
        <line num="1773" count="0" type="stmt"/>
        <line num="1774" count="0" type="cond" truecount="0" falsecount="2"/>
        <line num="1775" count="0" type="stmt"/>
        <line num="1776" count="0" type="stmt"/>
        <line num="1777" count="0" type="stmt"/>
        <line num="1779" count="0" type="stmt"/>
        <line num="1780" count="0" type="cond" truecount="0" falsecount="2"/>
        <line num="1781" count="0" type="cond" truecount="0" falsecount="2"/>
        <line num="1782" count="0" type="stmt"/>
        <line num="1793" count="0" type="stmt"/>
        <line num="1797" count="0" type="cond" truecount="0" falsecount="2"/>
        <line num="1798" count="0" type="stmt"/>
        <line num="1800" count="0" type="cond" truecount="0" falsecount="4"/>
        <line num="1801" count="0" type="stmt"/>
        <line num="1803" count="0" type="cond" truecount="0" falsecount="4"/>
        <line num="1804" count="0" type="stmt"/>
        <line num="1807" count="0" type="stmt"/>
        <line num="1808" count="0" type="cond" truecount="0" falsecount="2"/>
        <line num="1810" count="0" type="cond" truecount="0" falsecount="2"/>
        <line num="1811" count="0" type="stmt"/>
        <line num="1812" count="0" type="cond" truecount="0" falsecount="2"/>
        <line num="1813" count="0" type="cond" truecount="0" falsecount="4"/>
        <line num="1814" count="0" type="stmt"/>
        <line num="1818" count="0" type="cond" truecount="0" falsecount="2"/>
        <line num="1819" count="0" type="stmt"/>
        <line num="1820" count="0" type="cond" truecount="0" falsecount="2"/>
        <line num="1821" count="0" type="cond" truecount="0" falsecount="4"/>
        <line num="1822" count="0" type="stmt"/>
        <line num="1827" count="0" type="stmt"/>
        <line num="1831" count="0" type="stmt"/>
        <line num="1833" count="0" type="stmt"/>
        <line num="1834" count="0" type="cond" truecount="0" falsecount="2"/>
        <line num="1835" count="0" type="cond" truecount="0" falsecount="6"/>
        <line num="1836" count="0" type="stmt"/>
        <line num="1839" count="0" type="cond" truecount="0" falsecount="4"/>
        <line num="1840" count="0" type="stmt"/>
        <line num="1841" count="0" type="cond" truecount="0" falsecount="2"/>
        <line num="1843" count="0" type="stmt"/>
        <line num="1845" count="0" type="stmt"/>
        <line num="1846" count="0" type="cond" truecount="0" falsecount="2"/>
        <line num="1852" count="0" type="stmt"/>
        <line num="1853" count="0" type="cond" truecount="0" falsecount="2"/>
        <line num="1854" count="0" type="cond" truecount="0" falsecount="4"/>
        <line num="1856" count="0" type="stmt"/>
        <line num="1867" count="0" type="cond" truecount="0" falsecount="5"/>
        <line num="1868" count="0" type="cond" truecount="0" falsecount="2"/>
        <line num="1870" count="0" type="cond" truecount="0" falsecount="2"/>
        <line num="1872" count="0" type="cond" truecount="0" falsecount="2"/>
        <line num="1877" count="1" type="cond" truecount="3" falsecount="1"/>
        <line num="1878" count="1" type="stmt"/>
        <line num="1882" count="1" type="cond" truecount="3" falsecount="1"/>
        <line num="1883" count="1" type="stmt"/>
        <line num="1885" count="1" type="stmt"/>
        <line num="1889" count="1" type="cond" truecount="3" falsecount="1"/>
        <line num="1890" count="1" type="stmt"/>
        <line num="1891" count="1" type="cond" truecount="3" falsecount="1"/>
        <line num="1892" count="1" type="stmt"/>
        <line num="1894" count="1" type="cond" truecount="1" falsecount="1"/>
        <line num="1895" count="1" type="stmt"/>
        <line num="1897" count="1" type="cond" truecount="1" falsecount="1"/>
        <line num="1898" count="1" type="stmt"/>
        <line num="1900" count="1" type="cond" truecount="1" falsecount="1"/>
        <line num="1901" count="1" type="stmt"/>
        <line num="1904" count="1" type="stmt"/>
        <line num="1908" count="27" type="cond" truecount="2" falsecount="0"/>
        <line num="1910" count="27" type="cond" truecount="2" falsecount="0"/>
        <line num="1911" count="1" type="stmt"/>
        <line num="1922" count="26" type="stmt"/>
        <line num="1923" count="26" type="stmt"/>
        <line num="1924" count="8" type="cond" truecount="4" falsecount="1"/>
        <line num="1925" count="0" type="stmt"/>
        <line num="1926" count="0" type="stmt"/>
        <line num="1929" count="8" type="stmt"/>
        <line num="1930" count="8" type="cond" truecount="5" falsecount="1"/>
        <line num="1931" count="0" type="stmt"/>
        <line num="1932" count="0" type="cond" truecount="0" falsecount="2"/>
        <line num="1933" count="0" type="stmt"/>
        <line num="1934" count="0" type="stmt"/>
        <line num="1937" count="8" type="stmt"/>
        <line num="1938" count="8" type="cond" truecount="1" falsecount="1"/>
        <line num="1939" count="0" type="stmt"/>
        <line num="1940" count="0" type="stmt"/>
        <line num="1942" count="8" type="stmt"/>
        <line num="1944" count="8" type="cond" truecount="1" falsecount="1"/>
        <line num="1945" count="0" type="stmt"/>
        <line num="1947" count="8" type="stmt"/>
        <line num="1951" count="0" type="stmt"/>
        <line num="1952" count="0" type="cond" truecount="0" falsecount="2"/>
        <line num="1954" count="8" type="stmt"/>
        <line num="1958" count="27" type="stmt"/>
        <line num="1962" count="27" type="stmt"/>
        <line num="1963" count="1" type="cond" truecount="2" falsecount="0"/>
        <line num="1965" count="1" type="cond" truecount="2" falsecount="3"/>
        <line num="1966" count="0" type="stmt"/>
        <line num="1967" count="0" type="stmt"/>
        <line num="1978" count="0" type="cond" truecount="0" falsecount="4"/>
        <line num="1979" count="0" type="stmt"/>
        <line num="1980" count="0" type="stmt"/>
        <line num="1982" count="0" type="stmt"/>
        <line num="1985" count="0" type="stmt"/>
        <line num="1986" count="0" type="stmt"/>
        <line num="1989" count="1" type="stmt"/>
        <line num="1992" count="1" type="stmt"/>
        <line num="1996" count="27" type="stmt"/>
        <line num="1997" count="1" type="stmt"/>
        <line num="1998" count="1" type="cond" truecount="1" falsecount="1"/>
        <line num="1999" count="1" type="stmt"/>
        <line num="2000" count="1" type="stmt"/>
        <line num="2002" count="1" type="cond" truecount="3" falsecount="3"/>
        <line num="2004" count="1" type="stmt"/>
        <line num="2007" count="27" type="stmt"/>
        <line num="2010" count="1" type="cond" truecount="3" falsecount="1"/>
        <line num="2011" count="0" type="stmt"/>
        <line num="2012" count="0" type="stmt"/>
        <line num="2015" count="1" type="stmt"/>
        <line num="2018" count="1" type="stmt"/>
        <line num="2021" count="27" type="stmt"/>
        <line num="2022" count="0" type="stmt"/>
        <line num="2023" count="0" type="stmt"/>
        <line num="2025" count="0" type="stmt"/>
        <line num="2026" count="0" type="cond" truecount="0" falsecount="2"/>
        <line num="2027" count="0" type="cond" truecount="0" falsecount="2"/>
        <line num="2028" count="0" type="stmt"/>
        <line num="2032" count="27" type="stmt"/>
        <line num="2033" count="1" type="stmt"/>
        <line num="2034" count="1" type="stmt"/>
        <line num="2035" count="1" type="stmt"/>
        <line num="2036" count="1" type="stmt"/>
        <line num="2037" count="1" type="cond" truecount="1" falsecount="1"/>
        <line num="2041" count="27" type="stmt"/>
        <line num="2043" count="1" type="stmt"/>
        <line num="2044" count="1" type="cond" truecount="3" falsecount="1"/>
        <line num="2046" count="1" type="stmt"/>
        <line num="2047" count="1" type="stmt"/>
        <line num="2049" count="1" type="stmt"/>
        <line num="2050" count="1" type="stmt"/>
        <line num="2051" count="1" type="stmt"/>
        <line num="2052" count="1" type="cond" truecount="1" falsecount="1"/>
        <line num="2054" count="1" type="stmt"/>
        <line num="2056" count="1" type="stmt"/>
        <line num="2057" count="1" type="stmt"/>
        <line num="2058" count="1" type="stmt"/>
        <line num="2060" count="1" type="stmt"/>
        <line num="2062" count="1" type="stmt"/>
        <line num="2063" count="1" type="stmt"/>
        <line num="2065" count="0" type="stmt"/>
        <line num="2066" count="0" type="stmt"/>
        <line num="2068" count="1" type="stmt"/>
        <line num="2073" count="0" type="stmt"/>
        <line num="2074" count="0" type="cond" truecount="0" falsecount="4"/>
        <line num="2076" count="0" type="stmt"/>
        <line num="2077" count="0" type="cond" truecount="0" falsecount="2"/>
        <line num="2080" count="0" type="cond" truecount="0" falsecount="4"/>
        <line num="2081" count="0" type="stmt"/>
        <line num="2083" count="0" type="cond" truecount="0" falsecount="2"/>
        <line num="2088" count="0" type="stmt"/>
        <line num="2090" count="0" type="stmt"/>
        <line num="2095" count="0" type="cond" truecount="0" falsecount="2"/>
        <line num="2097" count="0" type="stmt"/>
        <line num="2098" count="0" type="cond" truecount="0" falsecount="2"/>
        <line num="2099" count="0" type="stmt"/>
        <line num="2100" count="0" type="stmt"/>
        <line num="2101" count="0" type="stmt"/>
        <line num="2106" count="27" type="stmt"/>
        <line num="2107" count="1" type="cond" truecount="1" falsecount="1"/>
        <line num="2109" count="1" type="stmt"/>
        <line num="2110" count="1" type="cond" truecount="3" falsecount="1"/>
        <line num="2113" count="1" type="stmt"/>
        <line num="2114" count="1" type="cond" truecount="1" falsecount="1"/>
        <line num="2115" count="1" type="stmt"/>
        <line num="2116" count="1" type="stmt"/>
        <line num="2118" count="0" type="stmt"/>
        <line num="2119" count="0" type="stmt"/>
        <line num="2120" count="0" type="stmt"/>
        <line num="2129" count="1" type="stmt"/>
        <line num="2130" count="0" type="stmt"/>
        <line num="2131" count="0" type="cond" truecount="0" falsecount="2"/>
        <line num="2132" count="0" type="stmt"/>
        <line num="2133" count="0" type="stmt"/>
        <line num="2134" count="0" type="stmt"/>
        <line num="2140" count="27" type="stmt"/>
        <line num="2141" count="0" type="cond" truecount="0" falsecount="6"/>
        <line num="2142" count="0" type="stmt"/>
        <line num="2146" count="27" type="cond" truecount="3" falsecount="1"/>
        <line num="2147" count="0" type="stmt"/>
        <line num="2148" count="0" type="stmt"/>
        <line num="2149" count="0" type="stmt"/>
        <line num="2150" count="0" type="stmt"/>
        <line num="2151" count="0" type="cond" truecount="0" falsecount="2"/>
        <line num="2152" count="0" type="stmt"/>
        <line num="2155" count="0" type="cond" truecount="0" falsecount="5"/>
        <line num="2156" count="0" type="stmt"/>
        <line num="2162" count="27" type="cond" truecount="1" falsecount="1"/>
        <line num="2163" count="27" type="stmt"/>
        <line num="2171" count="1" type="stmt"/>
        <line num="2172" count="1" type="cond" truecount="1" falsecount="1"/>
        <line num="2173" count="1" type="cond" truecount="2" falsecount="0"/>
      </file>
      <file name="backgroundBenchmark.js" path="/Users/mikko/github/translate-browser-extension/src/backgroundBenchmark.js">
        <metrics statements="41" coveredstatements="7" conditionals="48" coveredconditionals="5" methods="7" coveredmethods="1"/>
        <line num="2" count="1" type="stmt"/>
        <line num="3" count="1" type="stmt"/>
        <line num="4" count="1" type="stmt"/>
        <line num="10" count="1" type="stmt"/>
        <line num="13" count="0" type="cond" truecount="0" falsecount="2"/>
        <line num="14" count="0" type="cond" truecount="0" falsecount="2"/>
        <line num="15" count="0" type="stmt"/>
        <line num="17" count="0" type="cond" truecount="0" falsecount="2"/>
        <line num="18" count="0" type="stmt"/>
        <line num="19" count="0" type="stmt"/>
        <line num="20" count="0" type="cond" truecount="0" falsecount="2"/>
        <line num="21" count="0" type="stmt"/>
        <line num="22" count="0" type="cond" truecount="0" falsecount="6"/>
        <line num="23" count="0" type="stmt"/>
        <line num="24" count="0" type="stmt"/>
        <line num="25" count="0" type="stmt"/>
        <line num="36" count="0" type="stmt"/>
        <line num="37" count="0" type="cond" truecount="0" falsecount="2"/>
        <line num="38" count="0" type="cond" truecount="0" falsecount="4"/>
        <line num="39" count="0" type="cond" truecount="0" falsecount="3"/>
        <line num="40" count="0" type="stmt"/>
        <line num="41" count="0" type="stmt"/>
        <line num="42" count="0" type="cond" truecount="0" falsecount="2"/>
        <line num="43" count="0" type="stmt"/>
        <line num="45" count="0" type="stmt"/>
        <line num="48" count="0" type="stmt"/>
        <line num="49" count="0" type="stmt"/>
        <line num="50" count="0" type="cond" truecount="0" falsecount="2"/>
        <line num="51" count="0" type="cond" truecount="0" falsecount="2"/>
        <line num="52" count="0" type="cond" truecount="0" falsecount="6"/>
        <line num="53" count="0" type="stmt"/>
        <line num="56" count="0" type="cond" truecount="0" falsecount="2"/>
        <line num="57" count="0" type="stmt"/>
        <line num="58" count="0" type="stmt"/>
        <line num="61" count="1" type="cond" truecount="4" falsecount="1"/>
        <line num="62" count="1" type="stmt"/>
        <line num="63" count="0" type="cond" truecount="0" falsecount="4"/>
        <line num="64" count="0" type="stmt"/>
        <line num="65" count="0" type="stmt"/>
        <line num="67" count="0" type="stmt"/>
        <line num="71" count="1" type="stmt"/>
      </file>
      <file name="batch.js" path="/Users/mikko/github/translate-browser-extension/src/batch.js">
        <metrics statements="217" coveredstatements="0" conditionals="148" coveredconditionals="0" methods="20" coveredmethods="0"/>
        <line num="1" count="0" type="stmt"/>
        <line num="10" count="0" type="cond" truecount="0" falsecount="2"/>
        <line num="11" count="0" type="stmt"/>
        <line num="12" count="0" type="stmt"/>
        <line num="13" count="0" type="stmt"/>
        <line num="14" count="0" type="stmt"/>
        <line num="15" count="0" type="stmt"/>
        <line num="17" count="0" type="cond" truecount="0" falsecount="2"/>
        <line num="18" count="0" type="stmt"/>
        <line num="19" count="0" type="cond" truecount="0" falsecount="2"/>
        <line num="20" count="0" type="stmt"/>
        <line num="22" count="0" type="stmt"/>
        <line num="23" count="0" type="stmt"/>
        <line num="25" count="0" type="cond" truecount="0" falsecount="2"/>
        <line num="26" count="0" type="stmt"/>
        <line num="27" count="0" type="cond" truecount="0" falsecount="4"/>
        <line num="28" count="0" type="stmt"/>
        <line num="29" count="0" type="cond" truecount="0" falsecount="2"/>
        <line num="30" count="0" type="stmt"/>
        <line num="32" count="0" type="cond" truecount="0" falsecount="2"/>
        <line num="33" count="0" type="stmt"/>
        <line num="34" count="0" type="cond" truecount="0" falsecount="4"/>
        <line num="35" count="0" type="stmt"/>
        <line num="36" count="0" type="cond" truecount="0" falsecount="2"/>
        <line num="37" count="0" type="stmt"/>
        <line num="38" count="0" type="stmt"/>
        <line num="40" count="0" type="cond" truecount="0" falsecount="4"/>
        <line num="41" count="0" type="stmt"/>
        <line num="45" count="0" type="stmt"/>
        <line num="46" count="0" type="stmt"/>
        <line num="47" count="0" type="stmt"/>
        <line num="48" count="0" type="stmt"/>
        <line num="49" count="0" type="stmt"/>
        <line num="50" count="0" type="stmt"/>
        <line num="53" count="0" type="cond" truecount="0" falsecount="2"/>
        <line num="54" count="0" type="stmt"/>
        <line num="55" count="0" type="stmt"/>
        <line num="56" count="0" type="cond" truecount="0" falsecount="2"/>
        <line num="57" count="0" type="cond" truecount="0" falsecount="4"/>
        <line num="58" count="0" type="cond" truecount="0" falsecount="4"/>
        <line num="59" count="0" type="stmt"/>
        <line num="60" count="0" type="cond" truecount="0" falsecount="2"/>
        <line num="62" count="0" type="stmt"/>
        <line num="63" count="0" type="stmt"/>
        <line num="64" count="0" type="stmt"/>
        <line num="65" count="0" type="cond" truecount="0" falsecount="2"/>
        <line num="66" count="0" type="stmt"/>
        <line num="67" count="0" type="cond" truecount="0" falsecount="2"/>
        <line num="68" count="0" type="stmt"/>
        <line num="72" count="0" type="stmt"/>
        <line num="75" count="0" type="stmt"/>
        <line num="77" count="0" type="cond" truecount="0" falsecount="6"/>
        <line num="78" count="0" type="cond" truecount="0" falsecount="2"/>
        <line num="79" count="0" type="stmt"/>
        <line num="80" count="0" type="stmt"/>
        <line num="81" count="0" type="stmt"/>
        <line num="82" count="0" type="cond" truecount="0" falsecount="5"/>
        <line num="83" count="0" type="stmt"/>
        <line num="84" count="0" type="stmt"/>
        <line num="85" count="0" type="cond" truecount="0" falsecount="2"/>
        <line num="86" count="0" type="stmt"/>
        <line num="87" count="0" type="stmt"/>
        <line num="91" count="0" type="stmt"/>
        <line num="93" count="0" type="stmt"/>
        <line num="94" count="0" type="stmt"/>
        <line num="95" count="0" type="stmt"/>
        <line num="97" count="0" type="stmt"/>
        <line num="103" count="0" type="stmt"/>
        <line num="107" count="0" type="cond" truecount="0" falsecount="2"/>
        <line num="108" count="0" type="stmt"/>
        <line num="109" count="0" type="stmt"/>
        <line num="111" count="0" type="stmt"/>
        <line num="112" count="0" type="stmt"/>
        <line num="114" count="0" type="stmt"/>
        <line num="128" count="0" type="stmt"/>
        <line num="129" count="0" type="cond" truecount="0" falsecount="2"/>
        <line num="130" count="0" type="stmt"/>
        <line num="132" count="0" type="cond" truecount="0" falsecount="2"/>
        <line num="133" count="0" type="stmt"/>
        <line num="134" count="0" type="stmt"/>
        <line num="135" count="0" type="stmt"/>
        <line num="136" count="0" type="stmt"/>
        <line num="137" count="0" type="stmt"/>
        <line num="138" count="0" type="cond" truecount="0" falsecount="2"/>
        <line num="139" count="0" type="stmt"/>
        <line num="140" count="0" type="cond" truecount="0" falsecount="2"/>
        <line num="141" count="0" type="stmt"/>
        <line num="142" count="0" type="stmt"/>
        <line num="143" count="0" type="stmt"/>
        <line num="146" count="0" type="cond" truecount="0" falsecount="2"/>
        <line num="147" count="0" type="stmt"/>
        <line num="148" count="0" type="cond" truecount="0" falsecount="2"/>
        <line num="149" count="0" type="stmt"/>
        <line num="150" count="0" type="stmt"/>
        <line num="152" count="0" type="stmt"/>
        <line num="153" count="0" type="stmt"/>
        <line num="154" count="0" type="stmt"/>
        <line num="156" count="0" type="stmt"/>
        <line num="157" count="0" type="stmt"/>
        <line num="158" count="0" type="cond" truecount="0" falsecount="2"/>
        <line num="159" count="0" type="stmt"/>
        <line num="162" count="0" type="stmt"/>
        <line num="163" count="0" type="stmt"/>
        <line num="164" count="0" type="stmt"/>
        <line num="165" count="0" type="stmt"/>
        <line num="166" count="0" type="stmt"/>
        <line num="167" count="0" type="cond" truecount="0" falsecount="5"/>
        <line num="168" count="0" type="stmt"/>
        <line num="169" count="0" type="stmt"/>
        <line num="170" count="0" type="stmt"/>
        <line num="172" count="0" type="stmt"/>
        <line num="173" count="0" type="stmt"/>
        <line num="175" count="0" type="cond" truecount="0" falsecount="2"/>
        <line num="176" count="0" type="stmt"/>
        <line num="178" count="0" type="stmt"/>
        <line num="179" count="0" type="stmt"/>
        <line num="180" count="0" type="stmt"/>
        <line num="182" count="0" type="stmt"/>
        <line num="183" count="0" type="stmt"/>
        <line num="185" count="0" type="cond" truecount="0" falsecount="4"/>
        <line num="186" count="0" type="stmt"/>
        <line num="187" count="0" type="stmt"/>
        <line num="189" count="0" type="stmt"/>
        <line num="191" count="0" type="stmt"/>
        <line num="192" count="0" type="stmt"/>
        <line num="193" count="0" type="stmt"/>
        <line num="194" count="0" type="stmt"/>
        <line num="195" count="0" type="cond" truecount="0" falsecount="4"/>
        <line num="196" count="0" type="cond" truecount="0" falsecount="2"/>
        <line num="197" count="0" type="cond" truecount="0" falsecount="2"/>
        <line num="198" count="0" type="stmt"/>
        <line num="200" count="0" type="stmt"/>
        <line num="202" count="0" type="stmt"/>
        <line num="203" count="0" type="stmt"/>
        <line num="204" count="0" type="stmt"/>
        <line num="206" count="0" type="stmt"/>
        <line num="208" count="0" type="stmt"/>
        <line num="209" count="0" type="stmt"/>
        <line num="210" count="0" type="stmt"/>
        <line num="211" count="0" type="stmt"/>
        <line num="212" count="0" type="stmt"/>
        <line num="213" count="0" type="stmt"/>
        <line num="215" count="0" type="stmt"/>
        <line num="217" count="0" type="stmt"/>
        <line num="218" count="0" type="cond" truecount="0" falsecount="2"/>
        <line num="219" count="0" type="stmt"/>
        <line num="220" count="0" type="stmt"/>
        <line num="222" count="0" type="stmt"/>
        <line num="223" count="0" type="stmt"/>
        <line num="224" count="0" type="stmt"/>
        <line num="225" count="0" type="cond" truecount="0" falsecount="2"/>
        <line num="226" count="0" type="stmt"/>
        <line num="229" count="0" type="stmt"/>
        <line num="230" count="0" type="stmt"/>
        <line num="231" count="0" type="stmt"/>
        <line num="232" count="0" type="stmt"/>
        <line num="233" count="0" type="cond" truecount="0" falsecount="2"/>
        <line num="234" count="0" type="stmt"/>
        <line num="237" count="0" type="stmt"/>
        <line num="238" count="0" type="stmt"/>
        <line num="239" count="0" type="stmt"/>
        <line num="240" count="0" type="cond" truecount="0" falsecount="2"/>
        <line num="241" count="0" type="cond" truecount="0" falsecount="2"/>
        <line num="242" count="0" type="cond" truecount="0" falsecount="5"/>
        <line num="243" count="0" type="stmt"/>
        <line num="244" count="0" type="stmt"/>
        <line num="245" count="0" type="stmt"/>
        <line num="246" count="0" type="stmt"/>
        <line num="249" count="0" type="cond" truecount="0" falsecount="4"/>
        <line num="250" count="0" type="stmt"/>
        <line num="261" count="0" type="stmt"/>
        <line num="262" count="0" type="stmt"/>
        <line num="263" count="0" type="stmt"/>
        <line num="264" count="0" type="stmt"/>
        <line num="268" count="0" type="stmt"/>
        <line num="269" count="0" type="stmt"/>
        <line num="270" count="0" type="stmt"/>
        <line num="271" count="0" type="stmt"/>
        <line num="272" count="0" type="stmt"/>
        <line num="276" count="0" type="cond" truecount="0" falsecount="2"/>
        <line num="277" count="0" type="stmt"/>
        <line num="278" count="0" type="cond" truecount="0" falsecount="2"/>
        <line num="279" count="0" type="cond" truecount="0" falsecount="2"/>
        <line num="280" count="0" type="cond" truecount="0" falsecount="2"/>
        <line num="281" count="0" type="cond" truecount="0" falsecount="2"/>
        <line num="282" count="0" type="stmt"/>
        <line num="285" count="0" type="stmt"/>
        <line num="289" count="0" type="cond" truecount="0" falsecount="2"/>
        <line num="290" count="0" type="stmt"/>
        <line num="291" count="0" type="stmt"/>
        <line num="292" count="0" type="stmt"/>
        <line num="293" count="0" type="cond" truecount="0" falsecount="2"/>
        <line num="294" count="0" type="cond" truecount="0" falsecount="4"/>
        <line num="295" count="0" type="stmt"/>
        <line num="296" count="0" type="stmt"/>
        <line num="298" count="0" type="stmt"/>
        <line num="301" count="0" type="cond" truecount="0" falsecount="2"/>
        <line num="302" count="0" type="stmt"/>
        <line num="303" count="0" type="stmt"/>
        <line num="304" count="0" type="cond" truecount="0" falsecount="2"/>
        <line num="305" count="0" type="stmt"/>
        <line num="307" count="0" type="stmt"/>
        <line num="308" count="0" type="stmt"/>
        <line num="309" count="0" type="stmt"/>
        <line num="310" count="0" type="stmt"/>
        <line num="311" count="0" type="stmt"/>
        <line num="315" count="0" type="stmt"/>
        <line num="318" count="0" type="stmt"/>
        <line num="319" count="0" type="cond" truecount="0" falsecount="2"/>
        <line num="320" count="0" type="stmt"/>
        <line num="321" count="0" type="stmt"/>
        <line num="323" count="0" type="cond" truecount="0" falsecount="4"/>
        <line num="324" count="0" type="stmt"/>
        <line num="325" count="0" type="stmt"/>
        <line num="327" count="0" type="cond" truecount="0" falsecount="2"/>
        <line num="328" count="0" type="stmt"/>
        <line num="330" count="0" type="stmt"/>
      </file>
      <file name="cache.js" path="/Users/mikko/github/translate-browser-extension/src/cache.js">
        <metrics statements="145" coveredstatements="105" conditionals="115" coveredconditionals="73" methods="29" coveredmethods="26"/>
        <line num="1" count="24" type="stmt"/>
        <line num="2" count="24" type="stmt"/>
        <line num="3" count="24" type="stmt"/>
        <line num="4" count="24" type="stmt"/>
        <line num="6" count="24" type="stmt"/>
        <line num="7" count="24" type="stmt"/>
        <line num="8" count="24" type="stmt"/>
        <line num="10" count="24" type="cond" truecount="1" falsecount="1"/>
        <line num="11" count="0" type="stmt"/>
        <line num="13" count="24" type="cond" truecount="5" falsecount="0"/>
        <line num="15" count="24" type="cond" truecount="1" falsecount="1"/>
        <line num="19" count="16" type="stmt"/>
        <line num="20" count="16" type="stmt"/>
        <line num="21" count="16" type="cond" truecount="1" falsecount="1"/>
        <line num="23" count="0" type="stmt"/>
        <line num="24" count="0" type="stmt"/>
        <line num="29" count="1" type="cond" truecount="1" falsecount="1"/>
        <line num="30" count="1" type="cond" truecount="1" falsecount="1"/>
        <line num="31" count="1" type="stmt"/>
        <line num="32" count="1" type="stmt"/>
        <line num="33" count="1" type="cond" truecount="1" falsecount="1"/>
        <line num="34" count="0" type="stmt"/>
        <line num="36" count="1" type="stmt"/>
        <line num="37" count="1" type="stmt"/>
        <line num="40" count="0" type="stmt"/>
        <line num="41" count="0" type="stmt"/>
        <line num="43" count="0" type="stmt"/>
        <line num="44" count="0" type="stmt"/>
        <line num="48" count="24" type="cond" truecount="5" falsecount="0"/>
        <line num="49" count="21" type="stmt"/>
        <line num="50" count="21" type="stmt"/>
        <line num="51" count="21" type="cond" truecount="4" falsecount="0"/>
        <line num="52" count="21" type="stmt"/>
        <line num="53" count="21" type="stmt"/>
        <line num="54" count="21" type="stmt"/>
        <line num="55" count="1" type="stmt"/>
        <line num="56" count="1" type="cond" truecount="2" falsecount="3"/>
        <line num="57" count="0" type="stmt"/>
        <line num="58" count="0" type="stmt"/>
        <line num="61" count="21" type="cond" truecount="1" falsecount="1"/>
        <line num="62" count="0" type="stmt"/>
        <line num="64" count="21" type="stmt"/>
        <line num="66" count="21" type="stmt"/>
        <line num="69" count="3" type="cond" truecount="3" falsecount="1"/>
        <line num="70" count="3" type="stmt"/>
        <line num="71" count="3" type="cond" truecount="2" falsecount="0"/>
        <line num="72" count="3" type="stmt"/>
        <line num="73" count="3" type="stmt"/>
        <line num="74" count="3" type="stmt"/>
        <line num="75" count="0" type="stmt"/>
        <line num="76" count="0" type="cond" truecount="0" falsecount="5"/>
        <line num="77" count="0" type="stmt"/>
        <line num="78" count="0" type="stmt"/>
        <line num="81" count="3" type="cond" truecount="1" falsecount="1"/>
        <line num="82" count="0" type="stmt"/>
        <line num="84" count="3" type="stmt"/>
        <line num="87" count="0" type="stmt"/>
        <line num="88" count="0" type="stmt"/>
        <line num="94" count="16" type="stmt"/>
        <line num="95" count="16" type="cond" truecount="4" falsecount="1"/>
        <line num="96" count="16" type="stmt"/>
        <line num="97" count="16" type="cond" truecount="4" falsecount="0"/>
        <line num="98" count="16" type="stmt"/>
        <line num="99" count="16" type="stmt"/>
        <line num="101" count="0" type="cond" truecount="0" falsecount="2"/>
        <line num="102" count="0" type="stmt"/>
        <line num="103" count="0" type="cond" truecount="0" falsecount="2"/>
        <line num="104" count="0" type="stmt"/>
        <line num="105" count="0" type="stmt"/>
        <line num="111" count="11" type="stmt"/>
        <line num="112" count="11" type="cond" truecount="2" falsecount="0"/>
        <line num="113" count="5" type="stmt"/>
        <line num="114" count="5" type="stmt"/>
        <line num="116" count="6" type="cond" truecount="4" falsecount="0"/>
        <line num="117" count="1" type="stmt"/>
        <line num="118" count="1" type="stmt"/>
        <line num="119" count="1" type="stmt"/>
[...]
        <line num="116" count="0" type="stmt"/>
        <line num="118" count="0" type="cond" truecount="0" falsecount="2"/>
        <line num="119" count="0" type="cond" truecount="0" falsecount="2"/>
        <line num="120" count="0" type="stmt"/>
        <line num="122" count="0" type="stmt"/>
        <line num="123" count="0" type="stmt"/>
        <line num="124" count="0" type="stmt"/>
        <line num="126" count="0" type="stmt"/>
        <line num="127" count="0" type="cond" truecount="0" falsecount="2"/>
        <line num="131" count="4" type="cond" truecount="1" falsecount="1"/>
        <line num="133" count="4" type="cond" truecount="1" falsecount="1"/>
        <line num="136" count="4" type="stmt"/>
        <line num="142" count="4" type="stmt"/>
        <line num="143" count="4" type="cond" truecount="3" falsecount="1"/>
        <line num="144" count="4" type="cond" truecount="4" falsecount="1"/>
        <line num="146" count="4" type="stmt"/>
      </file>
      <file name="qwen.js" path="/Users/mikko/github/translate-browser-extension/src/providers/qwen.js">
        <metrics statements="137" coveredstatements="41" conditionals="180" coveredconditionals="55" methods="16" coveredmethods="4"/>
        <line num="1" count="5" type="stmt"/>
        <line num="2" count="5" type="cond" truecount="1" falsecount="1"/>
        <line num="4" count="5" type="cond" truecount="2" falsecount="3"/>
        <line num="5" count="0" type="stmt"/>
        <line num="8" count="5" type="cond" truecount="3" falsecount="2"/>
        <line num="12" count="5" type="cond" truecount="5" falsecount="0"/>
        <line num="17" count="8" type="cond" truecount="2" falsecount="0"/>
        <line num="21" count="0" type="stmt"/>
        <line num="22" count="0" type="stmt"/>
        <line num="23" count="0" type="stmt"/>
        <line num="24" count="0" type="stmt"/>
        <line num="25" count="0" type="stmt"/>
        <line num="26" count="0" type="cond" truecount="0" falsecount="2"/>
        <line num="27" count="0" type="cond" truecount="0" falsecount="2"/>
        <line num="28" count="0" type="stmt"/>
        <line num="29" count="0" type="stmt"/>
        <line num="30" count="0" type="stmt"/>
        <line num="32" count="0" type="stmt"/>
        <line num="33" count="0" type="stmt"/>
        <line num="35" count="0" type="stmt"/>
        <line num="36" count="0" type="stmt"/>
        <line num="39" count="0" type="cond" truecount="0" falsecount="2"/>
        <line num="40" count="0" type="stmt"/>
        <line num="43" count="0" type="cond" truecount="0" falsecount="2"/>
        <line num="44" count="0" type="stmt"/>
        <line num="46" count="0" type="stmt"/>
        <line num="47" count="0" type="stmt"/>
        <line num="53" count="8" type="stmt"/>
        <line num="54" count="8" type="cond" truecount="1" falsecount="1"/>
        <line num="55" count="0" type="stmt"/>
        <line num="56" count="0" type="stmt"/>
        <line num="58" count="8" type="stmt"/>
        <line num="65" count="8" type="cond" truecount="1" falsecount="1"/>
        <line num="66" count="8" type="cond" truecount="1" falsecount="1"/>
        <line num="67" count="8" type="stmt"/>
        <line num="68" count="8" type="cond" truecount="2" falsecount="2"/>
        <line num="69" count="8" type="cond" truecount="1" falsecount="1"/>
        <line num="71" count="8" type="stmt"/>
        <line num="72" count="8" type="stmt"/>
        <line num="78" count="8" type="cond" truecount="1" falsecount="1"/>
        <line num="79" count="0" type="stmt"/>
        <line num="80" count="0" type="stmt"/>
        <line num="83" count="0" type="cond" truecount="0" falsecount="2"/>
        <line num="84" count="0" type="stmt"/>
        <line num="87" count="0" type="cond" truecount="0" falsecount="4"/>
        <line num="88" count="0" type="cond" truecount="0" falsecount="2"/>
        <line num="89" count="0" type="stmt"/>
        <line num="91" count="0" type="stmt"/>
        <line num="92" count="0" type="stmt"/>
        <line num="95" count="8" type="cond" truecount="2" falsecount="0"/>
        <line num="96" count="6" type="cond" truecount="1" falsecount="1"/>
        <line num="97" count="6" type="stmt"/>
        <line num="100" count="0" type="stmt"/>
        <line num="101" count="0" type="cond" truecount="0" falsecount="2"/>
        <line num="102" count="0" type="stmt"/>
        <line num="103" count="0" type="cond" truecount="0" falsecount="2"/>
        <line num="104" count="0" type="cond" truecount="0" falsecount="4"/>
        <line num="105" count="0" type="stmt"/>
        <line num="106" count="0" type="stmt"/>
        <line num="107" count="0" type="cond" truecount="0" falsecount="2"/>
        <line num="108" count="0" type="stmt"/>
        <line num="109" count="0" type="cond" truecount="0" falsecount="2"/>
        <line num="111" count="0" type="cond" truecount="0" falsecount="4"/>
        <line num="113" count="0" type="stmt"/>
        <line num="115" count="2" type="cond" truecount="2" falsecount="3"/>
        <line num="116" count="2" type="cond" truecount="1" falsecount="1"/>
        <line num="117" count="2" type="stmt"/>
        <line num="118" count="2" type="cond" truecount="1" falsecount="1"/>
        <line num="119" count="2" type="cond" truecount="1" falsecount="1"/>
        <line num="120" count="0" type="cond" truecount="0" falsecount="2"/>
        <line num="121" count="0" type="stmt"/>
        <line num="124" count="0" type="stmt"/>
        <line num="126" count="2" type="stmt"/>
        <line num="128" count="0" type="cond" truecount="0" falsecount="2"/>
        <line num="129" count="0" type="stmt"/>
        <line num="130" count="0" type="stmt"/>
        <line num="131" count="0" type="stmt"/>
        <line num="132" count="0" type="stmt"/>
        <line num="133" count="0" type="stmt"/>
        <line num="134" count="0" type="stmt"/>
        <line num="135" count="0" type="cond" truecount="0" falsecount="2"/>
        <line num="136" count="0" type="stmt"/>
        <line num="137" count="0" type="stmt"/>
        <line num="138" count="0" type="stmt"/>
        <line num="139" count="0" type="stmt"/>
        <line num="140" count="0" type="stmt"/>
        <line num="141" count="0" type="cond" truecount="0" falsecount="2"/>
        <line num="142" count="0" type="stmt"/>
        <line num="143" count="0" type="cond" truecount="0" falsecount="2"/>
        <line num="144" count="0" type="cond" truecount="0" falsecount="2"/>
        <line num="145" count="0" type="stmt"/>
        <line num="146" count="0" type="stmt"/>
        <line num="148" count="0" type="stmt"/>
        <line num="149" count="0" type="stmt"/>
        <line num="150" count="0" type="cond" truecount="0" falsecount="3"/>
        <line num="151" count="0" type="stmt"/>
        <line num="152" count="0" type="cond" truecount="0" falsecount="4"/>
        <line num="153" count="0" type="cond" truecount="0" falsecount="4"/>
        <line num="157" count="0" type="stmt"/>
        <line num="160" count="7" type="stmt"/>
        <line num="161" count="7" type="stmt"/>
        <line num="163" count="6" type="cond" truecount="4" falsecount="1"/>
        <line num="164" count="6" type="cond" truecount="4" falsecount="0"/>
        <line num="165" count="1" type="cond" truecount="1" falsecount="1"/>
        <line num="166" count="1" type="stmt"/>
        <line num="168" count="5" type="stmt"/>
        <line num="173" count="0" type="stmt"/>
        <line num="174" count="0" type="cond" truecount="0" falsecount="2"/>
        <line num="175" count="0" type="stmt"/>
        <line num="176" count="0" type="cond" truecount="0" falsecount="4"/>
        <line num="177" count="0" type="stmt"/>
        <line num="179" count="0" type="stmt"/>
        <line num="180" count="0" type="cond" truecount="0" falsecount="2"/>
        <line num="182" count="0" type="cond" truecount="0" falsecount="2"/>
        <line num="183" count="0" type="stmt"/>
        <line num="185" count="0" type="stmt"/>
        <line num="187" count="0" type="cond" truecount="0" falsecount="2"/>
        <line num="188" count="0" type="cond" truecount="0" falsecount="2"/>
        <line num="189" count="0" type="cond" truecount="0" falsecount="2"/>
        <line num="190" count="0" type="stmt"/>
        <line num="193" count="0" type="stmt"/>
        <line num="194" count="0" type="cond" truecount="0" falsecount="2"/>
        <line num="196" count="0" type="stmt"/>
        <line num="197" count="0" type="stmt"/>
        <line num="201" count="0" type="stmt"/>
        <line num="205" count="0" type="stmt"/>
        <line num="207" count="0" type="cond" truecount="0" falsecount="2"/>
        <line num="208" count="0" type="stmt"/>
        <line num="213" count="5" type="cond" truecount="1" falsecount="1"/>
        <line num="215" count="5" type="cond" truecount="1" falsecount="1"/>
        <line num="218" count="5" type="stmt"/>
        <line num="225" count="5" type="cond" truecount="1" falsecount="1"/>
        <line num="226" count="0" type="cond" truecount="0" falsecount="2"/>
        <line num="228" count="5" type="stmt"/>
        <line num="229" count="5" type="cond" truecount="5" falsecount="0"/>
        <line num="232" count="5" type="cond" truecount="4" falsecount="1"/>
        <line num="235" count="5" type="cond" truecount="1" falsecount="1"/>
      </file>
    </package>
    <package name="src.scripts">
      <metrics statements="94" coveredstatements="0" conditionals="33" coveredconditionals="0" methods="6" coveredmethods="0"/>
      <file name="optimize-manifest.js" path="/Users/mikko/github/translate-browser-extension/src/scripts/optimize-manifest.js">
        <metrics statements="94" coveredstatements="0" conditionals="33" coveredconditionals="0" methods="6" coveredmethods="0"/>
        <line num="8" count="0" type="stmt"/>
        <line num="9" count="0" type="stmt"/>
        <line num="12" count="0" type="stmt"/>
        <line num="32" count="0" type="stmt"/>
        <line num="45" count="0" type="stmt"/>
        <line num="46" count="0" type="cond" truecount="0" falsecount="4"/>
        <line num="47" count="0" type="stmt"/>
        <line num="51" count="0" type="stmt"/>
        <line num="52" count="0" type="cond" truecount="0" falsecount="2"/>
        <line num="53" count="0" type="stmt"/>
        <line num="54" count="0" type="stmt"/>
        <line num="55" count="0" type="cond" truecount="0" falsecount="4"/>
        <line num="56" count="0" type="stmt"/>
        <line num="59" count="0" type="stmt"/>
        <line num="64" count="0" type="stmt"/>
        <line num="71" count="0" type="stmt"/>
        <line num="73" count="0" type="cond" truecount="0" falsecount="2"/>
        <line num="74" count="0" type="stmt"/>
        <line num="75" count="0" type="stmt"/>
        <line num="79" count="0" type="stmt"/>
        <line num="80" count="0" type="stmt"/>
        <line num="82" count="0" type="stmt"/>
        <line num="83" count="0" type="stmt"/>
        <line num="86" count="0" type="stmt"/>
        <line num="87" count="0" type="stmt"/>
        <line num="89" count="0" type="stmt"/>
        <line num="92" count="0" type="stmt"/>
        <line num="94" count="0" type="cond" truecount="0" falsecount="2"/>
        <line num="95" count="0" type="stmt"/>
        <line num="96" count="0" type="stmt"/>
        <line num="100" count="0" type="stmt"/>
        <line num="108" count="0" type="cond" truecount="0" falsecount="2"/>
        <line num="109" count="0" type="stmt"/>
        <line num="115" count="0" type="stmt"/>
        <line num="118" count="0" type="stmt"/>
        <line num="119" count="0" type="cond" truecount="0" falsecount="2"/>
        <line num="120" count="0" type="stmt"/>
        <line num="121" count="0" type="stmt"/>
        <line num="124" count="0" type="stmt"/>
        <line num="126" count="0" type="stmt"/>
        <line num="127" count="0" type="cond" truecount="0" falsecount="2"/>
        <line num="130" count="0" type="stmt"/>
        <line num="131" count="0" type="stmt"/>
        <line num="132" count="0" type="cond" truecount="0" falsecount="2"/>
        <line num="133" count="0" type="stmt"/>
        <line num="134" count="0" type="stmt"/>
        <line num="142" count="0" type="stmt"/>
        <line num="143" count="0" type="stmt"/>
        <line num="145" count="0" type="cond" truecount="0" falsecount="2"/>
        <line num="146" count="0" type="stmt"/>
        <line num="147" count="0" type="stmt"/>
        <line num="150" count="0" type="stmt"/>
        <line num="151" count="0" type="stmt"/>
        <line num="158" count="0" type="cond" truecount="0" falsecount="2"/>
        <line num="159" count="0" type="stmt"/>
        <line num="160" count="0" type="stmt"/>
        <line num="161" count="0" type="stmt"/>
        <line num="164" count="0" type="stmt"/>
        <line num="165" count="0" type="stmt"/>
        <line num="167" count="0" type="stmt"/>
        <line num="168" count="0" type="stmt"/>
        <line num="172" count="0" type="stmt"/>
        <line num="173" count="0" type="stmt"/>
        <line num="175" count="0" type="cond" truecount="0" falsecount="5"/>
        <line num="177" count="0" type="stmt"/>
        <line num="178" count="0" type="stmt"/>
        <line num="181" count="0" type="stmt"/>
        <line num="182" count="0" type="stmt"/>
        <line num="185" count="0" type="cond" truecount="0" falsecount="2"/>
        <line num="186" count="0" type="stmt"/>
        <line num="187" count="0" type="stmt"/>
        <line num="188" count="0" type="stmt"/>
        <line num="190" count="0" type="stmt"/>
        <line num="191" count="0" type="stmt"/>
        <line num="194" count="0" type="stmt"/>
        <line num="195" count="0" type="stmt"/>
        <line num="196" count="0" type="stmt"/>
        <line num="198" count="0" type="stmt"/>
        <line num="199" count="0" type="stmt"/>
        <line num="200" count="0" type="stmt"/>
        <line num="201" count="0" type="stmt"/>
        <line num="202" count="0" type="stmt"/>
        <line num="205" count="0" type="stmt"/>
        <line num="206" count="0" type="stmt"/>
        <line num="207" count="0" type="stmt"/>
        <line num="208" count="0" type="stmt"/>
        <line num="209" count="0" type="stmt"/>
        <line num="210" count="0" type="stmt"/>
        <line num="211" count="0" type="stmt"/>
        <line num="212" count="0" type="stmt"/>
        <line num="213" count="0" type="stmt"/>
        <line num="214" count="0" type="stmt"/>
        <line num="215" count="0" type="stmt"/>
        <line num="216" count="0" type="stmt"/>
      </file>
    </package>
    <package name="src.translator">
      <metrics statements="67" coveredstatements="63" conditionals="117" coveredconditionals="77" methods="10" coveredmethods="8"/>
      <file name="batching.js" path="/Users/mikko/github/translate-browser-extension/src/translator/batching.js">
        <metrics statements="30" coveredstatements="29" conditionals="39" coveredconditionals="23" methods="3" coveredmethods="2"/>
        <line num="1" count="9" type="stmt"/>
        <line num="2" count="9" type="cond" truecount="0" falsecount="2"/>
        <line num="3" count="9" type="stmt"/>
        <line num="4" count="9" type="cond" truecount="4" falsecount="0"/>
        <line num="5" count="2" type="cond" truecount="3" falsecount="2"/>
        <line num="6" count="2" type="cond" truecount="1" falsecount="1"/>
        <line num="10" count="139" type="cond" truecount="1" falsecount="1"/>
        <line num="11" count="139" type="stmt"/>
        <line num="12" count="139" type="stmt"/>
        <line num="13" count="139" type="stmt"/>
        <line num="14" count="100142" type="cond" truecount="2" falsecount="0"/>
        <line num="15" count="100142" type="cond" truecount="4" falsecount="0"/>
        <line num="16" count="603" type="stmt"/>
        <line num="17" count="603" type="stmt"/>
        <line num="19" count="99539" type="stmt"/>
        <line num="22" count="139" type="cond" truecount="1" falsecount="1"/>
        <line num="23" count="139" type="stmt"/>
        <line num="24" count="139" type="stmt"/>
        <line num="25" count="742" type="cond" truecount="2" falsecount="0"/>
        <line num="26" count="738" type="stmt"/>
        <line num="28" count="4" type="stmt"/>
        <line num="29" count="4" type="stmt"/>
        <line num="30" count="4" type="stmt"/>
        <line num="31" count="8" type="stmt"/>
        <line num="32" count="8" type="stmt"/>
        <line num="36" count="139" type="stmt"/>
        <line num="39" count="9" type="stmt"/>
        <line num="40" count="9" type="cond" truecount="1" falsecount="1"/>
        <line num="41" count="9" type="cond" truecount="3" falsecount="1"/>
        <line num="42" count="0" type="cond" truecount="0" falsecount="4"/>
      </file>
      <file name="cacheKey.js" path="/Users/mikko/github/translate-browser-extension/src/translator/cacheKey.js">
        <metrics statements="9" coveredstatements="8" conditionals="16" coveredconditionals="6" methods="3" coveredmethods="3"/>
        <line num="1" count="16" type="stmt"/>
        <line num="3" count="210" type="cond" truecount="1" falsecount="1"/>
        <line num="4" count="210" type="stmt"/>
        <line num="5" count="210" type="stmt"/>
        <line num="8" count="210" type="stmt"/>
        <line num="10" count="16" type="stmt"/>
        <line num="11" count="16" type="cond" truecount="1" falsecount="1"/>
        <line num="12" count="16" type="cond" truecount="3" falsecount="1"/>
        <line num="13" count="0" type="cond" truecount="0" falsecount="4"/>
      </file>
      <file name="providers.js" path="/Users/mikko/github/translate-browser-extension/src/translator/providers.js">
        <metrics statements="28" coveredstatements="26" conditionals="62" coveredconditionals="48" methods="4" coveredmethods="3"/>
        <line num="1" count="17" type="stmt"/>
        <line num="3" count="35" type="cond" truecount="4" falsecount="0"/>
        <line num="4" count="18" type="cond" truecount="1" falsecount="1"/>
        <line num="5" count="18" type="cond" truecount="2" falsecount="0"/>
        <line num="6" count="16" type="cond" truecount="2" falsecount="0"/>
        <line num="7" count="14" type="cond" truecount="4" falsecount="0"/>
        <line num="8" count="12" type="cond" truecount="2" falsecount="0"/>
        <line num="9" count="10" type="cond" truecount="2" falsecount="0"/>
        <line num="10" count="8" type="cond" truecount="2" falsecount="0"/>
        <line num="11" count="6" type="cond" truecount="4" falsecount="0"/>
        <line num="12" count="4" type="cond" truecount="1" falsecount="1"/>
        <line num="13" count="4" type="cond" truecount="1" falsecount="1"/>
        <line num="14" count="4" type="cond" truecount="3" falsecount="1"/>
        <line num="15" count="4" type="stmt"/>
        <line num="19" count="59" type="stmt"/>
        <line num="20" count="59" type="cond" truecount="4" falsecount="0"/>
        <line num="21" count="4" type="stmt"/>
        <line num="22" count="4" type="cond" truecount="4" falsecount="0"/>
        <line num="23" count="2" type="cond" truecount="1" falsecount="1"/>
        <line num="24" count="2" type="stmt"/>
        <line num="26" count="55" type="cond" truecount="2" falsecount="0"/>
        <line num="27" count="22" type="cond" truecount="4" falsecount="0"/>
        <line num="28" count="8" type="stmt"/>
        <line num="30" count="0" type="stmt"/>
        <line num="34" count="17" type="stmt"/>
        <line num="35" count="17" type="cond" truecount="1" falsecount="1"/>
        <line num="36" count="17" type="cond" truecount="3" falsecount="1"/>
        <line num="37" count="0" type="cond" truecount="0" falsecount="4"/>
      </file>
    </package>
  </project>
</coverage>
