<?xml version="1.0" encoding="UTF-8"?>
<coverage generated="1755556561027" clover="3.2.0">
  <project timestamp="1755556561027" name="All files">
    <metrics statements="4060" coveredstatements="2510" conditionals="4292" coveredconditionals="1974" methods="665" coveredmethods="430" elements="9017" coveredelements="4914" complexity="0" loc="4060" ncloc="4060" packages="4" files="37" classes="37"/>
    <package name="src">
      <metrics statements="2317" coveredstatements="1523" conditionals="2423" coveredconditionals="1212" methods="367" coveredmethods="226"/>
      <file name="background.js" path="/workspace/Qwen-translator-extension/src/background.js">
        <metrics statements="606" coveredstatements="316" conditionals="609" coveredconditionals="225" methods="101" coveredmethods="45"/>
        <line num="1" count="18" type="stmt"/>
        <line num="4" count="18" type="cond" truecount="4" falsecount="0"/>
        <line num="5" count="5" type="stmt"/>
        <line num="8" count="18" type="cond" truecount="2" falsecount="2"/>
        <line num="13" count="18" type="cond" truecount="2" falsecount="1"/>
        <line num="17" count="66" type="stmt"/>
        <line num="18" count="0" type="stmt"/>
        <line num="19" count="0" type="cond" truecount="0" falsecount="4"/>
        <line num="20" count="0" type="cond" truecount="0" falsecount="2"/>
        <line num="25" count="18" type="stmt"/>
        <line num="27" count="18" type="stmt"/>
        <line num="28" count="18" type="stmt"/>
        <line num="29" count="0" type="stmt"/>
        <line num="31" count="18" type="cond" truecount="1" falsecount="1"/>
        <line num="32" count="0" type="stmt"/>
        <line num="33" count="0" type="stmt"/>
        <line num="34" count="0" type="stmt"/>
        <line num="38" count="18" type="stmt"/>
        <line num="39" count="0" type="stmt"/>
        <line num="40" count="0" type="cond" truecount="0" falsecount="2"/>
        <line num="41" count="0" type="stmt"/>
        <line num="45" count="18" type="cond" truecount="2" falsecount="0"/>
        <line num="46" count="18" type="stmt"/>
        <line num="47" count="18" type="stmt"/>
        <line num="48" count="18" type="stmt"/>
        <line num="49" count="18" type="cond" truecount="2" falsecount="0"/>
        <line num="50" count="18" type="cond" truecount="4" falsecount="0"/>
        <line num="51" count="18" type="stmt"/>
        <line num="52" count="18" type="cond" truecount="4" falsecount="0"/>
        <line num="57" count="9" type="stmt"/>
        <line num="58" count="9" type="cond" truecount="2" falsecount="0"/>
        <line num="63" count="0" type="stmt"/>
        <line num="64" count="0" type="cond" truecount="0" falsecount="2"/>
        <line num="69" count="66" type="stmt"/>
        <line num="70" count="66" type="stmt"/>
        <line num="75" count="18" type="cond" truecount="2" falsecount="2"/>
        <line num="76" count="0" type="stmt"/>
        <line num="77" count="0" type="stmt"/>
        <line num="78" count="0" type="stmt"/>
        <line num="79" count="0" type="cond" truecount="0" falsecount="5"/>
        <line num="80" count="0" type="cond" truecount="0" falsecount="4"/>
        <line num="81" count="0" type="stmt"/>
        <line num="82" count="0" type="cond" truecount="0" falsecount="2"/>
        <line num="83" count="0" type="cond" truecount="0" falsecount="4"/>
        <line num="84" count="0" type="stmt"/>
        <line num="86" count="0" type="stmt"/>
        <line num="87" count="0" type="stmt"/>
        <line num="89" count="0" type="stmt"/>
        <line num="90" count="0" type="stmt"/>
        <line num="91" count="0" type="stmt"/>
        <line num="92" count="0" type="stmt"/>
        <line num="93" count="0" type="stmt"/>
        <line num="94" count="0" type="stmt"/>
        <line num="95" count="0" type="stmt"/>
        <line num="96" count="0" type="stmt"/>
        <line num="97" count="0" type="stmt"/>
        <line num="98" count="0" type="stmt"/>
        <line num="99" count="0" type="stmt"/>
        <line num="103" count="18" type="cond" truecount="1" falsecount="1"/>
        <line num="104" count="18" type="stmt"/>
        <line num="105" count="18" type="cond" truecount="1" falsecount="1"/>
        <line num="110" count="0" type="cond" truecount="0" falsecount="2"/>
        <line num="111" count="0" type="stmt"/>
        <line num="112" count="0" type="cond" truecount="0" falsecount="2"/>
        <line num="113" count="0" type="stmt"/>
        <line num="121" count="0" type="stmt"/>
        <line num="122" count="0" type="cond" truecount="0" falsecount="2"/>
        <line num="123" count="0" type="cond" truecount="0" falsecount="2"/>
        <line num="124" count="0" type="stmt"/>
        <line num="125" count="0" type="stmt"/>
        <line num="128" count="0" type="stmt"/>
        <line num="129" count="0" type="cond" truecount="0" falsecount="2"/>
        <line num="130" count="0" type="stmt"/>
        <line num="131" count="0" type="cond" truecount="0" falsecount="2"/>
        <line num="132" count="0" type="stmt"/>
        <line num="133" count="0" type="cond" truecount="0" falsecount="2"/>
        <line num="134" count="0" type="stmt"/>
        <line num="135" count="0" type="cond" truecount="0" falsecount="2"/>
        <line num="136" count="0" type="cond" truecount="0" falsecount="4"/>
        <line num="137" count="0" type="stmt"/>
        <line num="139" count="0" type="stmt"/>
        <line num="140" count="0" type="cond" truecount="0" falsecount="5"/>
        <line num="141" count="0" type="cond" truecount="0" falsecount="4"/>
        <line num="142" count="0" type="cond" truecount="0" falsecount="2"/>
        <line num="146" count="6" type="cond" truecount="1" falsecount="1"/>
        <line num="147" count="6" type="cond" truecount="1" falsecount="1"/>
        <line num="148" count="6" type="cond" truecount="3" falsecount="1"/>
        <line num="149" count="6" type="stmt"/>
        <line num="150" count="6" type="stmt"/>
        <line num="154" count="0" type="cond" truecount="0" falsecount="3"/>
        <line num="155" count="0" type="stmt"/>
        <line num="158" count="0" type="stmt"/>
        <line num="159" count="0" type="stmt"/>
        <line num="160" count="0" type="cond" truecount="0" falsecount="2"/>
        <line num="161" count="0" type="stmt"/>
        <line num="162" count="0" type="stmt"/>
        <line num="165" count="0" type="stmt"/>
        <line num="168" count="0" type="stmt"/>
        <line num="171" count="0" type="stmt"/>
        <line num="172" count="0" type="stmt"/>
        <line num="179" count="0" type="stmt"/>
        <line num="180" count="0" type="stmt"/>
        <line num="189" count="0" type="stmt"/>
        <line num="190" count="0" type="cond" truecount="0" falsecount="2"/>
        <line num="191" count="0" type="stmt"/>
        <line num="193" count="0" type="cond" truecount="0" falsecount="2"/>
        <line num="196" count="0" type="stmt"/>
        <line num="197" count="0" type="stmt"/>
        <line num="200" count="0" type="cond" truecount="0" falsecount="2"/>
        <line num="201" count="0" type="stmt"/>
        <line num="202" count="0" type="stmt"/>
        <line num="203" count="0" type="stmt"/>
        <line num="204" count="0" type="cond" truecount="0" falsecount="2"/>
        <line num="207" count="0" type="stmt"/>
        <line num="210" count="0" type="cond" truecount="0" falsecount="4"/>
        <line num="211" count="0" type="stmt"/>
        <line num="212" count="0" type="cond" truecount="0" falsecount="2"/>
        <line num="213" count="0" type="stmt"/>
        <line num="214" count="0" type="cond" truecount="0" falsecount="2"/>
        <line num="215" count="0" type="stmt"/>
        <line num="216" count="0" type="cond" truecount="0" falsecount="2"/>
        <line num="217" count="0" type="stmt"/>
        <line num="221" count="19" type="stmt"/>
        <line num="222" count="19" type="stmt"/>
        <line num="223" count="17" type="stmt"/>
        <line num="228" count="17" type="stmt"/>
        <line num="233" count="17" type="stmt"/>
        <line num="242" count="18" type="stmt"/>
        <line num="244" count="18" type="stmt"/>
        <line num="245" count="1" type="stmt"/>
        <line num="246" count="1" type="cond" truecount="1" falsecount="1"/>
        <line num="247" count="1" type="stmt"/>
        <line num="248" count="1" type="stmt"/>
        <line num="249" count="1" type="cond" truecount="1" falsecount="1"/>
        <line num="250" count="1" type="stmt"/>
        <line num="251" count="1" type="stmt"/>
        <line num="252" count="1" type="stmt"/>
        <line num="253" count="1" type="cond" truecount="1" falsecount="1"/>
        <line num="254" count="1" type="stmt"/>
        <line num="257" count="1" type="stmt"/>
        <line num="264" count="0" type="cond" truecount="0" falsecount="2"/>
        <line num="265" count="0" type="stmt"/>
        <line num="266" count="0" type="stmt"/>
        <line num="267" count="0" type="stmt"/>
        <line num="271" count="0" type="stmt"/>
        <line num="274" count="18" type="cond" truecount="1" falsecount="1"/>
        <line num="276" count="18" type="stmt"/>
        <line num="277" count="0" type="cond" truecount="0" falsecount="4"/>
        <line num="278" count="0" type="stmt"/>
        <line num="279" count="0" type="cond" truecount="0" falsecount="2"/>
        <line num="280" count="0" type="stmt"/>
        <line num="281" count="0" type="stmt"/>
        <line num="282" count="0" type="stmt"/>
        <line num="284" count="0" type="cond" truecount="0" falsecount="2"/>
        <line num="285" count="0" type="stmt"/>
        <line num="286" count="0" type="stmt"/>
        <line num="288" count="0" type="cond" truecount="0" falsecount="2"/>
        <line num="289" count="0" type="cond" truecount="0" falsecount="4"/>
        <line num="290" count="0" type="stmt"/>
        <line num="291" count="0" type="cond" truecount="0" falsecount="2"/>
        <line num="292" count="0" type="stmt"/>
        <line num="293" count="0" type="cond" truecount="0" falsecount="2"/>
        <line num="294" count="0" type="stmt"/>
        <line num="295" count="0" type="stmt"/>
        <line num="301" count="18" type="stmt"/>
        <line num="302" count="0" type="cond" truecount="0" falsecount="2"/>
        <line num="303" count="0" type="cond" truecount="0" falsecount="2"/>
        <line num="304" count="0" type="cond" truecount="0" falsecount="2"/>
        <line num="305" count="0" type="stmt"/>
        <line num="306" count="0" type="stmt"/>
        <line num="307" count="0" type="cond" truecount="0" falsecount="6"/>
        <line num="308" count="0" type="stmt"/>
        <line num="309" count="0" type="stmt"/>
        <line num="317" count="18" type="stmt"/>
        <line num="318" count="18" type="stmt"/>
        <line num="319" count="18" type="stmt"/>
        <line num="320" count="18" type="stmt"/>
        <line num="321" count="18" type="stmt"/>
        <line num="324" count="18" type="stmt"/>
        <line num="325" count="18" type="stmt"/>
        <line num="326" count="18" type="stmt"/>
        <line num="327" count="18" type="stmt"/>
        <line num="328" count="18" type="stmt"/>
        <line num="329" count="18" type="stmt"/>
        <line num="330" count="18" type="stmt"/>
        <line num="333" count="9" type="stmt"/>
        <line num="334" count="9" type="stmt"/>
        <line num="335" count="9" type="stmt"/>
        <line num="336" count="9" type="stmt"/>
        <line num="337" count="9" type="stmt"/>
        <line num="338" count="9" type="stmt"/>
        <line num="339" count="8" type="cond" truecount="2" falsecount="0"/>
        <line num="340" count="8" type="stmt"/>
        <line num="342" count="8" type="cond" truecount="1" falsecount="1"/>
        <line num="343" count="8" type="stmt"/>
        <line num="348" count="1" type="stmt"/>
        <line num="349" count="3" type="stmt"/>
        <line num="350" count="3" type="stmt"/>
        <line num="353" count="0" type="stmt"/>
        <line num="354" count="0" type="stmt"/>
        <line num="355" count="0" type="cond" truecount="0" falsecount="2"/>
        <line num="356" count="0" type="cond" truecount="0" falsecount="2"/>
        <line num="357" count="0" type="cond" truecount="0" falsecount="2"/>
        <line num="358" count="0" type="cond" truecount="0" falsecount="2"/>
        <line num="359" count="0" type="cond" truecount="0" falsecount="2"/>
        <line num="360" count="0" type="stmt"/>
        <line num="364" count="28" type="stmt"/>
        <line num="365" count="28" type="stmt"/>
        <line num="366" count="28" type="stmt"/>
        <line num="373" count="28" type="cond" truecount="6" falsecount="0"/>
        <line num="374" count="28" type="stmt"/>
        <line num="375" count="28" type="stmt"/>
        <line num="376" count="28" type="stmt"/>
        <line num="377" count="9" type="cond" truecount="1" falsecount="1"/>
        <line num="378" count="9" type="cond" truecount="1" falsecount="1"/>
        <line num="379" count="9" type="stmt"/>
        <line num="382" count="8" type="stmt"/>
        <line num="386" count="28" type="stmt"/>
        <line num="387" count="28" type="stmt"/>
        <line num="392" count="1" type="stmt"/>
        <line num="396" count="41" type="stmt"/>
        <line num="397" count="41" type="stmt"/>
        <line num="398" count="41" type="cond" truecount="1" falsecount="1"/>
        <line num="399" count="41" type="cond" truecount="1" falsecount="1"/>
        <line num="400" count="41" type="stmt"/>
        <line num="401" count="41" type="stmt"/>
        <line num="403" count="41" type="stmt"/>
        <line num="405" count="41" type="cond" truecount="2" falsecount="0"/>
        <line num="406" count="37" type="stmt"/>
        <line num="407" count="37" type="stmt"/>
        <line num="408" count="4" type="cond" truecount="1" falsecount="1"/>
        <line num="409" count="4" type="stmt"/>
        <line num="410" count="4" type="stmt"/>
        <line num="411" count="4" type="stmt"/>
        <line num="412" count="0" type="stmt"/>
        <line num="413" count="41" type="cond" truecount="2" falsecount="0"/>
        <line num="414" count="40" type="stmt"/>
        <line num="417" count="40" type="stmt"/>
        <line num="418" count="40" type="stmt"/>
        <line num="419" count="40" type="stmt"/>
        <line num="420" count="40" type="stmt"/>
        <line num="421" count="40" type="stmt"/>
        <line num="422" count="40" type="stmt"/>
        <line num="423" count="40" type="stmt"/>
        <line num="426" count="40" type="cond" truecount="2" falsecount="0"/>
        <line num="427" count="40" type="stmt"/>
        <line num="428" count="40" type="stmt"/>
        <line num="429" count="40" type="stmt"/>
        <line num="430" count="40" type="stmt"/>
        <line num="433" count="40" type="cond" truecount="2" falsecount="0"/>
        <line num="434" count="4" type="stmt"/>
        <line num="435" count="4" type="stmt"/>
        <line num="436" count="4" type="stmt"/>
        <line num="437" count="4" type="stmt"/>
        <line num="438" count="4" type="stmt"/>
        <line num="442" count="40" type="stmt"/>
        <line num="443" count="40" type="stmt"/>
        <line num="444" count="40" type="cond" truecount="2" falsecount="0"/>
        <line num="445" count="37" type="cond" truecount="2" falsecount="0"/>
        <line num="446" count="40" type="stmt"/>
        <line num="447" count="40" type="stmt"/>
        <line num="448" count="40" type="stmt"/>
        <line num="449" count="40" type="stmt"/>
        <line num="451" count="40" type="stmt"/>
        <line num="452" count="40" type="stmt"/>
        <line num="456" count="41" type="stmt"/>
        <line num="457" count="41" type="cond" truecount="4" falsecount="0"/>
        <line num="458" count="41" type="stmt"/>
        <line num="459" count="41" type="cond" truecount="1" falsecount="1"/>
        <line num="460" count="41" type="cond" truecount="2" falsecount="0"/>
        <line num="462" count="41" type="stmt"/>
        <line num="464" count="18" type="stmt"/>
        <line num="465" count="18" type="stmt"/>
        <line num="466" count="18" type="stmt"/>
        <line num="467" count="18" type="stmt"/>
        <line num="469" count="82" type="cond" truecount="2" falsecount="0"/>
        <line num="470" count="18" type="stmt"/>
        <line num="471" count="18" type="stmt"/>
        <line num="474" count="18" type="stmt"/>
        <line num="479" count="18" type="stmt"/>
        <line num="484" count="82" type="stmt"/>
        <line num="487" count="18" type="stmt"/>
        <line num="490" count="8" type="cond" truecount="2" falsecount="2"/>
        <line num="491" count="8" type="cond" truecount="4" falsecount="0"/>
        <line num="494" count="8" type="stmt"/>
        <line num="495" count="9" type="cond" truecount="3" falsecount="0"/>
        <line num="496" count="9" type="cond" truecount="4" falsecount="0"/>
        <line num="497" count="3" type="stmt"/>
        <line num="498" count="3" type="stmt"/>
        <line num="499" count="3" type="cond" truecount="6" falsecount="1"/>
        <line num="502" count="6" type="stmt"/>
        <line num="505" count="2" type="stmt"/>
        <line num="509" count="8" type="stmt"/>
        <line num="510" count="8" type="cond" truecount="2" falsecount="0"/>
        <line num="511" count="8" type="cond" truecount="2" falsecount="1"/>
        <line num="512" count="8" type="cond" truecount="2" falsecount="0"/>
        <line num="513" count="8" type="cond" truecount="1" falsecount="1"/>
        <line num="515" count="8" type="stmt"/>
        <line num="516" count="8" type="stmt"/>
        <line num="517" count="8" type="cond" truecount="1" falsecount="1"/>
        <line num="518" count="8" type="stmt"/>
        <line num="519" count="8" type="stmt"/>
        <line num="521" count="8" type="stmt"/>
        <line num="522" count="8" type="cond" truecount="1" falsecount="1"/>
        <line num="523" count="8" type="cond" truecount="1" falsecount="1"/>
        <line num="524" count="0" type="cond" truecount="0" falsecount="2"/>
        <line num="526" count="8" type="cond" truecount="1" falsecount="1"/>
        <line num="527" count="8" type="stmt"/>
        <line num="536" count="8" type="stmt"/>
        <line num="537" count="8" type="stmt"/>
        <line num="538" count="8" type="stmt"/>
        <line num="539" count="8" type="stmt"/>
        <line num="540" count="8" type="stmt"/>
        <line num="541" count="8" type="stmt"/>
        <line num="542" count="8" type="stmt"/>
        <line num="543" count="8" type="stmt"/>
        <line num="544" count="8" type="stmt"/>
        <line num="562" count="5" type="cond" truecount="2" falsecount="0"/>
        <line num="563" count="5" type="stmt"/>
        <line num="564" count="5" type="cond" truecount="1" falsecount="1"/>
        <line num="565" count="5" type="stmt"/>
        <line num="566" count="5" type="stmt"/>
        <line num="568" count="5" type="cond" truecount="1" falsecount="1"/>
        <line num="569" count="5" type="stmt"/>
        <line num="570" count="5" type="cond" truecount="2" falsecount="0"/>
        <line num="571" count="5" type="cond" truecount="2" falsecount="3"/>
        <line num="572" count="0" type="stmt"/>
        <line num="573" count="0" type="stmt"/>
        <line num="574" count="0" type="cond" truecount="0" falsecount="4"/>
        <line num="575" count="0" type="stmt"/>
        <line num="576" count="0" type="stmt"/>
        <line num="578" count="0" type="stmt"/>
        <line num="581" count="0" type="stmt"/>
        <line num="582" count="0" type="stmt"/>
        <line num="585" count="5" type="stmt"/>
        <line num="587" count="5" type="stmt"/>
        <line num="588" count="5" type="stmt"/>
        <line num="590" count="3" type="stmt"/>
        <line num="591" count="3" type="stmt"/>
        <line num="592" count="3" type="stmt"/>
        <line num="593" count="3" type="stmt"/>
        <line num="594" count="3" type="cond" truecount="2" falsecount="0"/>
        <line num="595" count="1" type="stmt"/>
        <line num="596" count="1" type="stmt"/>
        <line num="598" count="2" type="stmt"/>
        <line num="600" count="8" type="stmt"/>
        <line num="601" count="8" type="stmt"/>
        <line num="602" count="8" type="stmt"/>
        <line num="603" count="8" type="stmt"/>
        <line num="607" count="18" type="stmt"/>
        <line num="608" count="8" type="cond" truecount="1" falsecount="1"/>
        <line num="609" count="0" type="stmt"/>
        <line num="611" count="0" type="stmt"/>
        <line num="612" count="0" type="stmt"/>
        <line num="614" count="8" type="cond" truecount="1" falsecount="1"/>
        <line num="615" count="0" type="cond" truecount="0" falsecount="2"/>
        <line num="616" count="0" type="stmt"/>
        <line num="617" count="0" type="stmt"/>
        <line num="619" count="8" type="cond" truecount="1" falsecount="1"/>
        <line num="620" count="0" type="stmt"/>
        <line num="621" count="0" type="stmt"/>
        <line num="623" count="8" type="cond" truecount="1" falsecount="1"/>
        <line num="624" count="0" type="cond" truecount="0" falsecount="2"/>
        <line num="625" count="0" type="cond" truecount="0" falsecount="4"/>
        <line num="626" count="0" type="cond" truecount="0" falsecount="2"/>
        <line num="627" count="0" type="stmt"/>
        <line num="629" count="0" type="cond" truecount="0" falsecount="4"/>
        <line num="630" count="0" type="stmt"/>
        <line num="631" count="0" type="stmt"/>
        <line num="632" count="0" type="cond" truecount="0" falsecount="2"/>
        <line num="633" count="0" type="cond" truecount="0" falsecount="2"/>
        <line num="634" count="0" type="stmt"/>
        <line num="637" count="0" type="cond" truecount="0" falsecount="2"/>
        <line num="638" count="0" type="cond" truecount="0" falsecount="2"/>
        <line num="639" count="0" type="cond" truecount="0" falsecount="5"/>
        <line num="640" count="0" type="stmt"/>
        <line num="642" count="0" type="stmt"/>
        <line num="643" count="0" type="stmt"/>
        <line num="645" count="8" type="cond" truecount="1" falsecount="1"/>
        <line num="646" count="0" type="cond" truecount="0" falsecount="4"/>
        <line num="647" count="0" type="stmt"/>
        <line num="648" count="0" type="stmt"/>
        <line num="650" count="8" type="cond" truecount="2" falsecount="0"/>
        <line num="651" count="1" type="stmt"/>
        <line num="652" count="1" type="cond" truecount="3" falsecount="1"/>
        <line num="653" count="1" type="cond" truecount="3" falsecount="1"/>
        <line num="654" count="1" type="stmt"/>
        <line num="656" count="1" type="stmt"/>
        <line num="658" count="7" type="cond" truecount="2" falsecount="0"/>
        <line num="659" count="1" type="stmt"/>
        <line num="660" count="1" type="cond" truecount="3" falsecount="1"/>
        <line num="661" count="1" type="stmt"/>
        <line num="663" count="1" type="stmt"/>
        <line num="665" count="6" type="cond" truecount="1" falsecount="1"/>
        <line num="666" count="0" type="stmt"/>
        <line num="667" count="0" type="cond" truecount="0" falsecount="5"/>
        <line num="668" count="0" type="cond" truecount="0" falsecount="5"/>
        <line num="669" count="0" type="stmt"/>
        <line num="670" count="0" type="stmt"/>
        <line num="671" count="0" type="stmt"/>
        <line num="672" count="0" type="cond" truecount="0" falsecount="5"/>
        <line num="673" count="0" type="stmt"/>
        <line num="678" count="0" type="stmt"/>
        <line num="680" count="0" type="stmt"/>
        <line num="682" count="6" type="cond" truecount="1" falsecount="1"/>
        <line num="683" count="0" type="stmt"/>
        <line num="687" count="0" type="cond" truecount="0" falsecount="4"/>
        <line num="688" count="0" type="stmt"/>
        <line num="689" count="0" type="stmt"/>
        <line num="691" count="6" type="cond" truecount="2" falsecount="0"/>
        <line num="692" count="2" type="stmt"/>
        <line num="693" count="2" type="stmt"/>
        <line num="694" count="2" type="stmt"/>
        <line num="695" count="2" type="stmt"/>
        <line num="696" count="2" type="stmt"/>
        <line num="697" count="2" type="cond" truecount="1" falsecount="1"/>
        <line num="698" count="2" type="stmt"/>
        <line num="699" count="2" type="cond" truecount="2" falsecount="0"/>
        <line num="700" count="2" type="cond" truecount="2" falsecount="0"/>
        <line num="701" count="2" type="cond" truecount="1" falsecount="1"/>
        <line num="702" count="2" type="stmt"/>
        <line num="704" count="2" type="stmt"/>
        <line num="707" count="2" type="stmt"/>
        <line num="709" count="4" type="cond" truecount="2" falsecount="0"/>
        <line num="710" count="2" type="stmt"/>
        <line num="711" count="2" type="stmt"/>
        <line num="712" count="2" type="stmt"/>
        <line num="719" count="2" type="cond" truecount="5" falsecount="1"/>
        <line num="720" count="2" type="stmt"/>
        <line num="721" count="2" type="stmt"/>
        <line num="722" count="2" type="cond" truecount="1" falsecount="1"/>
        <line num="723" count="2" type="stmt"/>
        <line num="729" count="2" type="stmt"/>
        <line num="732" count="2" type="stmt"/>
        <line num="734" count="2" type="cond" truecount="2" falsecount="0"/>
        <line num="735" count="1" type="cond" truecount="3" falsecount="1"/>
        <line num="736" count="1" type="cond" truecount="1" falsecount="1"/>
        <line num="737" count="1" type="stmt"/>
        <line num="738" count="1" type="stmt"/>
        <line num="740" count="1" type="cond" truecount="1" falsecount="1"/>
        <line num="741" count="0" type="stmt"/>
        <line num="742" count="0" type="cond" truecount="0" falsecount="2"/>
        <line num="743" count="0" type="cond" truecount="0" falsecount="3"/>
        <line num="744" count="0" type="cond" truecount="0" falsecount="4"/>
        <line num="745" count="0" type="stmt"/>
        <line num="750" count="0" type="stmt"/>
        <line num="751" count="0" type="stmt"/>
        <line num="753" count="0" type="stmt"/>
        <line num="754" count="0" type="stmt"/>
        <line num="756" count="1" type="cond" truecount="1" falsecount="1"/>
        <line num="757" count="0" type="cond" truecount="0" falsecount="2"/>
        <line num="758" count="0" type="stmt"/>
        <line num="759" count="0" type="stmt"/>
        <line num="760" count="0" type="cond" truecount="0" falsecount="2"/>
        <line num="762" count="0" type="cond" truecount="0" falsecount="4"/>
        <line num="763" count="0" type="stmt"/>
        <line num="765" count="0" type="cond" truecount="0" falsecount="2"/>
        <line num="769" count="0" type="stmt"/>
        <line num="771" count="0" type="stmt"/>
        <line num="774" count="0" type="stmt"/>
        <line num="776" count="1" type="cond" truecount="1" falsecount="1"/>
        <line num="777" count="1" type="cond" truecount="1" falsecount="1"/>
        <line num="778" count="1" type="cond" truecount="3" falsecount="1"/>
        <line num="779" count="1" type="stmt"/>
        <line num="780" count="1" type="stmt"/>
        <line num="781" count="1" type="cond" truecount="1" falsecount="1"/>
        <line num="782" count="1" type="cond" truecount="1" falsecount="1"/>
        <line num="785" count="1" type="cond" truecount="1" falsecount="1"/>
        <line num="786" count="1" type="cond" truecount="1" falsecount="1"/>
        <line num="788" count="1" type="cond" truecount="3" falsecount="1"/>
        <line num="789" count="0" type="stmt"/>
        <line num="790" count="0" type="stmt"/>
        <line num="791" count="1" type="cond" truecount="1" falsecount="1"/>
        <line num="792" count="1" type="stmt"/>
        <line num="793" count="1" type="stmt"/>
        <line num="795" count="1" type="stmt"/>
        <line num="796" count="1" type="stmt"/>
        <line num="797" count="1" type="stmt"/>
        <line num="799" count="0" type="cond" truecount="0" falsecount="2"/>
        <line num="800" count="0" type="stmt"/>
        <line num="801" count="0" type="stmt"/>
        <line num="803" count="0" type="cond" truecount="0" falsecount="2"/>
        <line num="804" count="0" type="stmt"/>
        <line num="805" count="0" type="stmt"/>
        <line num="807" count="0" type="stmt"/>
        <line num="809" count="0" type="cond" truecount="0" falsecount="2"/>
        <line num="810" count="0" type="stmt"/>
        <line num="811" count="0" type="stmt"/>
        <line num="813" count="0" type="stmt"/>
        <line num="814" count="0" type="stmt"/>
        <line num="815" count="0" type="stmt"/>
        <line num="817" count="0" type="cond" truecount="0" falsecount="2"/>
        <line num="818" count="0" type="stmt"/>
        <line num="819" count="0" type="stmt"/>
        <line num="820" count="0" type="stmt"/>
        <line num="821" count="0" type="cond" truecount="0" falsecount="2"/>
        <line num="822" count="0" type="stmt"/>
        <line num="823" count="0" type="cond" truecount="0" falsecount="4"/>
        <line num="824" count="0" type="stmt"/>
        <line num="825" count="0" type="cond" truecount="0" falsecount="4"/>
        <line num="826" count="0" type="stmt"/>
        <line num="829" count="0" type="cond" truecount="0" falsecount="2"/>
        <line num="830" count="0" type="stmt"/>
        <line num="831" count="0" type="stmt"/>
        <line num="833" count="0" type="stmt"/>
        <line num="836" count="0" type="cond" truecount="0" falsecount="3"/>
        <line num="839" count="0" type="stmt"/>
        <line num="843" count="18" type="stmt"/>
        <line num="844" count="1" type="cond" truecount="1" falsecount="1"/>
        <line num="845" count="1" type="stmt"/>
        <line num="846" count="1" type="cond" truecount="3" falsecount="1"/>
        <line num="847" count="1" type="cond" truecount="1" falsecount="1"/>
        <line num="848" count="1" type="stmt"/>
        <line num="849" count="1" type="cond" truecount="3" falsecount="1"/>
        <line num="850" count="1" type="stmt"/>
        <line num="851" count="1" type="stmt"/>
        <line num="852" count="1" type="cond" truecount="1" falsecount="1"/>
        <line num="853" count="1" type="stmt"/>
        <line num="854" count="1" type="stmt"/>
        <line num="855" count="1" type="stmt"/>
        <line num="856" count="1" type="cond" truecount="3" falsecount="3"/>
        <line num="857" count="1" type="stmt"/>
        <line num="858" count="1" type="stmt"/>
        <line num="859" count="1" type="stmt"/>
        <line num="860" count="1" type="cond" truecount="1" falsecount="1"/>
        <line num="861" count="1" type="stmt"/>
        <line num="862" count="1" type="cond" truecount="3" falsecount="1"/>
        <line num="863" count="0" type="stmt"/>
        <line num="864" count="0" type="stmt"/>
        <line num="866" count="0" type="cond" truecount="0" falsecount="2"/>
        <line num="867" count="0" type="cond" truecount="0" falsecount="5"/>
        <line num="868" count="0" type="stmt"/>
        <line num="869" count="0" type="stmt"/>
        <line num="870" count="0" type="cond" truecount="0" falsecount="4"/>
        <line num="871" count="0" type="stmt"/>
        <line num="872" count="0" type="stmt"/>
        <line num="874" count="0" type="stmt"/>
        <line num="877" count="0" type="stmt"/>
        <line num="878" count="0" type="stmt"/>
        <line num="881" count="0" type="stmt"/>
        <line num="883" count="0" type="stmt"/>
        <line num="885" count="1" type="stmt"/>
        <line num="886" count="1" type="cond" truecount="2" falsecount="0"/>
        <line num="887" count="1" type="cond" truecount="2" falsecount="3"/>
        <line num="888" count="0" type="stmt"/>
        <line num="889" count="0" type="stmt"/>
        <line num="890" count="0" type="cond" truecount="0" falsecount="4"/>
        <line num="891" count="0" type="stmt"/>
        <line num="892" count="0" type="stmt"/>
        <line num="894" count="0" type="stmt"/>
        <line num="897" count="0" type="stmt"/>
        <line num="898" count="0" type="stmt"/>
        <line num="901" count="1" type="stmt"/>
        <line num="903" count="1" type="stmt"/>
        <line num="905" count="1" type="stmt"/>
        <line num="906" count="1" type="stmt"/>
        <line num="908" count="0" type="stmt"/>
        <line num="909" count="0" type="stmt"/>
        <line num="910" count="0" type="stmt"/>
        <line num="911" count="0" type="stmt"/>
        <line num="912" count="0" type="cond" truecount="0" falsecount="2"/>
        <line num="913" count="0" type="cond" truecount="0" falsecount="2"/>
        <line num="914" count="0" type="stmt"/>
        <line num="917" count="1" type="stmt"/>
        <line num="918" count="1" type="stmt"/>
        <line num="919" count="1" type="stmt"/>
        <line num="920" count="1" type="stmt"/>
        <line num="921" count="1" type="stmt"/>
        <line num="923" count="1" type="stmt"/>
        <line num="925" count="0" type="cond" truecount="0" falsecount="2"/>
        <line num="926" count="0" type="stmt"/>
        <line num="927" count="0" type="cond" truecount="0" falsecount="4"/>
        <line num="928" count="0" type="stmt"/>
        <line num="929" count="0" type="cond" truecount="0" falsecount="2"/>
        <line num="931" count="0" type="cond" truecount="0" falsecount="4"/>
        <line num="932" count="0" type="stmt"/>
        <line num="934" count="0" type="cond" truecount="0" falsecount="2"/>
        <line num="938" count="0" type="stmt"/>
        <line num="940" count="0" type="stmt"/>
        <line num="942" count="0" type="stmt"/>
        <line num="943" count="0" type="cond" truecount="0" falsecount="4"/>
        <line num="944" count="0" type="stmt"/>
        <line num="945" count="0" type="cond" truecount="0" falsecount="2"/>
        <line num="946" count="0" type="stmt"/>
        <line num="947" count="0" type="stmt"/>
        <line num="948" count="0" type="stmt"/>
        <line num="952" count="1" type="stmt"/>
        <line num="953" count="0" type="stmt"/>
        <line num="954" count="0" type="cond" truecount="0" falsecount="2"/>
        <line num="955" count="0" type="stmt"/>
        <line num="956" count="0" type="stmt"/>
        <line num="957" count="0" type="stmt"/>
        <line num="963" count="18" type="stmt"/>
        <line num="964" count="0" type="cond" truecount="0" falsecount="6"/>
        <line num="965" count="0" type="stmt"/>
        <line num="969" count="18" type="cond" truecount="3" falsecount="1"/>
        <line num="970" count="0" type="stmt"/>
        <line num="971" count="0" type="stmt"/>
        <line num="972" count="0" type="stmt"/>
        <line num="973" count="0" type="stmt"/>
        <line num="974" count="0" type="cond" truecount="0" falsecount="2"/>
        <line num="975" count="0" type="stmt"/>
        <line num="978" count="0" type="cond" truecount="0" falsecount="5"/>
        <line num="979" count="0" type="stmt"/>
        <line num="985" count="18" type="cond" truecount="1" falsecount="1"/>
        <line num="986" count="18" type="stmt"/>
      </file>
      <file name="cache.js" path="/workspace/Qwen-translator-extension/src/cache.js">
        <metrics statements="145" coveredstatements="105" conditionals="115" coveredconditionals="73" methods="29" coveredmethods="26"/>
        <line num="1" count="22" type="stmt"/>
        <line num="2" count="22" type="stmt"/>
        <line num="3" count="22" type="stmt"/>
        <line num="4" count="22" type="stmt"/>
        <line num="6" count="22" type="stmt"/>
        <line num="7" count="22" type="stmt"/>
        <line num="8" count="22" type="stmt"/>
        <line num="10" count="22" type="cond" truecount="1" falsecount="1"/>
        <line num="11" count="0" type="stmt"/>
        <line num="13" count="22" type="cond" truecount="5" falsecount="0"/>
        <line num="15" count="22" type="cond" truecount="1" falsecount="1"/>
        <line num="19" count="16" type="stmt"/>
        <line num="20" count="16" type="stmt"/>
        <line num="21" count="16" type="cond" truecount="1" falsecount="1"/>
        <line num="23" count="0" type="stmt"/>
        <line num="24" count="0" type="stmt"/>
        <line num="29" count="1" type="cond" truecount="1" falsecount="1"/>
        <line num="30" count="1" type="cond" truecount="1" falsecount="1"/>
        <line num="31" count="1" type="stmt"/>
        <line num="32" count="1" type="stmt"/>
        <line num="33" count="1" type="cond" truecount="1" falsecount="1"/>
        <line num="34" count="0" type="stmt"/>
        <line num="36" count="1" type="stmt"/>
        <line num="37" count="1" type="stmt"/>
        <line num="40" count="0" type="stmt"/>
        <line num="41" count="0" type="stmt"/>
        <line num="43" count="0" type="stmt"/>
        <line num="44" count="0" type="stmt"/>
        <line num="48" count="22" type="cond" truecount="5" falsecount="0"/>
        <line num="49" count="19" type="stmt"/>
        <line num="50" count="19" type="stmt"/>
        <line num="51" count="19" type="cond" truecount="4" falsecount="0"/>
        <line num="52" count="19" type="stmt"/>
        <line num="53" count="19" type="stmt"/>
        <line num="54" count="19" type="stmt"/>
        <line num="55" count="1" type="stmt"/>
        <line num="56" count="1" type="cond" truecount="2" falsecount="3"/>
        <line num="57" count="0" type="stmt"/>
        <line num="58" count="0" type="stmt"/>
        <line num="61" count="19" type="cond" truecount="1" falsecount="1"/>
        <line num="62" count="0" type="stmt"/>
        <line num="64" count="19" type="stmt"/>
        <line num="66" count="19" type="stmt"/>
        <line num="69" count="3" type="cond" truecount="3" falsecount="1"/>
        <line num="70" count="3" type="stmt"/>
        <line num="71" count="3" type="cond" truecount="2" falsecount="0"/>
        <line num="72" count="3" type="stmt"/>
        <line num="73" count="3" type="stmt"/>
        <line num="74" count="3" type="stmt"/>
        <line num="75" count="0" type="stmt"/>
        <line num="76" count="0" type="cond" truecount="0" falsecount="5"/>
        <line num="77" count="0" type="stmt"/>
        <line num="78" count="0" type="stmt"/>
        <line num="81" count="3" type="cond" truecount="1" falsecount="1"/>
        <line num="82" count="0" type="stmt"/>
        <line num="84" count="3" type="stmt"/>
        <line num="87" count="0" type="stmt"/>
        <line num="88" count="0" type="stmt"/>
        <line num="94" count="16" type="stmt"/>
        <line num="95" count="16" type="cond" truecount="4" falsecount="1"/>
        <line num="96" count="16" type="stmt"/>
        <line num="97" count="16" type="cond" truecount="4" falsecount="0"/>
        <line num="98" count="16" type="stmt"/>
        <line num="99" count="16" type="stmt"/>
        <line num="101" count="0" type="cond" truecount="0" falsecount="2"/>
        <line num="102" count="0" type="stmt"/>
        <line num="103" count="0" type="cond" truecount="0" falsecount="2"/>
        <line num="104" count="0" type="stmt"/>
        <line num="105" count="0" type="stmt"/>
        <line num="111" count="11" type="stmt"/>
        <line num="112" count="11" type="cond" truecount="2" falsecount="0"/>
        <line num="113" count="5" type="stmt"/>
        <line num="114" count="5" type="stmt"/>
        <line num="116" count="6" type="cond" truecount="4" falsecount="0"/>
        <line num="117" count="1" type="stmt"/>
        <line num="118" count="1" type="stmt"/>
        <line num="119" count="1" type="stmt"/>
        <line num="121" count="5" type="stmt"/>
        <line num="122" count="5" type="stmt"/>
        <line num="126" count="15" type="cond" truecount="2" falsecount="0"/>
        <line num="127" count="15" type="stmt"/>
        <line num="128" count="15" type="cond" truecount="2" falsecount="0"/>
        <line num="129" count="3" type="stmt"/>
        <line num="130" count="3" type="stmt"/>
        <line num="132" count="15" type="stmt"/>
        <line num="136" count="8" type="stmt"/>
        <line num="137" count="8" type="cond" truecount="4" falsecount="1"/>
        <line num="138" count="8" type="stmt"/>
        <line num="139" count="8" type="cond" truecount="3" falsecount="1"/>
        <line num="140" count="8" type="stmt"/>
        <line num="141" count="8" type="cond" truecount="2" falsecount="0"/>
        <line num="142" count="5" type="stmt"/>
        <line num="144" count="3" type="stmt"/>
        <line num="147" count="0" type="cond" truecount="0" falsecount="2"/>
        <line num="148" count="0" type="stmt"/>
        <line num="149" count="0" type="stmt"/>
        <line num="150" count="0" type="stmt"/>
        <line num="151" count="0" type="cond" truecount="0" falsecount="2"/>
        <line num="152" count="0" type="stmt"/>
        <line num="154" count="0" type="cond" truecount="0" falsecount="4"/>
        <line num="155" count="0" type="stmt"/>
        <line num="156" count="0" type="stmt"/>
        <line num="158" count="0" type="stmt"/>
        <line num="164" count="1" type="stmt"/>
        <line num="165" count="1" type="stmt"/>
        <line num="166" count="1" type="stmt"/>
        <line num="167" count="1" type="stmt"/>
        <line num="168" count="1" type="cond" truecount="4" falsecount="1"/>
        <line num="169" count="1" type="stmt"/>
        <line num="170" count="0" type="cond" truecount="0" falsecount="2"/>
        <line num="171" count="0" type="stmt"/>
        <line num="176" count="1" type="stmt"/>
        <line num="180" count="0" type="stmt"/>
        <line num="184" count="2" type="stmt"/>
        <line num="185" count="2" type="cond" truecount="2" falsecount="0"/>
        <line num="186" count="2" type="stmt"/>
        <line num="190" count="1" type="stmt"/>
        <line num="191" count="1" type="stmt"/>
        <line num="192" count="2" type="cond" truecount="1" falsecount="1"/>
        <line num="193" count="2" type="cond" truecount="2" falsecount="0"/>
        <line num="195" count="1" type="stmt"/>
        <line num="199" count="1" type="stmt"/>
        <line num="200" count="3" type="cond" truecount="2" falsecount="0"/>
        <line num="205" count="1" type="stmt"/>
        <line num="206" count="1" type="stmt"/>
        <line num="207" count="1" type="cond" truecount="3" falsecount="1"/>
        <line num="212" count="6" type="stmt"/>
        <line num="216" count="2" type="stmt"/>
        <line num="220" count="6" type="stmt"/>
        <line num="224" count="0" type="stmt"/>
        <line num="228" count="1" type="stmt"/>
        <line num="229" count="1" type="cond" truecount="1" falsecount="1"/>
        <line num="230" count="1" type="stmt"/>
        <line num="231" count="1" type="stmt"/>
        <line num="235" count="2" type="stmt"/>
        <line num="236" count="2" type="stmt"/>
        <line num="239" count="22" type="stmt"/>
        <line num="259" count="22" type="cond" truecount="1" falsecount="1"/>
        <line num="260" count="22" type="stmt"/>
        <line num="261" count="22" type="stmt"/>
        <line num="262" count="0" type="cond" truecount="0" falsecount="2"/>
        <line num="263" count="0" type="stmt"/>
        <line num="264" count="0" type="stmt"/>
        <line num="266" count="22" type="cond" truecount="1" falsecount="1"/>
        <line num="267" count="22" type="stmt"/>
      </file>
      <file name="config.js" path="/workspace/Qwen-translator-extension/src/config.js">
        <metrics statements="88" coveredstatements="77" conditionals="162" coveredconditionals="96" methods="11" coveredmethods="11"/>
        <line num="1" count="6" type="stmt"/>
        <line num="3" count="6" type="cond" truecount="1" falsecount="1"/>
        <line num="10" count="0" type="cond" truecount="0" falsecount="2"/>
        <line num="11" count="0" type="cond" truecount="0" falsecount="2"/>
        <line num="12" count="0" type="stmt"/>
        <line num="14" count="0" type="stmt"/>
        <line num="17" count="6" type="stmt"/>
        <line num="19" count="6" type="stmt"/>
        <line num="57" count="6" type="stmt"/>
        <line num="64" count="5" type="stmt"/>
        <line num="66" count="20" type="cond" truecount="1" falsecount="1"/>
        <line num="67" count="20" type="cond" truecount="1" falsecount="1"/>
        <line num="68" count="20" type="stmt"/>
        <line num="70" count="5" type="cond" truecount="3" falsecount="1"/>
        <line num="71" count="5" type="cond" truecount="2" falsecount="0"/>
        <line num="72" count="5" type="cond" truecount="1" falsecount="1"/>
        <line num="73" count="5" type="stmt"/>
        <line num="74" count="15" type="cond" truecount="5" falsecount="1"/>
        <line num="75" count="15" type="cond" truecount="1" falsecount="1"/>
        <line num="76" count="15" type="cond" truecount="1" falsecount="1"/>
        <line num="77" count="15" type="cond" truecount="1" falsecount="1"/>
        <line num="78" count="15" type="cond" truecount="1" falsecount="1"/>
        <line num="79" count="15" type="stmt"/>
        <line num="81" count="15" type="cond" truecount="1" falsecount="1"/>
        <line num="82" count="15" type="cond" truecount="1" falsecount="1"/>
        <line num="83" count="15" type="stmt"/>
        <line num="85" count="15" type="cond" truecount="1" falsecount="1"/>
        <line num="86" count="15" type="cond" truecount="1" falsecount="1"/>
        <line num="87" count="15" type="cond" truecount="2" falsecount="2"/>
        <line num="88" count="15" type="cond" truecount="3" falsecount="3"/>
        <line num="90" count="5" type="cond" truecount="4" falsecount="0"/>
        <line num="91" count="5" type="cond" truecount="3" falsecount="1"/>
        <line num="92" count="5" type="cond" truecount="3" falsecount="1"/>
        <line num="93" count="5" type="stmt"/>
        <line num="94" count="5" type="cond" truecount="4" falsecount="2"/>
        <line num="95" count="5" type="cond" truecount="3" falsecount="0"/>
        <line num="96" count="5" type="cond" truecount="1" falsecount="2"/>
        <line num="97" count="5" type="cond" truecount="1" falsecount="2"/>
        <line num="98" count="5" type="cond" truecount="1" falsecount="1"/>
        <line num="99" count="5" type="cond" truecount="1" falsecount="1"/>
        <line num="100" count="5" type="cond" truecount="2" falsecount="0"/>
        <line num="101" count="5" type="cond" truecount="1" falsecount="1"/>
        <line num="102" count="5" type="cond" truecount="2" falsecount="0"/>
        <line num="103" count="5" type="cond" truecount="1" falsecount="1"/>
        <line num="104" count="5" type="cond" truecount="1" falsecount="1"/>
        <line num="105" count="5" type="cond" truecount="1" falsecount="1"/>
        <line num="106" count="5" type="cond" truecount="3" falsecount="1"/>
        <line num="107" count="5" type="cond" truecount="1" falsecount="1"/>
        <line num="108" count="5" type="cond" truecount="1" falsecount="1"/>
        <line num="109" count="5" type="stmt"/>
        <line num="110" count="5" type="cond" truecount="3" falsecount="1"/>
        <line num="111" count="0" type="stmt"/>
        <line num="113" count="5" type="stmt"/>
        <line num="114" count="5" type="cond" truecount="3" falsecount="1"/>
        <line num="115" count="0" type="stmt"/>
        <line num="117" count="5" type="cond" truecount="4" falsecount="1"/>
        <line num="118" count="5" type="cond" truecount="3" falsecount="1"/>
        <line num="119" count="5" type="stmt"/>
        <line num="121" count="5" type="stmt"/>
        <line num="123" count="5" type="stmt"/>
        <line num="128" count="5" type="cond" truecount="4" falsecount="1"/>
        <line num="129" count="5" type="stmt"/>
        <line num="130" count="5" type="stmt"/>
        <line num="131" count="5" type="stmt"/>
        <line num="132" count="5" type="stmt"/>
        <line num="138" count="0" type="cond" truecount="0" falsecount="4"/>
        <line num="139" count="0" type="stmt"/>
        <line num="143" count="0" type="stmt"/>
        <line num="148" count="1" type="cond" truecount="4" falsecount="1"/>
        <line num="149" count="1" type="cond" truecount="1" falsecount="1"/>
        <line num="150" count="8" type="cond" truecount="3" falsecount="1"/>
        <line num="151" count="1" type="cond" truecount="1" falsecount="1"/>
        <line num="152" count="1" type="stmt"/>
        <line num="167" count="1" type="stmt"/>
        <line num="168" count="1" type="stmt"/>
        <line num="169" count="1" type="stmt"/>
        <line num="172" count="0" type="stmt"/>
        <line num="175" count="6" type="stmt"/>
        <line num="177" count="6" type="cond" truecount="1" falsecount="1"/>
        <line num="178" count="6" type="stmt"/>
        <line num="180" count="6" type="cond" truecount="1" falsecount="1"/>
        <line num="181" count="6" type="stmt"/>
        <line num="182" count="6" type="stmt"/>
        <line num="183" count="6" type="stmt"/>
        <line num="184" count="6" type="stmt"/>
        <line num="185" count="6" type="stmt"/>
        <line num="186" count="6" type="cond" truecount="1" falsecount="1"/>
        <line num="192" count="0" type="cond" truecount="0" falsecount="2"/>
      </file>
      <file name="contentScript.js" path="/workspace/Qwen-translator-extension/src/contentScript.js">
        <metrics statements="560" coveredstatements="367" conditionals="466" coveredconditionals="228" methods="92" coveredmethods="54"/>
        <line num="1" count="7" type="cond" truecount="4" falsecount="0"/>
        <line num="3" count="2" type="cond" truecount="1" falsecount="1"/>
        <line num="4" count="2" type="stmt"/>
        <line num="7" count="5" type="cond" truecount="1" falsecount="1"/>
        <line num="8" count="5" type="stmt"/>
        <line num="11" count="5" type="stmt"/>
        <line num="12" count="5" type="cond" truecount="4" falsecount="0"/>
        <line num="13" count="5" type="stmt"/>
        <line num="15" count="5" type="stmt"/>
        <line num="16" count="5" type="stmt"/>
        <line num="18" count="5" type="stmt"/>
        <line num="20" count="5" type="stmt"/>
        <line num="21" count="5" type="stmt"/>
        <line num="22" count="5" type="stmt"/>
        <line num="25" count="5" type="stmt"/>
        <line num="26" count="5" type="cond" truecount="4" falsecount="0"/>
        <line num="27" count="5" type="cond" truecount="2" falsecount="0"/>
        <line num="30" count="5" type="stmt"/>
        <line num="31" count="5" type="cond" truecount="1" falsecount="1"/>
        <line num="34" count="5" type="stmt"/>
        <line num="35" count="1" type="stmt"/>
        <line num="37" count="5" type="stmt"/>
        <line num="41" count="2" type="stmt"/>
        <line num="42" count="2" type="stmt"/>
        <line num="44" count="5" type="stmt"/>
        <line num="47" count="38" type="stmt"/>
        <line num="48" count="0" type="stmt"/>
        <line num="49" count="0" type="cond" truecount="0" falsecount="4"/>
        <line num="50" count="0" type="cond" truecount="0" falsecount="2"/>
        <line num="55" count="38" type="stmt"/>
        <line num="56" count="38" type="stmt"/>
        <line num="58" count="0" type="cond" truecount="0" falsecount="4"/>
        <line num="63" count="7" type="cond" truecount="2" falsecount="0"/>
        <line num="64" count="7" type="stmt"/>
        <line num="65" count="7" type="stmt"/>
        <line num="66" count="4" type="cond" truecount="1" falsecount="1"/>
        <line num="68" count="7" type="cond" truecount="2" falsecount="0"/>
        <line num="69" count="3" type="stmt"/>
        <line num="70" count="3" type="stmt"/>
        <line num="71" count="3" type="stmt"/>
        <line num="72" count="3" type="stmt"/>
        <line num="73" count="3" type="cond" truecount="1" falsecount="1"/>
        <line num="81" count="5" type="cond" truecount="2" falsecount="2"/>
        <line num="82" count="5" type="stmt"/>
        <line num="83" count="5" type="stmt"/>
        <line num="88" count="0" type="stmt"/>
        <line num="89" count="0" type="cond" truecount="0" falsecount="5"/>
        <line num="90" count="0" type="stmt"/>
        <line num="91" count="0" type="stmt"/>
        <line num="92" count="0" type="cond" truecount="0" falsecount="3"/>
        <line num="93" count="0" type="cond" truecount="0" falsecount="3"/>
        <line num="94" count="0" type="stmt"/>
        <line num="97" count="5" type="stmt"/>
        <line num="100" count="8" type="cond" truecount="1" falsecount="1"/>
        <line num="101" count="0" type="cond" truecount="0" falsecount="5"/>
        <line num="102" count="0" type="stmt"/>
        <line num="103" count="0" type="stmt"/>
        <line num="104" count="0" type="stmt"/>
        <line num="105" count="0" type="cond" truecount="0" falsecount="2"/>
        <line num="106" count="0" type="cond" truecount="0" falsecount="4"/>
        <line num="108" count="0" type="stmt"/>
        <line num="114" count="13" type="stmt"/>
        <line num="115" count="13" type="cond" truecount="2" falsecount="0"/>
        <line num="116" count="4" type="stmt"/>
        <line num="117" count="4" type="stmt"/>
        <line num="118" count="4" type="stmt"/>
        <line num="120" count="4" type="cond" truecount="3" falsecount="0"/>
        <line num="121" count="4" type="cond" truecount="3" falsecount="0"/>
        <line num="122" count="4" type="stmt"/>
        <line num="123" count="4" type="stmt"/>
        <line num="124" count="4" type="stmt"/>
        <line num="125" count="4" type="stmt"/>
        <line num="127" count="13" type="cond" truecount="2" falsecount="0"/>
        <line num="128" count="13" type="cond" truecount="1" falsecount="1"/>
        <line num="129" count="13" type="stmt"/>
        <line num="130" count="13" type="stmt"/>
        <line num="131" count="13" type="cond" truecount="1" falsecount="1"/>
        <line num="132" count="13" type="cond" truecount="2" falsecount="0"/>
        <line num="136" count="5" type="stmt"/>
        <line num="137" count="5" type="cond" truecount="2" falsecount="0"/>
        <line num="141" count="21" type="cond" truecount="2" falsecount="0"/>
        <line num="142" count="12" type="cond" truecount="2" falsecount="0"/>
        <line num="143" count="2" type="stmt"/>
        <line num="144" count="2" type="stmt"/>
        <line num="145" count="2" type="stmt"/>
        <line num="146" count="2" type="cond" truecount="3" falsecount="0"/>
        <line num="147" count="2" type="cond" truecount="3" falsecount="0"/>
        <line num="148" count="2" type="stmt"/>
        <line num="149" count="2" type="stmt"/>
        <line num="150" count="2" type="stmt"/>
        <line num="152" count="12" type="cond" truecount="1" falsecount="1"/>
        <line num="153" count="12" type="stmt"/>
        <line num="154" count="12" type="cond" truecount="2" falsecount="0"/>
        <line num="155" count="2" type="stmt"/>
        <line num="156" count="2" type="stmt"/>
        <line num="161" count="3" type="stmt"/>
        <line num="165" count="2" type="cond" truecount="2" falsecount="0"/>
        <line num="166" count="1" type="cond" truecount="1" falsecount="1"/>
        <line num="167" count="1" type="stmt"/>
        <line num="168" count="1" type="stmt"/>
        <line num="170" count="0" type="stmt"/>
        <line num="171" count="0" type="stmt"/>
        <line num="172" count="0" type="stmt"/>
        <line num="173" count="0" type="cond" truecount="0" falsecount="2"/>
        <line num="174" count="0" type="stmt"/>
        <line num="175" count="0" type="cond" truecount="0" falsecount="2"/>
        <line num="176" count="0" type="stmt"/>
        <line num="177" count="0" type="stmt"/>
        <line num="178" count="0" type="stmt"/>
        <line num="182" count="0" type="cond" truecount="0" falsecount="2"/>
        <line num="187" count="2" type="stmt"/>
        <line num="188" count="2" type="cond" truecount="1" falsecount="1"/>
        <line num="189" count="0" type="stmt"/>
        <line num="190" count="0" type="stmt"/>
        <line num="191" count="0" type="stmt"/>
        <line num="192" count="0" type="cond" truecount="0" falsecount="2"/>
        <line num="193" count="0" type="stmt"/>
        <line num="194" count="0" type="cond" truecount="0" falsecount="4"/>
        <line num="195" count="0" type="stmt"/>
        <line num="196" count="0" type="cond" truecount="0" falsecount="2"/>
        <line num="197" count="0" type="stmt"/>
        <line num="198" count="0" type="stmt"/>
        <line num="199" count="0" type="stmt"/>
        <line num="201" count="0" type="stmt"/>
        <line num="203" count="0" type="stmt"/>
        <line num="206" count="0" type="cond" truecount="0" falsecount="2"/>
        <line num="210" count="5" type="stmt"/>
        <line num="211" count="0" type="cond" truecount="0" falsecount="2"/>
        <line num="212" count="0" type="cond" truecount="0" falsecount="2"/>
        <line num="213" count="0" type="cond" truecount="0" falsecount="2"/>
        <line num="214" count="0" type="stmt"/>
        <line num="215" count="0" type="stmt"/>
        <line num="216" count="0" type="stmt"/>
        <line num="217" count="0" type="stmt"/>
        <line num="218" count="0" type="stmt"/>
        <line num="221" count="0" type="cond" truecount="0" falsecount="2"/>
        <line num="222" count="0" type="cond" truecount="0" falsecount="2"/>
        <line num="223" count="0" type="cond" truecount="0" falsecount="2"/>
        <line num="224" count="0" type="stmt"/>
        <line num="226" count="0" type="stmt"/>
        <line num="227" count="0" type="stmt"/>
        <line num="228" count="0" type="stmt"/>
        <line num="229" count="0" type="stmt"/>
        <line num="230" count="0" type="stmt"/>
        <line num="231" count="0" type="stmt"/>
        <line num="232" count="0" type="stmt"/>
        <line num="233" count="0" type="stmt"/>
        <line num="234" count="0" type="cond" truecount="0" falsecount="2"/>
        <line num="235" count="0" type="stmt"/>
        <line num="237" count="0" type="cond" truecount="0" falsecount="2"/>
        <line num="238" count="0" type="cond" truecount="0" falsecount="2"/>
        <line num="240" count="0" type="stmt"/>
        <line num="241" count="0" type="stmt"/>
        <line num="242" count="0" type="stmt"/>
        <line num="243" count="0" type="stmt"/>
        <line num="245" count="0" type="stmt"/>
        <line num="246" count="0" type="cond" truecount="0" falsecount="2"/>
        <line num="247" count="0" type="cond" truecount="0" falsecount="2"/>
        <line num="248" count="0" type="stmt"/>
        <line num="249" count="0" type="stmt"/>
        <line num="250" count="0" type="stmt"/>
        <line num="252" count="0" type="cond" truecount="0" falsecount="2"/>
        <line num="253" count="0" type="cond" truecount="0" falsecount="2"/>
        <line num="254" count="0" type="cond" truecount="0" falsecount="2"/>
        <line num="255" count="0" type="stmt"/>
        <line num="256" count="0" type="stmt"/>
        <line num="257" count="0" type="stmt"/>
        <line num="260" count="0" type="cond" truecount="0" falsecount="2"/>
        <line num="261" count="0" type="stmt"/>
        <line num="262" count="0" type="stmt"/>
        <line num="263" count="0" type="stmt"/>
        <line num="264" count="0" type="stmt"/>
        <line num="270" count="13" type="cond" truecount="1" falsecount="1"/>
        <line num="271" count="13" type="stmt"/>
        <line num="272" count="0" type="cond" truecount="0" falsecount="2"/>
        <line num="273" count="0" type="stmt"/>
        <line num="278" count="9" type="cond" truecount="1" falsecount="1"/>
        <line num="279" count="9" type="stmt"/>
        <line num="280" count="0" type="cond" truecount="0" falsecount="2"/>
        <line num="281" count="0" type="stmt"/>
        <line num="286" count="12" type="cond" truecount="1" falsecount="1"/>
        <line num="287" count="12" type="cond" truecount="1" falsecount="1"/>
        <line num="288" count="12" type="cond" truecount="3" falsecount="1"/>
        <line num="289" count="12" type="stmt"/>
        <line num="290" count="12" type="stmt"/>
        <line num="294" count="13" type="stmt"/>
        <line num="295" count="13" type="stmt"/>
        <line num="296" count="13" type="stmt"/>
        <line num="297" count="13" type="stmt"/>
        <line num="298" count="13" type="cond" truecount="3" falsecount="0"/>
        <line num="299" count="13" type="cond" truecount="3" falsecount="0"/>
        <line num="300" count="13" type="stmt"/>
        <line num="301" count="13" type="stmt"/>
        <line num="302" count="13" type="stmt"/>
        <line num="303" count="13" type="stmt"/>
        <line num="304" count="13" type="stmt"/>
        <line num="305" count="0" type="cond" truecount="0" falsecount="2"/>
        <line num="306" count="0" type="stmt"/>
        <line num="308" count="13" type="stmt"/>
        <line num="309" count="0" type="cond" truecount="0" falsecount="2"/>
        <line num="310" count="0" type="stmt"/>
        <line num="312" count="13" type="stmt"/>
        <line num="313" count="13" type="stmt"/>
        <line num="314" count="13" type="stmt"/>
        <line num="319" count="2" type="cond" truecount="4" falsecount="0"/>
        <line num="320" count="1" type="stmt"/>
        <line num="321" count="1" type="stmt"/>
        <line num="326" count="2" type="stmt"/>
        <line num="327" count="2" type="stmt"/>
        <line num="328" count="2" type="stmt"/>
        <line num="329" count="8" type="cond" truecount="2" falsecount="0"/>
        <line num="330" count="2" type="stmt"/>
        <line num="331" count="2" type="stmt"/>
        <line num="332" count="2" type="cond" truecount="3" falsecount="0"/>
        <line num="333" count="2" type="cond" truecount="3" falsecount="0"/>
        <line num="334" count="2" type="stmt"/>
        <line num="335" count="2" type="stmt"/>
        <line num="336" count="2" type="stmt"/>
        <line num="337" count="2" type="stmt"/>
        <line num="338" count="2" type="stmt"/>
        <line num="339" count="2" type="stmt"/>
        <line num="340" count="2" type="stmt"/>
        <line num="341" count="2" type="stmt"/>
        <line num="342" count="2" type="stmt"/>
        <line num="343" count="2" type="stmt"/>
        <line num="344" count="2" type="stmt"/>
        <line num="345" count="2" type="stmt"/>
        <line num="346" count="2" type="stmt"/>
        <line num="347" count="2" type="stmt"/>
        <line num="348" count="2" type="stmt"/>
        <line num="349" count="2" type="stmt"/>
        <line num="350" count="2" type="stmt"/>
        <line num="351" count="2" type="stmt"/>
        <line num="352" count="2" type="stmt"/>
        <line num="353" count="2" type="stmt"/>
        <line num="354" count="2" type="stmt"/>
        <line num="355" count="2" type="stmt"/>
        <line num="356" count="2" type="stmt"/>
        <line num="357" count="2" type="cond" truecount="1" falsecount="1"/>
        <line num="358" count="2" type="stmt"/>
        <line num="359" count="2" type="stmt"/>
        <line num="360" count="2" type="stmt"/>
        <line num="372" count="1" type="stmt"/>
        <line num="374" count="1" type="stmt"/>
        <line num="375" count="1" type="cond" truecount="1" falsecount="1"/>
        <line num="376" count="0" type="stmt"/>
        <line num="377" count="0" type="stmt"/>
        <line num="379" count="1" type="cond" truecount="3" falsecount="1"/>
        <line num="383" count="2" type="stmt"/>
        <line num="384" count="0" type="stmt"/>
        <line num="385" count="0" type="stmt"/>
        <line num="387" count="2" type="stmt"/>
        <line num="388" count="0" type="cond" truecount="0" falsecount="2"/>
        <line num="390" count="2" type="cond" truecount="1" falsecount="1"/>
        <line num="391" count="2" type="cond" truecount="2" falsecount="0"/>
        <line num="392" count="2" type="stmt"/>
        <line num="393" count="2" type="stmt"/>
        <line num="394" count="2" type="stmt"/>
        <line num="398" count="2" type="stmt"/>
        <line num="399" count="2" type="stmt"/>
        <line num="400" count="2" type="cond" truecount="2" falsecount="0"/>
        <line num="401" count="2" type="cond" truecount="1" falsecount="1"/>
        <line num="402" count="2" type="stmt"/>
        <line num="404" count="0" type="stmt"/>
        <line num="410" count="23" type="cond" truecount="1" falsecount="1"/>
        <line num="411" count="23" type="cond" truecount="2" falsecount="0"/>
        <line num="413" count="0" type="stmt"/>
        <line num="419" count="5" type="stmt"/>
        <line num="422" count="23" type="cond" truecount="1" falsecount="1"/>
        <line num="423" count="23" type="cond" truecount="1" falsecount="1"/>
        <line num="424" count="23" type="stmt"/>
        <line num="425" count="23" type="cond" truecount="3" falsecount="1"/>
        <line num="426" count="23" type="cond" truecount="1" falsecount="1"/>
        <line num="427" count="23" type="stmt"/>
        <line num="431" count="24" type="cond" truecount="1" falsecount="1"/>
        <line num="432" count="24" type="cond" truecount="1" falsecount="1"/>
        <line num="433" count="24" type="cond" truecount="4" falsecount="0"/>
        <line num="434" count="23" type="cond" truecount="3" falsecount="0"/>
        <line num="438" count="0" type="cond" truecount="0" falsecount="2"/>
        <line num="439" count="0" type="stmt"/>
        <line num="440" count="0" type="stmt"/>
        <line num="441" count="0" type="stmt"/>
        <line num="442" count="0" type="cond" truecount="0" falsecount="2"/>
        <line num="443" count="0" type="stmt"/>
        <line num="444" count="0" type="stmt"/>
        <line num="445" count="0" type="cond" truecount="0" falsecount="2"/>
        <line num="446" count="0" type="stmt"/>
        <line num="447" count="0" type="stmt"/>
        <line num="448" count="0" type="stmt"/>
        <line num="449" count="0" type="stmt"/>
        <line num="452" count="0" type="stmt"/>
        <line num="465" count="0" type="stmt"/>
        <line num="466" count="0" type="stmt"/>
        <line num="467" count="0" type="cond" truecount="0" falsecount="2"/>
        <line num="468" count="0" type="stmt"/>
        <line num="469" count="0" type="cond" truecount="0" falsecount="2"/>
        <line num="470" count="0" type="stmt"/>
        <line num="473" count="0" type="stmt"/>
        <line num="474" count="0" type="stmt"/>
        <line num="476" count="0" type="cond" truecount="0" falsecount="2"/>
        <line num="477" count="0" type="stmt"/>
        <line num="478" count="0" type="cond" truecount="0" falsecount="2"/>
        <line num="479" count="0" type="stmt"/>
        <line num="480" count="0" type="stmt"/>
        <line num="482" count="0" type="stmt"/>
        <line num="484" count="0" type="stmt"/>
        <line num="486" count="0" type="stmt"/>
        <line num="491" count="16" type="stmt"/>
        <line num="492" count="16" type="stmt"/>
        <line num="493" count="22" type="cond" truecount="1" falsecount="1"/>
        <line num="494" count="22" type="stmt"/>
        <line num="495" count="16" type="stmt"/>
        <line num="496" count="16" type="stmt"/>
        <line num="497" count="16" type="stmt"/>
        <line num="498" count="0" type="stmt"/>
        <line num="502" count="16" type="stmt"/>
        <line num="503" count="16" type="stmt"/>
        <line num="517" count="16" type="cond" truecount="2" falsecount="0"/>
        <line num="518" count="16" type="cond" truecount="2" falsecount="0"/>
        <line num="519" count="7" type="stmt"/>
        <line num="520" count="1" type="stmt"/>
        <line num="522" count="7" type="stmt"/>
        <line num="524" count="16" type="stmt"/>
        <line num="526" count="16" type="stmt"/>
        <line num="527" count="16" type="stmt"/>
        <line num="529" count="15" type="stmt"/>
        <line num="530" count="21" type="stmt"/>
        <line num="531" count="21" type="stmt"/>
        <line num="532" count="21" type="stmt"/>
        <line num="533" count="21" type="stmt"/>
        <line num="534" count="21" type="cond" truecount="1" falsecount="1"/>
        <line num="535" count="0" type="stmt"/>
        <line num="537" count="21" type="cond" truecount="2" falsecount="0"/>
        <line num="538" count="9" type="stmt"/>
        <line num="539" count="9" type="cond" truecount="1" falsecount="1"/>
        <line num="540" count="0" type="stmt"/>
        <line num="543" count="12" type="stmt"/>
        <line num="544" count="12" type="stmt"/>
        <line num="545" count="12" type="stmt"/>
        <line num="548" count="15" type="stmt"/>
        <line num="549" count="15" type="stmt"/>
        <line num="550" count="15" type="cond" truecount="1" falsecount="1"/>
        <line num="551" count="15" type="stmt"/>
        <line num="552" count="15" type="stmt"/>
        <line num="553" count="15" type="cond" truecount="2" falsecount="0"/>
        <line num="554" count="15" type="cond" truecount="1" falsecount="1"/>
        <line num="555" count="15" type="stmt"/>
        <line num="556" count="15" type="stmt"/>
        <line num="572" count="6" type="stmt"/>
        <line num="573" count="6" type="stmt"/>
        <line num="574" count="6" type="stmt"/>
        <line num="575" count="6" type="cond" truecount="2" falsecount="0"/>
        <line num="579" count="2" type="stmt"/>
        <line num="580" count="2" type="stmt"/>
        <line num="581" count="2" type="stmt"/>
        <line num="582" count="2" type="stmt"/>
        <line num="583" count="2" type="stmt"/>
        <line num="584" count="6" type="stmt"/>
        <line num="585" count="6" type="stmt"/>
        <line num="586" count="6" type="cond" truecount="1" falsecount="1"/>
        <line num="587" count="6" type="stmt"/>
        <line num="588" count="6" type="stmt"/>
        <line num="590" count="0" type="cond" truecount="0" falsecount="2"/>
        <line num="591" count="0" type="stmt"/>
        <line num="592" count="0" type="cond" truecount="0" falsecount="2"/>
        <line num="593" count="0" type="stmt"/>
        <line num="594" count="0" type="stmt"/>
        <line num="596" count="0" type="stmt"/>
        <line num="598" count="0" type="cond" truecount="0" falsecount="2"/>
        <line num="599" count="0" type="stmt"/>
        <line num="600" count="0" type="stmt"/>
        <line num="601" count="0" type="stmt"/>
        <line num="604" count="2" type="stmt"/>
        <line num="605" count="2" type="cond" truecount="2" falsecount="0"/>
        <line num="606" count="2" type="cond" truecount="2" falsecount="0"/>
        <line num="607" count="2" type="cond" truecount="2" falsecount="0"/>
        <line num="608" count="2" type="stmt"/>
        <line num="613" count="2" type="cond" truecount="2" falsecount="2"/>
        <line num="614" count="2" type="stmt"/>
        <line num="615" count="2" type="stmt"/>
        <line num="616" count="2" type="stmt"/>
        <line num="620" count="2" type="stmt"/>
        <line num="621" count="2" type="stmt"/>
        <line num="622" count="2" type="stmt"/>
        <line num="623" count="2" type="stmt"/>
        <line num="624" count="2" type="cond" truecount="1" falsecount="1"/>
        <line num="625" count="2" type="stmt"/>
        <line num="626" count="2" type="stmt"/>
        <line num="627" count="8" type="stmt"/>
        <line num="628" count="8" type="stmt"/>
        <line num="629" count="8" type="stmt"/>
        <line num="630" count="8" type="cond" truecount="6" falsecount="0"/>
        <line num="631" count="4" type="stmt"/>
        <line num="632" count="4" type="stmt"/>
        <line num="633" count="4" type="stmt"/>
        <line num="634" count="4" type="stmt"/>
        <line num="636" count="8" type="stmt"/>
        <line num="637" count="8" type="cond" truecount="2" falsecount="0"/>
        <line num="638" count="6" type="stmt"/>
        <line num="639" count="6" type="stmt"/>
        <line num="642" count="2" type="cond" truecount="1" falsecount="1"/>
        <line num="643" count="6" type="stmt"/>
        <line num="647" count="11" type="stmt"/>
        <line num="649" count="11" type="stmt"/>
        <line num="650" count="16" type="cond" truecount="4" falsecount="0"/>
        <line num="651" count="15" type="stmt"/>
        <line num="654" count="11" type="cond" truecount="1" falsecount="1"/>
        <line num="655" count="11" type="stmt"/>
        <line num="656" count="0" type="stmt"/>
        <line num="657" count="0" type="cond" truecount="0" falsecount="2"/>
        <line num="658" count="0" type="cond" truecount="0" falsecount="2"/>
        <line num="661" count="11" type="stmt"/>
        <line num="662" count="27" type="cond" truecount="1" falsecount="1"/>
        <line num="668" count="0" type="stmt"/>
        <line num="669" count="0" type="stmt"/>
        <line num="670" count="0" type="stmt"/>
        <line num="671" count="0" type="stmt"/>
        <line num="672" count="0" type="cond" truecount="0" falsecount="2"/>
        <line num="676" count="0" type="cond" truecount="0" falsecount="2"/>
        <line num="677" count="0" type="stmt"/>
        <line num="678" count="0" type="cond" truecount="0" falsecount="2"/>
        <line num="682" count="0" type="stmt"/>
        <line num="683" count="0" type="stmt"/>
        <line num="684" count="0" type="cond" truecount="0" falsecount="2"/>
        <line num="688" count="2" type="stmt"/>
        <line num="689" count="12" type="stmt"/>
        <line num="690" count="14" type="stmt"/>
        <line num="691" count="10" type="cond" truecount="1" falsecount="1"/>
        <line num="692" count="0" type="stmt"/>
        <line num="694" count="10" type="cond" truecount="1" falsecount="1"/>
        <line num="698" count="2" type="stmt"/>
        <line num="699" count="2" type="stmt"/>
        <line num="700" count="2" type="cond" truecount="1" falsecount="1"/>
        <line num="701" count="2" type="stmt"/>
        <line num="702" count="16" type="cond" truecount="1" falsecount="1"/>
        <line num="708" count="3" type="stmt"/>
        <line num="709" count="3" type="stmt"/>
        <line num="710" count="3" type="stmt"/>
        <line num="711" count="3" type="stmt"/>
        <line num="712" count="3" type="cond" truecount="1" falsecount="1"/>
        <line num="713" count="3" type="stmt"/>
        <line num="714" count="3" type="cond" truecount="1" falsecount="1"/>
        <line num="715" count="3" type="stmt"/>
        <line num="716" count="3" type="stmt"/>
        <line num="717" count="3" type="stmt"/>
        <line num="718" count="3" type="stmt"/>
        <line num="719" count="3" type="cond" truecount="1" falsecount="1"/>
        <line num="720" count="3" type="stmt"/>
        <line num="721" count="3" type="stmt"/>
        <line num="725" count="2" type="cond" truecount="1" falsecount="1"/>
        <line num="726" count="2" type="stmt"/>
        <line num="727" count="2" type="stmt"/>
        <line num="728" count="2" type="cond" truecount="2" falsecount="0"/>
        <line num="729" count="2" type="stmt"/>
        <line num="730" count="2" type="stmt"/>
        <line num="731" count="2" type="cond" truecount="1" falsecount="1"/>
        <line num="732" count="0" type="cond" truecount="0" falsecount="2"/>
        <line num="734" count="2" type="cond" truecount="1" falsecount="1"/>
        <line num="735" count="2" type="stmt"/>
        <line num="736" count="2" type="stmt"/>
        <line num="740" count="2" type="stmt"/>
        <line num="741" count="2" type="stmt"/>
        <line num="742" count="2" type="stmt"/>
        <line num="744" count="2" type="stmt"/>
        <line num="745" count="2" type="cond" truecount="2" falsecount="0"/>
        <line num="746" count="8" type="cond" truecount="3" falsecount="1"/>
        <line num="747" count="8" type="stmt"/>
        <line num="748" count="8" type="cond" truecount="1" falsecount="1"/>
        <line num="749" count="0" type="stmt"/>
        <line num="752" count="8" type="stmt"/>
        <line num="753" count="8" type="cond" truecount="1" falsecount="1"/>
        <line num="754" count="0" type="stmt"/>
        <line num="755" count="0" type="cond" truecount="0" falsecount="2"/>
        <line num="758" count="2" type="cond" truecount="3" falsecount="1"/>
        <line num="759" count="2" type="cond" truecount="1" falsecount="1"/>
        <line num="760" count="2" type="stmt"/>
        <line num="761" count="2" type="cond" truecount="1" falsecount="1"/>
        <line num="764" count="5" type="cond" truecount="1" falsecount="1"/>
        <line num="765" count="5" type="stmt"/>
        <line num="766" count="10" type="cond" truecount="2" falsecount="0"/>
        <line num="767" count="3" type="cond" truecount="3" falsecount="1"/>
        <line num="768" count="3" type="cond" truecount="2" falsecount="0"/>
        <line num="769" count="1" type="stmt"/>
        <line num="770" count="1" type="stmt"/>
        <line num="771" count="1" type="cond" truecount="1" falsecount="1"/>
        <line num="773" count="2" type="stmt"/>
        <line num="776" count="10" type="cond" truecount="2" falsecount="0"/>
        <line num="777" count="3" type="stmt"/>
        <line num="779" count="10" type="cond" truecount="1" falsecount="1"/>
        <line num="780" count="0" type="stmt"/>
        <line num="782" count="10" type="cond" truecount="1" falsecount="1"/>
        <line num="783" count="0" type="cond" truecount="0" falsecount="2"/>
        <line num="784" count="0" type="cond" truecount="0" falsecount="2"/>
        <line num="785" count="0" type="stmt"/>
        <line num="786" count="0" type="stmt"/>
        <line num="787" count="0" type="stmt"/>
        <line num="788" count="0" type="stmt"/>
        <line num="789" count="0" type="cond" truecount="0" falsecount="2"/>
        <line num="790" count="0" type="stmt"/>
        <line num="791" count="0" type="stmt"/>
        <line num="792" count="0" type="stmt"/>
        <line num="795" count="0" type="stmt"/>
        <line num="811" count="0" type="stmt"/>
        <line num="812" count="0" type="cond" truecount="0" falsecount="2"/>
        <line num="813" count="0" type="cond" truecount="0" falsecount="4"/>
        <line num="814" count="0" type="stmt"/>
        <line num="816" count="0" type="stmt"/>
        <line num="817" count="0" type="cond" truecount="0" falsecount="2"/>
        <line num="818" count="0" type="stmt"/>
        <line num="819" count="0" type="stmt"/>
        <line num="822" count="0" type="stmt"/>
        <line num="823" count="0" type="cond" truecount="0" falsecount="2"/>
        <line num="824" count="0" type="stmt"/>
        <line num="825" count="0" type="stmt"/>
        <line num="826" count="0" type="cond" truecount="0" falsecount="2"/>
        <line num="827" count="0" type="stmt"/>
        <line num="829" count="0" type="cond" truecount="0" falsecount="2"/>
[...]
        <line num="50" count="0" type="stmt"/>
        <line num="51" count="0" type="cond" truecount="0" falsecount="2"/>
        <line num="52" count="0" type="cond" truecount="0" falsecount="2"/>
        <line num="53" count="0" type="stmt"/>
        <line num="56" count="0" type="stmt"/>
        <line num="57" count="0" type="stmt"/>
        <line num="58" count="0" type="stmt"/>
        <line num="59" count="0" type="stmt"/>
        <line num="60" count="0" type="stmt"/>
        <line num="61" count="0" type="stmt"/>
        <line num="62" count="0" type="cond" truecount="0" falsecount="2"/>
        <line num="63" count="0" type="stmt"/>
        <line num="64" count="0" type="stmt"/>
        <line num="65" count="0" type="stmt"/>
        <line num="66" count="0" type="stmt"/>
        <line num="67" count="0" type="stmt"/>
        <line num="68" count="0" type="cond" truecount="0" falsecount="2"/>
        <line num="69" count="0" type="stmt"/>
        <line num="70" count="0" type="stmt"/>
        <line num="71" count="0" type="cond" truecount="0" falsecount="2"/>
        <line num="72" count="0" type="cond" truecount="0" falsecount="2"/>
        <line num="73" count="0" type="stmt"/>
        <line num="74" count="0" type="cond" truecount="0" falsecount="2"/>
        <line num="75" count="0" type="cond" truecount="0" falsecount="2"/>
        <line num="77" count="0" type="cond" truecount="0" falsecount="2"/>
        <line num="81" count="0" type="stmt"/>
        <line num="85" count="0" type="cond" truecount="0" falsecount="2"/>
        <line num="86" count="0" type="cond" truecount="0" falsecount="2"/>
        <line num="87" count="0" type="stmt"/>
        <line num="88" count="0" type="stmt"/>
        <line num="89" count="0" type="cond" truecount="0" falsecount="2"/>
        <line num="90" count="0" type="stmt"/>
        <line num="91" count="0" type="cond" truecount="0" falsecount="2"/>
        <line num="95" count="0" type="stmt"/>
        <line num="96" count="0" type="stmt"/>
        <line num="97" count="0" type="stmt"/>
        <line num="99" count="0" type="stmt"/>
        <line num="103" count="3" type="stmt"/>
        <line num="104" count="3" type="stmt"/>
        <line num="105" count="3" type="cond" truecount="1" falsecount="3"/>
        <line num="106" count="3" type="cond" truecount="4" falsecount="1"/>
        <line num="108" count="3" type="stmt"/>
      </file>
      <file name="openai.js" path="/workspace/Qwen-translator-extension/src/providers/openai.js">
        <metrics statements="79" coveredstatements="11" conditionals="94" coveredconditionals="11" methods="6" coveredmethods="2"/>
        <line num="1" count="3" type="stmt"/>
        <line num="2" count="3" type="stmt"/>
        <line num="3" count="3" type="cond" truecount="1" falsecount="1"/>
        <line num="4" count="0" type="cond" truecount="0" falsecount="2"/>
        <line num="5" count="3" type="cond" truecount="1" falsecount="1"/>
        <line num="7" count="3" type="cond" truecount="2" falsecount="2"/>
        <line num="8" count="3" type="cond" truecount="1" falsecount="3"/>
        <line num="9" count="0" type="cond" truecount="0" falsecount="2"/>
        <line num="12" count="0" type="cond" truecount="0" falsecount="2"/>
        <line num="13" count="0" type="cond" truecount="0" falsecount="2"/>
        <line num="14" count="0" type="stmt"/>
        <line num="15" count="0" type="stmt"/>
        <line num="16" count="0" type="stmt"/>
        <line num="17" count="0" type="stmt"/>
        <line num="18" count="0" type="cond" truecount="0" falsecount="2"/>
        <line num="19" count="0" type="cond" truecount="0" falsecount="4"/>
        <line num="21" count="0" type="cond" truecount="0" falsecount="2"/>
        <line num="22" count="0" type="stmt"/>
        <line num="23" count="0" type="stmt"/>
        <line num="26" count="0" type="stmt"/>
        <line num="27" count="0" type="cond" truecount="0" falsecount="2"/>
        <line num="28" count="0" type="stmt"/>
        <line num="29" count="0" type="cond" truecount="0" falsecount="2"/>
        <line num="30" count="0" type="stmt"/>
        <line num="31" count="0" type="stmt"/>
        <line num="32" count="0" type="cond" truecount="0" falsecount="4"/>
        <line num="33" count="0" type="stmt"/>
        <line num="34" count="0" type="stmt"/>
        <line num="35" count="0" type="cond" truecount="0" falsecount="2"/>
        <line num="36" count="0" type="stmt"/>
        <line num="37" count="0" type="cond" truecount="0" falsecount="2"/>
        <line num="39" count="0" type="cond" truecount="0" falsecount="4"/>
        <line num="41" count="0" type="stmt"/>
        <line num="44" count="0" type="cond" truecount="0" falsecount="5"/>
        <line num="45" count="0" type="stmt"/>
        <line num="46" count="0" type="stmt"/>
        <line num="47" count="0" type="cond" truecount="0" falsecount="2"/>
        <line num="48" count="0" type="stmt"/>
        <line num="52" count="0" type="stmt"/>
        <line num="53" count="0" type="stmt"/>
        <line num="54" count="0" type="stmt"/>
        <line num="55" count="0" type="stmt"/>
        <line num="56" count="0" type="stmt"/>
        <line num="57" count="0" type="stmt"/>
        <line num="58" count="0" type="cond" truecount="0" falsecount="2"/>
        <line num="59" count="0" type="stmt"/>
        <line num="60" count="0" type="stmt"/>
        <line num="61" count="0" type="stmt"/>
        <line num="62" count="0" type="stmt"/>
        <line num="63" count="0" type="stmt"/>
        <line num="64" count="0" type="cond" truecount="0" falsecount="2"/>
        <line num="65" count="0" type="stmt"/>
        <line num="66" count="0" type="cond" truecount="0" falsecount="2"/>
        <line num="67" count="0" type="cond" truecount="0" falsecount="2"/>
        <line num="68" count="0" type="stmt"/>
        <line num="69" count="0" type="stmt"/>
        <line num="71" count="0" type="stmt"/>
        <line num="72" count="0" type="stmt"/>
        <line num="73" count="0" type="cond" truecount="0" falsecount="2"/>
        <line num="74" count="0" type="cond" truecount="0" falsecount="2"/>
        <line num="75" count="0" type="stmt"/>
        <line num="76" count="0" type="cond" truecount="0" falsecount="2"/>
        <line num="77" count="0" type="cond" truecount="0" falsecount="2"/>
        <line num="82" count="0" type="stmt"/>
        <line num="86" count="0" type="cond" truecount="0" falsecount="2"/>
        <line num="87" count="0" type="cond" truecount="0" falsecount="2"/>
        <line num="88" count="0" type="stmt"/>
        <line num="89" count="0" type="stmt"/>
        <line num="90" count="0" type="cond" truecount="0" falsecount="2"/>
        <line num="91" count="0" type="cond" truecount="0" falsecount="4"/>
        <line num="92" count="0" type="stmt"/>
        <line num="93" count="0" type="cond" truecount="0" falsecount="2"/>
        <line num="94" count="0" type="stmt"/>
        <line num="95" count="0" type="cond" truecount="0" falsecount="2"/>
        <line num="98" count="3" type="stmt"/>
        <line num="100" count="3" type="stmt"/>
        <line num="101" count="3" type="cond" truecount="1" falsecount="3"/>
        <line num="102" count="3" type="cond" truecount="4" falsecount="1"/>
        <line num="104" count="3" type="stmt"/>
      </file>
      <file name="openrouter.js" path="/workspace/Qwen-translator-extension/src/providers/openrouter.js">
        <metrics statements="81" coveredstatements="11" conditionals="98" coveredconditionals="11" methods="6" coveredmethods="2"/>
        <line num="1" count="3" type="stmt"/>
        <line num="2" count="3" type="stmt"/>
        <line num="3" count="3" type="cond" truecount="1" falsecount="1"/>
        <line num="4" count="0" type="cond" truecount="0" falsecount="2"/>
        <line num="5" count="3" type="cond" truecount="1" falsecount="1"/>
        <line num="7" count="3" type="cond" truecount="2" falsecount="2"/>
        <line num="8" count="3" type="cond" truecount="1" falsecount="3"/>
        <line num="9" count="0" type="cond" truecount="0" falsecount="2"/>
        <line num="12" count="0" type="cond" truecount="0" falsecount="2"/>
        <line num="13" count="0" type="cond" truecount="0" falsecount="2"/>
        <line num="14" count="0" type="stmt"/>
        <line num="15" count="0" type="stmt"/>
        <line num="16" count="0" type="stmt"/>
        <line num="17" count="0" type="stmt"/>
        <line num="18" count="0" type="cond" truecount="0" falsecount="2"/>
        <line num="19" count="0" type="cond" truecount="0" falsecount="4"/>
        <line num="20" count="0" type="cond" truecount="0" falsecount="2"/>
        <line num="21" count="0" type="cond" truecount="0" falsecount="2"/>
        <line num="23" count="0" type="cond" truecount="0" falsecount="2"/>
        <line num="24" count="0" type="stmt"/>
        <line num="25" count="0" type="stmt"/>
        <line num="28" count="0" type="stmt"/>
        <line num="29" count="0" type="cond" truecount="0" falsecount="2"/>
        <line num="30" count="0" type="stmt"/>
        <line num="31" count="0" type="cond" truecount="0" falsecount="2"/>
        <line num="32" count="0" type="stmt"/>
        <line num="33" count="0" type="stmt"/>
        <line num="34" count="0" type="cond" truecount="0" falsecount="4"/>
        <line num="35" count="0" type="stmt"/>
        <line num="36" count="0" type="stmt"/>
        <line num="37" count="0" type="cond" truecount="0" falsecount="2"/>
        <line num="38" count="0" type="stmt"/>
        <line num="39" count="0" type="cond" truecount="0" falsecount="2"/>
        <line num="41" count="0" type="cond" truecount="0" falsecount="4"/>
        <line num="43" count="0" type="stmt"/>
        <line num="46" count="0" type="cond" truecount="0" falsecount="5"/>
        <line num="47" count="0" type="stmt"/>
        <line num="48" count="0" type="stmt"/>
        <line num="49" count="0" type="cond" truecount="0" falsecount="2"/>
        <line num="50" count="0" type="stmt"/>
        <line num="54" count="0" type="stmt"/>
        <line num="55" count="0" type="stmt"/>
        <line num="56" count="0" type="stmt"/>
        <line num="57" count="0" type="stmt"/>
        <line num="58" count="0" type="stmt"/>
        <line num="59" count="0" type="stmt"/>
        <line num="60" count="0" type="cond" truecount="0" falsecount="2"/>
        <line num="61" count="0" type="stmt"/>
        <line num="62" count="0" type="stmt"/>
        <line num="63" count="0" type="stmt"/>
        <line num="64" count="0" type="stmt"/>
        <line num="65" count="0" type="stmt"/>
        <line num="66" count="0" type="cond" truecount="0" falsecount="2"/>
        <line num="67" count="0" type="stmt"/>
        <line num="68" count="0" type="cond" truecount="0" falsecount="2"/>
        <line num="69" count="0" type="cond" truecount="0" falsecount="2"/>
        <line num="70" count="0" type="stmt"/>
        <line num="71" count="0" type="stmt"/>
        <line num="73" count="0" type="stmt"/>
        <line num="74" count="0" type="stmt"/>
        <line num="75" count="0" type="cond" truecount="0" falsecount="2"/>
        <line num="76" count="0" type="cond" truecount="0" falsecount="2"/>
        <line num="77" count="0" type="stmt"/>
        <line num="78" count="0" type="cond" truecount="0" falsecount="2"/>
        <line num="79" count="0" type="cond" truecount="0" falsecount="2"/>
        <line num="84" count="0" type="stmt"/>
        <line num="88" count="0" type="cond" truecount="0" falsecount="2"/>
        <line num="89" count="0" type="cond" truecount="0" falsecount="2"/>
        <line num="90" count="0" type="stmt"/>
        <line num="91" count="0" type="stmt"/>
        <line num="92" count="0" type="cond" truecount="0" falsecount="2"/>
        <line num="93" count="0" type="cond" truecount="0" falsecount="4"/>
        <line num="94" count="0" type="stmt"/>
        <line num="95" count="0" type="cond" truecount="0" falsecount="2"/>
        <line num="96" count="0" type="stmt"/>
        <line num="97" count="0" type="cond" truecount="0" falsecount="2"/>
        <line num="100" count="3" type="stmt"/>
        <line num="102" count="3" type="stmt"/>
        <line num="103" count="3" type="cond" truecount="1" falsecount="3"/>
        <line num="104" count="3" type="cond" truecount="4" falsecount="1"/>
        <line num="106" count="3" type="stmt"/>
      </file>
      <file name="qwen.js" path="/workspace/Qwen-translator-extension/src/providers/qwen.js">
        <metrics statements="121" coveredstatements="44" conditionals="149" coveredconditionals="46" methods="16" coveredmethods="4"/>
        <line num="1" count="4" type="stmt"/>
        <line num="2" count="4" type="cond" truecount="1" falsecount="1"/>
        <line num="4" count="4" type="cond" truecount="2" falsecount="3"/>
        <line num="5" count="0" type="stmt"/>
        <line num="9" count="2" type="cond" truecount="1" falsecount="1"/>
        <line num="13" count="0" type="stmt"/>
        <line num="14" count="0" type="stmt"/>
        <line num="15" count="0" type="stmt"/>
        <line num="16" count="0" type="stmt"/>
        <line num="17" count="0" type="stmt"/>
        <line num="18" count="0" type="cond" truecount="0" falsecount="2"/>
        <line num="19" count="0" type="cond" truecount="0" falsecount="2"/>
        <line num="20" count="0" type="stmt"/>
        <line num="21" count="0" type="stmt"/>
        <line num="22" count="0" type="stmt"/>
        <line num="24" count="0" type="stmt"/>
        <line num="25" count="0" type="stmt"/>
        <line num="27" count="0" type="stmt"/>
        <line num="28" count="0" type="stmt"/>
        <line num="31" count="0" type="cond" truecount="0" falsecount="2"/>
        <line num="32" count="0" type="stmt"/>
        <line num="35" count="0" type="cond" truecount="0" falsecount="2"/>
        <line num="36" count="0" type="stmt"/>
        <line num="38" count="0" type="stmt"/>
        <line num="39" count="0" type="stmt"/>
        <line num="45" count="2" type="stmt"/>
        <line num="46" count="2" type="cond" truecount="1" falsecount="1"/>
        <line num="47" count="0" type="stmt"/>
        <line num="48" count="0" type="stmt"/>
        <line num="50" count="2" type="stmt"/>
        <line num="57" count="2" type="cond" truecount="1" falsecount="1"/>
        <line num="58" count="2" type="cond" truecount="1" falsecount="1"/>
        <line num="59" count="2" type="stmt"/>
        <line num="60" count="2" type="cond" truecount="2" falsecount="2"/>
        <line num="61" count="2" type="cond" truecount="1" falsecount="1"/>
        <line num="63" count="2" type="stmt"/>
        <line num="64" count="2" type="stmt"/>
        <line num="70" count="2" type="cond" truecount="1" falsecount="1"/>
        <line num="71" count="0" type="stmt"/>
        <line num="72" count="0" type="stmt"/>
        <line num="75" count="0" type="cond" truecount="0" falsecount="4"/>
        <line num="76" count="0" type="cond" truecount="0" falsecount="2"/>
        <line num="77" count="0" type="stmt"/>
        <line num="79" count="0" type="stmt"/>
        <line num="80" count="0" type="stmt"/>
        <line num="83" count="2" type="cond" truecount="2" falsecount="0"/>
        <line num="84" count="1" type="stmt"/>
        <line num="85" count="1" type="cond" truecount="1" falsecount="1"/>
        <line num="86" count="1" type="stmt"/>
        <line num="87" count="1" type="cond" truecount="1" falsecount="1"/>
        <line num="88" count="1" type="cond" truecount="3" falsecount="1"/>
        <line num="89" count="1" type="stmt"/>
        <line num="90" count="1" type="stmt"/>
        <line num="91" count="1" type="cond" truecount="1" falsecount="1"/>
        <line num="92" count="0" type="stmt"/>
        <line num="93" count="0" type="cond" truecount="0" falsecount="2"/>
        <line num="95" count="1" type="cond" truecount="3" falsecount="1"/>
        <line num="97" count="1" type="stmt"/>
        <line num="99" count="1" type="cond" truecount="2" falsecount="3"/>
        <line num="100" count="1" type="cond" truecount="1" falsecount="1"/>
        <line num="101" count="1" type="stmt"/>
        <line num="102" count="1" type="cond" truecount="1" falsecount="1"/>
        <line num="103" count="1" type="cond" truecount="1" falsecount="1"/>
        <line num="104" count="0" type="stmt"/>
        <line num="106" count="1" type="stmt"/>
        <line num="108" count="0" type="cond" truecount="0" falsecount="2"/>
        <line num="109" count="0" type="stmt"/>
        <line num="110" count="0" type="stmt"/>
        <line num="111" count="0" type="stmt"/>
        <line num="112" count="0" type="stmt"/>
        <line num="113" count="0" type="stmt"/>
        <line num="114" count="0" type="stmt"/>
        <line num="115" count="0" type="cond" truecount="0" falsecount="2"/>
        <line num="116" count="0" type="stmt"/>
        <line num="117" count="0" type="stmt"/>
        <line num="118" count="0" type="stmt"/>
        <line num="119" count="0" type="stmt"/>
        <line num="120" count="0" type="stmt"/>
        <line num="121" count="0" type="cond" truecount="0" falsecount="2"/>
        <line num="122" count="0" type="stmt"/>
        <line num="123" count="0" type="cond" truecount="0" falsecount="2"/>
        <line num="124" count="0" type="cond" truecount="0" falsecount="2"/>
        <line num="125" count="0" type="stmt"/>
        <line num="126" count="0" type="stmt"/>
        <line num="128" count="0" type="stmt"/>
        <line num="129" count="0" type="stmt"/>
        <line num="130" count="0" type="cond" truecount="0" falsecount="3"/>
        <line num="131" count="0" type="stmt"/>
        <line num="132" count="0" type="cond" truecount="0" falsecount="4"/>
        <line num="133" count="0" type="cond" truecount="0" falsecount="4"/>
        <line num="137" count="0" type="stmt"/>
        <line num="140" count="1" type="stmt"/>
        <line num="141" count="1" type="stmt"/>
        <line num="143" count="1" type="cond" truecount="2" falsecount="3"/>
        <line num="144" count="1" type="cond" truecount="3" falsecount="1"/>
        <line num="145" count="1" type="cond" truecount="1" falsecount="1"/>
        <line num="146" count="1" type="stmt"/>
        <line num="148" count="0" type="stmt"/>
        <line num="153" count="0" type="stmt"/>
        <line num="154" count="0" type="cond" truecount="0" falsecount="2"/>
        <line num="155" count="0" type="stmt"/>
        <line num="156" count="0" type="cond" truecount="0" falsecount="4"/>
        <line num="157" count="0" type="stmt"/>
        <line num="158" count="0" type="cond" truecount="0" falsecount="2"/>
        <line num="159" count="0" type="cond" truecount="0" falsecount="2"/>
        <line num="160" count="0" type="cond" truecount="0" falsecount="2"/>
        <line num="161" count="0" type="stmt"/>
        <line num="162" count="0" type="cond" truecount="0" falsecount="2"/>
        <line num="164" count="0" type="stmt"/>
        <line num="165" count="0" type="stmt"/>
        <line num="169" count="0" type="stmt"/>
        <line num="173" count="0" type="stmt"/>
        <line num="175" count="0" type="cond" truecount="0" falsecount="2"/>
        <line num="176" count="0" type="stmt"/>
        <line num="180" count="4" type="stmt"/>
        <line num="187" count="4" type="cond" truecount="1" falsecount="1"/>
        <line num="188" count="0" type="cond" truecount="0" falsecount="2"/>
        <line num="190" count="4" type="stmt"/>
        <line num="191" count="4" type="cond" truecount="5" falsecount="0"/>
        <line num="194" count="4" type="cond" truecount="5" falsecount="0"/>
        <line num="197" count="4" type="cond" truecount="1" falsecount="1"/>
      </file>
    </package>
  </project>
</coverage>
