{"/Users/mikko/github/translate-browser-extension/src/core/base-provider.js": {"path":"/Users/mikko/github/translate-browser-extension/src/core/base-provider.js","statementMap":{"0":{"start":{"line":6,"column":0},"end":{"line":424,"column":4}},"1":{"start":{"line":7,"column":2},"end":{"line":11,"column":3}},"2":{"start":{"line":8,"column":4},"end":{"line":8,"column":31}},"3":{"start":{"line":10,"column":4},"end":{"line":10,"column":38}},"4":{"start":{"line":14,"column":23},"end":{"line":15,"column":98}},"5":{"start":{"line":20,"column":32},"end":{"line":27,"column":3}},"6":{"start":{"line":32,"column":24},"end":{"line":42,"column":3}},"7":{"start":{"line":36,"column":23},"end":{"line":36,"column":71}},"8":{"start":{"line":37,"column":25},"end":{"line":37,"column":76}},"9":{"start":{"line":38,"column":22},"end":{"line":38,"column":53}},"10":{"start":{"line":39,"column":24},"end":{"line":39,"column":66}},"11":{"start":{"line":40,"column":30},"end":{"line":40,"column":73}},"12":{"start":{"line":49,"column":6},"end":{"line":49,"column":43}},"13":{"start":{"line":50,"column":6},"end":{"line":50,"column":45}},"14":{"start":{"line":51,"column":6},"end":{"line":51,"column":61}},"15":{"start":{"line":52,"column":6},"end":{"line":52,"column":45}},"16":{"start":{"line":53,"column":6},"end":{"line":53,"column":85}},"17":{"start":{"line":56,"column":6},"end":{"line":62,"column":8}},"18":{"start":{"line":65,"column":6},"end":{"line":67,"column":7}},"19":{"start":{"line":66,"column":8},"end":{"line":66,"column":43}},"20":{"start":{"line":70,"column":6},"end":{"line":70,"column":49}},"21":{"start":{"line":71,"column":6},"end":{"line":71,"column":59}},"22":{"start":{"line":72,"column":6},"end":{"line":72,"column":53}},"23":{"start":{"line":80,"column":6},"end":{"line":84,"column":7}},"24":{"start":{"line":81,"column":8},"end":{"line":83,"column":9}},"25":{"start":{"line":82,"column":10},"end":{"line":82,"column":76}},"26":{"start":{"line":87,"column":6},"end":{"line":91,"column":7}},"27":{"start":{"line":88,"column":8},"end":{"line":90,"column":9}},"28":{"start":{"line":89,"column":10},"end":{"line":89,"column":71}},"29":{"start":{"line":98,"column":6},"end":{"line":98,"column":47}},"30":{"start":{"line":105,"column":6},"end":{"line":105,"column":40}},"31":{"start":{"line":106,"column":6},"end":{"line":106,"column":18}},"32":{"start":{"line":113,"column":23},"end":{"line":113,"column":31}},"33":{"start":{"line":114,"column":23},"end":{"line":114,"column":91}},"34":{"start":{"line":116,"column":6},"end":{"line":120,"column":7}},"35":{"start":{"line":117,"column":8},"end":{"line":119,"column":9}},"36":{"start":{"line":118,"column":10},"end":{"line":118,"column":66}},"37":{"start":{"line":123,"column":6},"end":{"line":125,"column":7}},"38":{"start":{"line":124,"column":8},"end":{"line":124,"column":61}},"39":{"start":{"line":127,"column":6},"end":{"line":129,"column":7}},"40":{"start":{"line":128,"column":8},"end":{"line":128,"column":64}},"41":{"start":{"line":131,"column":6},"end":{"line":133,"column":7}},"42":{"start":{"line":132,"column":8},"end":{"line":132,"column":65}},"43":{"start":{"line":135,"column":6},"end":{"line":137,"column":7}},"44":{"start":{"line":136,"column":8},"end":{"line":136,"column":69}},"45":{"start":{"line":139,"column":6},"end":{"line":139,"column":18}},"46":{"start":{"line":146,"column":6},"end":{"line":150,"column":8}},"47":{"start":{"line":158,"column":6},"end":{"line":158,"column":21}},"48":{"start":{"line":166,"column":6},"end":{"line":166,"column":75}},"49":{"start":{"line":174,"column":6},"end":{"line":174,"column":91}},"50":{"start":{"line":182,"column":6},"end":{"line":182,"column":71}},"51":{"start":{"line":189,"column":30},"end":{"line":193,"column":7}},"52":{"start":{"line":196,"column":6},"end":{"line":198,"column":7}},"53":{"start":{"line":197,"column":8},"end":{"line":197,"column":20}},"54":{"start":{"line":200,"column":6},"end":{"line":217,"column":7}},"55":{"start":{"line":201,"column":8},"end":{"line":213,"column":9}},"56":{"start":{"line":202,"column":10},"end":{"line":202,"column":66}},"57":{"start":{"line":203,"column":15},"end":{"line":213,"column":9}},"58":{"start":{"line":205,"column":10},"end":{"line":205,"column":22}},"59":{"start":{"line":208,"column":35},"end":{"line":211,"column":11}},"60":{"start":{"line":209,"column":26},"end":{"line":209,"column":38}},"61":{"start":{"line":212,"column":10},"end":{"line":212,"column":36}},"62":{"start":{"line":216,"column":8},"end":{"line":216,"column":20}},"63":{"start":{"line":224,"column":22},"end":{"line":224,"column":26}},"64":{"start":{"line":226,"column":6},"end":{"line":251,"column":7}},"65":{"start":{"line":226,"column":25},"end":{"line":226,"column":26}},"66":{"start":{"line":227,"column":8},"end":{"line":250,"column":9}},"67":{"start":{"line":228,"column":10},"end":{"line":228,"column":35}},"68":{"start":{"line":230,"column":10},"end":{"line":230,"column":28}},"69":{"start":{"line":233,"column":10},"end":{"line":238,"column":11}},"70":{"start":{"line":237,"column":12},"end":{"line":237,"column":24}},"71":{"start":{"line":241,"column":28},"end":{"line":241,"column":99}},"72":{"start":{"line":242,"column":25},"end":{"line":242,"column":56}},"73":{"start":{"line":243,"column":24},"end":{"line":243,"column":79}},"74":{"start":{"line":244,"column":29},"end":{"line":244,"column":109}},"75":{"start":{"line":245,"column":33},"end":{"line":245,"column":72}},"76":{"start":{"line":247,"column":10},"end":{"line":247,"column":108}},"77":{"start":{"line":249,"column":10},"end":{"line":249,"column":76}},"78":{"start":{"line":249,"column":39},"end":{"line":249,"column":74}},"79":{"start":{"line":253,"column":6},"end":{"line":253,"column":22}},"80":{"start":{"line":260,"column":6},"end":{"line":260,"column":34}},"81":{"start":{"line":262,"column":24},"end":{"line":326,"column":7}},"82":{"start":{"line":263,"column":8},"end":{"line":265,"column":9}},"83":{"start":{"line":264,"column":10},"end":{"line":264,"column":58}},"84":{"start":{"line":267,"column":102},"end":{"line":267,"column":108}},"85":{"start":{"line":270,"column":8},"end":{"line":278,"column":9}},"86":{"start":{"line":271,"column":10},"end":{"line":277,"column":13}},"87":{"start":{"line":281,"column":24},"end":{"line":284,"column":9}},"88":{"start":{"line":286,"column":21},"end":{"line":288,"column":10}},"89":{"start":{"line":290,"column":31},"end":{"line":295,"column":9}},"90":{"start":{"line":299,"column":8},"end":{"line":303,"column":9}},"91":{"start":{"line":300,"column":10},"end":{"line":300,"column":82}},"92":{"start":{"line":302,"column":10},"end":{"line":302,"column":81}},"93":{"start":{"line":306,"column":8},"end":{"line":318,"column":9}},"94":{"start":{"line":307,"column":10},"end":{"line":317,"column":11}},"95":{"start":{"line":308,"column":12},"end":{"line":312,"column":15}},"96":{"start":{"line":314,"column":26},"end":{"line":314,"column":86}},"97":{"start":{"line":315,"column":12},"end":{"line":315,"column":43}},"98":{"start":{"line":316,"column":12},"end":{"line":316,"column":24}},"99":{"start":{"line":321,"column":8},"end":{"line":325,"column":9}},"100":{"start":{"line":322,"column":10},"end":{"line":322,"column":77}},"101":{"start":{"line":324,"column":10},"end":{"line":324,"column":52}},"102":{"start":{"line":329,"column":6},"end":{"line":329,"column":45}},"103":{"start":{"line":336,"column":6},"end":{"line":336,"column":53}},"104":{"start":{"line":343,"column":6},"end":{"line":349,"column":8}},"105":{"start":{"line":356,"column":6},"end":{"line":378,"column":7}},"106":{"start":{"line":357,"column":25},"end":{"line":357,"column":32}},"107":{"start":{"line":358,"column":23},"end":{"line":364,"column":10}},"108":{"start":{"line":366,"column":8},"end":{"line":370,"column":10}},"109":{"start":{"line":372,"column":8},"end":{"line":377,"column":10}},"110":{"start":{"line":386,"column":4},"end":{"line":393,"column":6}},"111":{"start":{"line":387,"column":23},"end":{"line":387,"column":36}},"112":{"start":{"line":388,"column":25},"end":{"line":388,"column":86}},"113":{"start":{"line":390,"column":6},"end":{"line":391,"column":72}},"114":{"start":{"line":390,"column":41},"end":{"line":390,"column":71}},"115":{"start":{"line":391,"column":11},"end":{"line":391,"column":72}},"116":{"start":{"line":391,"column":44},"end":{"line":391,"column":72}},"117":{"start":{"line":392,"column":6},"end":{"line":392,"column":67}},"118":{"start":{"line":392,"column":41},"end":{"line":392,"column":67}},"119":{"start":{"line":400,"column":4},"end":{"line":400,"column":47}},"120":{"start":{"line":407,"column":4},"end":{"line":409,"column":5}},"121":{"start":{"line":408,"column":6},"end":{"line":408,"column":88}},"122":{"start":{"line":411,"column":4},"end":{"line":411,"column":150}},"123":{"start":{"line":415,"column":2},"end":{"line":422,"column":4}}},"fnMap":{"0":{"name":"(anonymous_0)","decl":{"start":{"line":6,"column":1},"end":{"line":6,"column":2}},"loc":{"start":{"line":6,"column":26},"end":{"line":12,"column":1}},"line":6},"1":{"name":"(anonymous_1)","decl":{"start":{"line":12,"column":45},"end":{"line":12,"column":46}},"loc":{"start":{"line":12,"column":57},"end":{"line":424,"column":1}},"line":12},"2":{"name":"(anonymous_2)","decl":{"start":{"line":36,"column":14},"end":{"line":36,"column":15}},"loc":{"start":{"line":36,"column":23},"end":{"line":36,"column":71}},"line":36},"3":{"name":"(anonymous_3)","decl":{"start":{"line":37,"column":16},"end":{"line":37,"column":17}},"loc":{"start":{"line":37,"column":25},"end":{"line":37,"column":76}},"line":37},"4":{"name":"(anonymous_4)","decl":{"start":{"line":38,"column":13},"end":{"line":38,"column":14}},"loc":{"start":{"line":38,"column":22},"end":{"line":38,"column":53}},"line":38},"5":{"name":"(anonymous_5)","decl":{"start":{"line":39,"column":15},"end":{"line":39,"column":16}},"loc":{"start":{"line":39,"column":24},"end":{"line":39,"column":66}},"line":39},"6":{"name":"(anonymous_6)","decl":{"start":{"line":40,"column":21},"end":{"line":40,"column":22}},"loc":{"start":{"line":40,"column":30},"end":{"line":40,"column":73}},"line":40},"7":{"name":"(anonymous_7)","decl":{"start":{"line":48,"column":4},"end":{"line":48,"column":5}},"loc":{"start":{"line":48,"column":29},"end":{"line":73,"column":5}},"line":48},"8":{"name":"(anonymous_8)","decl":{"start":{"line":78,"column":4},"end":{"line":78,"column":5}},"loc":{"start":{"line":78,"column":43},"end":{"line":92,"column":5}},"line":78},"9":{"name":"(anonymous_9)","decl":{"start":{"line":97,"column":4},"end":{"line":97,"column":5}},"loc":{"start":{"line":97,"column":30},"end":{"line":99,"column":5}},"line":97},"10":{"name":"(anonymous_10)","decl":{"start":{"line":104,"column":4},"end":{"line":104,"column":5}},"loc":{"start":{"line":104,"column":30},"end":{"line":107,"column":5}},"line":104},"11":{"name":"(anonymous_11)","decl":{"start":{"line":112,"column":4},"end":{"line":112,"column":5}},"loc":{"start":{"line":112,"column":27},"end":{"line":140,"column":5}},"line":112},"12":{"name":"(anonymous_12)","decl":{"start":{"line":145,"column":4},"end":{"line":145,"column":5}},"loc":{"start":{"line":145,"column":38},"end":{"line":151,"column":5}},"line":145},"13":{"name":"(anonymous_13)","decl":{"start":{"line":156,"column":4},"end":{"line":156,"column":5}},"loc":{"start":{"line":156,"column":29},"end":{"line":159,"column":5}},"line":156},"14":{"name":"(anonymous_14)","decl":{"start":{"line":164,"column":4},"end":{"line":164,"column":5}},"loc":{"start":{"line":164,"column":30},"end":{"line":167,"column":5}},"line":164},"15":{"name":"(anonymous_15)","decl":{"start":{"line":172,"column":4},"end":{"line":172,"column":5}},"loc":{"start":{"line":172,"column":59},"end":{"line":175,"column":5}},"line":172},"16":{"name":"(anonymous_16)","decl":{"start":{"line":180,"column":4},"end":{"line":180,"column":5}},"loc":{"start":{"line":180,"column":34},"end":{"line":183,"column":5}},"line":180},"17":{"name":"(anonymous_17)","decl":{"start":{"line":188,"column":4},"end":{"line":188,"column":5}},"loc":{"start":{"line":188,"column":37},"end":{"line":218,"column":5}},"line":188},"18":{"name":"(anonymous_18)","decl":{"start":{"line":209,"column":12},"end":{"line":209,"column":13}},"loc":{"start":{"line":209,"column":24},"end":{"line":209,"column":40}},"line":209},"19":{"name":"(anonymous_19)","decl":{"start":{"line":223,"column":4},"end":{"line":223,"column":5}},"loc":{"start":{"line":223,"column":72},"end":{"line":254,"column":5}},"line":223},"20":{"name":"(anonymous_20)","decl":{"start":{"line":249,"column":28},"end":{"line":249,"column":29}},"loc":{"start":{"line":249,"column":39},"end":{"line":249,"column":74}},"line":249},"21":{"name":"(anonymous_21)","decl":{"start":{"line":259,"column":4},"end":{"line":259,"column":5}},"loc":{"start":{"line":259,"column":28},"end":{"line":330,"column":5}},"line":259},"22":{"name":"(anonymous_22)","decl":{"start":{"line":262,"column":24},"end":{"line":262,"column":25}},"loc":{"start":{"line":262,"column":36},"end":{"line":326,"column":7}},"line":262},"23":{"name":"(anonymous_23)","decl":{"start":{"line":335,"column":4},"end":{"line":335,"column":5}},"loc":{"start":{"line":335,"column":24},"end":{"line":337,"column":5}},"line":335},"24":{"name":"(anonymous_24)","decl":{"start":{"line":342,"column":4},"end":{"line":342,"column":5}},"loc":{"start":{"line":342,"column":18},"end":{"line":350,"column":5}},"line":342},"25":{"name":"(anonymous_25)","decl":{"start":{"line":355,"column":4},"end":{"line":355,"column":5}},"loc":{"start":{"line":355,"column":42},"end":{"line":379,"column":5}},"line":355},"26":{"name":"createProviderWrapper","decl":{"start":{"line":385,"column":11},"end":{"line":385,"column":32}},"loc":{"start":{"line":385,"column":54},"end":{"line":394,"column":3}},"line":385},"27":{"name":"(anonymous_27)","decl":{"start":{"line":386,"column":11},"end":{"line":386,"column":12}},"loc":{"start":{"line":386,"column":36},"end":{"line":393,"column":5}},"line":386},"28":{"name":"withSlash","decl":{"start":{"line":399,"column":11},"end":{"line":399,"column":20}},"loc":{"start":{"line":399,"column":26},"end":{"line":401,"column":3}},"line":399},"29":{"name":"createSystemPrompt","decl":{"start":{"line":406,"column":11},"end":{"line":406,"column":29}},"loc":{"start":{"line":406,"column":60},"end":{"line":412,"column":3}},"line":406}},"branchMap":{"0":{"loc":{"start":{"line":7,"column":2},"end":{"line":11,"column":3}},"type":"if","locations":[{"start":{"line":7,"column":2},"end":{"line":11,"column":3}},{"start":{"line":9,"column":9},"end":{"line":11,"column":3}}],"line":7},"1":{"loc":{"start":{"line":7,"column":6},"end":{"line":7,"column":53}},"type":"binary-expr","locations":[{"start":{"line":7,"column":6},"end":{"line":7,"column":35}},{"start":{"line":7,"column":39},"end":{"line":7,"column":53}}],"line":7},"2":{"loc":{"start":{"line":12,"column":2},"end":{"line":12,"column":43}},"type":"cond-expr","locations":[{"start":{"line":12,"column":32},"end":{"line":12,"column":36}},{"start":{"line":12,"column":39},"end":{"line":12,"column":43}}],"line":12},"3":{"loc":{"start":{"line":14,"column":23},"end":{"line":15,"column":98}},"type":"binary-expr","locations":[{"start":{"line":14,"column":24},"end":{"line":14,"column":51}},{"start":{"line":14,"column":55},"end":{"line":14,"column":84}},{"start":{"line":15,"column":22},"end":{"line":15,"column":97}}],"line":14},"4":{"loc":{"start":{"line":15,"column":22},"end":{"line":15,"column":97}},"type":"cond-expr","locations":[{"start":{"line":15,"column":55},"end":{"line":15,"column":90}},{"start":{"line":15,"column":93},"end":{"line":15,"column":97}}],"line":15},"5":{"loc":{"start":{"line":36,"column":23},"end":{"line":36,"column":71}},"type":"binary-expr","locations":[{"start":{"line":36,"column":23},"end":{"line":36,"column":46}},{"start":{"line":36,"column":50},"end":{"line":36,"column":71}}],"line":36},"6":{"loc":{"start":{"line":37,"column":25},"end":{"line":37,"column":76}},"type":"binary-expr","locations":[{"start":{"line":37,"column":25},"end":{"line":37,"column":48}},{"start":{"line":37,"column":52},"end":{"line":37,"column":76}}],"line":37},"7":{"loc":{"start":{"line":38,"column":22},"end":{"line":38,"column":53}},"type":"binary-expr","locations":[{"start":{"line":38,"column":22},"end":{"line":38,"column":26}},{"start":{"line":38,"column":30},"end":{"line":38,"column":53}}],"line":38},"8":{"loc":{"start":{"line":39,"column":24},"end":{"line":39,"column":66}},"type":"binary-expr","locations":[{"start":{"line":39,"column":24},"end":{"line":39,"column":28}},{"start":{"line":39,"column":33},"end":{"line":39,"column":54}},{"start":{"line":39,"column":58},"end":{"line":39,"column":65}}],"line":39},"9":{"loc":{"start":{"line":40,"column":30},"end":{"line":40,"column":73}},"type":"binary-expr","locations":[{"start":{"line":40,"column":30},"end":{"line":40,"column":34}},{"start":{"line":40,"column":39},"end":{"line":40,"column":60}},{"start":{"line":40,"column":64},"end":{"line":40,"column":72}}],"line":40},"10":{"loc":{"start":{"line":48,"column":16},"end":{"line":48,"column":27}},"type":"default-arg","locations":[{"start":{"line":48,"column":25},"end":{"line":48,"column":27}}],"line":48},"11":{"loc":{"start":{"line":49,"column":18},"end":{"line":49,"column":42}},"type":"binary-expr","locations":[{"start":{"line":49,"column":18},"end":{"line":49,"column":29}},{"start":{"line":49,"column":33},"end":{"line":49,"column":42}}],"line":49},"12":{"loc":{"start":{"line":50,"column":19},"end":{"line":50,"column":44}},"type":"binary-expr","locations":[{"start":{"line":50,"column":19},"end":{"line":50,"column":31}},{"start":{"line":50,"column":35},"end":{"line":50,"column":44}}],"line":50},"13":{"loc":{"start":{"line":51,"column":34},"end":{"line":51,"column":59}},"type":"binary-expr","locations":[{"start":{"line":51,"column":34},"end":{"line":51,"column":53}},{"start":{"line":51,"column":57},"end":{"line":51,"column":59}}],"line":51},"14":{"loc":{"start":{"line":52,"column":20},"end":{"line":52,"column":44}},"type":"binary-expr","locations":[{"start":{"line":52,"column":20},"end":{"line":52,"column":33}},{"start":{"line":52,"column":37},"end":{"line":52,"column":44}}],"line":52},"15":{"loc":{"start":{"line":53,"column":21},"end":{"line":53,"column":84}},"type":"binary-expr","locations":[{"start":{"line":53,"column":21},"end":{"line":53,"column":35}},{"start":{"line":53,"column":40},"end":{"line":53,"column":83}}],"line":53},"16":{"loc":{"start":{"line":53,"column":40},"end":{"line":53,"column":83}},"type":"cond-expr","locations":[{"start":{"line":53,"column":71},"end":{"line":53,"column":76}},{"start":{"line":53,"column":79},"end":{"line":53,"column":83}}],"line":53},"17":{"loc":{"start":{"line":65,"column":6},"end":{"line":67,"column":7}},"type":"if","locations":[{"start":{"line":65,"column":6},"end":{"line":67,"column":7}},{"start":{},"end":{}}],"line":65},"18":{"loc":{"start":{"line":78,"column":19},"end":{"line":78,"column":41}},"type":"default-arg","locations":[{"start":{"line":78,"column":28},"end":{"line":78,"column":41}}],"line":78},"19":{"loc":{"start":{"line":80,"column":26},"end":{"line":80,"column":47}},"type":"binary-expr","locations":[{"start":{"line":80,"column":26},"end":{"line":80,"column":41}},{"start":{"line":80,"column":45},"end":{"line":80,"column":47}}],"line":80},"20":{"loc":{"start":{"line":81,"column":8},"end":{"line":83,"column":9}},"type":"if","locations":[{"start":{"line":81,"column":8},"end":{"line":83,"column":9}},{"start":{},"end":{}}],"line":81},"21":{"loc":{"start":{"line":87,"column":54},"end":{"line":87,"column":77}},"type":"binary-expr","locations":[{"start":{"line":87,"column":54},"end":{"line":87,"column":71}},{"start":{"line":87,"column":75},"end":{"line":87,"column":77}}],"line":87},"22":{"loc":{"start":{"line":88,"column":8},"end":{"line":90,"column":9}},"type":"if","locations":[{"start":{"line":88,"column":8},"end":{"line":90,"column":9}},{"start":{},"end":{}}],"line":88},"23":{"loc":{"start":{"line":88,"column":12},"end":{"line":88,"column":66}},"type":"binary-expr","locations":[{"start":{"line":88,"column":12},"end":{"line":88,"column":32}},{"start":{"line":88,"column":36},"end":{"line":88,"column":66}}],"line":88},"24":{"loc":{"start":{"line":117,"column":8},"end":{"line":119,"column":9}},"type":"if","locations":[{"start":{"line":117,"column":8},"end":{"line":119,"column":9}},{"start":{},"end":{}}],"line":117},"25":{"loc":{"start":{"line":117,"column":12},"end":{"line":117,"column":48}},"type":"binary-expr","locations":[{"start":{"line":117,"column":12},"end":{"line":117,"column":30}},{"start":{"line":117,"column":34},"end":{"line":117,"column":48}}],"line":117},"26":{"loc":{"start":{"line":123,"column":6},"end":{"line":125,"column":7}},"type":"if","locations":[{"start":{"line":123,"column":6},"end":{"line":125,"column":7}},{"start":{},"end":{}}],"line":123},"27":{"loc":{"start":{"line":127,"column":6},"end":{"line":129,"column":7}},"type":"if","locations":[{"start":{"line":127,"column":6},"end":{"line":129,"column":7}},{"start":{},"end":{}}],"line":127},"28":{"loc":{"start":{"line":127,"column":10},"end":{"line":127,"column":75}},"type":"binary-expr","locations":[{"start":{"line":127,"column":10},"end":{"line":127,"column":37}},{"start":{"line":127,"column":41},"end":{"line":127,"column":75}}],"line":127},"29":{"loc":{"start":{"line":131,"column":6},"end":{"line":133,"column":7}},"type":"if","locations":[{"start":{"line":131,"column":6},"end":{"line":133,"column":7}},{"start":{},"end":{}}],"line":131},"30":{"loc":{"start":{"line":131,"column":10},"end":{"line":131,"column":76}},"type":"binary-expr","locations":[{"start":{"line":131,"column":10},"end":{"line":131,"column":37}},{"start":{"line":131,"column":41},"end":{"line":131,"column":76}}],"line":131},"31":{"loc":{"start":{"line":135,"column":6},"end":{"line":137,"column":7}},"type":"if","locations":[{"start":{"line":135,"column":6},"end":{"line":137,"column":7}},{"start":{},"end":{}}],"line":135},"32":{"loc":{"start":{"line":135,"column":10},"end":{"line":135,"column":80}},"type":"binary-expr","locations":[{"start":{"line":135,"column":10},"end":{"line":135,"column":37}},{"start":{"line":135,"column":41},"end":{"line":135,"column":80}}],"line":135},"33":{"loc":{"start":{"line":145,"column":18},"end":{"line":145,"column":36}},"type":"default-arg","locations":[{"start":{"line":145,"column":34},"end":{"line":145,"column":36}}],"line":145},"34":{"loc":{"start":{"line":188,"column":23},"end":{"line":188,"column":35}},"type":"default-arg","locations":[{"start":{"line":188,"column":33},"end":{"line":188,"column":35}}],"line":188},"35":{"loc":{"start":{"line":196,"column":6},"end":{"line":198,"column":7}},"type":"if","locations":[{"start":{"line":196,"column":6},"end":{"line":198,"column":7}},{"start":{},"end":{}}],"line":196},"36":{"loc":{"start":{"line":200,"column":6},"end":{"line":217,"column":7}},"type":"if","locations":[{"start":{"line":200,"column":6},"end":{"line":217,"column":7}},{"start":{"line":214,"column":13},"end":{"line":217,"column":7}}],"line":200},"37":{"loc":{"start":{"line":201,"column":8},"end":{"line":213,"column":9}},"type":"if","locations":[{"start":{"line":201,"column":8},"end":{"line":213,"column":9}},{"start":{"line":203,"column":15},"end":{"line":213,"column":9}}],"line":201},"38":{"loc":{"start":{"line":203,"column":15},"end":{"line":213,"column":9}},"type":"if","locations":[{"start":{"line":203,"column":15},"end":{"line":213,"column":9}},{"start":{"line":206,"column":15},"end":{"line":213,"column":9}}],"line":203},"39":{"loc":{"start":{"line":223,"column":31},"end":{"line":223,"column":70}},"type":"default-arg","locations":[{"start":{"line":223,"column":45},"end":{"line":223,"column":70}}],"line":223},"40":{"loc":{"start":{"line":233,"column":10},"end":{"line":238,"column":11}},"type":"if","locations":[{"start":{"line":233,"column":10},"end":{"line":238,"column":11}},{"start":{},"end":{}}],"line":233},"41":{"loc":{"start":{"line":233,"column":14},"end":{"line":236,"column":37}},"type":"binary-expr","locations":[{"start":{"line":233,"column":14},"end":{"line":233,"column":39}},{"start":{"line":234,"column":14},"end":{"line":234,"column":45}},{"start":{"line":235,"column":14},"end":{"line":235,"column":46}},{"start":{"line":236,"column":14},"end":{"line":236,"column":37}}],"line":233},"42":{"loc":{"start":{"line":241,"column":28},"end":{"line":241,"column":99}},"type":"binary-expr","locations":[{"start":{"line":241,"column":28},"end":{"line":241,"column":44}},{"start":{"line":241,"column":49},"end":{"line":241,"column":98}}],"line":241},"43":{"loc":{"start":{"line":244,"column":29},"end":{"line":244,"column":109}},"type":"binary-expr","locations":[{"start":{"line":244,"column":29},"end":{"line":244,"column":59}},{"start":{"line":244,"column":63},"end":{"line":244,"column":74}},{"start":{"line":244,"column":78},"end":{"line":244,"column":109}}],"line":244},"44":{"loc":{"start":{"line":245,"column":33},"end":{"line":245,"column":72}},"type":"cond-expr","locations":[{"start":{"line":245,"column":45},"end":{"line":245,"column":64}},{"start":{"line":245,"column":67},"end":{"line":245,"column":72}}],"line":245},"45":{"loc":{"start":{"line":263,"column":8},"end":{"line":265,"column":9}},"type":"if","locations":[{"start":{"line":263,"column":8},"end":{"line":265,"column":9}},{"start":{},"end":{}}],"line":263},"46":{"loc":{"start":{"line":267,"column":22},"end":{"line":267,"column":37}},"type":"default-arg","locations":[{"start":{"line":267,"column":31},"end":{"line":267,"column":37}}],"line":267},"47":{"loc":{"start":{"line":267,"column":39},"end":{"line":267,"column":52}},"type":"default-arg","locations":[{"start":{"line":267,"column":48},"end":{"line":267,"column":52}}],"line":267},"48":{"loc":{"start":{"line":267,"column":61},"end":{"line":267,"column":74}},"type":"default-arg","locations":[{"start":{"line":267,"column":70},"end":{"line":267,"column":74}}],"line":267},"49":{"loc":{"start":{"line":270,"column":8},"end":{"line":278,"column":9}},"type":"if","locations":[{"start":{"line":270,"column":8},"end":{"line":278,"column":9}},{"start":{},"end":{}}],"line":270},"50":{"loc":{"start":{"line":275,"column":19},"end":{"line":275,"column":37}},"type":"binary-expr","locations":[{"start":{"line":275,"column":19},"end":{"line":275,"column":24}},{"start":{"line":275,"column":28},"end":{"line":275,"column":37}}],"line":275},"51":{"loc":{"start":{"line":283,"column":10},"end":{"line":283,"column":45}},"type":"binary-expr","locations":[{"start":{"line":283,"column":10},"end":{"line":283,"column":23}},{"start":{"line":283,"column":27},"end":{"line":283,"column":45}}],"line":283},"52":{"loc":{"start":{"line":306,"column":8},"end":{"line":318,"column":9}},"type":"if","locations":[{"start":{"line":306,"column":8},"end":{"line":318,"column":9}},{"start":{},"end":{}}],"line":306},"53":{"loc":{"start":{"line":307,"column":10},"end":{"line":317,"column":11}},"type":"if","locations":[{"start":{"line":307,"column":10},"end":{"line":317,"column":11}},{"start":{"line":313,"column":17},"end":{"line":317,"column":11}}],"line":307},"54":{"loc":{"start":{"line":321,"column":8},"end":{"line":325,"column":9}},"type":"if","locations":[{"start":{"line":321,"column":8},"end":{"line":325,"column":9}},{"start":{"line":323,"column":15},"end":{"line":325,"column":9}}],"line":321},"55":{"loc":{"start":{"line":321,"column":12},"end":{"line":321,"column":83}},"type":"binary-expr","locations":[{"start":{"line":321,"column":12},"end":{"line":321,"column":18}},{"start":{"line":321,"column":22},"end":{"line":321,"column":28}},{"start":{"line":321,"column":32},"end":{"line":321,"column":83}}],"line":321},"56":{"loc":{"start":{"line":336,"column":13},"end":{"line":336,"column":52}},"type":"binary-expr","locations":[{"start":{"line":336,"column":13},"end":{"line":336,"column":28}},{"start":{"line":336,"column":32},"end":{"line":336,"column":52}}],"line":336},"57":{"loc":{"start":{"line":347,"column":17},"end":{"line":347,"column":40}},"type":"binary-expr","locations":[{"start":{"line":347,"column":17},"end":{"line":347,"column":29}},{"start":{"line":347,"column":33},"end":{"line":347,"column":40}}],"line":347},"58":{"loc":{"start":{"line":348,"column":21},"end":{"line":348,"column":77}},"type":"binary-expr","locations":[{"start":{"line":348,"column":21},"end":{"line":348,"column":37}},{"start":{"line":348,"column":41},"end":{"line":348,"column":77}}],"line":348},"59":{"loc":{"start":{"line":355,"column":25},"end":{"line":355,"column":40}},"type":"default-arg","locations":[{"start":{"line":355,"column":38},"end":{"line":355,"column":40}}],"line":355},"60":{"loc":{"start":{"line":368,"column":18},"end":{"line":368,"column":40}},"type":"binary-expr","locations":[{"start":{"line":368,"column":18},"end":{"line":368,"column":30}},{"start":{"line":368,"column":34},"end":{"line":368,"column":40}}],"line":368},"61":{"loc":{"start":{"line":369,"column":33},"end":{"line":369,"column":65}},"type":"binary-expr","locations":[{"start":{"line":369,"column":33},"end":{"line":369,"column":51}},{"start":{"line":369,"column":55},"end":{"line":369,"column":65}}],"line":369},"62":{"loc":{"start":{"line":390,"column":6},"end":{"line":391,"column":72}},"type":"if","locations":[{"start":{"line":390,"column":6},"end":{"line":391,"column":72}},{"start":{"line":391,"column":11},"end":{"line":391,"column":72}}],"line":390},"63":{"loc":{"start":{"line":391,"column":11},"end":{"line":391,"column":72}},"type":"if","locations":[{"start":{"line":391,"column":11},"end":{"line":391,"column":72}},{"start":{},"end":{}}],"line":391},"64":{"loc":{"start":{"line":392,"column":6},"end":{"line":392,"column":67}},"type":"if","locations":[{"start":{"line":392,"column":6},"end":{"line":392,"column":67}},{"start":{},"end":{}}],"line":392},"65":{"loc":{"start":{"line":400,"column":11},"end":{"line":400,"column":46}},"type":"cond-expr","locations":[{"start":{"line":400,"column":29},"end":{"line":400,"column":32}},{"start":{"line":400,"column":36},"end":{"line":400,"column":45}}],"line":400},"66":{"loc":{"start":{"line":407,"column":4},"end":{"line":409,"column":5}},"type":"if","locations":[{"start":{"line":407,"column":4},"end":{"line":409,"column":5}},{"start":{},"end":{}}],"line":407}},"s":{"0":0,"1":0,"2":0,"3":0,"4":0,"5":0,"6":0,"7":0,"8":0,"9":0,"10":0,"11":0,"12":0,"13":0,"14":0,"15":0,"16":0,"17":0,"18":0,"19":0,"20":0,"21":0,"22":0,"23":0,"24":0,"25":0,"26":0,"27":0,"28":0,"29":0,"30":0,"31":0,"32":0,"33":0,"34":0,"35":0,"36":0,"37":0,"38":0,"39":0,"40":0,"41":0,"42":0,"43":0,"44":0,"45":0,"46":0,"47":0,"48":0,"49":0,"50":0,"51":0,"52":0,"53":0,"54":0,"55":0,"56":0,"57":0,"58":0,"59":0,"60":0,"61":0,"62":0,"63":0,"64":0,"65":0,"66":0,"67":0,"68":0,"69":0,"70":0,"71":0,"72":0,"73":0,"74":0,"75":0,"76":0,"77":0,"78":0,"79":0,"80":0,"81":0,"82":0,"83":0,"84":0,"85":0,"86":0,"87":0,"88":0,"89":0,"90":0,"91":0,"92":0,"93":0,"94":0,"95":0,"96":0,"97":0,"98":0,"99":0,"100":0,"101":0,"102":0,"103":0,"104":0,"105":0,"106":0,"107":0,"108":0,"109":0,"110":0,"111":0,"112":0,"113":0,"114":0,"115":0,"116":0,"117":0,"118":0,"119":0,"120":0,"121":0,"122":0,"123":0},"f":{"0":0,"1":0,"2":0,"3":0,"4":0,"5":0,"6":0,"7":0,"8":0,"9":0,"10":0,"11":0,"12":0,"13":0,"14":0,"15":0,"16":0,"17":0,"18":0,"19":0,"20":0,"21":0,"22":0,"23":0,"24":0,"25":0,"26":0,"27":0,"28":0,"29":0},"b":{"0":[0,0],"1":[0,0],"2":[0,0],"3":[0,0,0],"4":[0,0],"5":[0,0],"6":[0,0],"7":[0,0],"8":[0,0,0],"9":[0,0,0],"10":[0],"11":[0,0],"12":[0,0],"13":[0,0],"14":[0,0],"15":[0,0],"16":[0,0],"17":[0,0],"18":[0],"19":[0,0],"20":[0,0],"21":[0,0],"22":[0,0],"23":[0,0],"24":[0,0],"25":[0,0],"26":[0,0],"27":[0,0],"28":[0,0],"29":[0,0],"30":[0,0],"31":[0,0],"32":[0,0],"33":[0],"34":[0],"35":[0,0],"36":[0,0],"37":[0,0],"38":[0,0],"39":[0],"40":[0,0],"41":[0,0,0,0],"42":[0,0],"43":[0,0,0],"44":[0,0],"45":[0,0],"46":[0],"47":[0],"48":[0],"49":[0,0],"50":[0,0],"51":[0,0],"52":[0,0],"53":[0,0],"54":[0,0],"55":[0,0,0],"56":[0,0],"57":[0,0],"58":[0,0],"59":[0],"60":[0,0],"61":[0,0],"62":[0,0],"63":[0,0],"64":[0,0],"65":[0,0],"66":[0,0]}}
,"/Users/mikko/github/translate-browser-extension/src/lib/adaptiveLimitDetector.js": {"path":"/Users/mikko/github/translate-browser-extension/src/lib/adaptiveLimitDetector.js","statementMap":{"0":{"start":{"line":1,"column":0},"end":{"line":409,"column":4}},"1":{"start":{"line":2,"column":32},"end":{"line":2,"column":45}},"2":{"start":{"line":3,"column":2},"end":{"line":6,"column":3}},"3":{"start":{"line":4,"column":4},"end":{"line":4,"column":43}},"4":{"start":{"line":5,"column":4},"end":{"line":5,"column":51}},"5":{"start":{"line":7,"column":2},"end":{"line":9,"column":3}},"6":{"start":{"line":8,"column":4},"end":{"line":8,"column":55}},"7":{"start":{"line":11,"column":19},"end":{"line":24,"column":3}},"8":{"start":{"line":27,"column":4},"end":{"line":27,"column":22}},"9":{"start":{"line":31,"column":4},"end":{"line":31,"column":25}},"10":{"start":{"line":31,"column":16},"end":{"line":31,"column":25}},"11":{"start":{"line":32,"column":4},"end":{"line":34,"column":5}},"12":{"start":{"line":33,"column":6},"end":{"line":33,"column":47}},"13":{"start":{"line":35,"column":20},"end":{"line":35,"column":33}},"14":{"start":{"line":36,"column":4},"end":{"line":38,"column":5}},"15":{"start":{"line":37,"column":6},"end":{"line":37,"column":53}},"16":{"start":{"line":39,"column":19},"end":{"line":39,"column":36}},"17":{"start":{"line":40,"column":4},"end":{"line":42,"column":5}},"18":{"start":{"line":41,"column":6},"end":{"line":41,"column":28}},"19":{"start":{"line":43,"column":4},"end":{"line":43,"column":13}},"20":{"start":{"line":47,"column":4},"end":{"line":47,"column":27}},"21":{"start":{"line":47,"column":18},"end":{"line":47,"column":27}},"22":{"start":{"line":48,"column":18},"end":{"line":48,"column":20}},"23":{"start":{"line":49,"column":4},"end":{"line":51,"column":7}},"24":{"start":{"line":50,"column":6},"end":{"line":50,"column":46}},"25":{"start":{"line":52,"column":4},"end":{"line":52,"column":115}},"26":{"start":{"line":56,"column":4},"end":{"line":60,"column":18}},"27":{"start":{"line":57,"column":6},"end":{"line":59,"column":7}},"28":{"start":{"line":58,"column":8},"end":{"line":58,"column":61}},"29":{"start":{"line":61,"column":18},"end":{"line":61,"column":63}},"30":{"start":{"line":62,"column":4},"end":{"line":67,"column":6}},"31":{"start":{"line":63,"column":25},"end":{"line":63,"column":76}},"32":{"start":{"line":64,"column":25},"end":{"line":64,"column":76}},"33":{"start":{"line":65,"column":26},"end":{"line":65,"column":79}},"34":{"start":{"line":66,"column":26},"end":{"line":66,"column":79}},"35":{"start":{"line":72,"column":6},"end":{"line":72,"column":57}},"36":{"start":{"line":73,"column":6},"end":{"line":75,"column":7}},"37":{"start":{"line":74,"column":8},"end":{"line":74,"column":68}},"38":{"start":{"line":76,"column":6},"end":{"line":78,"column":7}},"39":{"start":{"line":77,"column":8},"end":{"line":77,"column":60}},"40":{"start":{"line":79,"column":6},"end":{"line":81,"column":7}},"41":{"start":{"line":80,"column":8},"end":{"line":80,"column":78}},"42":{"start":{"line":83,"column":6},"end":{"line":83,"column":39}},"43":{"start":{"line":85,"column":6},"end":{"line":85,"column":33}},"44":{"start":{"line":86,"column":6},"end":{"line":86,"column":32}},"45":{"start":{"line":87,"column":6},"end":{"line":87,"column":30}},"46":{"start":{"line":89,"column":6},"end":{"line":95,"column":8}},"47":{"start":{"line":96,"column":6},"end":{"line":96,"column":64}},"48":{"start":{"line":98,"column":6},"end":{"line":104,"column":8}},"49":{"start":{"line":108,"column":17},"end":{"line":108,"column":37}},"50":{"start":{"line":109,"column":6},"end":{"line":122,"column":7}},"51":{"start":{"line":110,"column":8},"end":{"line":121,"column":11}},"52":{"start":{"line":123,"column":6},"end":{"line":123,"column":36}},"53":{"start":{"line":127,"column":6},"end":{"line":127,"column":32}},"54":{"start":{"line":128,"column":6},"end":{"line":128,"column":59}},"55":{"start":{"line":128,"column":37},"end":{"line":128,"column":59}},"56":{"start":{"line":132,"column":27},"end":{"line":132,"column":87}},"57":{"start":{"line":133,"column":20},"end":{"line":133,"column":40}},"58":{"start":{"line":134,"column":6},"end":{"line":134,"column":39}},"59":{"start":{"line":135,"column":6},"end":{"line":135,"column":51}},"60":{"start":{"line":136,"column":6},"end":{"line":136,"column":42}},"61":{"start":{"line":137,"column":6},"end":{"line":137,"column":41}},"62":{"start":{"line":138,"column":6},"end":{"line":138,"column":41}},"63":{"start":{"line":139,"column":6},"end":{"line":139,"column":68}},"64":{"start":{"line":140,"column":6},"end":{"line":140,"column":124}},"65":{"start":{"line":141,"column":6},"end":{"line":141,"column":110}},"66":{"start":{"line":142,"column":6},"end":{"line":142,"column":48}},"67":{"start":{"line":146,"column":6},"end":{"line":146,"column":52}},"68":{"start":{"line":146,"column":45},"end":{"line":146,"column":52}},"69":{"start":{"line":147,"column":20},"end":{"line":147,"column":25}},"70":{"start":{"line":148,"column":6},"end":{"line":148,"column":44}},"71":{"start":{"line":149,"column":6},"end":{"line":149,"column":46}},"72":{"start":{"line":151,"column":6},"end":{"line":157,"column":7}},"73":{"start":{"line":152,"column":8},"end":{"line":152,"column":51}},"74":{"start":{"line":153,"column":13},"end":{"line":157,"column":7}},"75":{"start":{"line":154,"column":8},"end":{"line":154,"column":51}},"76":{"start":{"line":155,"column":13},"end":{"line":157,"column":7}},"77":{"start":{"line":156,"column":8},"end":{"line":156,"column":106}},"78":{"start":{"line":161,"column":6},"end":{"line":166,"column":7}},"79":{"start":{"line":162,"column":8},"end":{"line":162,"column":40}},"80":{"start":{"line":163,"column":8},"end":{"line":163,"column":42}},"81":{"start":{"line":164,"column":8},"end":{"line":164,"column":42}},"82":{"start":{"line":165,"column":8},"end":{"line":165,"column":40}},"83":{"start":{"line":167,"column":6},"end":{"line":167,"column":52}},"84":{"start":{"line":167,"column":45},"end":{"line":167,"column":52}},"85":{"start":{"line":169,"column":6},"end":{"line":183,"column":7}},"86":{"start":{"line":170,"column":8},"end":{"line":170,"column":54}},"87":{"start":{"line":171,"column":8},"end":{"line":171,"column":45}},"88":{"start":{"line":172,"column":8},"end":{"line":172,"column":45}},"89":{"start":{"line":173,"column":8},"end":{"line":173,"column":42}},"90":{"start":{"line":174,"column":8},"end":{"line":174,"column":50}},"91":{"start":{"line":175,"column":13},"end":{"line":183,"column":7}},"92":{"start":{"line":176,"column":8},"end":{"line":176,"column":93}},"93":{"start":{"line":177,"column":8},"end":{"line":180,"column":9}},"94":{"start":{"line":178,"column":10},"end":{"line":178,"column":47}},"95":{"start":{"line":179,"column":10},"end":{"line":179,"column":44}},"96":{"start":{"line":181,"column":13},"end":{"line":183,"column":7}},"97":{"start":{"line":182,"column":8},"end":{"line":182,"column":93}},"98":{"start":{"line":187,"column":20},"end":{"line":187,"column":25}},"99":{"start":{"line":188,"column":22},"end":{"line":188,"column":185}},"100":{"start":{"line":189,"column":22},"end":{"line":189,"column":106}},"101":{"start":{"line":190,"column":6},"end":{"line":190,"column":41}},"102":{"start":{"line":191,"column":6},"end":{"line":191,"column":54}},"103":{"start":{"line":192,"column":6},"end":{"line":192,"column":48}},"104":{"start":{"line":193,"column":6},"end":{"line":193,"column":119}},"105":{"start":{"line":197,"column":20},"end":{"line":197,"column":50}},"106":{"start":{"line":198,"column":20},"end":{"line":198,"column":25}},"107":{"start":{"line":200,"column":6},"end":{"line":202,"column":7}},"108":{"start":{"line":201,"column":8},"end":{"line":201,"column":21}},"109":{"start":{"line":204,"column":6},"end":{"line":206,"column":7}},"110":{"start":{"line":205,"column":8},"end":{"line":205,"column":20}},"111":{"start":{"line":208,"column":6},"end":{"line":215,"column":7}},"112":{"start":{"line":209,"column":8},"end":{"line":214,"column":9}},"113":{"start":{"line":210,"column":10},"end":{"line":210,"column":50}},"114":{"start":{"line":211,"column":10},"end":{"line":211,"column":52}},"115":{"start":{"line":213,"column":10},"end":{"line":213,"column":23}},"116":{"start":{"line":217,"column":6},"end":{"line":222,"column":7}},"117":{"start":{"line":218,"column":8},"end":{"line":220,"column":9}},"118":{"start":{"line":219,"column":10},"end":{"line":219,"column":23}},"119":{"start":{"line":221,"column":8},"end":{"line":221,"column":49}},"120":{"start":{"line":224,"column":6},"end":{"line":224,"column":18}},"121":{"start":{"line":228,"column":6},"end":{"line":228,"column":48}},"122":{"start":{"line":232,"column":23},"end":{"line":232,"column":81}},"123":{"start":{"line":233,"column":22},"end":{"line":233,"column":56}},"124":{"start":{"line":234,"column":6},"end":{"line":236,"column":7}},"125":{"start":{"line":235,"column":8},"end":{"line":235,"column":78}},"126":{"start":{"line":238,"column":20},"end":{"line":238,"column":50}},"127":{"start":{"line":239,"column":6},"end":{"line":239,"column":30}},"128":{"start":{"line":240,"column":6},"end":{"line":240,"column":32}},"129":{"start":{"line":241,"column":6},"end":{"line":241,"column":103}},"130":{"start":{"line":242,"column":6},"end":{"line":242,"column":43}},"131":{"start":{"line":244,"column":17},"end":{"line":244,"column":68}},"132":{"start":{"line":245,"column":6},"end":{"line":245,"column":91}},"133":{"start":{"line":246,"column":6},"end":{"line":246,"column":16}},"134":{"start":{"line":250,"column":20},"end":{"line":250,"column":50}},"135":{"start":{"line":251,"column":6},"end":{"line":251,"column":30}},"136":{"start":{"line":252,"column":6},"end":{"line":252,"column":57}},"137":{"start":{"line":253,"column":6},"end":{"line":253,"column":103}},"138":{"start":{"line":254,"column":6},"end":{"line":254,"column":43}},"139":{"start":{"line":260,"column":6},"end":{"line":268,"column":7}},"140":{"start":{"line":261,"column":20},"end":{"line":261,"column":47}},"141":{"start":{"line":262,"column":8},"end":{"line":262,"column":34}},"142":{"start":{"line":263,"column":8},"end":{"line":263,"column":57}},"143":{"start":{"line":264,"column":8},"end":{"line":264,"column":39}},"144":{"start":{"line":266,"column":8},"end":{"line":266,"column":42}},"145":{"start":{"line":267,"column":8},"end":{"line":267,"column":57}},"146":{"start":{"line":270,"column":24},"end":{"line":270,"column":55}},"147":{"start":{"line":271,"column":6},"end":{"line":271,"column":45}},"148":{"start":{"line":272,"column":6},"end":{"line":272,"column":94}},"149":{"start":{"line":274,"column":6},"end":{"line":279,"column":7}},"150":{"start":{"line":275,"column":8},"end":{"line":275,"column":38}},"151":{"start":{"line":276,"column":8},"end":{"line":276,"column":43}},"152":{"start":{"line":278,"column":8},"end":{"line":278,"column":45}},"153":{"start":{"line":281,"column":6},"end":{"line":289,"column":7}},"154":{"start":{"line":282,"column":28},"end":{"line":282,"column":102}},"155":{"start":{"line":283,"column":31},"end":{"line":283,"column":103}},"156":{"start":{"line":284,"column":8},"end":{"line":284,"column":115}},"157":{"start":{"line":285,"column":13},"end":{"line":289,"column":7}},"158":{"start":{"line":286,"column":8},"end":{"line":286,"column":126}},"159":{"start":{"line":287,"column":13},"end":{"line":289,"column":7}},"160":{"start":{"line":288,"column":8},"end":{"line":288,"column":45}},"161":{"start":{"line":291,"column":6},"end":{"line":291,"column":27}},"162":{"start":{"line":297,"column":6},"end":{"line":305,"column":7}},"163":{"start":{"line":298,"column":20},"end":{"line":298,"column":47}},"164":{"start":{"line":299,"column":8},"end":{"line":299,"column":34}},"165":{"start":{"line":300,"column":8},"end":{"line":300,"column":57}},"166":{"start":{"line":301,"column":8},"end":{"line":301,"column":39}},"167":{"start":{"line":303,"column":8},"end":{"line":303,"column":42}},"168":{"start":{"line":304,"column":8},"end":{"line":304,"column":57}},"169":{"start":{"line":307,"column":6},"end":{"line":307,"column":36}},"170":{"start":{"line":308,"column":6},"end":{"line":308,"column":41}},"171":{"start":{"line":309,"column":6},"end":{"line":309,"column":41}},"172":{"start":{"line":310,"column":6},"end":{"line":310,"column":116}},"173":{"start":{"line":312,"column":26},"end":{"line":312,"column":77}},"174":{"start":{"line":313,"column":22},"end":{"line":313,"column":166}},"175":{"start":{"line":314,"column":6},"end":{"line":318,"column":7}},"176":{"start":{"line":315,"column":8},"end":{"line":315,"column":86}},"177":{"start":{"line":317,"column":8},"end":{"line":317,"column":40}},"178":{"start":{"line":320,"column":6},"end":{"line":320,"column":27}},"179":{"start":{"line":324,"column":20},"end":{"line":324,"column":50}},"180":{"start":{"line":325,"column":20},"end":{"line":325,"column":25}},"181":{"start":{"line":326,"column":28},"end":{"line":326,"column":94}},"182":{"start":{"line":327,"column":27},"end":{"line":327,"column":120}},"183":{"start":{"line":328,"column":23},"end":{"line":328,"column":60}},"184":{"start":{"line":329,"column":6},"end":{"line":329,"column":62}},"185":{"start":{"line":333,"column":6},"end":{"line":338,"column":8}},"186":{"start":{"line":342,"column":24},"end":{"line":342,"column":26}},"187":{"start":{"line":343,"column":6},"end":{"line":354,"column":7}},"188":{"start":{"line":344,"column":8},"end":{"line":353,"column":10}},"189":{"start":{"line":356,"column":6},"end":{"line":360,"column":8}},"190":{"start":{"line":364,"column":23},"end":{"line":364,"column":81}},"191":{"start":{"line":365,"column":27},"end":{"line":365,"column":82}},"192":{"start":{"line":366,"column":25},"end":{"line":366,"column":76}},"193":{"start":{"line":367,"column":6},"end":{"line":370,"column":8}},"194":{"start":{"line":372,"column":6},"end":{"line":382,"column":8}},"195":{"start":{"line":386,"column":6},"end":{"line":386,"column":29}},"196":{"start":{"line":387,"column":6},"end":{"line":387,"column":28}},"197":{"start":{"line":388,"column":6},"end":{"line":388,"column":30}},"198":{"start":{"line":389,"column":6},"end":{"line":395,"column":8}},"199":{"start":{"line":396,"column":6},"end":{"line":396,"column":64}},"200":{"start":{"line":397,"column":6},"end":{"line":403,"column":8}},"201":{"start":{"line":404,"column":6},"end":{"line":404,"column":56}},"202":{"start":{"line":408,"column":2},"end":{"line":408,"column":31}}},"fnMap":{"0":{"name":"(anonymous_0)","decl":{"start":{"line":1,"column":1},"end":{"line":1,"column":2}},"loc":{"start":{"line":1,"column":26},"end":{"line":10,"column":1}},"line":1},"1":{"name":"(anonymous_1)","decl":{"start":{"line":10,"column":88},"end":{"line":10,"column":89}},"loc":{"start":{"line":10,"column":104},"end":{"line":409,"column":1}},"line":10},"2":{"name":"now","decl":{"start":{"line":26,"column":11},"end":{"line":26,"column":14}},"loc":{"start":{"line":26,"column":17},"end":{"line":28,"column":3}},"line":26},"3":{"name":"parseRetryAfter","decl":{"start":{"line":30,"column":11},"end":{"line":30,"column":26}},"loc":{"start":{"line":30,"column":34},"end":{"line":44,"column":3}},"line":30},"4":{"name":"coalesceRetry","decl":{"start":{"line":46,"column":11},"end":{"line":46,"column":24}},"loc":{"start":{"line":46,"column":34},"end":{"line":53,"column":3}},"line":46},"5":{"name":"(anonymous_5)","decl":{"start":{"line":49,"column":33},"end":{"line":49,"column":34}},"loc":{"start":{"line":49,"column":40},"end":{"line":51,"column":5}},"line":49},"6":{"name":"createLogger","decl":{"start":{"line":55,"column":11},"end":{"line":55,"column":23}},"loc":{"start":{"line":55,"column":35},"end":{"line":68,"column":3}},"line":55},"7":{"name":"(anonymous_7)","decl":{"start":{"line":63,"column":12},"end":{"line":63,"column":13}},"loc":{"start":{"line":63,"column":25},"end":{"line":63,"column":76}},"line":63},"8":{"name":"(anonymous_8)","decl":{"start":{"line":64,"column":12},"end":{"line":64,"column":13}},"loc":{"start":{"line":64,"column":25},"end":{"line":64,"column":76}},"line":64},"9":{"name":"(anonymous_9)","decl":{"start":{"line":65,"column":13},"end":{"line":65,"column":14}},"loc":{"start":{"line":65,"column":26},"end":{"line":65,"column":79}},"line":65},"10":{"name":"(anonymous_10)","decl":{"start":{"line":66,"column":13},"end":{"line":66,"column":14}},"loc":{"start":{"line":66,"column":26},"end":{"line":66,"column":79}},"line":66},"11":{"name":"(anonymous_11)","decl":{"start":{"line":71,"column":4},"end":{"line":71,"column":5}},"loc":{"start":{"line":71,"column":30},"end":{"line":105,"column":5}},"line":71},"12":{"name":"(anonymous_12)","decl":{"start":{"line":107,"column":4},"end":{"line":107,"column":5}},"loc":{"start":{"line":107,"column":30},"end":{"line":124,"column":5}},"line":107},"13":{"name":"(anonymous_13)","decl":{"start":{"line":126,"column":4},"end":{"line":126,"column":5}},"loc":{"start":{"line":126,"column":33},"end":{"line":129,"column":5}},"line":126},"14":{"name":"(anonymous_14)","decl":{"start":{"line":131,"column":4},"end":{"line":131,"column":5}},"loc":{"start":{"line":131,"column":53},"end":{"line":143,"column":5}},"line":131},"15":{"name":"(anonymous_15)","decl":{"start":{"line":145,"column":4},"end":{"line":145,"column":5}},"loc":{"start":{"line":145,"column":52},"end":{"line":158,"column":5}},"line":145},"16":{"name":"(anonymous_16)","decl":{"start":{"line":160,"column":4},"end":{"line":160,"column":5}},"loc":{"start":{"line":160,"column":36},"end":{"line":184,"column":5}},"line":160},"17":{"name":"(anonymous_17)","decl":{"start":{"line":186,"column":4},"end":{"line":186,"column":5}},"loc":{"start":{"line":186,"column":42},"end":{"line":194,"column":5}},"line":186},"18":{"name":"(anonymous_18)","decl":{"start":{"line":196,"column":4},"end":{"line":196,"column":5}},"loc":{"start":{"line":196,"column":34},"end":{"line":225,"column":5}},"line":196},"19":{"name":"(anonymous_19)","decl":{"start":{"line":227,"column":4},"end":{"line":227,"column":5}},"loc":{"start":{"line":227,"column":29},"end":{"line":229,"column":5}},"line":227},"20":{"name":"(anonymous_20)","decl":{"start":{"line":231,"column":4},"end":{"line":231,"column":5}},"loc":{"start":{"line":231,"column":35},"end":{"line":247,"column":5}},"line":231},"21":{"name":"(anonymous_21)","decl":{"start":{"line":249,"column":4},"end":{"line":249,"column":5}},"loc":{"start":{"line":249,"column":46},"end":{"line":255,"column":5}},"line":249},"22":{"name":"(anonymous_22)","decl":{"start":{"line":257,"column":4},"end":{"line":257,"column":5}},"loc":{"start":{"line":257,"column":48},"end":{"line":292,"column":5}},"line":257},"23":{"name":"(anonymous_23)","decl":{"start":{"line":294,"column":4},"end":{"line":294,"column":5}},"loc":{"start":{"line":294,"column":42},"end":{"line":321,"column":5}},"line":294},"24":{"name":"(anonymous_24)","decl":{"start":{"line":323,"column":4},"end":{"line":323,"column":5}},"loc":{"start":{"line":323,"column":31},"end":{"line":330,"column":5}},"line":323},"25":{"name":"(anonymous_25)","decl":{"start":{"line":332,"column":4},"end":{"line":332,"column":5}},"loc":{"start":{"line":332,"column":29},"end":{"line":339,"column":5}},"line":332},"26":{"name":"(anonymous_26)","decl":{"start":{"line":341,"column":4},"end":{"line":341,"column":5}},"loc":{"start":{"line":341,"column":16},"end":{"line":361,"column":5}},"line":341},"27":{"name":"(anonymous_27)","decl":{"start":{"line":363,"column":4},"end":{"line":363,"column":5}},"loc":{"start":{"line":363,"column":21},"end":{"line":383,"column":5}},"line":363},"28":{"name":"(anonymous_28)","decl":{"start":{"line":385,"column":4},"end":{"line":385,"column":5}},"loc":{"start":{"line":385,"column":12},"end":{"line":405,"column":5}},"line":385}},"branchMap":{"0":{"loc":{"start":{"line":3,"column":2},"end":{"line":6,"column":3}},"type":"if","locations":[{"start":{"line":3,"column":2},"end":{"line":6,"column":3}},{"start":{},"end":{}}],"line":3},"1":{"loc":{"start":{"line":3,"column":6},"end":{"line":3,"column":53}},"type":"binary-expr","locations":[{"start":{"line":3,"column":6},"end":{"line":3,"column":35}},{"start":{"line":3,"column":39},"end":{"line":3,"column":53}}],"line":3},"2":{"loc":{"start":{"line":7,"column":2},"end":{"line":9,"column":3}},"type":"if","locations":[{"start":{"line":7,"column":2},"end":{"line":9,"column":3}},{"start":{},"end":{}}],"line":7},"3":{"loc":{"start":{"line":7,"column":6},"end":{"line":7,"column":38}},"type":"binary-expr","locations":[{"start":{"line":7,"column":6},"end":{"line":7,"column":10}},{"start":{"line":7,"column":14},"end":{"line":7,"column":38}}],"line":7},"4":{"loc":{"start":{"line":10,"column":2},"end":{"line":10,"column":86}},"type":"cond-expr","locations":[{"start":{"line":10,"column":32},"end":{"line":10,"column":36}},{"start":{"line":10,"column":40},"end":{"line":10,"column":85}}],"line":10},"5":{"loc":{"start":{"line":10,"column":40},"end":{"line":10,"column":85}},"type":"cond-expr","locations":[{"start":{"line":10,"column":72},"end":{"line":10,"column":78}},{"start":{"line":10,"column":81},"end":{"line":10,"column":85}}],"line":10},"6":{"loc":{"start":{"line":31,"column":4},"end":{"line":31,"column":25}},"type":"if","locations":[{"start":{"line":31,"column":4},"end":{"line":31,"column":25}},{"start":{},"end":{}}],"line":31},"7":{"loc":{"start":{"line":32,"column":4},"end":{"line":34,"column":5}},"type":"if","locations":[{"start":{"line":32,"column":4},"end":{"line":34,"column":5}},{"start":{},"end":{}}],"line":32},"8":{"loc":{"start":{"line":32,"column":8},"end":{"line":32,"column":52}},"type":"binary-expr","locations":[{"start":{"line":32,"column":8},"end":{"line":32,"column":33}},{"start":{"line":32,"column":37},"end":{"line":32,"column":52}}],"line":32},"9":{"loc":{"start":{"line":33,"column":13},"end":{"line":33,"column":46}},"type":"cond-expr","locations":[{"start":{"line":33,"column":26},"end":{"line":33,"column":31}},{"start":{"line":33,"column":34},"end":{"line":33,"column":46}}],"line":33},"10":{"loc":{"start":{"line":36,"column":4},"end":{"line":38,"column":5}},"type":"if","locations":[{"start":{"line":36,"column":4},"end":{"line":38,"column":5}},{"start":{},"end":{}}],"line":36},"11":{"loc":{"start":{"line":37,"column":13},"end":{"line":37,"column":52}},"type":"cond-expr","locations":[{"start":{"line":37,"column":28},"end":{"line":37,"column":35}},{"start":{"line":37,"column":38},"end":{"line":37,"column":52}}],"line":37},"12":{"loc":{"start":{"line":40,"column":4},"end":{"line":42,"column":5}},"type":"if","locations":[{"start":{"line":40,"column":4},"end":{"line":42,"column":5}},{"start":{},"end":{}}],"line":40},"13":{"loc":{"start":{"line":47,"column":4},"end":{"line":47,"column":27}},"type":"if","locations":[{"start":{"line":47,"column":4},"end":{"line":47,"column":27}},{"start":{},"end":{}}],"line":47},"14":{"loc":{"start":{"line":52,"column":27},"end":{"line":52,"column":113}},"type":"binary-expr","locations":[{"start":{"line":52,"column":27},"end":{"line":52,"column":47}},{"start":{"line":52,"column":51},"end":{"line":52,"column":83}},{"start":{"line":52,"column":87},"end":{"line":52,"column":113}}],"line":52},"15":{"loc":{"start":{"line":57,"column":6},"end":{"line":59,"column":7}},"type":"if","locations":[{"start":{"line":57,"column":6},"end":{"line":59,"column":7}},{"start":{},"end":{}}],"line":57},"16":{"loc":{"start":{"line":57,"column":10},"end":{"line":57,"column":96}},"type":"binary-expr","locations":[{"start":{"line":57,"column":10},"end":{"line":57,"column":19}},{"start":{"line":57,"column":23},"end":{"line":57,"column":43}},{"start":{"line":57,"column":47},"end":{"line":57,"column":96}}],"line":57},"17":{"loc":{"start":{"line":61,"column":18},"end":{"line":61,"column":63}},"type":"cond-expr","locations":[{"start":{"line":61,"column":51},"end":{"line":61,"column":58}},{"start":{"line":61,"column":61},"end":{"line":61,"column":63}}],"line":61},"18":{"loc":{"start":{"line":63,"column":25},"end":{"line":63,"column":76}},"type":"binary-expr","locations":[{"start":{"line":63,"column":25},"end":{"line":63,"column":34}},{"start":{"line":63,"column":38},"end":{"line":63,"column":76}}],"line":63},"19":{"loc":{"start":{"line":64,"column":25},"end":{"line":64,"column":76}},"type":"binary-expr","locations":[{"start":{"line":64,"column":25},"end":{"line":64,"column":34}},{"start":{"line":64,"column":38},"end":{"line":64,"column":76}}],"line":64},"20":{"loc":{"start":{"line":65,"column":26},"end":{"line":65,"column":79}},"type":"binary-expr","locations":[{"start":{"line":65,"column":26},"end":{"line":65,"column":36}},{"start":{"line":65,"column":40},"end":{"line":65,"column":79}}],"line":65},"21":{"loc":{"start":{"line":66,"column":26},"end":{"line":66,"column":79}},"type":"binary-expr","locations":[{"start":{"line":66,"column":26},"end":{"line":66,"column":36}},{"start":{"line":66,"column":40},"end":{"line":66,"column":79}}],"line":66},"22":{"loc":{"start":{"line":71,"column":16},"end":{"line":71,"column":28}},"type":"default-arg","locations":[{"start":{"line":71,"column":26},"end":{"line":71,"column":28}}],"line":71},"23":{"loc":{"start":{"line":73,"column":6},"end":{"line":75,"column":7}},"type":"if","locations":[{"start":{"line":73,"column":6},"end":{"line":75,"column":7}},{"start":{},"end":{}}],"line":73},"24":{"loc":{"start":{"line":76,"column":6},"end":{"line":78,"column":7}},"type":"if","locations":[{"start":{"line":76,"column":6},"end":{"line":78,"column":7}},{"start":{},"end":{}}],"line":76},"25":{"loc":{"start":{"line":79,"column":6},"end":{"line":81,"column":7}},"type":"if","locations":[{"start":{"line":79,"column":6},"end":{"line":81,"column":7}},{"start":{},"end":{}}],"line":79},"26":{"loc":{"start":{"line":108,"column":17},"end":{"line":108,"column":37}},"type":"binary-expr","locations":[{"start":{"line":108,"column":17},"end":{"line":108,"column":25}},{"start":{"line":108,"column":29},"end":{"line":108,"column":37}}],"line":108},"27":{"loc":{"start":{"line":109,"column":6},"end":{"line":122,"column":7}},"type":"if","locations":[{"start":{"line":109,"column":6},"end":{"line":122,"column":7}},{"start":{},"end":{}}],"line":109},"28":{"loc":{"start":{"line":128,"column":6},"end":{"line":128,"column":59}},"type":"if","locations":[{"start":{"line":128,"column":6},"end":{"line":128,"column":59}},{"start":{},"end":{}}],"line":128},"29":{"loc":{"start":{"line":146,"column":6},"end":{"line":146,"column":52}},"type":"if","locations":[{"start":{"line":146,"column":6},"end":{"line":146,"column":52}},{"start":{},"end":{}}],"line":146},"30":{"loc":{"start":{"line":151,"column":6},"end":{"line":157,"column":7}},"type":"if","locations":[{"start":{"line":151,"column":6},"end":{"line":157,"column":7}},{"start":{"line":153,"column":13},"end":{"line":157,"column":7}}],"line":151},"31":{"loc":{"start":{"line":151,"column":10},"end":{"line":151,"column":123}},"type":"binary-expr","locations":[{"start":{"line":151,"column":10},"end":{"line":151,"column":48}},{"start":{"line":151,"column":52},"end":{"line":151,"column":123}}],"line":151},"32":{"loc":{"start":{"line":153,"column":13},"end":{"line":157,"column":7}},"type":"if","locations":[{"start":{"line":153,"column":13},"end":{"line":157,"column":7}},{"start":{"line":155,"column":13},"end":{"line":157,"column":7}}],"line":153},"33":{"loc":{"start":{"line":155,"column":13},"end":{"line":157,"column":7}},"type":"if","locations":[{"start":{"line":155,"column":13},"end":{"line":157,"column":7}},{"start":{},"end":{}}],"line":155},"34":{"loc":{"start":{"line":155,"column":17},"end":{"line":155,"column":73}},"type":"binary-expr","locations":[{"start":{"line":155,"column":17},"end":{"line":155,"column":53}},{"start":{"line":155,"column":57},"end":{"line":155,"column":73}}],"line":155},"35":{"loc":{"start":{"line":161,"column":6},"end":{"line":166,"column":7}},"type":"if","locations":[{"start":{"line":161,"column":6},"end":{"line":166,"column":7}},{"start":{},"end":{}}],"line":161},"36":{"loc":{"start":{"line":167,"column":6},"end":{"line":167,"column":52}},"type":"if","locations":[{"start":{"line":167,"column":6},"end":{"line":167,"column":52}},{"start":{},"end":{}}],"line":167},"37":{"loc":{"start":{"line":169,"column":6},"end":{"line":183,"column":7}},"type":"if","locations":[{"start":{"line":169,"column":6},"end":{"line":183,"column":7}},{"start":{"line":175,"column":13},"end":{"line":183,"column":7}}],"line":169},"38":{"loc":{"start":{"line":175,"column":13},"end":{"line":183,"column":7}},"type":"if","locations":[{"start":{"line":175,"column":13},"end":{"line":183,"column":7}},{"start":{"line":181,"column":13},"end":{"line":183,"column":7}}],"line":175},"39":{"loc":{"start":{"line":175,"column":17},"end":{"line":175,"column":81}},"type":"binary-expr","locations":[{"start":{"line":175,"column":17},"end":{"line":175,"column":53}},{"start":{"line":175,"column":57},"end":{"line":175,"column":81}}],"line":175},"40":{"loc":{"start":{"line":177,"column":8},"end":{"line":180,"column":9}},"type":"if","locations":[{"start":{"line":177,"column":8},"end":{"line":180,"column":9}},{"start":{},"end":{}}],"line":177},"41":{"loc":{"start":{"line":181,"column":13},"end":{"line":183,"column":7}},"type":"if","locations":[{"start":{"line":181,"column":13},"end":{"line":183,"column":7}},{"start":{},"end":{}}],"line":181},"42":{"loc":{"start":{"line":181,"column":17},"end":{"line":181,"column":95}},"type":"binary-expr","locations":[{"start":{"line":181,"column":17},"end":{"line":181,"column":55}},{"start":{"line":181,"column":59},"end":{"line":181,"column":95}}],"line":181},"43":{"loc":{"start":{"line":188,"column":22},"end":{"line":188,"column":185}},"type":"binary-expr","locations":[{"start":{"line":188,"column":22},"end":{"line":188,"column":38}},{"start":{"line":188,"column":42},"end":{"line":188,"column":185}}],"line":188},"44":{"loc":{"start":{"line":200,"column":6},"end":{"line":202,"column":7}},"type":"if","locations":[{"start":{"line":200,"column":6},"end":{"line":202,"column":7}},{"start":{},"end":{}}],"line":200},"45":{"loc":{"start":{"line":200,"column":10},"end":{"line":200,"column":60}},"type":"binary-expr","locations":[{"start":{"line":200,"column":10},"end":{"line":200,"column":29}},{"start":{"line":200,"column":33},"end":{"line":200,"column":60}}],"line":200},"46":{"loc":{"start":{"line":204,"column":6},"end":{"line":206,"column":7}},"type":"if","locations":[{"start":{"line":204,"column":6},"end":{"line":206,"column":7}},{"start":{},"end":{}}],"line":204},"47":{"loc":{"start":{"line":208,"column":6},"end":{"line":215,"column":7}},"type":"if","locations":[{"start":{"line":208,"column":6},"end":{"line":215,"column":7}},{"start":{},"end":{}}],"line":208},"48":{"loc":{"start":{"line":209,"column":8},"end":{"line":214,"column":9}},"type":"if","locations":[{"start":{"line":209,"column":8},"end":{"line":214,"column":9}},{"start":{"line":212,"column":15},"end":{"line":214,"column":9}}],"line":209},"49":{"loc":{"start":{"line":217,"column":6},"end":{"line":222,"column":7}},"type":"if","locations":[{"start":{"line":217,"column":6},"end":{"line":222,"column":7}},{"start":{},"end":{}}],"line":217},"50":{"loc":{"start":{"line":218,"column":8},"end":{"line":220,"column":9}},"type":"if","locations":[{"start":{"line":218,"column":8},"end":{"line":220,"column":9}},{"start":{},"end":{}}],"line":218},"51":{"loc":{"start":{"line":231,"column":17},"end":{"line":231,"column":33}},"type":"default-arg","locations":[{"start":{"line":231,"column":31},"end":{"line":231,"column":33}}],"line":231},"52":{"loc":{"start":{"line":232,"column":23},"end":{"line":232,"column":81}},"type":"binary-expr","locations":[{"start":{"line":232,"column":23},"end":{"line":232,"column":43}},{"start":{"line":232,"column":47},"end":{"line":232,"column":69}},{"start":{"line":232,"column":73},"end":{"line":232,"column":81}}],"line":232},"53":{"loc":{"start":{"line":234,"column":6},"end":{"line":236,"column":7}},"type":"if","locations":[{"start":{"line":234,"column":6},"end":{"line":236,"column":7}},{"start":{},"end":{}}],"line":234},"54":{"loc":{"start":{"line":249,"column":28},"end":{"line":249,"column":44}},"type":"default-arg","locations":[{"start":{"line":249,"column":42},"end":{"line":249,"column":44}}],"line":249},"55":{"loc":{"start":{"line":252,"column":26},"end":{"line":252,"column":56}},"type":"binary-expr","locations":[{"start":{"line":252,"column":26},"end":{"line":252,"column":47}},{"start":{"line":252,"column":51},"end":{"line":252,"column":56}}],"line":252},"56":{"loc":{"start":{"line":257,"column":29},"end":{"line":257,"column":46}},"type":"default-arg","locations":[{"start":{"line":257,"column":44},"end":{"line":257,"column":46}}],"line":257},"57":{"loc":{"start":{"line":260,"column":6},"end":{"line":268,"column":7}},"type":"if","locations":[{"start":{"line":260,"column":6},"end":{"line":268,"column":7}},{"start":{"line":265,"column":13},"end":{"line":268,"column":7}}],"line":260},"58":{"loc":{"start":{"line":266,"column":21},"end":{"line":266,"column":41}},"type":"binary-expr","locations":[{"start":{"line":266,"column":21},"end":{"line":266,"column":29}},{"start":{"line":266,"column":33},"end":{"line":266,"column":41}}],"line":266},"59":{"loc":{"start":{"line":270,"column":24},"end":{"line":270,"column":55}},"type":"binary-expr","locations":[{"start":{"line":270,"column":24},"end":{"line":270,"column":46}},{"start":{"line":270,"column":50},"end":{"line":270,"column":55}}],"line":270},"60":{"loc":{"start":{"line":274,"column":6},"end":{"line":279,"column":7}},"type":"if","locations":[{"start":{"line":274,"column":6},"end":{"line":279,"column":7}},{"start":{"line":277,"column":13},"end":{"line":279,"column":7}}],"line":274},"61":{"loc":{"start":{"line":274,"column":10},"end":{"line":274,"column":95}},"type":"binary-expr","locations":[{"start":{"line":274,"column":10},"end":{"line":274,"column":40}},{"start":{"line":274,"column":45},"end":{"line":274,"column":64}},{"start":{"line":274,"column":68},"end":{"line":274,"column":94}}],"line":274},"62":{"loc":{"start":{"line":281,"column":6},"end":{"line":289,"column":7}},"type":"if","locations":[{"start":{"line":281,"column":6},"end":{"line":289,"column":7}},{"start":{"line":285,"column":13},"end":{"line":289,"column":7}}],"line":281},"63":{"loc":{"start":{"line":281,"column":10},"end":{"line":281,"column":65}},"type":"binary-expr","locations":[{"start":{"line":281,"column":10},"end":{"line":281,"column":37}},{"start":{"line":281,"column":41},"end":{"line":281,"column":65}}],"line":281},"64":{"loc":{"start":{"line":282,"column":42},"end":{"line":282,"column":101}},"type":"binary-expr","locations":[{"start":{"line":282,"column":42},"end":{"line":282,"column":71}},{"start":{"line":282,"column":75},"end":{"line":282,"column":95}},{"start":{"line":282,"column":99},"end":{"line":282,"column":101}}],"line":282},"65":{"loc":{"start":{"line":283,"column":31},"end":{"line":283,"column":103}},"type":"binary-expr","locations":[{"start":{"line":283,"column":31},"end":{"line":283,"column":42}},{"start":{"line":283,"column":46},"end":{"line":283,"column":103}}],"line":283},"66":{"loc":{"start":{"line":284,"column":60},"end":{"line":284,"column":113}},"type":"binary-expr","locations":[{"start":{"line":284,"column":60},"end":{"line":284,"column":89}},{"start":{"line":284,"column":93},"end":{"line":284,"column":113}}],"line":284},"67":{"loc":{"start":{"line":285,"column":13},"end":{"line":289,"column":7}},"type":"if","locations":[{"start":{"line":285,"column":13},"end":{"line":289,"column":7}},{"start":{"line":287,"column":13},"end":{"line":289,"column":7}}],"line":285},"68":{"loc":{"start":{"line":286,"column":71},"end":{"line":286,"column":124}},"type":"binary-expr","locations":[{"start":{"line":286,"column":71},"end":{"line":286,"column":100}},{"start":{"line":286,"column":104},"end":{"line":286,"column":124}}],"line":286},"69":{"loc":{"start":{"line":287,"column":13},"end":{"line":289,"column":7}},"type":"if","locations":[{"start":{"line":287,"column":13},"end":{"line":289,"column":7}},{"start":{},"end":{}}],"line":287},"70":{"loc":{"start":{"line":287,"column":17},"end":{"line":287,"column":77}},"type":"binary-expr","locations":[{"start":{"line":287,"column":17},"end":{"line":287,"column":42}},{"start":{"line":287,"column":46},"end":{"line":287,"column":77}}],"line":287},"71":{"loc":{"start":{"line":294,"column":26},"end":{"line":294,"column":40}},"type":"default-arg","locations":[{"start":{"line":294,"column":38},"end":{"line":294,"column":40}}],"line":294},"72":{"loc":{"start":{"line":297,"column":6},"end":{"line":305,"column":7}},"type":"if","locations":[{"start":{"line":297,"column":6},"end":{"line":305,"column":7}},{"start":{"line":302,"column":13},"end":{"line":305,"column":7}}],"line":297},"73":{"loc":{"start":{"line":303,"column":21},"end":{"line":303,"column":41}},"type":"binary-expr","locations":[{"start":{"line":303,"column":21},"end":{"line":303,"column":29}},{"start":{"line":303,"column":33},"end":{"line":303,"column":41}}],"line":303},"74":{"loc":{"start":{"line":312,"column":26},"end":{"line":312,"column":77}},"type":"binary-expr","locations":[{"start":{"line":312,"column":26},"end":{"line":312,"column":49}},{"start":{"line":312,"column":53},"end":{"line":312,"column":77}}],"line":312},"75":{"loc":{"start":{"line":313,"column":22},"end":{"line":313,"column":166}},"type":"binary-expr","locations":[{"start":{"line":313,"column":22},"end":{"line":313,"column":44}},{"start":{"line":313,"column":48},"end":{"line":313,"column":85}},{"start":{"line":313,"column":90},"end":{"line":313,"column":165}}],"line":313},"76":{"loc":{"start":{"line":313,"column":90},"end":{"line":313,"column":165}},"type":"cond-expr","locations":[{"start":{"line":313,"column":104},"end":{"line":313,"column":161}},{"start":{"line":313,"column":164},"end":{"line":313,"column":165}}],"line":313},"77":{"loc":{"start":{"line":314,"column":6},"end":{"line":318,"column":7}},"type":"if","locations":[{"start":{"line":314,"column":6},"end":{"line":318,"column":7}},{"start":{"line":316,"column":13},"end":{"line":318,"column":7}}],"line":314},"78":{"loc":{"start":{"line":314,"column":10},"end":{"line":314,"column":32}},"type":"binary-expr","locations":[{"start":{"line":314,"column":10},"end":{"line":314,"column":21}},{"start":{"line":314,"column":25},"end":{"line":314,"column":32}}],"line":314},"79":{"loc":{"start":{"line":315,"column":44},"end":{"line":315,"column":80}},"type":"binary-expr","locations":[{"start":{"line":315,"column":44},"end":{"line":315,"column":51}},{"start":{"line":315,"column":55},"end":{"line":315,"column":80}}],"line":315},"80":{"loc":{"start":{"line":326,"column":28},"end":{"line":326,"column":94}},"type":"cond-expr","locations":[{"start":{"line":326,"column":50},"end":{"line":326,"column":90}},{"start":{"line":326,"column":93},"end":{"line":326,"column":94}}],"line":326},"81":{"loc":{"start":{"line":327,"column":27},"end":{"line":327,"column":120}},"type":"cond-expr","locations":[{"start":{"line":327,"column":66},"end":{"line":327,"column":116}},{"start":{"line":327,"column":119},"end":{"line":327,"column":120}}],"line":327},"82":{"loc":{"start":{"line":364,"column":23},"end":{"line":364,"column":81}},"type":"binary-expr","locations":[{"start":{"line":364,"column":23},"end":{"line":364,"column":43}},{"start":{"line":364,"column":47},"end":{"line":364,"column":81}}],"line":364}},"s":{"0":0,"1":0,"2":0,"3":0,"4":0,"5":0,"6":0,"7":0,"8":0,"9":0,"10":0,"11":0,"12":0,"13":0,"14":0,"15":0,"16":0,"17":0,"18":0,"19":0,"20":0,"21":0,"22":0,"23":0,"24":0,"25":0,"26":0,"27":0,"28":0,"29":0,"30":0,"31":0,"32":0,"33":0,"34":0,"35":0,"36":0,"37":0,"38":0,"39":0,"40":0,"41":0,"42":0,"43":0,"44":0,"45":0,"46":0,"47":0,"48":0,"49":0,"50":0,"51":0,"52":0,"53":0,"54":0,"55":0,"56":0,"57":0,"58":0,"59":0,"60":0,"61":0,"62":0,"63":0,"64":0,"65":0,"66":0,"67":0,"68":0,"69":0,"70":0,"71":0,"72":0,"73":0,"74":0,"75":0,"76":0,"77":0,"78":0,"79":0,"80":0,"81":0,"82":0,"83":0,"84":0,"85":0,"86":0,"87":0,"88":0,"89":0,"90":0,"91":0,"92":0,"93":0,"94":0,"95":0,"96":0,"97":0,"98":0,"99":0,"100":0,"101":0,"102":0,"103":0,"104":0,"105":0,"106":0,"107":0,"108":0,"109":0,"110":0,"111":0,"112":0,"113":0,"114":0,"115":0,"116":0,"117":0,"118":0,"119":0,"120":0,"121":0,"122":0,"123":0,"124":0,"125":0,"126":0,"127":0,"128":0,"129":0,"130":0,"131":0,"132":0,"133":0,"134":0,"135":0,"136":0,"137":0,"138":0,"139":0,"140":0,"141":0,"142":0,"143":0,"144":0,"145":0,"146":0,"147":0,"148":0,"149":0,"150":0,"151":0,"152":0,"153":0,"154":0,"155":0,"156":0,"157":0,"158":0,"159":0,"160":0,"161":0,"162":0,"163":0,"164":0,"165":0,"166":0,"167":0,"168":0,"169":0,"170":0,"171":0,"172":0,"173":0,"174":0,"175":0,"176":0,"177":0,"178":0,"179":0,"180":0,"181":0,"182":0,"183":0,"184":0,"185":0,"186":0,"187":0,"188":0,"189":0,"190":0,"191":0,"192":0,"193":0,"194":0,"195":0,"196":0,"197":0,"198":0,"199":0,"200":0,"201":0,"202":0},"f":{"0":0,"1":0,"2":0,"3":0,"4":0,"5":0,"6":0,"7":0,"8":0,"9":0,"10":0,"11":0,"12":0,"13":0,"14":0,"15":0,"16":0,"17":0,"18":0,"19":0,"20":0,"21":0,"22":0,"23":0,"24":0,"25":0,"26":0,"27":0,"28":0},"b":{"0":[0,0],"1":[0,0],"2":[0,0],"3":[0,0],"4":[0,0],"5":[0,0],"6":[0,0],"7":[0,0],"8":[0,0],"9":[0,0],"10":[0,0],"11":[0,0],"12":[0,0],"13":[0,0],"14":[0,0,0],"15":[0,0],"16":[0,0,0],"17":[0,0],"18":[0,0],"19":[0,0],"20":[0,0],"21":[0,0],"22":[0],"23":[0,0],"24":[0,0],"25":[0,0],"26":[0,0],"27":[0,0],"28":[0,0],"29":[0,0],"30":[0,0],"31":[0,0],"32":[0,0],"33":[0,0],"34":[0,0],"35":[0,0],"36":[0,0],"37":[0,0],"38":[0,0],"39":[0,0],"40":[0,0],"41":[0,0],"42":[0,0],"43":[0,0],"44":[0,0],"45":[0,0],"46":[0,0],"47":[0,0],"48":[0,0],"49":[0,0],"50":[0,0],"51":[0],"52":[0,0,0],"53":[0,0],"54":[0],"55":[0,0],"56":[0],"57":[0,0],"58":[0,0],"59":[0,0],"60":[0,0],"61":[0,0,0],"62":[0,0],"63":[0,0],"64":[0,0,0],"65":[0,0],"66":[0,0],"67":[0,0],"68":[0,0],"69":[0,0],"70":[0,0],"71":[0],"72":[0,0],"73":[0,0],"74":[0,0],"75":[0,0,0],"76":[0,0],"77":[0,0],"78":[0,0],"79":[0,0],"80":[0,0],"81":[0,0],"82":[0,0]}}
,"/Users/mikko/github/translate-browser-extension/src/providers/anthropic-unified.js": {"path":"/Users/mikko/github/translate-browser-extension/src/providers/anthropic-unified.js","statementMap":{"0":{"start":{"line":6,"column":0},"end":{"line":291,"column":4}},"1":{"start":{"line":7,"column":2},"end":{"line":11,"column":3}},"2":{"start":{"line":8,"column":4},"end":{"line":8,"column":31}},"3":{"start":{"line":10,"column":4},"end":{"line":10,"column":43}},"4":{"start":{"line":14,"column":23},"end":{"line":15,"column":109}},"5":{"start":{"line":17,"column":36},"end":{"line":18,"column":107}},"6":{"start":{"line":20,"column":2},"end":{"line":22,"column":3}},"7":{"start":{"line":21,"column":4},"end":{"line":21,"column":86}},"8":{"start":{"line":29,"column":6},"end":{"line":47,"column":9}},"9":{"start":{"line":41,"column":29},"end":{"line":41,"column":77}},"10":{"start":{"line":42,"column":31},"end":{"line":42,"column":63}},"11":{"start":{"line":43,"column":28},"end":{"line":43,"column":59}},"12":{"start":{"line":50,"column":6},"end":{"line":54,"column":8}},"13":{"start":{"line":61,"column":18},"end":{"line":61,"column":61}},"14":{"start":{"line":62,"column":6},"end":{"line":65,"column":7}},"15":{"start":{"line":63,"column":8},"end":{"line":63,"column":35}},"16":{"start":{"line":64,"column":8},"end":{"line":64,"column":52}},"17":{"start":{"line":66,"column":6},"end":{"line":66,"column":21}},"18":{"start":{"line":73,"column":77},"end":{"line":73,"column":83}},"19":{"start":{"line":75,"column":27},"end":{"line":76,"column":146}},"20":{"start":{"line":78,"column":6},"end":{"line":86,"column":8}},"21":{"start":{"line":93,"column":21},"end":{"line":93,"column":46}},"22":{"start":{"line":94,"column":22},"end":{"line":94,"column":39}},"23":{"start":{"line":95,"column":19},"end":{"line":95,"column":21}},"24":{"start":{"line":96,"column":19},"end":{"line":96,"column":21}},"25":{"start":{"line":98,"column":6},"end":{"line":133,"column":7}},"26":{"start":{"line":99,"column":8},"end":{"line":130,"column":9}},"27":{"start":{"line":100,"column":10},"end":{"line":102,"column":11}},"28":{"start":{"line":101,"column":12},"end":{"line":101,"column":47}},"29":{"start":{"line":104,"column":34},"end":{"line":104,"column":53}},"30":{"start":{"line":105,"column":10},"end":{"line":105,"column":26}},"31":{"start":{"line":105,"column":20},"end":{"line":105,"column":26}},"32":{"start":{"line":107,"column":10},"end":{"line":107,"column":60}},"33":{"start":{"line":108,"column":24},"end":{"line":108,"column":42}},"34":{"start":{"line":109,"column":10},"end":{"line":109,"column":37}},"35":{"start":{"line":111,"column":10},"end":{"line":129,"column":11}},"36":{"start":{"line":112,"column":28},"end":{"line":112,"column":39}},"37":{"start":{"line":113,"column":12},"end":{"line":113,"column":55}},"38":{"start":{"line":113,"column":46},"end":{"line":113,"column":55}},"39":{"start":{"line":115,"column":25},"end":{"line":115,"column":48}},"40":{"start":{"line":116,"column":12},"end":{"line":116,"column":32}},"41":{"start":{"line":116,"column":23},"end":{"line":116,"column":32}},"42":{"start":{"line":118,"column":12},"end":{"line":128,"column":13}},"43":{"start":{"line":119,"column":26},"end":{"line":119,"column":42}},"44":{"start":{"line":120,"column":28},"end":{"line":120,"column":75}},"45":{"start":{"line":121,"column":14},"end":{"line":124,"column":15}},"46":{"start":{"line":122,"column":16},"end":{"line":122,"column":32}},"47":{"start":{"line":123,"column":16},"end":{"line":123,"column":42}},"48":{"start":{"line":123,"column":28},"end":{"line":123,"column":42}},"49":{"start":{"line":127,"column":14},"end":{"line":127,"column":23}},"50":{"start":{"line":132,"column":8},"end":{"line":132,"column":41}},"51":{"start":{"line":132,"column":14},"end":{"line":132,"column":30}},"52":{"start":{"line":135,"column":6},"end":{"line":135,"column":30}},"53":{"start":{"line":142,"column":19},"end":{"line":142,"column":40}},"54":{"start":{"line":143,"column":19},"end":{"line":143,"column":42}},"55":{"start":{"line":145,"column":6},"end":{"line":147,"column":7}},"56":{"start":{"line":146,"column":8},"end":{"line":146,"column":73}},"57":{"start":{"line":149,"column":6},"end":{"line":157,"column":8}},"58":{"start":{"line":164,"column":19},"end":{"line":164,"column":58}},"59":{"start":{"line":165,"column":6},"end":{"line":165,"column":32}},"60":{"start":{"line":172,"column":6},"end":{"line":203,"column":7}},"61":{"start":{"line":173,"column":24},"end":{"line":176,"column":9}},"62":{"start":{"line":178,"column":25},"end":{"line":185,"column":9}},"63":{"start":{"line":187,"column":8},"end":{"line":190,"column":9}},"64":{"start":{"line":189,"column":10},"end":{"line":189,"column":59}},"65":{"start":{"line":192,"column":21},"end":{"line":192,"column":42}},"66":{"start":{"line":193,"column":8},"end":{"line":193,"column":72}},"67":{"start":{"line":193,"column":46},"end":{"line":193,"column":54}},"68":{"start":{"line":196,"column":8},"end":{"line":196,"column":76}},"69":{"start":{"line":197,"column":8},"end":{"line":202,"column":10}},"70":{"start":{"line":210,"column":6},"end":{"line":210,"column":38}},"71":{"start":{"line":212,"column":6},"end":{"line":236,"column":7}},"72":{"start":{"line":213,"column":23},"end":{"line":219,"column":10}},"73":{"start":{"line":221,"column":8},"end":{"line":226,"column":10}},"74":{"start":{"line":228,"column":8},"end":{"line":235,"column":10}},"75":{"start":{"line":243,"column":6},"end":{"line":260,"column":8}},"76":{"start":{"line":265,"column":19},"end":{"line":267,"column":4}},"77":{"start":{"line":270,"column":26},"end":{"line":276,"column":3}},"78":{"start":{"line":279,"column":2},"end":{"line":288,"column":3}},"79":{"start":{"line":280,"column":21},"end":{"line":281,"column":80}},"80":{"start":{"line":283,"column":4},"end":{"line":285,"column":5}},"81":{"start":{"line":284,"column":6},"end":{"line":284,"column":70}},"82":{"start":{"line":290,"column":2},"end":{"line":290,"column":25}}},"fnMap":{"0":{"name":"(anon
[...]
,"/Users/mikko/github/translate-browser-extension/src/providers/openai-unified.js": {"path":"/Users/mikko/github/translate-browser-extension/src/providers/openai-unified.js","statementMap":{"0":{"start":{"line":6,"column":0},"end":{"line":283,"column":4}},"1":{"start":{"line":7,"column":2},"end":{"line":11,"column":3}},"2":{"start":{"line":8,"column":4},"end":{"line":8,"column":31}},"3":{"start":{"line":10,"column":4},"end":{"line":10,"column":40}},"4":{"start":{"line":14,"column":23},"end":{"line":15,"column":109}},"5":{"start":{"line":17,"column":36},"end":{"line":18,"column":107}},"6":{"start":{"line":20,"column":2},"end":{"line":22,"column":3}},"7":{"start":{"line":21,"column":4},"end":{"line":21,"column":86}},"8":{"start":{"line":29,"column":6},"end":{"line":47,"column":9}},"9":{"start":{"line":41,"column":29},"end":{"line":41,"column":77}},"10":{"start":{"line":42,"column":31},"end":{"line":42,"column":63}},"11":{"start":{"line":43,"column":28},"end":{"line":43,"column":59}},"12":{"start":{"line":50,"column":6},"end":{"line":54,"column":8}},"13":{"start":{"line":61,"column":18},"end":{"line":61,"column":61}},"14":{"start":{"line":62,"column":6},"end":{"line":64,"column":7}},"15":{"start":{"line":63,"column":8},"end":{"line":63,"column":79}},"16":{"start":{"line":65,"column":6},"end":{"line":65,"column":21}},"17":{"start":{"line":72,"column":77},"end":{"line":72,"column":83}},"18":{"start":{"line":74,"column":27},"end":{"line":75,"column":146}},"19":{"start":{"line":77,"column":6},"end":{"line":84,"column":8}},"20":{"start":{"line":91,"column":21},"end":{"line":91,"column":46}},"21":{"start":{"line":92,"column":22},"end":{"line":92,"column":39}},"22":{"start":{"line":93,"column":19},"end":{"line":93,"column":21}},"23":{"start":{"line":94,"column":19},"end":{"line":94,"column":21}},"24":{"start":{"line":96,"column":6},"end":{"line":134,"column":7}},"25":{"start":{"line":97,"column":8},"end":{"line":131,"column":9}},"26":{"start":{"line":98,"column":10},"end":{"line":100,"column":11}},"27":{"start":{"line":99,"column":12},"end":{"line":99,"column":47}},"28":{"start":{"line":102,"column":34},"end":{"line":102,"column":53}},"29":{"start":{"line":103,"column":10},"end":{"line":103,"column":26}},"30":{"start":{"line":103,"column":20},"end":{"line":103,"column":26}},"31":{"start":{"line":105,"column":10},"end":{"line":105,"column":60}},"32":{"start":{"line":106,"column":24},"end":{"line":106,"column":42}},"33":{"start":{"line":107,"column":10},"end":{"line":107,"column":37}},"34":{"start":{"line":109,"column":10},"end":{"line":130,"column":11}},"35":{"start":{"line":110,"column":28},"end":{"line":110,"column":39}},"36":{"start":{"line":111,"column":12},"end":{"line":111,"column":55}},"37":{"start":{"line":111,"column":46},"end":{"line":111,"column":55}},"38":{"start":{"line":113,"column":25},"end":{"line":113,"column":48}},"39":{"start":{"line":114,"column":12},"end":{"line":117,"column":13}},"40":{"start":{"line":115,"column":14},"end":{"line":115,"column":47}},"41":{"start":{"line":115,"column":20},"end":{"line":115,"column":36}},"42":{"start":{"line":116,"column":14},"end":{"line":116,"column":20}},"43":{"start":{"line":119,"column":12},"end":{"line":129,"column":13}},"44":{"start":{"line":120,"column":26},"end":{"line":120,"column":42}},"45":{"start":{"line":121,"column":28},"end":{"line":121,"column":66}},"46":{"start":{"line":122,"column":14},"end":{"line":125,"column":15}},"47":{"start":{"line":123,"column":16},"end":{"line":123,"column":32}},"48":{"start":{"line":124,"column":16},"end":{"line":124,"column":42}},"49":{"start":{"line":124,"column":28},"end":{"line":124,"column":42}},"50":{"start":{"line":128,"column":14},"end":{"line":128,"column":23}},"51":{"start":{"line":133,"column":8},"end":{"line":133,"column":41}},"52":{"start":{"line":133,"column":14},"end":{"line":133,"column":30}},"53":{"start":{"line":136,"column":6},"end":{"line":136,"column":30}},"54":{"start":{"line":143,"column":19},"end":{"line":143,"column":40}},"55":{"start":{"line":144,"column":19},"end":{"line":144,"column":54}},"56":{"start":{"line":146,"column":6},"end":{"line":148,"column":7}},"57":{"start":{"line":147,"column":8},"end":{"line":147,"column":95}},"58":{"start":{"line":150,"column":6},"end":{"line":157,"column":8}},"59":{"start":{"line":164,"column":19},"end":{"line":164,"column":58}},"60":{"start":{"line":165,"column":6},"end":{"line":165,"column":40}},"61":{"start":{"line":172,"column":6},"end":{"line":200,"column":7}},"62":{"start":{"line":173,"column":24},"end":{"line":176,"column":9}},"63":{"start":{"line":178,"column":25},"end":{"line":185,"column":9}},"64":{"start":{"line":187,"column":8},"end":{"line":189,"column":9}},"65":{"start":{"line":188,"column":10},"end":{"line":188,"column":77}},"66":{"start":{"line":191,"column":21},"end":{"line":191,"column":42}},"67":{"start":{"line":192,"column":8},"end":{"line":195,"column":18}},"68":{"start":{"line":193,"column":24},"end":{"line":193,"column":32}},"69":{"start":{"line":194,"column":24},"end":{"line":194,"column":74}},"70":{"start":{"line":198,"column":8},"end":{"line":198,"column":73}},"71":{"start":{"line":199,"column":8},"end":{"line":199,"column":57}},"72":{"start":{"line":207,"column":6},"end":{"line":207,"column":38}},"73":{"start":{"line":209,"column":6},"end":{"line":233,"column":7}},"74":{"start":{"line":210,"column":23},"end":{"line":216,"column":10}},"75":{"start":{"line":218,"column":8},"end":{"line":223,"column":10}},"76":{"start":{"line":225,"column":8},"end":{"line":232,"column":10}},"77":{"start":{"line":240,"column":6},"end":{"line":252,"column":8}},"78":{"start":{"line":257,"column":19},"end":{"line":259,"column":4}},"79":{"start":{"line":262,"column":26},"end":{"line":268,"column":3}},"80":{"start":{"line":271,"column":2},"end":{"line":280,"column":3}},"81":{"start":{"line":272,"column":21},"end":{"line":273,"column":80}},"82":{"start":{"line":275,"column":4},"end":{"line":277,"column":5}},"83":{"start":{"line":276,"column":6},"end":{"line":276,"column":67}},"84":{"start":{"line":282,"column":2},"end":{"line":282,"column":25}}},"fnMap":{"0":{"name":"(anonymous_0)","decl":{"start":{"line":6,"column":1},"end":{"line":6,"column":2}},"loc":{"start":{"line":6,"column":26},"end":{"line":12,"column":1}},"line":6},"1":{"name":"(anonymous_1)","decl":{"start":{"line":12,"column":45},"end":{"line":12,"column":46}},"loc":{"start":{"line":12,"column":57},"end":{"line":283,"column":1}},"line":12},"2":{"name":"(anonymous_2)","decl":{"start":{"line":28,"column":4},"end":{"line":28,"column":5}},"loc":{"start":{"line":28,"column":29},"end":{"line":55,"column":5}},"line":28},"3":{"name":"(anonymous_3)","decl":{"start":{"line":41,"column":20},"end":{"line":41,"column":21}},"loc":{"start":{"line":41,"column":29},"end":{"line":41,"column":77}},"line":41},"4":{"name":"(anonymous_4)","decl":{"start":{"line":42,"column":22},"end":{"line":42,"column":23}},"loc":{"start":{"line":42,"column":31},"end":{"line":42,"column":63}},"line":42},"5":{"name":"(anonymous_5)","decl":{"start":{"line":43,"column":19},"end":{"line":43,"column":20}},"loc":{"start":{"line":43,"column":28},"end":{"line":43,"column":59}},"line":43},"6":{"name":"(anonymous_6)","decl":{"start":{"line":60,"column":4},"end":{"line":60,"column":5}},"loc":{"start":{"line":60,"column":29},"end":{"line":66,"column":5}},"line":60},"7":{"name":"(anonymous_7)","decl":{"start":{"line":71,"column":4},"end":{"line":71,"column":5}},"loc":{"start":{"line":71,"column":30},"end":{"line":85,"column":5}},"line":71},"8":{"name":"(anonymous_8)","decl":{"start":{"line":90,"column":4},"end":{"line":90,"column":5}},"loc":{"start":{"line":90,"column":59},"end":{"line":137,"column":5}},"line":90},"9":{"name":"(anonymous_9)","decl":{"start":{"line":142,"column":4},"end":{"line":142,"column":5}},"loc":{"start":{"line":142,"column":34},"end":{"line":158,"column":5}},"line":142},"10":{"name":"(anonymous_10)","decl":{"start":{"line":163,"column":4},"end":{"line":163,"column":5}},"loc":{"start":{"line":163,"column":18},"end":{"line":166,"column":5}},"line":163},"11":{"name":"(anonymous_11)","decl":{"start":{"line":171,"column":4},"end":{"line":171,"column":5}},"loc":{"start":{"line":171,"column":38},"end":{"line":201,"column":5}},"line":171},"12":{"name":"(anonymous_12)","decl":{"start":{"line":193,"column":15},"end":{"line":193,"column":16}},"loc":{"start":{"line":193,"column":24},"end":{"line":193,"column":32}},"line":193},"13":{"name":"(anonymous_13)","decl":{"start":{"line":194,"column":18},"end":{"line":194,"column":19}},"loc":{"start":{"line":194,"column":24},"end":{"line":194,"column":74}},"line":194},"14":{"name":"(anonymous_14)","decl":{"start":{"line":206,"column":4},"end":{"line":206,"column":5}},"loc":{"start":{"line":206,"column":42},"end":{"line":234,"column":5}},"line":206},"15":{"name":"(anonymous_15)","decl":{"start":{"line":239,"column":4},"end":{"line":239,"column":5}},"loc":{"start":{"line":239,"column":18},"end":{"line":253,"column":5}},"line":239}},"branchMap":{"0":{"loc":{"start":{"line":7,"column":2},"end":{"line":11,"column":3}},"type":"if","locations":[{"start":{"line":7,"column":2},"end":{"line":11,"column":3}},{"start":{"line":9,"column":9},"end":{"line":11,"column":3}}],"line":7},"1":{"loc":{"start":{"line":7,"column":6},"end":{"line":7,"column":53}},"type":"binary-expr","locations":[{"start":{"line":7,"column":6},"end":{"line":7,"column":35}},{"start":{"line":7,"column":39},"end":{"line":7,"column":53}}],"line":7},"2":{"loc":{"start":{"line":12,"column":2},"end":{"line":12,"column":43}},"type":"cond-expr","locations":[{"start":{"line":12,"column":32},"end":{"line":12,"column":36}},{"start":{"line":12,"column":39},"end":{"line":12,"column":43}}],"line":12},"3":{"loc":{"start":{"line":14,"column":23},"end":{"line":15,"column":109}},"type":"binary-expr","locations":[{"start":{"line":14,"column":24},"end":{"line":14,"column":51}},{"start":{"line":14,"column":55},"end":{"line":14,"column":90}},{"start":{"line":15,"column":23},"end":{"line":15,"column":108}}],"line":14},"4":{"loc":{"start":{"line":15,"column":23},"end":{"line":15,"column":108}},"type":"cond-expr","locations":[{"start":{"line":15,"column":56},"end":{"line":15,"column":101}},{"start":{"line":15,"column":104},"end":{"line":15,"column":108}}],"line":15},"5":{"loc":{"start":{"line":17,"column":36},"end":{"line":18,"column":107}},"type":"binary-expr","locations":[{"start":{"line":17,"column":37},"end":{"line":17,"column":64}},{"start":{"line":17,"column":68},"end":{"line":17,"column":89}},{"start":{"line":18,"column":36},"end":{"line":18,"column":106}}],"line":17},"6":{"loc":{"start":{"line":18,"column":36},"end":{"line":18,"column":106}},"type":"cond-expr","locations":[{"start":{"line":18,"column":69},"end":{"line":18,"column":101}},{"start":{"line":18,"column":104},"end":{"line":18,"column":106}}],"line":18},"7":{"loc":{"start":{"line":20,"column":2},"end":{"line":22,"column":3}},"type":"if","locations":[{"start":{"line":20,"column":2},"end":{"line":22,"column":3}},{"start":{},"end":{}}],"line":20},"8":{"loc":{"start":{"line":28,"column":16},"end":{"line":28,"column":27}},"type":"default-arg","locations":[{"start":{"line":28,"column":25},"end":{"line":28,"column":27}}],"line":28},"9":{"loc":{"start":{"line":41,"column":29},"end":{"line":41,"column":77}},"type":"binary-expr","locations":[{"start":{"line":41,"column":29},"end":{"line":41,"column":52}},{"start":{"line":41,"column":56},"end":{"line":41,"column":77}}],"line":41},"10":{"loc":{"start":{"line":42,"column":31},"end":{"line":42,"column":63}},"type":"binary-expr","locations":[{"start":{"line":42,"column":31},"end":{"line":42,"column":35}},{"start":{"line":42,"column":39},"end":{"line":42,"column":63}}],"line":42},"11":{"loc":{"start":{"line":43,"column":28},"end":{"line":43,"column":59}},"type":"binary-expr","locations":[{"start":{"line":43,"column":28},"end":{"line":43,"column":32}},{"start":{"line":43,"column":36},"end":{"line":43,"column":59}}],"line":43},"12":{"loc":{"start":{"line":61,"column":19},"end":{"line":61,"column":53}},"type":"binary-expr","locations":[{"start":{"line":61,"column":19},"end":{"line":61,"column":25}},{"start":{"line":61,"column":29},"end":{"line":61,"column":47}},{"start":{"line":61,"column":51},"end":{"line":61,"column":53}}],"line":61},"13":{"loc":{"start":{"line":62,"column":6},"end":{"line":64,"column":7}},"type":"if","locations":[{"start":{"line":62,"column":6},"end":{"line":64,"column":7}},{"start":{},"end":{}}],"line":62},"14":{"loc":{"start":{"line":63,"column":32},"end":{"line":63,"column":78}},"type":"cond-expr","locations":[{"start":{"line":63,"column":57},"end":{"line":63,"column":60}},{"start":{"line":63,"column":63},"end":{"line":63,"column":78}}],"line":63},"15":{"loc":{"start":{"line":72,"column":20},"end":{"line":72,"column":35}},"type":"default-arg","locations":[{"start":{"line":72,"column":29},"end":{"line":72,"column":35}}],"line":72},"16":{"loc":{"start":{"line":72,"column":37},"end":{"line":72,"column":50}},"type":"default-arg","locations":[{"start":{"line":72,"column":46},"end":{"line":72,"column":50}}],"line":72},"17":{"loc":{"start":{"line":72,"column":59},"end":{"line":72,"column":72}},"type":"default-arg","locations":[{"start":{"line":72,"column":68},"end":{"line":72,"column":72}}],"line":72},"18":{"loc":{"start":{"line":74,"column":27},"end":{"line":75,"column":146}},"type":"binary-expr","locations":[{"start":{"line":74,"column":27},"end":{"line":74,"column":51}},{"start":{"line":75,"column":8},"end":{"line":75,"column":146}}],"line":74},"19":{"loc":{"start":{"line":78,"column":15},"end":{"line":78,"column":41}},"type":"binary-expr","locations":[{"start":{"line":78,"column":15},"end":{"line":78,"column":20}},{"start":{"line":78,"column":24},"end":{"line":78,"column":41}}],"line":78},"20":{"loc":{"start":{"line":98,"column":10},"end":{"line":100,"column":11}},"type":"if","locations":[{"start":{"line":98,"column":10},"end":{"line":100,"column":11}},{"start":{},"end":{}}],"line":98},"21":{"loc":{"start":{"line":103,"column":10},"end":{"line":103,"column":26}},"type":"if","locations":[{"start":{"line":103,"column":10},"end":{"line":103,"column":26}},{"start":{},"end":{}}],"line":103},"22":{"loc":{"start":{"line":107,"column":19},"end":{"line":107,"column":36}},"type":"binary-expr","locations":[{"start":{"line":107,"column":19},"end":{"line":107,"column":30}},{"start":{"line":107,"column":34},"end":{"line":107,"column":36}}],"line":107},"23":{"loc":{"start":{"line":111,"column":12},"end":{"line":111,"column":55}},"type":"if","locations":[{"start":{"line":111,"column":12},"end":{"line":111,"column":55}},{"start":{},"end":{}}],"line":111},"24":{"loc":{"start":{"line":114,"column":12},"end":{"line":117,"column":13}},"type":"if","locations":[{"start":{"line":114,"column":12},"end":{"line":117,"column":13}},{"start":{},"end":{}}],"line":114},"25":{"loc":{"start":{"line":121,"column":28},"end":{"line":121,"column":66}},"type":"binary-expr","locations":[{"start":{"line":121,"column":28},"end":{"line":121,"column":60}},{"start":{"line":121,"column":64},"end":{"line":121,"column":66}}],"line":121},"26":{"loc":{"start":{"line":122,"column":14},"end":{"line":125,"column":15}},"type":"if","locations":[{"start":{"line":122,"column":14},"end":{"line":125,"column":15}},{"start":{},"end":{}}],"line":122},"27":{"loc":{"start":{"line":124,"column":16},"end":{"line":124,"column":42}},"type":"if","locations":[{"start":{"line":124,"column":16},"end":{"line":124,"column":42}},{"start":{},"end":{}}],"line":124},"28":{"loc":{"start":{"line":146,"column":6},"end":{"line":148,"column":7}},"type":"if","locations":[{"start":{"line":146,"column":6},"end":{"line":148,"column":7}},{"start":{},"end":{}}],"line":146},"29":{"loc":{"start":{"line":171,"column":21},"end":{"line":171,"column":36}},"type":"default-arg","locations":[{"start":{"line":171,"column":34},"end":{"line":171,"column":36}}],"line":171},"30":{"loc":{"start":{"line":187,"column":8},"end":{"line":189,"column":9}},"type":"if","locations":[{"start":{"line":187,"column":8},"end":{"line":189,"column":9}},{"start":{},"end":{}}],"line":187},"31":{"loc":{"start":{"line":192,"column":16},"end":{"line":192,"column":31}},"type":"binary-expr","locations":[{"start":{"line":192,"column":16},"end":{"line":192,"column":25}},{"start":{"line":192,"column":29},"end":{"line":192,"column":31}}],"line":192},"32":{"loc":{"start":{"line":194,"column":24},"end":{"line":194,"column":74}},"type":"binary-expr","locations":[{"start":{"line":194,"column":24},"end":{"line":194,"column":26}},{"start":{"line":194,"column":31},"end":{"line":194,"column":49}},{"start":{"line":194,"column":53},"end":{"line":194,"column":73}}],"line":194},"33":{"loc":{"start":{"line":206,"column":25},"end":{"line":206,"column":40}},"type":"default-arg","locations":[{"start":{"line":206,"column":38},"end":{"line":206,"column":40}}],"line":206},"34":{"loc":{"start":{"line":228,"column":16},"end":{"line":228,"column":42}},"type":"binary-expr","locations":[{"start":{"line":228,"column":16},"end":{"line":228,"column":26}},{"start":{"line":228,"column":30},"end":{"line":228,"column":42}}],"line":228},"35":{"loc":{"start":{"line":272,"column":21},"end":{"line":273,"column":80}},"type":"binary-expr","locations":[{"start":{"line":272,"column":22},"end":{"line":272,"column":49}},{"start":{"line":272,"column":53},"end":{"line":272,"column":71}},{"start":{"line":273,"column":21},"end":{"line":273,"column":79}}],"line":272},"36":{"loc":{"start":{"line":273,"column":21},"end":{"line":273,"column":79}},"type":"cond-expr","locations":[{"start":{"line":273,"column":54},"end":{"line":273,"column":72}},{"start":{"line":273,"column":75},"end":{"line":273,"column":79}}],"line":273},"37":{"loc":{"start":{"line":275,"column":4},"end":{"line":277,"column":5}},"type":"if","locations":[{"start":{"line":275,"column":4},"end":{"line":277,"column":5}},{"start":{},"end":{}}],"line":275},"38":{"loc":{"start":{"line":275,"column":8},"end":{"line":275,"column":88}},"type":"binary-expr","locations":[{"start":{"line":275,"column":8},"end":{"line":275,"column":16}},{"start":{"line":275,"column":20},"end":{"line":275,"column":45}},{"start":{"line":275,"column":49},"end":{"line":275,"column":88}}],"line":275}},"s":{"0":0,"1":0,"2":0,"3":0,"4":0,"5":0,"6":0,"7":0,"8":0,"9":0,"10":0,"11":0,"12":0,"13":0,"14":0,"15":0,"16":0,"17":0,"18":0,"19":0,"20":0,"21":0,"22":0,"23":0,"24":0,"25":0,"26":0,"27":0,"28":0,"29":0,"30":0,"31":0,"32":0,"33":0,"34":0,"35":0,"36":0,"37":0,"38":0,"39":0,"40":0,"41":0,"42":0,"43":0,"44":0,"45":0,"46":0,"47":0,"48":0,"49":0,"50":0,"51":0,"52":0,"53":0,"54":0,"55":0,"56":0,"57":0,"58":0,"59":0,"60":0,"61":0,"62":0,"63":0,"64":0,"65":0,"66":0,"67":0,"68":0,"69":0,"70":0,"71":0,"72":0,"73":0,"74":0,"75":0,"76":0,"77":0,"78":0,"79":0,"80":0,"81":0,"82":0,"83":0,"84":0},"f":{"0":0,"1":0,"2":0,"3":0,"4":0,"5":0,"6":0,"7":0,"8":0,"9":0,"10":0,"11":0,"12":0,"13":0,"14":0,"15":0},"b":{"0":[0,0],"1":[0,0],"2":[0,0],"3":[0,0,0],"4":[0,0],"5":[0,0,0],"6":[0,0],"7":[0,0],"8":[0],"9":[0,0],"10":[0,0],"11":[0,0],"12":[0,0,0],"13":[0,0],"14":[0,0],"15":[0],"16":[0],"17":[0],"18":[0,0],"19":[0,0],"20":[0,0],"21":[0,0],"22":[0,0],"23":[0,0],"24":[0,0],"25":[0,0],"26":[0,0],"27":[0,0],"28":[0,0],"29":[0],"30":[0,0],"31":[0,0],"32":[0,0,0],"33":[0],"34":[0,0],"35":[0,0,0],"36":[0,0],"37":[0,0],"38":[0,0,0]}}
}
