{"total": {"lines":{"total":4060,"covered":2510,"skipped":0,"pct":61.82},"statements":{"total":4868,"covered":2821,"skipped":0,"pct":57.94},"functions":{"total":665,"covered":430,"skipped":0,"pct":64.66},"branches":{"total":4292,"covered":1974,"skipped":0,"pct":45.99},"branchesTrue":{"total":0,"covered":0,"skipped":0,"pct":100}}
,"/workspace/Qwen-translator-extension/src/background.js": {"lines":{"total":606,"covered":316,"skipped":0,"pct":52.14},"functions":{"total":101,"covered":45,"skipped":0,"pct":44.55},"statements":{"total":711,"covered":340,"skipped":0,"pct":47.81},"branches":{"total":609,"covered":225,"skipped":0,"pct":36.94}}
,"/workspace/Qwen-translator-extension/src/cache.js": {"lines":{"total":145,"covered":105,"skipped":0,"pct":72.41},"functions":{"total":29,"covered":26,"skipped":0,"pct":89.65},"statements":{"total":158,"covered":109,"skipped":0,"pct":68.98},"branches":{"total":115,"covered":73,"skipped":0,"pct":63.47}}
,"/workspace/Qwen-translator-extension/src/config.js": {"lines":{"total":88,"covered":77,"skipped":0,"pct":87.5},"functions":{"total":11,"covered":11,"skipped":0,"pct":100},"statements":{"total":113,"covered":90,"skipped":0,"pct":79.64},"branches":{"total":162,"covered":96,"skipped":0,"pct":59.25}}
,"/workspace/Qwen-translator-extension/src/contentScript.js": {"lines":{"total":560,"covered":367,"skipped":0,"pct":65.53},"functions":{"total":92,"covered":54,"skipped":0,"pct":58.69},"statements":{"total":656,"covered":388,"skipped":0,"pct":59.14},"branches":{"total":466,"covered":228,"skipped":0,"pct":48.92}}
,"/workspace/Qwen-translator-extension/src/findLimit.js": {"lines":{"total":17,"covered":16,"skipped":0,"pct":94.11},"functions":{"total":3,"covered":2,"skipped":0,"pct":66.66},"statements":{"total":23,"covered":21,"skipped":0,"pct":91.3},"branches":{"total":18,"covered":11,"skipped":0,"pct":61.11}}
,"/workspace/Qwen-translator-extension/src/limitDetector.js": {"lines":{"total":21,"covered":17,"skipped":0,"pct":80.95},"functions":{"total":5,"covered":4,"skipped":0,"pct":80},"statements":{"total":23,"covered":18,"skipped":0,"pct":78.26},"branches":{"total":18,"covered":4,"skipped":0,"pct":22.22}}
,"/workspace/Qwen-translator-extension/src/popup.js": {"lines":{"total":75,"covered":65,"skipped":0,"pct":86.66},"functions":{"total":19,"covered":15,"skipped":0,"pct":78.94},"statements":{"total":86,"covered":71,"skipped":0,"pct":82.55},"branches":{"total":79,"covered":54,"skipped":0,"pct":68.35}}
,"/workspace/Qwen-translator-extension/src/providerConfig.js": {"lines":{"total":25,"covered":13,"skipped":0,"pct":52},"functions":{"total":8,"covered":4,"skipped":0,"pct":50},"statements":{"total":26,"covered":13,"skipped":0,"pct":50},"branches":{"total":44,"covered":6,"skipped":0,"pct":13.63}}
,"/workspace/Qwen-translator-extension/src/retry.js": {"lines":{"total":33,"covered":10,"skipped":0,"pct":30.3},"functions":{"total":6,"covered":1,"skipped":0,"pct":16.66},"statements":{"total":42,"covered":10,"skipped":0,"pct":23.8},"branches":{"total":42,"covered":6,"skipped":0,"pct":14.28}}
,"/workspace/Qwen-translator-extension/src/throttle.js": {"lines":{"total":109,"covered":106,"skipped":0,"pct":97.24},"functions":{"total":22,"covered":22,"skipped":0,"pct":100},"statements":{"total":128,"covered":118,"skipped":0,"pct":92.18},"branches":{"total":74,"covered":48,"skipped":0,"pct":64.86}}
,"/workspace/Qwen-translator-extension/src/translator.js": {"lines":{"total":625,"covered":418,"skipped":0,"pct":66.88},"functions":{"total":69,"covered":40,"skipped":0,"pct":57.97},"statements":{"total":737,"covered":477,"skipped":0,"pct":64.72},"branches":{"total":786,"covered":453,"skipped":0,"pct":57.63}}
,"/workspace/Qwen-translator-extension/src/usageColor.js": {"lines":{"total":13,"covered":13,"skipped":0,"pct":100},"functions":{"total":2,"covered":2,"skipped":0,"pct":100},"statements":{"total":13,"covered":13,"skipped":0,"pct":100},"branches":{"total":10,"covered":8,"skipped":0,"pct":80}}
,"/workspace/Qwen-translator-extension/src/lib/batchDelim.js": {"lines":{"total":27,"covered":25,"skipped":0,"pct":92.59},"functions":{"total":10,"covered":9,"skipped":0,"pct":90},"statements":{"total":31,"covered":29,"skipped":0,"pct":93.54},"branches":{"total":18,"covered":11,"skipped":0,"pct":61.11}}
,"/workspace/Qwen-translator-extension/src/lib/detect.js": {"lines":{"total":15,"covered":14,"skipped":0,"pct":93.33},"functions":{"total":3,"covered":3,"skipped":0,"pct":100},"statements":{"total":23,"covered":22,"skipped":0,"pct":95.65},"branches":{"total":33,"covered":29,"skipped":0,"pct":87.87}}
,"/workspace/Qwen-translator-extension/src/lib/fetchStrategy.js": {"lines":{"total":15,"covered":14,"skipped":0,"pct":93.33},"functions":{"total":5,"covered":5,"skipped":0,"pct":100},"statements":{"total":20,"covered":19,"skipped":0,"pct":95},"branches":{"total":24,"covered":20,"skipped":0,"pct":83.33}}
,"/workspace/Qwen-translator-extension/src/lib/glossary.js": {"lines":{"total":38,"covered":37,"skipped":0,"pct":97.36},"functions":{"total":9,"covered":9,"skipped":0,"pct":100},"statements":{"total":46,"covered":40,"skipped":0,"pct":86.95},"branches":{"total":34,"covered":20,"skipped":0,"pct":58.82}}
,"/workspace/Qwen-translator-extension/src/lib/logger.js": {"lines":{"total":70,"covered":59,"skipped":0,"pct":84.28},"functions":{"total":23,"covered":20,"skipped":0,"pct":86.95},"statements":{"total":96,"covered":82,"skipped":0,"pct":85.41},"branches":{"total":67,"covered":44,"skipped":0,"pct":65.67}}
,"/workspace/Qwen-translator-extension/src/lib/messaging.js": {"lines":{"total":76,"covered":65,"skipped":0,"pct":85.52},"functions":{"total":15,"covered":14,"skipped":0,"pct":93.33},"statements":{"total":108,"covered":74,"skipped":0,"pct":68.51},"branches":{"total":98,"covered":57,"skipped":0,"pct":58.16}}
,"/workspace/Qwen-translator-extension/src/lib/offline.js": {"lines":{"total":4,"covered":4,"skipped":0,"pct":100},"functions":{"total":1,"covered":1,"skipped":0,"pct":100},"statements":{"total":6,"covered":6,"skipped":0,"pct":100},"branches":{"total":11,"covered":8,"skipped":0,"pct":72.72}}
,"/workspace/Qwen-translator-extension/src/lib/providers.js": {"lines":{"total":30,"covered":28,"skipped":0,"pct":93.33},"functions":{"total":10,"covered":10,"skipped":0,"pct":100},"statements":{"total":38,"covered":32,"skipped":0,"pct":84.21},"branches":{"total":29,"covered":19,"skipped":0,"pct":65.51}}
,"/workspace/Qwen-translator-extension/src/lib/tm.js": {"lines":{"total":145,"covered":134,"skipped":0,"pct":92.41},"functions":{"total":35,"covered":33,"skipped":0,"pct":94.28},"statements":{"total":173,"covered":151,"skipped":0,"pct":87.28},"branches":{"total":84,"covered":65,"skipped":0,"pct":77.38}}
,"/workspace/Qwen-translator-extension/src/popup/diagnostics.js": {"lines":{"total":74,"covered":65,"skipped":0,"pct":87.83},"functions":{"total":19,"covered":16,"skipped":0,"pct":84.21},"statements":{"total":88,"covered":74,"skipped":0,"pct":84.09},"branches":{"total":87,"covered":61,"skipped":0,"pct":70.11}}
,"/workspace/Qwen-translator-extension/src/popup/home.js": {"lines":{"total":108,"covered":80,"skipped":0,"pct":74.07},"functions":{"total":18,"covered":10,"skipped":0,"pct":55.55},"statements":{"total":126,"covered":89,"skipped":0,"pct":70.63},"branches":{"total":148,"covered":77,"skipped":0,"pct":52.02}}
,"/workspace/Qwen-translator-extension/src/popup/settings.js": {"lines":{"total":277,"covered":180,"skipped":0,"pct":64.98},"functions":{"total":58,"covered":33,"skipped":0,"pct":56.89},"statements":{"total":312,"covered":196,"skipped":0,"pct":62.82},"branches":{"total":140,"covered":61,"skipped":0,"pct":43.57}}
,"/workspace/Qwen-translator-extension/src/providers/anthropic.js": {"lines":{"total":78,"covered":11,"skipped":0,"pct":14.1},"functions":{"total":6,"covered":2,"skipped":0,"pct":33.33},"statements":{"total":99,"covered":14,"skipped":0,"pct":14.14},"branches":{"total":94,"covered":11,"skipped":0,"pct":11.7}}
,"/workspace/Qwen-translator-extension/src/providers/dashscope.js": {"lines":{"total":83,"covered":11,"skipped":0,"pct":13.25},"functions":{"total":6,"covered":2,"skipped":0,"pct":33.33},"statements":{"total":105,"covered":14,"skipped":0,"pct":13.33},"branches":{"total":104,"covered":11,"skipped":0,"pct":10.57}}
,"/workspace/Qwen-translator-extension/src/providers/deepl.js": {"lines":{"total":52,"covered":39,"skipped":0,"pct":75},"functions":{"total":6,"covered":6,"skipped":0,"pct":100},"statements":{"total":68,"covered":48,"skipped":0,"pct":70.58},"branches":{"total":70,"covered":30,"skipped":0,"pct":42.85}}
,"/workspace/Qwen-translator-extension/src/providers/gemini.js": {"lines":{"total":67,"covered":11,"skipped":0,"pct":16.41},"functions":{"total":4,"covered":2,"skipped":0,"pct":50},"statements":{"total":85,"covered":14,"skipped":0,"pct":16.47},"branches":{"total":81,"covered":11,"skipped":0,"pct":13.58}}
,"/workspace/Qwen-translator-extension/src/providers/google.js": {"lines":{"total":40,"covered":34,"skipped":0,"pct":85},"functions":{"total":6,"covered":4,"skipped":0,"pct":66.66},"statements":{"total":50,"covered":40,"skipped":0,"pct":80},"branches":{"total":57,"covered":30,"skipped":0,"pct":52.63}}
,"/workspace/Qwen-translator-extension/src/providers/index.js": {"lines":{"total":75,"covered":72,"skipped":0,"pct":96},"functions":{"total":16,"covered":10,"skipped":0,"pct":62.5},"statements":{"total":89,"covered":82,"skipped":0,"pct":92.13},"branches":{"total":121,"covered":91,"skipped":0,"pct":75.2}}
,"/workspace/Qwen-translator-extension/src/providers/localWasm.js": {"lines":{"total":24,"covered":7,"skipped":0,"pct":29.16},"functions":{"total":5,"covered":1,"skipped":0,"pct":20},"statements":{"total":30,"covered":10,"skipped":0,"pct":33.33},"branches":{"total":32,"covered":8,"skipped":0,"pct":25}}
,"/workspace/Qwen-translator-extension/src/providers/macos.js": {"lines":{"total":18,"covered":9,"skipped":0,"pct":50},"functions":{"total":4,"covered":2,"skipped":0,"pct":50},"statements":{"total":22,"covered":12,"skipped":0,"pct":54.54},"branches":{"total":33,"covered":8,"skipped":0,"pct":24.24}}
,"/workspace/Qwen-translator-extension/src/providers/mistral.js": {"lines":{"total":69,"covered":11,"skipped":0,"pct":15.94},"functions":{"total":4,"covered":2,"skipped":0,"pct":50},"statements":{"total":86,"covered":14,"skipped":0,"pct":16.27},"branches":{"total":79,"covered":11,"skipped":0,"pct":13.92}}
,"/workspace/Qwen-translator-extension/src/providers/ollama.js": {"lines":{"total":77,"covered":11,"skipped":0,"pct":14.28},"functions":{"total":7,"covered":2,"skipped":0,"pct":28.57},"statements":{"total":97,"covered":14,"skipped":0,"pct":14.43},"branches":{"total":84,"covered":11,"skipped":0,"pct":13.09}}
,"/workspace/Qwen-translator-extension/src/providers/openai.js": {"lines":{"total":79,"covered":11,"skipped":0,"pct":13.92},"functions":{"total":6,"covered":2,"skipped":0,"pct":33.33},"statements":{"total":100,"covered":14,"skipped":0,"pct":14},"branches":{"total":94,"covered":11,"skipped":0,"pct":11.7}}
,"/workspace/Qwen-translator-extension/src/providers/openrouter.js": {"lines":{"total":81,"covered":11,"skipped":0,"pct":13.58},"functions":{"total":6,"covered":2,"skipped":0,"pct":33.33},"statements":{"total":104,"covered":14,"skipped":0,"pct":13.46},"branches":{"total":98,"covered":11,"skipped":0,"pct":11.22}}
,"/workspace/Qwen-translator-extension/src/providers/qwen.js": {"lines":{"total":121,"covered":44,"skipped":0,"pct":36.36},"functions":{"total":16,"covered":4,"skipped":0,"pct":25},"statements":{"total":150,"covered":49,"skipped":0,"pct":32.66},"branches":{"total":149,"covered":46,"skipped":0,"pct":30.87}}
}
