TN:
SF:src/core/base-provider.js
FN:6,(anonymous_0)
FN:12,(anonymous_1)
FN:36,(anonymous_2)
FN:37,(anonymous_3)
FN:38,(anonymous_4)
FN:39,(anonymous_5)
FN:40,(anonymous_6)
FN:48,(anonymous_7)
FN:78,(anonymous_8)
FN:97,(anonymous_9)
FN:104,(anonymous_10)
FN:112,(anonymous_11)
FN:145,(anonymous_12)
FN:156,(anonymous_13)
FN:164,(anonymous_14)
FN:172,(anonymous_15)
FN:180,(anonymous_16)
FN:188,(anonymous_17)
FN:209,(anonymous_18)
FN:223,(anonymous_19)
FN:249,(anonymous_20)
FN:259,(anonymous_21)
FN:262,(anonymous_22)
FN:335,(anonymous_23)
FN:342,(anonymous_24)
FN:355,(anonymous_25)
FN:385,createProviderWrapper
FN:386,(anonymous_27)
FN:399,withSlash
FN:406,createSystemPrompt
FNF:30
FNH:0
FNDA:0,(anonymous_0)
FNDA:0,(anonymous_1)
FNDA:0,(anonymous_2)
FNDA:0,(anonymous_3)
FNDA:0,(anonymous_4)
FNDA:0,(anonymous_5)
FNDA:0,(anonymous_6)
FNDA:0,(anonymous_7)
FNDA:0,(anonymous_8)
FNDA:0,(anonymous_9)
FNDA:0,(anonymous_10)
FNDA:0,(anonymous_11)
FNDA:0,(anonymous_12)
FNDA:0,(anonymous_13)
FNDA:0,(anonymous_14)
FNDA:0,(anonymous_15)
FNDA:0,(anonymous_16)
FNDA:0,(anonymous_17)
FNDA:0,(anonymous_18)
FNDA:0,(anonymous_19)
FNDA:0,(anonymous_20)
FNDA:0,(anonymous_21)
FNDA:0,(anonymous_22)
FNDA:0,(anonymous_23)
FNDA:0,(anonymous_24)
FNDA:0,(anonymous_25)
FNDA:0,createProviderWrapper
FNDA:0,(anonymous_27)
FNDA:0,withSlash
FNDA:0,createSystemPrompt
DA:6,0
DA:7,0
DA:8,0
DA:10,0
DA:14,0
DA:20,0
DA:32,0
DA:36,0
DA:37,0
DA:38,0
DA:39,0
DA:40,0
DA:49,0
DA:50,0
DA:51,0
DA:52,0
DA:53,0
DA:56,0
DA:65,0
DA:66,0
DA:70,0
DA:71,0
DA:72,0
DA:80,0
DA:81,0
DA:82,0
DA:87,0
DA:88,0
DA:89,0
DA:98,0
DA:105,0
DA:106,0
DA:113,0
DA:114,0
DA:116,0
DA:117,0
DA:118,0
DA:123,0
DA:124,0
DA:127,0
DA:128,0
DA:131,0
DA:132,0
DA:135,0
DA:136,0
DA:139,0
DA:146,0
DA:158,0
DA:166,0
DA:174,0
DA:182,0
DA:189,0
DA:196,0
DA:197,0
DA:200,0
DA:201,0
DA:202,0
DA:203,0
DA:205,0
DA:208,0
DA:209,0
DA:212,0
DA:216,0
DA:224,0
DA:226,0
DA:227,0
DA:228,0
DA:230,0
DA:233,0
DA:237,0
DA:241,0
DA:242,0
DA:243,0
DA:244,0
DA:245,0
DA:247,0
DA:249,0
DA:253,0
DA:260,0
DA:262,0
DA:263,0
DA:264,0
DA:267,0
DA:270,0
DA:271,0
DA:281,0
DA:286,0
DA:290,0
DA:299,0
DA:300,0
DA:302,0
DA:306,0
DA:307,0
DA:308,0
DA:314,0
DA:315,0
DA:316,0
DA:321,0
DA:322,0
DA:324,0
DA:329,0
DA:336,0
DA:343,0
DA:356,0
DA:357,0
DA:358,0
DA:366,0
DA:372,0
DA:386,0
DA:387,0
DA:388,0
DA:390,0
DA:391,0
DA:392,0
DA:400,0
DA:407,0
DA:408,0
DA:411,0
DA:415,0
LF:119
LH:0
BRDA:7,0,0,0
BRDA:7,0,1,0
BRDA:7,1,0,0
BRDA:7,1,1,0
BRDA:12,2,0,0
BRDA:12,2,1,0
BRDA:14,3,0,0
BRDA:14,3,1,0
BRDA:14,3,2,0
BRDA:15,4,0,0
BRDA:15,4,1,0
BRDA:36,5,0,0
BRDA:36,5,1,0
BRDA:37,6,0,0
BRDA:37,6,1,0
BRDA:38,7,0,0
BRDA:38,7,1,0
BRDA:39,8,0,0
BRDA:39,8,1,0
BRDA:39,8,2,0
BRDA:40,9,0,0
BRDA:40,9,1,0
BRDA:40,9,2,0
BRDA:48,10,0,0
BRDA:49,11,0,0
BRDA:49,11,1,0
BRDA:50,12,0,0
BRDA:50,12,1,0
BRDA:51,13,0,0
BRDA:51,13,1,0
BRDA:52,14,0,0
BRDA:52,14,1,0
BRDA:53,15,0,0
BRDA:53,15,1,0
BRDA:53,16,0,0
BRDA:53,16,1,0
BRDA:65,17,0,0
BRDA:65,17,1,0
BRDA:78,18,0,0
BRDA:80,19,0,0
BRDA:80,19,1,0
BRDA:81,20,0,0
BRDA:81,20,1,0
BRDA:87,21,0,0
BRDA:87,21,1,0
BRDA:88,22,0,0
BRDA:88,22,1,0
BRDA:88,23,0,0
BRDA:88,23,1,0
BRDA:117,24,0,0
BRDA:117,24,1,0
BRDA:117,25,0,0
BRDA:117,25,1,0
BRDA:123,26,0,0
BRDA:123,26,1,0
BRDA:127,27,0,0
BRDA:127,27,1,0
BRDA:127,28,0,0
BRDA:127,28,1,0
BRDA:131,29,0,0
BRDA:131,29,1,0
BRDA:131,30,0,0
BRDA:131,30,1,0
BRDA:135,31,0,0
BRDA:135,31,1,0
BRDA:135,32,0,0
BRDA:135,32,1,0
BRDA:145,33,0,0
BRDA:188,34,0,0
BRDA:196,35,0,0
BRDA:196,35,1,0
BRDA:200,36,0,0
BRDA:200,36,1,0
BRDA:201,37,0,0
BRDA:201,37,1,0
BRDA:203,38,0,0
BRDA:203,38,1,0
BRDA:223,39,0,0
BRDA:233,40,0,0
BRDA:233,40,1,0
BRDA:233,41,0,0
BRDA:233,41,1,0
BRDA:233,41,2,0
BRDA:233,41,3,0
BRDA:241,42,0,0
BRDA:241,42,1,0
BRDA:244,43,0,0
BRDA:244,43,1,0
BRDA:244,43,2,0
BRDA:245,44,0,0
BRDA:245,44,1,0
BRDA:263,45,0,0
BRDA:263,45,1,0
BRDA:267,46,0,0
BRDA:267,47,0,0
BRDA:267,48,0,0
BRDA:270,49,0,0
BRDA:270,49,1,0
BRDA:275,50,0,0
BRDA:275,50,1,0
BRDA:283,51,0,0
BRDA:283,51,1,0
BRDA:306,52,0,0
BRDA:306,52,1,0
BRDA:307,53,0,0
BRDA:307,53,1,0
BRDA:321,54,0,0
BRDA:321,54,1,0
BRDA:321,55,0,0
BRDA:321,55,1,0
BRDA:321,55,2,0
BRDA:336,56,0,0
BRDA:336,56,1,0
BRDA:347,57,0,0
BRDA:347,57,1,0
BRDA:348,58,0,0
BRDA:348,58,1,0
BRDA:355,59,0,0
BRDA:368,60,0,0
BRDA:368,60,1,0
BRDA:369,61,0,0
BRDA:369,61,1,0
BRDA:390,62,0,0
BRDA:390,62,1,0
BRDA:391,63,0,0
BRDA:391,63,1,0
BRDA:392,64,0,0
BRDA:392,64,1,0
BRDA:400,65,0,0
BRDA:400,65,1,0
BRDA:407,66,0,0
BRDA:407,66,1,0
BRF:132
BRH:0
end_of_record
TN:
SF:src/lib/adaptiveLimitDetector.js
FN:1,(anonymous_0)
FN:10,(anonymous_1)
FN:26,now
FN:30,parseRetryAfter
FN:46,coalesceRetry
FN:49,(anonymous_5)
FN:55,createLogger
FN:63,(anonymous_7)
FN:64,(anonymous_8)
FN:65,(anonymous_9)
FN:66,(anonymous_10)
FN:71,(anonymous_11)
FN:107,(anonymous_12)
FN:126,(anonymous_13)
FN:131,(anonymous_14)
FN:145,(anonymous_15)
FN:160,(anonymous_16)
FN:186,(anonymous_17)
FN:196,(anonymous_18)
FN:227,(anonymous_19)
FN:231,(anonymous_20)
FN:249,(anonymous_21)
FN:257,(anonymous_22)
FN:294,(anonymous_23)
FN:323,(anonymous_24)
FN:332,(anonymous_25)
FN:341,(anonymous_26)
FN:363,(anonymous_27)
FN:385,(anonymous_28)
FNF:29
FNH:0
FNDA:0,(anonymous_0)
FNDA:0,(anonymous_1)
FNDA:0,now
FNDA:0,parseRetryAfter
FNDA:0,coalesceRetry
FNDA:0,(anonymous_5)
FNDA:0,createLogger
FNDA:0,(anonymous_7)
FNDA:0,(anonymous_8)
FNDA:0,(anonymous_9)
FNDA:0,(anonymous_10)
FNDA:0,(anonymous_11)
FNDA:0,(anonymous_12)
FNDA:0,(anonymous_13)
FNDA:0,(anonymous_14)
FNDA:0,(anonymous_15)
FNDA:0,(anonymous_16)
FNDA:0,(anonymous_17)
FNDA:0,(anonymous_18)
FNDA:0,(anonymous_19)
FNDA:0,(anonymous_20)
FNDA:0,(anonymous_21)
FNDA:0,(anonymous_22)
FNDA:0,(anonymous_23)
FNDA:0,(anonymous_24)
FNDA:0,(anonymous_25)
FNDA:0,(anonymous_26)
FNDA:0,(anonymous_27)
FNDA:0,(anonymous_28)
DA:1,0
DA:2,0
DA:3,0
DA:4,0
DA:5,0
DA:7,0
DA:8,0
DA:11,0
DA:27,0
DA:31,0
DA:32,0
DA:33,0
DA:35,0
DA:36,0
DA:37,0
DA:39,0
DA:40,0
DA:41,0
DA:43,0
DA:47,0
DA:48,0
DA:49,0
DA:50,0
DA:52,0
DA:56,0
DA:57,0
DA:58,0
DA:61,0
DA:62,0
DA:63,0
DA:64,0
DA:65,0
DA:66,0
DA:72,0
DA:73,0
DA:74,0
DA:76,0
DA:77,0
DA:79,0
DA:80,0
DA:83,0
DA:85,0
DA:86,0
DA:87,0
DA:89,0
DA:96,0
DA:98,0
DA:108,0
DA:109,0
DA:110,0
DA:123,0
DA:127,0
DA:128,0
DA:132,0
DA:133,0
DA:134,0
DA:135,0
DA:136,0
DA:137,0
DA:138,0
DA:139,0
DA:140,0
DA:141,0
DA:142,0
DA:146,0
DA:147,0
DA:148,0
DA:149,0
DA:151,0
DA:152,0
DA:153,0
DA:154,0
DA:155,0
DA:156,0
DA:161,0
DA:162,0
DA:163,0
DA:164,0
DA:165,0
DA:167,0
DA:169,0
DA:170,0
DA:171,0
DA:172,0
DA:173,0
DA:174,0
DA:175,0
DA:176,0
DA:177,0
DA:178,0
DA:179,0
DA:181,0
DA:182,0
DA:187,0
DA:188,0
DA:189,0
DA:190,0
DA:191,0
DA:192,0
DA:193,0
DA:197,0
DA:198,0
DA:200,0
DA:201,0
DA:204,0
DA:205,0
DA:208,0
DA:209,0
DA:210,0
DA:211,0
DA:213,0
DA:217,0
DA:218,0
DA:219,0
DA:221,0
DA:224,0
DA:228,0
DA:232,0
DA:233,0
DA:234,0
DA:235,0
DA:238,0
DA:239,0
DA:240,0
DA:241,0
DA:242,0
DA:244,0
DA:245,0
DA:246,0
DA:250,0
DA:251,0
DA:252,0
DA:253,0
DA:254,0
DA:260,0
DA:261,0
DA:262,0
DA:263,0
DA:264,0
DA:266,0
DA:267,0
DA:270,0
DA:271,0
DA:272,0
DA:274,0
DA:275,0
DA:276,0
DA:278,0
DA:281,0
DA:282,0
DA:283,0
DA:284,0
DA:285,0
DA:286,0
DA:287,0
DA:288,0
DA:291,0
DA:297,0
DA:298,0
DA:299,0
DA:300,0
DA:301,0
DA:303,0
DA:304,0
DA:307,0
DA:308,0
DA:309,0
DA:310,0
DA:312,0
DA:313,0
DA:314,0
DA:315,0
DA:317,0
DA:320,0
DA:324,0
DA:325,0
DA:326,0
DA:327,0
DA:328,0
DA:329,0
DA:333,0
DA:342,0
DA:343,0
DA:344,0
DA:356,0
DA:364,0
DA:365,0
DA:366,0
DA:367,0
DA:372,0
DA:386,0
DA:387,0
DA:388,0
DA:389,0
DA:396,0
DA:397,0
DA:404,0
DA:408,0
LF:198
LH:0
BRDA:3,0,0,0
BRDA:3,0,1,0
BRDA:3,1,0,0
BRDA:3,1,1,0
BRDA:7,2,0,0
BRDA:7,2,1,0
BRDA:7,3,0,0
BRDA:7,3,1,0
BRDA:10,4,0,0
BRDA:10,4,1,0
BRDA:10,5,0,0
BRDA:10,5,1,0
BRDA:31,6,0,0
BRDA:31,6,1,0
BRDA:32,7,0,0
BRDA:32,7,1,0
BRDA:32,8,0,0
BRDA:32,8,1,0
BRDA:33,9,0,0
BRDA:33,9,1,0
BRDA:36,10,0,0
BRDA:36,10,1,0
BRDA:37,11,0,0
BRDA:37,11,1,0
BRDA:40,12,0,0
BRDA:40,12,1,0
BRDA:47,13,0,0
BRDA:47,13,1,0
BRDA:52,14,0,0
BRDA:52,14,1,0
BRDA:52,14,2,0
BRDA:57,15,0,0
BRDA:57,15,1,0
BRDA:57,16,0,0
BRDA:57,16,1,0
BRDA:57,16,2,0
BRDA:61,17,0,0
BRDA:61,17,1,0
BRDA:63,18,0,0
BRDA:63,18,1,0
BRDA:64,19,0,0
BRDA:64,19,1,0
BRDA:65,20,0,0
BRDA:65,20,1,0
BRDA:66,21,0,0
BRDA:66,21,1,0
BRDA:71,22,0,0
BRDA:73,23,0,0
BRDA:73,23,1,0
BRDA:76,24,0,0
BRDA:76,24,1,0
BRDA:79,25,0,0
BRDA:79,25,1,0
BRDA:108,26,0,0
BRDA:108,26,1,0
BRDA:109,27,0,0
BRDA:109,27,1,0
BRDA:128,28,0,0
BRDA:128,28,1,0
BRDA:146,29,0,0
BRDA:146,29,1,0
BRDA:151,30,0,0
BRDA:151,30,1,0
BRDA:151,31,0,0
BRDA:151,31,1,0
BRDA:153,32,0,0
BRDA:153,32,1,0
BRDA:155,33,0,0
BRDA:155,33,1,0
BRDA:155,34,0,0
BRDA:155,34,1,0
BRDA:161,35,0,0
BRDA:161,35,1,0
BRDA:167,36,0,0
BRDA:167,36,1,0
BRDA:169,37,0,0
BRDA:169,37,1,0
BRDA:175,38,0,0
BRDA:175,38,1,0
BRDA:175,39,0,0
BRDA:175,39,1,0
BRDA:177,40,0,0
BRDA:177,40,1,0
BRDA:181,41,0,0
BRDA:181,41,1,0
BRDA:181,42,0,0
BRDA:181,42,1,0
BRDA:188,43,0,0
BRDA:188,43,1,0
BRDA:200,44,0,0
BRDA:200,44,1,0
BRDA:200,45,0,0
BRDA:200,45,1,0
BRDA:204,46,0,0
BRDA:204,46,1,0
BRDA:208,47,0,0
BRDA:208,47,1,0
BRDA:209,48,0,0
BRDA:209,48,1,0
BRDA:217,49,0,0
BRDA:217,49,1,0
BRDA:218,50,0,0
BRDA:218,50,1,0
BRDA:231,51,0,0
BRDA:232,52,0,0
BRDA:232,52,1,0
BRDA:232,52,2,0
BRDA:234,53,0,0
BRDA:234,53,1,0
BRDA:249,54,0,0
BRDA:252,55,0,0
BRDA:252,55,1,0
BRDA:257,56,0,0
BRDA:260,57,0,0
BRDA:260,57,1,0
BRDA:266,58,0,0
BRDA:266,58,1,0
BRDA:270,59,0,0
BRDA:270,59,1,0
BRDA:274,60,0,0
BRDA:274,60,1,0
BRDA:274,61,0,0
BRDA:274,61,1,0
BRDA:274,61,2,0
BRDA:281,62,0,0
BRDA:281,62,1,0
BRDA:281,63,0,0
BRDA:281,63,1,0
BRDA:282,64,0,0
BRDA:282,64,1,0
BRDA:282,64,2,0
BRDA:283,65,0,0
BRDA:283,65,1,0
BRDA:284,66,0,0
BRDA:284,66,1,0
BRDA:285,67,0,0
BRDA:285,67,1,0
BRDA:286,68,0,0
BRDA:286,68,1,0
BRDA:287,69,0,0
BRDA:287,69,1,0
BRDA:287,70,0,0
BRDA:287,70,1,0
BRDA:294,71,0,0
BRDA:297,72,0,0
BRDA:297,72,1,0
BRDA:303,73,0,0
BRDA:303,73,1,0
BRDA:312,74,0,0
BRDA:312,74,1,0
BRDA:313,75,0,0
BRDA:313,75,1,0
BRDA:313,75,2,0
BRDA:313,76,0,0
BRDA:313,76,1,0
BRDA:314,77,0,0
BRDA:314,77,1,0
BRDA:314,78,0,0
BRDA:314,78,1,0
BRDA:315,79,0,0
BRDA:315,79,1,0
BRDA:326,80,0,0
BRDA:326,80,1,0
BRDA:327,81,0,0
BRDA:327,81,1,0
BRDA:364,82,0,0
BRDA:364,82,1,0
BRF:167
BRH:0
end_of_record
TN:
SF:src/providers/anthropic-unified.js
FN:6,(anonymous_0)
FN:12,(anonymous_1)
FN:28,(anonymous_2)
FN:41,(anonymous_3)
FN:42,(anonymous_4)
FN:43,(anonymous_5)
FN:60,(anonymous_6)
FN:72,(anonymous_7)
FN:92,(anonymous_8)
FN:141,(anonymous_9)
FN:163,(anonymous_10)
FN:171,(anonymous_11)
FN:193,(anonymous_12)
FN:209,(anonymous_13)
FN:242,(anonymous_14)
FNF:15
FNH:0
FNDA:0,(anonymous_0)
FNDA:0,(anonymous_1)
FNDA:0,(anonymous_2)
FNDA:0,(anonymous_3)
FNDA:0,(anonymous_4)
FNDA:0,(anonymous_5)
FNDA:0,(anonymous_6)
FNDA:0,(anonymous_7)
FNDA:0,(anonymous_8)
FNDA:0,(anonymous_9)
FNDA:0,(anonymous_10)
FNDA:0,(anonymous_11)
FNDA:0,(anonymous_12)
FNDA:0,(anonymous_13)
FNDA:0,(anonymous_14)
DA:6,0
DA:7,0
DA:8,0
DA:10,0
DA:14,0
DA:17,0
DA:20,0
DA:21,0
DA:29,0
DA:41,0
DA:42,0
DA:43,0
DA:50,0
DA:61,0
DA:62,0
DA:63,0
DA:64,0
DA:66,0
DA:73,0
DA:75,0
DA:78,0
DA:93,0
DA:94,0
DA:95,0
DA:96,0
DA:98,0
DA:99,0
DA:100,0
DA:101,0
DA:104,0
DA:105,0
DA:107,0
DA:108,0
DA:109,0
DA:111,0
DA:112,0
DA:113,0
DA:115,0
DA:116,0
DA:118,0
DA:119,0
DA:120,0
DA:121,0
DA:122,0
DA:123,0
DA:127,0
DA:132,0
DA:135,0
DA:142,0
DA:143,0
DA:145,0
DA:146,0
DA:149,0
DA:164,0
DA:165,0
DA:172,0
DA:173,0
DA:178,0
DA:187,0
DA:189,0
DA:192,0
DA:193,0
DA:196,0
DA:197,0
DA:210,0
DA:212,0
DA:213,0
DA:221,0
DA:228,0
DA:243,0
DA:265,0
DA:270,0
DA:279,0
DA:280,0
DA:283,0
DA:284,0
DA:290,0
LF:77
LH:0
BRDA:7,0,0,0
BRDA:7,0,1,0
BRDA:7,1,0,0
BRDA:7,1,1,0
BRDA:12,2,0,0
BRDA:12,2,1,0
BRDA:14,3,0,0
BRDA:14,3,1,0
BRDA:14,3,2,0
BRDA:15,4,0,0
BRDA:15,4,1,0
BRDA:17,5,0,0
BRDA:17,5,1,0
BRDA:17,5,2,0
BRDA:18,6,0,0
BRDA:18,6,1,0
BRDA:20,7,0,0
BRDA:20,7,1,0
BRDA:28,8,0,0
BRDA:41,9,0,0
BRDA:41,9,1,0
BRDA:42,10,0,0
BRDA:42,10,1,0
BRDA:43,11,0,0
BRDA:43,11,1,0
BRDA:61,12,0,0
BRDA:61,12,1,0
BRDA:61,12,2,0
BRDA:62,13,0,0
BRDA:62,13,1,0
BRDA:73,14,0,0
BRDA:73,15,0,0
BRDA:73,16,0,0
BRDA:75,17,0,0
BRDA:75,17,1,0
BRDA:79,18,0,0
BRDA:79,18,1,0
BRDA:100,19,0,0
BRDA:100,19,1,0
BRDA:105,20,0,0
BRDA:105,20,1,0
BRDA:109,21,0,0
BRDA:109,21,1,0
BRDA:113,22,0,0
BRDA:113,22,1,0
BRDA:116,23,0,0
BRDA:116,23,1,0
BRDA:120,24,0,0
BRDA:120,24,1,0
BRDA:120,24,2,0
BRDA:121,25,0,0
BRDA:121,25,1,0
BRDA:123,26,0,0
BRDA:123,26,1,0
BRDA:145,27,0,0
BRDA:145,27,1,0
BRDA:171,28,0,0
BRDA:187,29,0,0
BRDA:187,29,1,0
BRDA:193,30,0,0
BRDA:193,30,1,0
BRDA:209,31,0,0
BRDA:231,32,0,0
BRDA:231,32,1,0
BRDA:280,33,0,0
BRDA:280,33,1,0
BRDA:280,33,2,0
BRDA:281,34,0,0
BRDA:281,34,1,0
BRDA:283,35,0,0
BRDA:283,35,1,0
BRDA:283,36,0,0
BRDA:283,36,1,0
BRDA:283,36,2,0
BRF:74
BRH:0
end_of_record
TN:
SF:src/providers/openai-unified.js
FN:6,(anonymous_0)
FN:12,(anonymous_1)
FN:28,(anonymous_2)
FN:41,(anonymous_3)
FN:42,(anonymous_4)
FN:43,(anonymous_5)
FN:60,(anonymous_6)
FN:71,(anonymous_7)
FN:90,(anonymous_8)
FN:142,(anonymous_9)
FN:163,(anonymous_10)
FN:171,(anonymous_11)
FN:193,(anonymous_12)
FN:194,(anonymous_13)
FN:206,(anonymous_14)
FN:239,(anonymous_15)
FNF:16
FNH:0
FNDA:0,(anonymous_0)
FNDA:0,(anonymous_1)
FNDA:0,(anonymous_2)
FNDA:0,(anonymous_3)
FNDA:0,(anonymous_4)
FNDA:0,(anonymous_5)
FNDA:0,(anonymous_6)
FNDA:0,(anonymous_7)
FNDA:0,(anonymous_8)
FNDA:0,(anonymous_9)
FNDA:0,(anonymous_10)
FNDA:0,(anonymous_11)
FNDA:0,(anonymous_12)
FNDA:0,(anonymous_13)
FNDA:0,(anonymous_14)
FNDA:0,(anonymous_15)
DA:6,0
DA:7,0
DA:8,0
DA:10,0
DA:14,0
DA:17,0
DA:20,0
DA:21,0
DA:29,0
DA:41,0
DA:42,0
DA:43,0
DA:50,0
DA:61,0
DA:62,0
DA:63,0
DA:65,0
DA:72,0
DA:74,0
DA:77,0
DA:91,0
DA:92,0
DA:93,0
DA:94,0
DA:96,0
DA:97,0
DA:98,0
DA:99,0
DA:102,0
DA:103,0
DA:105,0
DA:106,0
DA:107,0
DA:109,0
DA:110,0
DA:111,0
DA:113,0
DA:114,0
DA:115,0
DA:116,0
DA:119,0
DA:120,0
DA:121,0
DA:122,0
DA:123,0
DA:124,0
DA:128,0
DA:133,0
DA:136,0
DA:143,0
DA:144,0
DA:146,0
DA:147,0
DA:150,0
DA:164,0
DA:165,0
DA:172,0
DA:173,0
DA:178,0
DA:187,0
DA:188,0
DA:191,0
DA:192,0
DA:193,0
DA:194,0
DA:198,0
DA:199,0
DA:207,0
DA:209,0
DA:210,0
DA:218,0
DA:225,0
DA:240,0
DA:257,0
DA:262,0
DA:271,0
DA:272,0
DA:275,0
DA:276,0
DA:282,0
LF:80
LH:0
BRDA:7,0,0,0
BRDA:7,0,1,0
BRDA:7,1,0,0
BRDA:7,1,1,0
BRDA:12,2,0,0
BRDA:12,2,1,0
BRDA:14,3,0,0
BRDA:14,3,1,0
BRDA:14,3,2,0
BRDA:15,4,0,0
BRDA:15,4,1,0
BRDA:17,5,0,0
BRDA:17,5,1,0
BRDA:17,5,2,0
BRDA:18,6,0,0
BRDA:18,6,1,0
BRDA:20,7,0,0
BRDA:20,7,1,0
BRDA:28,8,0,0
BRDA:41,9,0,0
BRDA:41,9,1,0
BRDA:42,10,0,0
BRDA:42,10,1,0
BRDA:43,11,0,0
BRDA:43,11,1,0
BRDA:61,12,0,0
BRDA:61,12,1,0
BRDA:61,12,2,0
BRDA:62,13,0,0
BRDA:62,13,1,0
BRDA:63,14,0,0
BRDA:63,14,1,0
BRDA:72,15,0,0
BRDA:72,16,0,0
BRDA:72,17,0,0
BRDA:74,18,0,0
BRDA:74,18,1,0
BRDA:78,19,0,0
BRDA:78,19,1,0
BRDA:98,20,0,0
BRDA:98,20,1,0
BRDA:103,21,0,0
BRDA:103,21,1,0
BRDA:107,22,0,0
BRDA:107,22,1,0
BRDA:111,23,0,0
BRDA:111,23,1,0
BRDA:114,24,0,0
BRDA:114,24,1,0
BRDA:121,25,0,0
BRDA:121,25,1,0
BRDA:122,26,0,0
BRDA:122,26,1,0
BRDA:124,27,0,0
BRDA:124,27,1,0
BRDA:146,28,0,0
BRDA:146,28,1,0
BRDA:171,29,0,0
BRDA:187,30,0,0
BRDA:187,30,1,0
BRDA:192,31,0,0
BRDA:192,31,1,0
BRDA:194,32,0,0
BRDA:194,32,1,0
BRDA:194,32,2,0
BRDA:206,33,0,0
BRDA:228,34,0,0
BRDA:228,34,1,0
BRDA:272,35,0,0
BRDA:272,35,1,0
BRDA:272,35,2,0
BRDA:273,36,0,0
BRDA:273,36,1,0
BRDA:275,37,0,0
BRDA:275,37,1,0
BRDA:275,38,0,0
BRDA:275,38,1,0
BRDA:275,38,2,0
BRF:78
BRH:0
end_of_record
