TN:
SF:dist/core/config-manager.js
FN:6,(anonymous_0)
FN:13,(anonymous_1)
FN:143,deriveKey
FN:172,encryptValue
FN:202,decryptValue
FN:214,(anonymous_5)
FN:239,validateValue
FN:295,migrateConfig
FN:308,(anonymous_8)
FN:344,isCacheValid
FN:354,notifyListeners
FN:355,(anonymous_11)
FN:368,loadConfig
FN:421,saveConfig
FN:506,(anonymous_14)
FN:518,(anonymous_15)
FN:526,(anonymous_16)
FN:535,(anonymous_17)
FN:544,(anonymous_18)
FN:547,(anonymous_19)
FN:549,(anonymous_20)
FN:555,(anonymous_21)
FN:566,(anonymous_22)
FN:581,(anonymous_23)
FN:589,(anonymous_24)
FN:597,(anonymous_25)
FNF:26
FNH:19
FNDA:1,(anonymous_0)
FNDA:1,(anonymous_1)
FNDA:0,deriveKey
FNDA:0,encryptValue
FNDA:0,decryptValue
FNDA:0,(anonymous_5)
FNDA:19,validateValue
FNDA:14,migrateConfig
FNDA:28,(anonymous_8)
FNDA:18,isCacheValid
FNDA:0,notifyListeners
FNDA:0,(anonymous_11)
FNDA:16,loadConfig
FNDA:9,saveConfig
FNDA:5,(anonymous_14)
FNDA:8,(anonymous_15)
FNDA:11,(anonymous_16)
FNDA:1,(anonymous_17)
FNDA:3,(anonymous_18)
FNDA:1,(anonymous_19)
FNDA:0,(anonymous_20)
FNDA:36,(anonymous_21)
FNDA:7,(anonymous_22)
FNDA:2,(anonymous_23)
FNDA:3,(anonymous_24)
FNDA:2,(anonymous_25)
DA:6,1
DA:7,1
DA:8,1
DA:9,1
DA:11,0
DA:19,1
DA:22,1
DA:24,1
DA:26,1
DA:27,0
DA:28,1
DA:29,0
DA:33,1
DA:34,0
DA:37,0
DA:41,1
DA:44,1
DA:47,1
DA:50,1
DA:53,1
DA:58,1
DA:64,1
DA:104,1
DA:144,0
DA:145,0
DA:153,0
DA:173,0
DA:175,0
DA:176,0
DA:177,0
DA:178,0
DA:180,0
DA:186,0
DA:187,0
DA:188,0
DA:190,0
DA:192,0
DA:193,0
DA:203,0
DA:204,0
DA:207,0
DA:208,0
DA:209,0
DA:211,0
DA:214,0
DA:217,0
DA:218,0
DA:220,0
DA:226,0
DA:228,0
DA:229,0
DA:240,19
DA:241,19
DA:242,5
DA:246,14
DA:247,1
DA:248,0
DA:250,13
DA:251,1
DA:252,0
DA:254,12
DA:255,0
DA:256,0
DA:258,12
DA:259,0
DA:263,14
DA:264,2
DA:267,12
DA:268,0
DA:271,12
DA:272,1
DA:275,11
DA:276,1
DA:279,10
DA:280,1
DA:283,9
DA:284,1
DA:287,8
DA:296,14
DA:299,14
DA:300,14
DA:303,14
DA:304,0
DA:308,14
DA:309,28
DA:310,0
DA:311,0
DA:314,28
DA:315,28
DA:316,0
DA:318,28
DA:319,28
DA:320,28
DA:321,28
DA:322,28
DA:326,14
DA:327,14
DA:328,0
DA:332,14
DA:333,14
DA:334,14
DA:337,14
DA:345,18
DA:355,0
DA:356,0
DA:357,0
DA:359,0
DA:369,16
DA:370,16
DA:371,2
DA:372,2
DA:375,14
DA:378,14
DA:379,0
DA:380,0
DA:381,0
DA:382,0
DA:387,0
DA:392,14
DA:395,14
DA:396,434
DA:397,0
DA:402,14
DA:403,14
DA:405,14
DA:409,14
DA:411,0
DA:412,0
DA:422,9
DA:423,9
DA:424,9
DA:425,9
DA:429,0
DA:430,0
DA:433,0
DA:434,0
DA:435,0
DA:436,0
DA:437,0
DA:441,0
DA:442,0
DA:443,0
DA:447,0
DA:450,0
DA:451,0
DA:452,0
DA:453,0
DA:454,0
DA:459,0
DA:461,0
DA:463,0
DA:464,0
DA:465,0
DA:470,0
DA:471,0
DA:472,0
DA:475,0
DA:476,0
DA:477,0
DA:478,0
DA:482,0
DA:487,0
DA:489,0
DA:490,0
DA:493,0
DA:494,0
DA:499,1
DA:507,5
DA:508,5
DA:509,5
DA:519,8
DA:527,11
DA:536,1
DA:545,3
DA:546,3
DA:547,3
DA:549,0
DA:556,36
DA:557,36
DA:558,36
DA:567,7
DA:568,7
DA:569,19
DA:570,19
DA:571,6
DA:574,7
DA:582,2
DA:590,3
DA:598,2
DA:608,1
LF:190
LH:99
BRDA:8,0,0,1
BRDA:8,0,1,0
BRDA:8,1,0,1
BRDA:8,1,1,1
BRDA:13,2,0,1
BRDA:13,2,1,0
BRDA:26,3,0,0
BRDA:26,3,1,1
BRDA:26,4,0,1
BRDA:26,4,1,0
BRDA:28,5,0,0
BRDA:28,5,1,1
BRDA:28,6,0,1
BRDA:28,6,1,0
BRDA:33,7,0,0
BRDA:33,7,1,1
BRDA:33,8,0,1
BRDA:33,8,1,0
BRDA:53,9,0,1
BRDA:53,9,1,1
BRDA:53,9,2,0
BRDA:173,10,0,0
BRDA:173,10,1,0
BRDA:173,11,0,0
BRDA:173,11,1,0
BRDA:203,12,0,0
BRDA:203,12,1,0
BRDA:203,13,0,0
BRDA:203,13,1,0
BRDA:203,13,2,0
BRDA:241,14,0,5
BRDA:241,14,1,14
BRDA:246,15,0,1
BRDA:246,15,1,13
BRDA:247,16,0,0
BRDA:247,16,1,1
BRDA:250,17,0,1
BRDA:250,17,1,12
BRDA:251,18,0,0
BRDA:251,18,1,1
BRDA:251,19,0,1
BRDA:251,19,1,1
BRDA:251,19,2,1
BRDA:254,20,0,0
BRDA:254,20,1,12
BRDA:255,21,0,0
BRDA:255,21,1,0
BRDA:258,22,0,0
BRDA:258,22,1,12
BRDA:263,23,0,2
BRDA:263,23,1,12
BRDA:263,24,0,14
BRDA:263,24,1,3
BRDA:263,24,2,3
BRDA:267,25,0,0
BRDA:267,25,1,12
BRDA:267,26,0,12
BRDA:267,26,1,0
BRDA:267,26,2,0
BRDA:271,27,0,1
BRDA:271,27,1,11
BRDA:271,28,0,12
BRDA:271,28,1,4
BRDA:271,28,2,4
BRDA:275,29,0,1
BRDA:275,29,1,10
BRDA:275,30,0,11
BRDA:275,30,1,4
BRDA:275,30,2,4
BRDA:279,31,0,1
BRDA:279,31,1,9
BRDA:279,32,0,10
BRDA:279,32,1,2
BRDA:279,32,2,2
BRDA:283,33,0,1
BRDA:283,33,1,8
BRDA:283,34,0,9
BRDA:283,34,1,2
BRDA:295,35,0,0
BRDA:299,36,0,0
BRDA:299,36,1,14
BRDA:300,37,0,0
BRDA:300,37,1,14
BRDA:303,38,0,0
BRDA:303,38,1,14
BRDA:303,39,0,14
BRDA:303,39,1,14
BRDA:309,40,0,0
BRDA:309,40,1,28
BRDA:309,41,0,28
BRDA:309,41,1,28
BRDA:315,42,0,0
BRDA:315,42,1,28
BRDA:316,43,0,0
BRDA:316,43,1,0
BRDA:316,44,0,0
BRDA:316,44,1,0
BRDA:318,45,0,2
BRDA:318,45,1,26
BRDA:319,46,0,2
BRDA:319,46,1,26
BRDA:320,47,0,2
BRDA:320,47,1,26
BRDA:321,48,0,2
BRDA:321,48,1,26
BRDA:322,49,0,2
BRDA:322,49,1,26
BRDA:322,50,0,0
BRDA:322,50,1,2
BRDA:327,51,0,0
BRDA:327,51,1,14
BRDA:327,52,0,14
BRDA:327,52,1,14
BRDA:332,53,0,14
BRDA:332,53,1,0
BRDA:345,54,0,18
BRDA:345,54,1,2
BRDA:370,55,0,2
BRDA:370,55,1,14
BRDA:378,56,0,0
BRDA:378,56,1,14
BRDA:380,57,0,0
BRDA:380,57,1,0
BRDA:396,58,0,0
BRDA:396,58,1,434
BRDA:396,59,0,434
BRDA:396,59,1,28
BRDA:423,60,0,9
BRDA:423,60,1,0
BRDA:436,61,0,0
BRDA:436,61,1,0
BRDA:441,62,0,0
BRDA:441,62,1,0
BRDA:452,63,0,0
BRDA:452,63,1,0
BRDA:452,64,0,0
BRDA:452,64,1,0
BRDA:461,65,0,0
BRDA:461,65,1,0
BRDA:464,66,0,0
BRDA:464,66,1,0
BRDA:476,67,0,0
BRDA:476,67,1,0
BRDA:477,68,0,0
BRDA:477,68,1,0
BRDA:509,69,0,3
BRDA:509,69,1,2
BRDA:545,70,0,3
BRDA:545,70,1,0
BRDA:570,71,0,6
BRDA:570,71,1,13
BRF:151
BRH:89
end_of_record
TN:
SF:src/background.js
FN:16,handleLastError
FN:17,(anonymous_1)
FN:27,(anonymous_2)
FN:28,(anonymous_3)
FN:29,(anonymous_4)
FN:32,(anonymous_5)
FN:38,(anonymous_6)
FN:47,(anonymous_7)
FN:56,getApiKeyFromStorage
FN:57,(anonymous_9)
FN:58,(anonymous_10)
FN:62,getDetectApiKeyFromStorage
FN:63,(anonymous_12)
FN:64,(anonymous_13)
FN:68,safeSendMessage
FN:74,calibrateLimits
FN:76,(anonymous_16)
FN:86,(anonymous_17)
FN:96,(anonymous_18)
FN:97,(anonymous_19)
FN:104,(anonymous_20)
FN:109,localDetectLanguage
FN:127,googleDetectLanguage
FN:134,(anonymous_23)
FN:145,scoreConfidence
FN:153,urlEligible
FN:157,originPattern
FN:164,hasOriginPermission
FN:165,(anonymous_28)
FN:166,(anonymous_29)
FN:169,requestOriginPermission
FN:170,(anonymous_31)
FN:171,(anonymous_32)
FN:174,injectContentScripts
FN:192,ensureInjected
FN:193,(anonymous_35)
FN:194,(anonymous_36)
FN:199,ensureInjectedAndStart
FN:203,maybeAutoInject
FN:205,(anonymous_39)
FN:207,(anonymous_40)
FN:217,(anonymous_41)
FN:226,createContextMenus
FN:228,(anonymous_43)
FN:250,(anonymous_44)
FN:258,(anonymous_45)
FN:273,(anonymous_46)
FN:282,(anonymous_47)
FN:300,(anonymous_48)
FN:307,(anonymous_49)
FN:339,logUsage
FN:345,(anonymous_51)
FN:355,setUsingPlus
FN:356,_setActiveTranslations
FN:357,_setConfig
FN:359,getAggregatedStats
FN:362,(anonymous_56)
FN:363,(anonymous_57)
FN:367,(anonymous_58)
FN:367,(anonymous_59)
FN:367,(anonymous_60)
FN:368,(anonymous_61)
FN:373,broadcastStats
FN:374,(anonymous_63)
FN:386,(anonymous_64)
FN:387,(anonymous_65)
FN:388,(anonymous_66)
FN:392,(anonymous_67)
FN:399,(anonymous_68)
FN:400,(anonymous_69)
FN:403,(anonymous_70)
FN:415,broadcastEta
FN:419,updateIcon
FN:479,updateBadge
FN:492,ensureThrottle
FN:494,(anonymous_75)
FN:497,(anonymous_76)
FN:513,selectProvider
FN:532,handleTranslate
FN:541,(anonymous_79)
FN:553,(anonymous_80)
FN:592,(anonymous_81)
FN:647,(anonymous_82)
FN:659,(anonymous_83)
FN:678,(anonymous_84)
FN:699,(anonymous_85)
FN:707,(anonymous_86)
FN:714,(anonymous_87)
FN:721,(anonymous_88)
FN:747,(anonymous_89)
FN:749,(anonymous_90)
FN:752,(anonymous_91)
FN:765,(anonymous_92)
FN:775,(anonymous_93)
FN:777,(anonymous_94)
FN:788,(anonymous_95)
FN:789,(anonymous_96)
FN:792,(anonymous_97)
FN:805,(anonymous_98)
FN:818,(anonymous_99)
FN:819,(anonymous_100)
FN:821,(anonymous_101)
FN:850,(anonymous_102)
FN:883,(anonymous_103)
FN:891,(anonymous_104)
FN:937,(anonymous_105)
FN:943,(anonymous_106)
FN:951,(anonymous_107)
FN:977,(anonymous_108)
FN:993,(anonymous_109)
FN:994,(anonymous_110)
FN:997,(anonymous_111)
FN:1010,(anonymous_112)
FN:1017,(anonymous_113)
FN:1019,(anonymous_114)
FN:1036,(anonymous_115)
FN:1040,(anonymous_116)
FN:1055,(anonymous_117)
FN:1057,(anonymous_118)
FN:1064,(anonymous_119)
FN:1075,(anonymous_120)
FN:1164,(anonymous_121)
FN:1176,(anonymous_122)
FN:1183,(anonymous_123)
FN:1185,(anonymous_124)
FN:1186,(anonymous_125)
FNF:126
FNH:56
FNDA:77,handleLastError
FNDA:0,(anonymous_1)
FNDA:3,(anonymous_2)
FNDA:1,(anonymous_3)
FNDA:1,(anonymous_4)
FNDA:1,(anonymous_5)
FNDA:0,(anonymous_6)
FNDA:22,(anonymous_7)
FNDA:10,getApiKeyFromStorage
FNDA:10,(anonymous_9)
FNDA:10,(anonymous_10)
FNDA:0,getDetectApiKeyFromStorage
FNDA:0,(anonymous_12)
FNDA:0,(anonymous_13)
FNDA:77,safeSendMessage
FNDA:22,calibrateLimits
FNDA:0,(anonymous_16)
FNDA:0,(anonymous_17)
FNDA:0,(anonymous_18)
FNDA:0,(anonymous_19)
FNDA:22,(anonymous_20)
FNDA:0,localDetectLanguage
FNDA:0,googleDetectLanguage
FNDA:0,(anonymous_23)
FNDA:7,scoreConfidence
FNDA:0,urlEligible
FNDA:0,originPattern
FNDA:0,hasOriginPermission
FNDA:0,(anonymous_28)
FNDA:0,(anonymous_29)
FNDA:0,requestOriginPermission
FNDA:0,(anonymous_31)
FNDA:0,(anonymous_32)
FNDA:0,injectContentScripts
FNDA:0,ensureInjected
FNDA:0,(anonymous_35)
FNDA:0,(anonymous_36)
FNDA:0,ensureInjectedAndStart
FNDA:0,maybeAutoInject
FNDA:0,(anonymous_39)
FNDA:0,(anonymous_40)
FNDA:0,(anonymous_41)
FNDA:24,createContextMenus
FNDA:22,(anonymous_43)
FNDA:2,(anonymous_44)
FNDA:1,(anonymous_45)
FNDA:0,(anonymous_46)
FNDA:0,(anonymous_47)
FNDA:0,(anonymous_48)
FNDA:0,(anonymous_49)
FNDA:10,logUsage
FNDA:9,(anonymous_51)
FNDA:1,setUsingPlus
FNDA:3,_setActiveTranslations
FNDA:3,_setConfig
FNDA:0,getAggregatedStats
FNDA:0,(anonymous_56)
FNDA:0,(anonymous_57)
FNDA:0,(anonymous_58)
FNDA:0,(anonymous_59)
FNDA:0,(anonymous_60)
FNDA:0,(anonymous_61)
FNDA:33,broadcastStats
FNDA:33,(anonymous_63)
FNDA:10,(anonymous_64)
FNDA:10,(anonymous_65)
FNDA:10,(anonymous_66)
FNDA:9,(anonymous_67)
FNDA:7,(anonymous_68)
FNDA:7,(anonymous_69)
FNDA:6,(anonymous_70)
FNDA:1,broadcastEta
FNDA:47,updateIcon
FNDA:47,updateBadge
FNDA:95,ensureThrottle
FNDA:22,(anonymous_75)
FNDA:22,(anonymous_76)
FNDA:9,selectProvider
FNDA:9,handleTranslate
FNDA:1,(anonymous_79)
FNDA:0,(anonymous_80)
FNDA:6,(anonymous_81)
FNDA:9,(anonymous_82)
FNDA:0,(anonymous_83)
FNDA:0,(anonymous_84)
FNDA:1,(anonymous_85)
FNDA:0,(anonymous_86)
FNDA:1,(anonymous_87)
FNDA:0,(anonymous_88)
FNDA:2,(anonymous_89)
FNDA:2,(anonymous_90)
FNDA:2,(anonymous_91)
FNDA:2,(anonymous_92)
FNDA:2,(anonymous_93)
FNDA:2,(anonymous_94)
FNDA:0,(anonymous_95)
FNDA:0,(anonymous_96)
FNDA:0,(anonymous_97)
FNDA:0,(anonymous_98)
FNDA:0,(anonymous_99)
FNDA:0,(anonymous_100)
FNDA:0,(anonymous_101)
FNDA:0,(anonymous_102)
FNDA:0,(anonymous_103)
FNDA:0,(anonymous_104)
FNDA:0,(anonymous_105)
FNDA:0,(anonymous_106)
FNDA:0,(anonymous_107)
FNDA:1,(anonymous_108)
FNDA:1,(anonymous_109)
FNDA:1,(anonymous_110)
FNDA:1,(anonymous_111)
FNDA:0,(anonymous_112)
FNDA:0,(anonymous_113)
FNDA:0,(anonymous_114)
FNDA:0,(anonymous_115)
FNDA:0,(anonymous_116)
FNDA:1,(anonymous_117)
FNDA:1,(anonymous_118)
FNDA:0,(anonymous_119)
FNDA:0,(anonymous_120)
FNDA:0,(anonymous_121)
FNDA:0,(anonymous_122)
FNDA:0,(anonymous_123)
FNDA:0,(anonymous_124)
FNDA:0,(anonymous_125)
DA:1,22
DA:4,22
DA:5,7
DA:8,22
DA:13,22
DA:17,77
DA:18,0
DA:19,0
DA:20,0
DA:25,22
DA:27,22
DA:28,22
DA:29,1
DA:31,22
DA:32,3
DA:33,1
DA:34,1
DA:38,22
DA:39,0
DA:40,0
DA:41,0
DA:45,22
DA:46,22
DA:47,22
DA:48,22
DA:49,22
DA:50,22
DA:51,22
DA:52,22
DA:57,10
DA:58,10
DA:63,0
DA:64,0
DA:69,77
DA:70,77
DA:75,22
DA:76,0
DA:77,0
DA:78,0
DA:79,0
DA:80,0
DA:81,0
DA:82,0
DA:83,0
DA:84,0
DA:86,0
DA:87,0
DA:89,0
DA:90,0
DA:91,0
DA:92,0
DA:93,0
DA:94,0
DA:95,0
DA:96,0
DA:97,0
DA:98,0
DA:99,0
DA:103,22
DA:104,22
DA:105,22
DA:110,0
DA:111,0
DA:112,0
DA:113,0
DA:121,0
DA:122,0
DA:123,0
DA:124,0
DA:125,0
DA:128,0
DA:129,0
DA:130,0
DA:131,0
DA:132,0
DA:133,0
DA:134,0
DA:135,0
DA:136,0
DA:137,0
DA:139,0
DA:140,0
DA:141,0
DA:142,0
DA:146,7
DA:147,7
DA:148,7
DA:149,7
DA:150,7
DA:154,0
DA:155,0
DA:158,0
DA:159,0
DA:160,0
DA:161,0
DA:162,0
DA:165,0
DA:166,0
DA:170,0
DA:171,0
DA:175,0
DA:176,0
DA:183,0
DA:184,0
DA:193,0
DA:194,0
DA:195,0
DA:197,0
DA:200,0
DA:201,0
DA:204,0
DA:205,0
DA:206,0
DA:207,0
DA:208,0
DA:211,0
DA:214,0
DA:215,0
DA:216,0
DA:217,0
DA:218,0
DA:220,0
DA:221,0
DA:222,0
DA:223,0
DA:227,24
DA:228,24
DA:229,22
DA:234,22
DA:239,22
DA:248,22
DA:250,22
DA:251,2
DA:252,2
DA:253,2
DA:254,2
DA:255,2
DA:256,2
DA:257,2
DA:258,2
DA:259,1
DA:260,1
DA:263,2
DA:270,0
DA:271,0
DA:272,0
DA:273,0
DA:277,0
DA:280,22
DA:282,22
DA:283,0
DA:284,0
DA:285,0
DA:286,0
DA:287,0
DA:288,0
DA:290,0
DA:291,0
DA:292,0
DA:294,0
DA:295,0
DA:296,0
DA:297,0
DA:298,0
DA:299,0
DA:300,0
DA:301,0
DA:307,22
DA:308,0
DA:309,0
DA:310,0
DA:311,0
DA:312,0
DA:313,0
DA:314,0
DA:315,0
DA:323,22
DA:324,22
DA:325,22
DA:326,22
DA:327,22
DA:328,22
DA:331,22
DA:332,22
DA:333,22
DA:334,22
DA:335,22
DA:336,22
DA:337,22
DA:340,10
DA:341,10
DA:342,10
DA:343,10
DA:344,10
DA:345,10
DA:346,9
DA:347,9
DA:349,9
DA:350,9
DA:355,1
DA:356,3
DA:357,3
DA:360,0
DA:361,0
DA:362,0
DA:363,0
DA:364,0
DA:365,0
DA:366,0
DA:367,0
DA:368,0
DA:369,0
DA:370,0
DA:374,33
DA:375,33
DA:376,33
DA:383,33
DA:384,33
DA:385,33
DA:386,33
DA:387,10
DA:388,10
DA:389,10
DA:392,9
DA:396,33
DA:397,33
DA:398,33
DA:399,10
DA:400,10
DA:401,10
DA:403,6
DA:410,33
DA:411,33
DA:416,1
DA:420,47
DA:421,47
DA:422,47
DA:423,47
DA:424,47
DA:425,47
DA:427,47
DA:429,47
DA:430,40
DA:431,40
DA:432,7
DA:433,7
DA:434,7
DA:435,7
DA:436,0
DA:437,47
DA:438,46
DA:441,46
DA:442,46
DA:443,46
DA:444,46
DA:445,46
DA:446,46
DA:447,46
DA:450,46
DA:451,46
DA:452,46
DA:453,46
DA:454,46
DA:457,46
DA:458,7
DA:459,7
DA:460,7
DA:461,7
DA:462,7
DA:466,46
DA:467,46
DA:468,46
DA:469,43
DA:470,46
DA:471,46
DA:472,46
DA:473,46
DA:475,46
DA:476,46
DA:480,47
DA:481,47
DA:482,47
DA:483,47
DA:484,47
DA:486,47
DA:488,22
DA:489,22
DA:490,22
DA:491,22
DA:493,95
DA:494,22
DA:495,22
DA:498,22
DA:503,22
DA:508,95
DA:511,22
DA:514,9
DA:515,9
DA:518,9
DA:519,10
DA:520,10
DA:521,3
DA:522,3
DA:523,3
DA:526,7
DA:529,2
DA:533,9
DA:534,9
DA:535,9
DA:536,9
DA:537,9
DA:539,9
DA:540,9
DA:541,9
DA:542,9
DA:543,9
DA:545,9
DA:546,9
DA:548,9
DA:549,9
DA:550,9
DA:551,9
DA:552,9
DA:553,0
DA:555,9
DA:556,9
DA:565,9
DA:566,9
DA:567,9
DA:568,9
DA:569,9
DA:570,9
DA:571,9
DA:572,9
DA:573,9
DA:591,6
DA:592,6
DA:593,6
DA:594,6
DA:595,6
DA:597,6
DA:599,6
DA:600,0
DA:601,0
DA:603,6
DA:604,6
DA:605,6
DA:606,6
DA:607,6
DA:609,6
DA:610,6
DA:611,6
DA:612,0
DA:613,0
DA:614,0
DA:615,0
DA:616,0
DA:618,0
DA:621,0
DA:622,0
DA:625,6
DA:627,6
DA:628,6
DA:630,3
DA:631,3
DA:632,3
DA:633,3
DA:634,3
DA:635,1
DA:636,1
DA:638,2
DA:640,9
DA:641,9
DA:642,9
DA:643,9
DA:647,22
DA:648,9
DA:649,9
DA:650,9
DA:651,9
DA:653,0
DA:654,0
DA:656,9
DA:657,0
DA:659,0
DA:660,0
DA:662,9
DA:663,0
DA:664,0
DA:665,0
DA:667,9
DA:668,0
DA:669,0
DA:671,9
DA:672,0
DA:673,0
DA:674,0
DA:675,0
DA:677,0
DA:678,0
DA:679,0
DA:680,0
DA:681,0
DA:682,0
DA:685,0
DA:686,0
DA:687,0
DA:688,0
DA:690,0
DA:691,0
DA:693,9
DA:694,0
DA:695,0
DA:696,0
DA:698,9
DA:699,1
DA:700,1
DA:701,1
DA:702,1
DA:704,1
DA:706,8
DA:707,0
DA:708,0
DA:709,0
DA:711,0
DA:713,8
DA:714,1
DA:715,1
DA:716,1
DA:718,1
DA:720,7
DA:721,0
DA:722,0
DA:723,0
DA:724,0
DA:725,0
DA:726,0
DA:727,0
DA:728,0
DA:733,0
DA:735,0
DA:737,7
DA:738,0
DA:742,0
DA:743,0
DA:744,0
DA:746,7
DA:747,2
DA:748,2
DA:749,2
DA:750,2
DA:751,2
DA:752,2
DA:753,2
DA:754,2
DA:755,2
DA:756,2
DA:757,2
DA:759,2
DA:762,2
DA:764,5
DA:765,2
DA:766,2
DA:767,2
DA:774,2
DA:775,2
DA:776,2
DA:777,2
DA:778,2
DA:785,2
DA:786,2
DA:787,2
DA:788,0
DA:789,0
DA:790,0
DA:792,0
DA:799,2
DA:802,2
DA:804,3
DA:805,0
DA:806,0
DA:807,0
DA:814,0
DA:815,0
DA:816,0
DA:817,0
DA:818,0
DA:819,0
DA:820,0
DA:821,0
DA:826,0
DA:827,0
DA:837,0
DA:839,0
DA:841,3
DA:843,0
DA:844,0
DA:848,0
DA:849,0
DA:850,0
DA:856,0
DA:864,0
DA:865,0
DA:867,3
DA:868,1
DA:869,1
DA:870,1
DA:871,1
DA:873,2
DA:874,0
DA:875,0
DA:876,0
DA:877,0
DA:878,0
DA:883,0
DA:884,0
DA:886,0
DA:887,0
DA:889,2
DA:890,0
DA:891,0
DA:892,0
DA:893,0
DA:895,0
DA:896,0
DA:898,0
DA:902,0
DA:904,0
DA:907,0
DA:909,2
DA:910,1
DA:911,1
DA:912,1
DA:913,1
DA:914,1
DA:915,1
DA:918,1
DA:919,1
DA:921,1
DA:922,0
DA:923,0
DA:924,1
DA:925,1
DA:926,1
DA:928,1
DA:929,1
DA:930,1
DA:932,1
DA:933,0
DA:934,0
DA:936,1
DA:937,0
DA:938,0
DA:940,0
DA:942,1
DA:943,0
DA:944,0
DA:946,0
DA:947,0
DA:948,0
DA:950,1
DA:951,0
DA:952,0
DA:953,0
DA:954,0
DA:955,0
DA:956,0
DA:957,0
DA:958,0
DA:959,0
DA:962,0
DA:963,0
DA:964,0
DA:966,0
DA:969,0
DA:972,0
DA:976,1
DA:977,1
DA:978,1
DA:979,1
DA:985,1
DA:990,1
DA:991,1
DA:992,1
DA:993,1
DA:994,1
DA:995,1
DA:997,1
DA:1004,1
DA:1006,1
DA:1009,0
DA:1010,0
DA:1011,0
DA:1012,0
DA:1013,0
DA:1015,0
DA:1017,0
DA:1018,0
DA:1019,0
DA:1021,0
DA:1026,0
DA:1028,0
DA:1029,0
DA:1032,0
DA:1035,0
DA:1036,0
DA:1037,0
DA:1038,0
DA:1039,0
DA:1040,0
DA:1042,0
DA:1045,0
DA:1047,0
DA:1048,0
DA:1051,0
DA:1055,22
DA:1056,1
DA:1057,1
DA:1058,1
DA:1059,1
DA:1060,1
DA:1061,1
DA:1062,1
DA:1063,1
DA:1064,1
DA:1065,1
DA:1066,1
DA:1067,1
DA:1068,1
DA:1069,1
DA:1070,1
DA:1071,1
DA:1072,1
DA:1073,1
DA:1074,1
DA:1075,0
DA:1076,0
DA:1078,0
DA:1079,0
DA:1080,0
DA:1081,0
DA:1082,0
DA:1083,0
DA:1084,0
DA:1086,0
DA:1089,0
DA:1090,0
DA:1093,0
DA:1095,0
DA:1097,1
DA:1098,1
DA:1099,1
DA:1100,0
DA:1101,0
DA:1102,0
DA:1103,0
DA:1104,0
DA:1106,0
DA:1109,0
DA:1110,0
DA:1113,1
DA:1115,1
DA:1117,1
DA:1118,1
DA:1120,0
DA:1121,0
DA:1122,0
DA:1123,0
DA:1124,0
DA:1125,0
DA:1126,0
DA:1129,1
DA:1130,1
DA:1131,1
DA:1132,1
DA:1133,1
DA:1135,1
DA:1137,0
DA:1138,0
DA:1139,0
DA:1140,0
DA:1141,0
DA:1143,0
DA:1144,0
DA:1146,0
DA:1150,0
DA:1152,0
DA:1154,0
DA:1155,0
DA:1156,0
DA:1157,0
DA:1158,0
DA:1159,0
DA:1160,0
DA:1164,1
DA:1165,0
DA:1166,0
DA:1167,0
DA:1168,0
DA:1169,0
DA:1176,22
DA:1177,0
DA:1178,0
DA:1182,22
DA:1183,0
DA:1184,0
DA:1185,0
DA:1186,0
DA:1187,0
DA:1188,0
DA:1191,0
DA:1192,0
DA:1198,22
DA:1199,22
LF:714
LH:366
BRDA:4,0,0,7
BRDA:4,0,1,15
BRDA:4,1,0,22
BRDA:4,1,1,7
BRDA:8,2,0,0
BRDA:8,2,1,22
BRDA:8,3,0,22
BRDA:8,3,1,0
BRDA:13,4,0,22
BRDA:13,4,1,0
BRDA:13,4,2,22
BRDA:19,5,0,0
BRDA:19,5,1,0
BRDA:19,6,0,0
BRDA:19,6,1,0
BRDA:20,7,0,0
BRDA:20,7,1,0
BRDA:31,8,0,3
BRDA:31,8,1,19
BRDA:40,9,0,0
BRDA:40,9,1,0
BRDA:45,10,0,22
BRDA:45,10,1,7
BRDA:49,11,0,5
BRDA:49,11,1,17
BRDA:50,12,0,1
BRDA:50,12,1,21
BRDA:50,13,0,22
BRDA:50,13,1,4
BRDA:52,14,0,4
BRDA:52,14,1,18
BRDA:52,15,0,22
BRDA:52,15,1,4
BRDA:58,16,0,10
BRDA:58,16,1,9
BRDA:64,17,0,0
BRDA:64,17,1,0
BRDA:75,18,0,22
BRDA:75,18,1,0
BRDA:75,19,0,22
BRDA:75,19,1,0
BRDA:79,20,0,0
BRDA:79,20,1,0
BRDA:79,21,0,0
BRDA:79,21,1,0
BRDA:79,21,2,0
BRDA:80,22,0,0
BRDA:80,22,1,0
BRDA:80,23,0,0
BRDA:80,23,1,0
BRDA:82,24,0,0
BRDA:82,24,1,0
BRDA:83,25,0,0
BRDA:83,25,1,0
BRDA:83,26,0,0
BRDA:83,26,1,0
BRDA:103,27,0,22
BRDA:103,27,1,0
BRDA:105,28,0,22
BRDA:105,28,1,0
BRDA:109,29,0,0
BRDA:110,30,0,0
BRDA:110,30,1,0
BRDA:112,31,0,0
BRDA:112,31,1,0
BRDA:114,32,0,0
BRDA:114,32,1,0
BRDA:115,33,0,0
BRDA:115,33,1,0
BRDA:116,34,0,0
BRDA:116,34,1,0
BRDA:117,35,0,0
BRDA:117,35,1,0
BRDA:118,36,0,0
BRDA:118,36,1,0
BRDA:119,37,0,0
BRDA:119,37,1,0
BRDA:122,38,0,0
BRDA:122,38,1,0
BRDA:123,39,0,0
BRDA:123,39,1,0
BRDA:129,40,0,0
BRDA:129,40,1,0
BRDA:131,41,0,0
BRDA:131,41,1,0
BRDA:133,42,0,0
BRDA:133,42,1,0
BRDA:135,43,0,0
BRDA:135,43,1,0
BRDA:136,44,0,0
BRDA:136,44,1,0
BRDA:136,45,0,0
BRDA:136,45,1,0
BRDA:140,46,0,0
BRDA:140,46,1,0
BRDA:140,46,2,0
BRDA:140,46,3,0
BRDA:140,46,4,0
BRDA:141,47,0,0
BRDA:141,47,1,0
BRDA:141,48,0,0
BRDA:141,48,1,0
BRDA:142,49,0,0
BRDA:142,49,1,0
BRDA:146,50,0,7
BRDA:146,50,1,0
BRDA:147,51,0,7
BRDA:147,51,1,0
BRDA:148,52,0,0
BRDA:148,52,1,7
BRDA:148,53,0,7
BRDA:148,53,1,7
BRDA:154,54,0,0
BRDA:154,54,1,0
BRDA:154,54,2,0
BRDA:160,55,0,0
BRDA:160,55,1,0
BRDA:194,56,0,0
BRDA:194,56,1,0
BRDA:197,57,0,0
BRDA:197,57,1,0
BRDA:204,58,0,0
BRDA:204,58,1,0
BRDA:208,59,0,0
BRDA:208,59,1,0
BRDA:214,60,0,0
BRDA:214,60,1,0
BRDA:214,61,0,0
BRDA:214,61,1,0
BRDA:216,62,0,0
BRDA:216,62,1,0
BRDA:220,63,0,0
BRDA:220,63,1,0
BRDA:222,64,0,0
BRDA:222,64,1,0
BRDA:252,65,0,2
BRDA:252,65,1,0
BRDA:255,66,0,2
BRDA:255,66,1,0
BRDA:259,67,0,1
BRDA:259,67,1,0
BRDA:270,68,0,0
BRDA:270,68,1,0
BRDA:280,69,0,0
BRDA:280,69,1,22
BRDA:283,70,0,0
BRDA:283,70,1,0
BRDA:283,71,0,0
BRDA:283,71,1,0
BRDA:285,72,0,0
BRDA:285,72,1,0
BRDA:290,73,0,0
BRDA:290,73,1,0
BRDA:294,74,0,0
BRDA:294,74,1,0
BRDA:295,75,0,0
BRDA:295,75,1,0
BRDA:295,76,0,0
BRDA:295,76,1,0
BRDA:297,77,0,0
BRDA:297,77,1,0
BRDA:299,78,0,0
BRDA:299,78,1,0
BRDA:308,79,0,0
BRDA:308,79,1,0
BRDA:309,80,0,0
BRDA:309,80,1,0
BRDA:310,81,0,0
BRDA:310,81,1,0
BRDA:313,82,0,0
BRDA:313,82,1,0
BRDA:313,83,0,0
BRDA:313,83,1,0
BRDA:313,83,2,0
BRDA:313,83,3,0
BRDA:346,84,0,9
BRDA:346,84,1,7
BRDA:349,85,0,0
BRDA:349,85,1,9
BRDA:362,86,0,0
BRDA:362,86,1,0
BRDA:363,87,0,0
BRDA:363,87,1,0
BRDA:364,88,0,0
BRDA:364,88,1,0
BRDA:365,89,0,0
BRDA:365,89,1,0
BRDA:366,90,0,0
BRDA:366,90,1,0
BRDA:367,91,0,0
BRDA:367,91,1,0
BRDA:367,92,0,0
BRDA:367,92,1,0
BRDA:368,93,0,0
BRDA:368,93,1,0
BRDA:377,94,0,1
BRDA:377,94,1,32
BRDA:377,95,0,4
BRDA:377,95,1,28
BRDA:378,96,0,1
BRDA:378,96,1,32
BRDA:378,97,0,32
BRDA:378,97,1,32
BRDA:378,97,2,25
BRDA:379,98,0,33
BRDA:379,98,1,32
BRDA:380,99,0,33
BRDA:380,99,1,33
BRDA:381,100,0,33
BRDA:381,100,1,32
BRDA:383,101,0,1
BRDA:383,101,1,32
BRDA:383,102,0,5
BRDA:383,102,1,27
BRDA:383,103,0,32
BRDA:383,103,1,5
BRDA:387,104,0,10
BRDA:387,104,1,0
BRDA:388,105,0,10
BRDA:388,105,1,0
BRDA:399,106,0,10
BRDA:399,106,1,0
BRDA:400,107,0,10
BRDA:400,107,1,0
BRDA:403,108,0,10
BRDA:403,108,1,0
BRDA:403,109,0,6
BRDA:403,109,1,0
BRDA:404,110,0,10
BRDA:404,110,1,3
BRDA:405,111,0,10
BRDA:405,111,1,3
BRDA:406,112,0,10
BRDA:406,112,1,10
BRDA:407,113,0,10
BRDA:407,113,1,10
BRDA:422,114,0,47
BRDA:422,114,1,0
BRDA:423,115,0,47
BRDA:423,115,1,0
BRDA:429,116,0,40
BRDA:429,116,1,7
BRDA:432,117,0,7
BRDA:432,117,1,0
BRDA:437,118,0,1
BRDA:437,118,1,46
BRDA:450,119,0,40
BRDA:450,119,1,6
BRDA:457,120,0,7
BRDA:457,120,1,39
BRDA:468,121,0,3
BRDA:468,121,1,43
BRDA:469,122,0,12
BRDA:469,122,1,31
BRDA:481,123,0,12
BRDA:481,123,1,35
BRDA:481,124,0,1
BRDA:481,124,1,11
BRDA:483,125,0,47
BRDA:483,125,1,0
BRDA:484,126,0,12
BRDA:484,126,1,35
BRDA:493,127,0,22
BRDA:493,127,1,73
BRDA:514,128,0,0
BRDA:514,128,1,9
BRDA:514,129,0,9
BRDA:514,129,1,0
BRDA:515,130,0,1
BRDA:515,130,1,8
BRDA:515,131,0,9
BRDA:515,131,1,9
BRDA:519,132,0,10
BRDA:519,132,1,6
BRDA:519,132,2,6
BRDA:520,133,0,3
BRDA:520,133,1,7
BRDA:520,134,0,10
BRDA:520,134,1,5
BRDA:523,135,0,0
BRDA:523,135,1,3
BRDA:523,136,0,3
BRDA:523,136,1,3
BRDA:523,136,2,3
BRDA:523,137,0,3
BRDA:523,137,1,2
BRDA:534,138,0,9
BRDA:534,138,1,5
BRDA:535,139,0,9
BRDA:535,139,1,0
BRDA:535,139,2,9
BRDA:536,140,0,7
BRDA:536,140,1,2
BRDA:537,141,0,0
BRDA:537,141,1,9
BRDA:541,142,0,9
BRDA:541,142,1,0
BRDA:546,143,0,9
BRDA:546,143,1,0
BRDA:548,144,0,9
BRDA:548,144,1,9
BRDA:551,145,0,9
BRDA:551,145,1,0
BRDA:552,146,0,0
BRDA:552,146,1,9
BRDA:553,147,0,0
BRDA:553,147,1,0
BRDA:554,148,0,9
BRDA:554,148,1,0
BRDA:555,149,0,9
BRDA:555,149,1,0
BRDA:557,150,0,9
BRDA:557,150,1,9
BRDA:591,151,0,6
BRDA:591,151,1,2
BRDA:593,152,0,6
BRDA:593,152,1,0
BRDA:597,153,0,0
BRDA:597,153,1,6
BRDA:599,154,0,0
BRDA:599,154,1,6
BRDA:610,155,0,6
BRDA:610,155,1,6
BRDA:611,156,0,0
BRDA:611,156,1,6
BRDA:611,157,0,6
BRDA:611,157,1,0
BRDA:611,157,2,0
BRDA:614,158,0,0
BRDA:614,158,1,0
BRDA:614,159,0,0
BRDA:614,159,1,0
BRDA:634,160,0,1
BRDA:634,160,1,2
BRDA:649,161,0,0
BRDA:649,161,1,9
BRDA:649,162,0,9
BRDA:649,162,1,0
BRDA:650,163,0,0
BRDA:650,163,1,9
BRDA:650,164,0,0
BRDA:650,164,1,0
BRDA:656,165,0,0
BRDA:656,165,1,9
BRDA:662,166,0,0
BRDA:662,166,1,9
BRDA:663,167,0,0
BRDA:663,167,1,0
BRDA:667,168,0,0
BRDA:667,168,1,9
BRDA:671,169,0,0
BRDA:671,169,1,9
BRDA:672,170,0,0
BRDA:672,170,1,0
BRDA:673,171,0,0
BRDA:673,171,1,0
BRDA:673,172,0,0
BRDA:673,172,1,0
BRDA:674,173,0,0
BRDA:674,173,1,0
BRDA:677,174,0,0
BRDA:677,174,1,0
BRDA:677,175,0,0
BRDA:677,175,1,0
BRDA:680,176,0,0
BRDA:680,176,1,0
BRDA:681,177,0,0
BRDA:681,177,1,0
BRDA:685,178,0,0
BRDA:685,178,1,0
BRDA:686,179,0,0
BRDA:686,179,1,0
BRDA:687,180,0,0
BRDA:687,180,1,0
BRDA:687,181,0,0
BRDA:687,181,1,0
BRDA:687,181,2,0
BRDA:693,182,0,0
BRDA:693,182,1,9
BRDA:694,183,0,0
BRDA:694,183,1,0
BRDA:694,184,0,0
BRDA:694,184,1,0
BRDA:698,185,0,1
BRDA:698,185,1,8
BRDA:700,186,0,1
BRDA:700,186,1,0
BRDA:700,187,0,1
BRDA:700,187,1,1
BRDA:701,188,0,1
BRDA:701,188,1,0
BRDA:701,189,0,1
BRDA:701,189,1,1
BRDA:706,190,0,0
BRDA:706,190,1,8
BRDA:708,191,0,0
BRDA:708,191,1,0
BRDA:708,192,0,0
BRDA:708,192,1,0
BRDA:713,193,0,1
BRDA:713,193,1,7
BRDA:715,194,0,1
BRDA:715,194,1,0
BRDA:715,195,0,1
BRDA:715,195,1,1
BRDA:720,196,0,0
BRDA:720,196,1,7
BRDA:722,197,0,0
BRDA:722,197,1,0
BRDA:722,198,0,0
BRDA:722,198,1,0
BRDA:722,198,2,0
BRDA:723,199,0,0
BRDA:723,199,1,0
BRDA:723,200,0,0
BRDA:723,200,1,0
BRDA:723,200,2,0
BRDA:727,201,0,0
BRDA:727,201,1,0
BRDA:727,202,0,0
BRDA:727,202,1,0
BRDA:727,202,2,0
BRDA:737,203,0,0
BRDA:737,203,1,7
BRDA:739,204,0,0
BRDA:739,204,1,0
BRDA:740,205,0,0
BRDA:740,205,1,0
BRDA:740,205,2,0
BRDA:742,206,0,0
BRDA:742,206,1,0
BRDA:742,207,0,0
BRDA:742,207,1,0
BRDA:746,208,0,2
BRDA:746,208,1,5
BRDA:752,209,0,2
BRDA:752,209,1,0
BRDA:754,210,0,2
BRDA:754,210,1,2
BRDA:755,211,0,1
BRDA:755,211,1,1
BRDA:756,212,0,2
BRDA:756,212,1,0
BRDA:764,213,0,2
BRDA:764,213,1,3
BRDA:768,214,0,1
BRDA:768,214,1,1
BRDA:768,215,0,1
BRDA:768,215,1,0
BRDA:769,216,0,1
BRDA:769,216,1,1
BRDA:769,217,0,1
BRDA:769,217,1,1
BRDA:769,217,2,0
BRDA:770,218,0,2
BRDA:770,218,1,1
BRDA:771,219,0,2
BRDA:771,219,1,2
BRDA:772,220,0,2
BRDA:772,220,1,1
BRDA:774,221,0,1
BRDA:774,221,1,1
BRDA:774,222,0,1
BRDA:774,222,1,0
BRDA:774,223,0,1
BRDA:774,223,1,1
BRDA:777,224,0,2
BRDA:777,224,1,0
BRDA:780,225,0,2
BRDA:780,225,1,0
BRDA:781,226,0,2
BRDA:781,226,1,0
BRDA:788,227,0,0
BRDA:788,227,1,0
BRDA:789,228,0,0
BRDA:789,228,1,0
BRDA:792,229,0,0
BRDA:792,229,1,0
BRDA:793,230,0,0
BRDA:793,230,1,0
BRDA:794,231,0,0
BRDA:794,231,1,0
BRDA:795,232,0,0
BRDA:795,232,1,0
BRDA:796,233,0,0
BRDA:796,233,1,0
BRDA:804,234,0,0
BRDA:804,234,1,3
BRDA:808,235,0,0
BRDA:808,235,1,0
BRDA:808,236,0,0
BRDA:808,236,1,0
BRDA:809,237,0,0
BRDA:809,237,1,0
BRDA:809,238,0,0
BRDA:809,238,1,0
BRDA:809,238,2,0
BRDA:810,239,0,0
BRDA:810,239,1,0
BRDA:811,240,0,0
BRDA:811,240,1,0
BRDA:812,241,0,0
BRDA:812,241,1,0
BRDA:814,242,0,0
BRDA:814,242,1,0
BRDA:814,243,0,0
BRDA:814,243,1,0
BRDA:814,244,0,0
BRDA:814,244,1,0
BRDA:818,245,0,0
BRDA:818,245,1,0
BRDA:819,246,0,0
BRDA:819,246,1,0
BRDA:821,247,0,0
BRDA:821,247,1,0
BRDA:822,248,0,0
BRDA:822,248,1,0
BRDA:822,249,0,0
BRDA:822,249,1,0
BRDA:823,250,0,0
BRDA:823,250,1,0
BRDA:823,251,0,0
BRDA:823,251,1,0
BRDA:833,252,0,0
BRDA:833,252,1,0
BRDA:841,253,0,0
BRDA:841,253,1,3
BRDA:843,254,0,0
BRDA:843,254,1,0
BRDA:843,255,0,0
BRDA:843,255,1,0
BRDA:849,256,0,0
BRDA:849,256,1,0
BRDA:849,257,0,0
BRDA:849,257,1,0
BRDA:852,258,0,0
BRDA:852,258,1,0
BRDA:867,259,0,1
BRDA:867,259,1,2
BRDA:868,260,0,1
BRDA:868,260,1,0
BRDA:868,261,0,1
BRDA:868,261,1,1
BRDA:869,262,0,1
BRDA:869,262,1,0
BRDA:873,263,0,0
BRDA:873,263,1,2
BRDA:875,264,0,0
BRDA:875,264,1,0
BRDA:876,265,0,0
BRDA:876,265,1,0
BRDA:876,265,2,0
BRDA:877,266,0,0
BRDA:877,266,1,0
BRDA:877,267,0,0
BRDA:877,267,1,0
BRDA:879,268,0,0
BRDA:879,268,1,0
BRDA:879,268,2,0
BRDA:879,268,3,0
BRDA:880,269,0,0
BRDA:880,269,1,0
BRDA:880,269,2,0
BRDA:880,269,3,0
BRDA:881,270,0,0
BRDA:881,270,1,0
BRDA:889,271,0,0
BRDA:889,271,1,2
BRDA:890,272,0,0
BRDA:890,272,1,0
BRDA:893,273,0,0
BRDA:893,273,1,0
BRDA:895,274,0,0
BRDA:895,274,1,0
BRDA:895,275,0,0
BRDA:895,275,1,0
BRDA:898,276,0,0
BRDA:898,276,1,0
BRDA:909,277,0,1
BRDA:909,277,1,1
BRDA:910,278,0,1
BRDA:910,278,1,0
BRDA:911,279,0,1
BRDA:911,279,1,0
BRDA:911,280,0,1
BRDA:911,280,1,1
BRDA:914,281,0,1
BRDA:914,281,1,0
BRDA:915,282,0,1
BRDA:915,282,1,0
BRDA:918,283,0,1
BRDA:918,283,1,0
BRDA:919,284,0,1
BRDA:919,284,1,0
BRDA:921,285,0,0
BRDA:921,285,1,1
BRDA:921,286,0,1
BRDA:921,286,1,1
BRDA:924,287,0,1
BRDA:924,287,1,0
BRDA:932,288,0,0
BRDA:932,288,1,1
BRDA:936,289,0,0
BRDA:936,289,1,1
BRDA:942,290,0,0
BRDA:942,290,1,1
BRDA:950,291,0,0
BRDA:950,291,1,1
BRDA:954,292,0,0
BRDA:954,292,1,0
BRDA:956,293,0,0
BRDA:956,293,1,0
BRDA:956,294,0,0
BRDA:956,294,1,0
BRDA:958,295,0,0
BRDA:958,295,1,0
BRDA:958,296,0,0
BRDA:958,296,1,0
BRDA:962,297,0,0
BRDA:962,297,1,0
BRDA:969,298,0,0
BRDA:969,298,1,0
BRDA:969,298,2,0
BRDA:976,299,0,1
BRDA:976,299,1,0
BRDA:980,300,0,0
BRDA:980,300,1,1
BRDA:980,301,0,1
BRDA:980,301,1,0
BRDA:981,302,0,0
BRDA:981,302,1,1
BRDA:981,303,0,1
BRDA:981,303,1,1
BRDA:981,303,2,0
BRDA:982,304,0,1
BRDA:982,304,1,1
BRDA:983,305,0,1
BRDA:983,305,1,1
BRDA:986,306,0,0
BRDA:986,306,1,1
BRDA:986,307,0,1
BRDA:986,307,1,1
BRDA:987,308,0,0
BRDA:987,308,1,1
BRDA:987,309,0,1
BRDA:987,309,1,1
BRDA:993,310,0,1
BRDA:993,310,1,0
BRDA:994,311,0,1
BRDA:994,311,1,0
BRDA:997,312,0,1
BRDA:997,312,1,0
BRDA:998,313,0,1
BRDA:998,313,1,0
BRDA:999,314,0,1
BRDA:999,314,1,0
BRDA:1000,315,0,1
BRDA:1000,315,1,1
BRDA:1001,316,0,1
BRDA:1001,316,1,1
BRDA:1009,317,0,0
BRDA:1009,317,1,0
BRDA:1015,318,0,0
BRDA:1015,318,1,0
BRDA:1035,319,0,0
BRDA:1035,319,1,0
BRDA:1039,320,0,0
BRDA:1039,320,1,0
BRDA:1056,321,0,0
BRDA:1056,321,1,1
BRDA:1058,322,0,0
BRDA:1058,322,1,1
BRDA:1058,323,0,1
BRDA:1058,323,1,1
BRDA:1059,324,0,1
BRDA:1059,324,1,0
BRDA:1061,325,0,0
BRDA:1061,325,1,1
BRDA:1061,326,0,1
BRDA:1061,326,1,1
BRDA:1064,327,0,1
BRDA:1064,327,1,0
BRDA:1068,328,0,1
BRDA:1068,328,1,0
BRDA:1068,329,0,1
BRDA:1068,329,1,1
BRDA:1068,330,0,0
BRDA:1068,330,1,0
BRDA:1072,331,0,1
BRDA:1072,331,1,0
BRDA:1074,332,0,0
BRDA:1074,332,1,1
BRDA:1074,333,0,1
BRDA:1074,333,1,1
BRDA:1078,334,0,0
BRDA:1078,334,1,0
BRDA:1079,335,0,0
BRDA:1079,335,1,0
BRDA:1079,336,0,0
BRDA:1079,336,1,0
BRDA:1079,336,2,0
BRDA:1082,337,0,0
BRDA:1082,337,1,0
BRDA:1082,338,0,0
BRDA:1082,338,1,0
BRDA:1098,339,0,1
BRDA:1098,339,1,1
BRDA:1099,340,0,0
BRDA:1099,340,1,1
BRDA:1099,341,0,1
BRDA:1099,341,1,0
BRDA:1099,341,2,0
BRDA:1102,342,0,0
BRDA:1102,342,1,0
BRDA:1102,343,0,0
BRDA:1102,343,1,0
BRDA:1124,344,0,0
BRDA:1124,344,1,0
BRDA:1125,345,0,0
BRDA:1125,345,1,0
BRDA:1137,346,0,0
BRDA:1137,346,1,0
BRDA:1139,347,0,0
BRDA:1139,347,1,0
BRDA:1139,348,0,0
BRDA:1139,348,1,0
BRDA:1141,349,0,0
BRDA:1141,349,1,0
BRDA:1143,350,0,0
BRDA:1143,350,1,0
BRDA:1143,351,0,0
BRDA:1143,351,1,0
BRDA:1146,352,0,0
BRDA:1146,352,1,0
BRDA:1155,353,0,0
BRDA:1155,353,1,0
BRDA:1155,354,0,0
BRDA:1155,354,1,0
BRDA:1157,355,0,0
BRDA:1157,355,1,0
BRDA:1166,356,0,0
BRDA:1166,356,1,0
BRDA:1177,357,0,0
BRDA:1177,357,1,0
BRDA:1177,358,0,0
BRDA:1177,358,1,0
BRDA:1177,358,2,0
BRDA:1177,358,3,0
BRDA:1182,359,0,0
BRDA:1182,359,1,22
BRDA:1182,360,0,22
BRDA:1182,360,1,22
BRDA:1187,361,0,0
BRDA:1187,361,1,0
BRDA:1191,362,0,0
BRDA:1191,362,1,0
BRDA:1191,363,0,0
BRDA:1191,363,1,0
BRDA:1191,363,2,0
BRDA:1198,364,0,22
BRDA:1198,364,1,0
BRF:761
BRH:278
end_of_record
TN:
SF:src/cache.js
FN:15,(anonymous_0)
FN:18,encodeCacheValue
FN:28,decodeCacheValue
FN:49,(anonymous_3)
FN:50,(anonymous_4)
FN:54,(anonymous_5)
FN:74,(anonymous_6)
FN:93,persistCache
FN:96,(anonymous_8)
FN:110,getCache
FN:125,setCache
FN:135,removeCache
FN:138,(anonymous_12)
FN:163,qwenClearCache
FN:175,qwenGetCacheSize
FN:179,qwenGetCompressionErrors
FN:183,qwenGetCacheStats
FN:189,qwenGetDomainCounts
FN:191,(anonymous_18)
FN:198,qwenClearCacheDomain
FN:199,(anonymous_20)
FN:204,qwenClearCacheLangPair
FN:205,(anonymous_22)
FN:211,_setMaxCacheEntries
FN:215,_setCacheTTL
FN:219,qwenSetCacheLimit
FN:223,qwenSetCacheTTL
FN:227,_setCacheEntryTimestamp
FN:234,qwenResetCacheStats
FNF:29
FNH:26
FNDA:23,(anonymous_0)
FNDA:16,encodeCacheValue
FNDA:1,decodeCacheValue
FNDA:20,(anonymous_3)
FNDA:20,(anonymous_4)
FNDA:1,(anonymous_5)
FNDA:0,(anonymous_6)
FNDA:16,persistCache
FNDA:16,(anonymous_8)
FNDA:11,getCache
FNDA:15,setCache
FNDA:8,removeCache
FNDA:8,(anonymous_12)
FNDA:2,qwenClearCache
FNDA:1,qwenGetCacheSize
FNDA:0,qwenGetCompressionErrors
FNDA:2,qwenGetCacheStats
FNDA:1,qwenGetDomainCounts
FNDA:2,(anonymous_18)
FNDA:1,qwenClearCacheDomain
FNDA:3,(anonymous_20)
FNDA:1,qwenClearCacheLangPair
FNDA:1,(anonymous_22)
FNDA:6,_setMaxCacheEntries
FNDA:2,_setCacheTTL
FNDA:6,qwenSetCacheLimit
FNDA:0,qwenSetCacheTTL
FNDA:1,_setCacheEntryTimestamp
FNDA:2,qwenResetCacheStats
DA:1,23
DA:2,23
DA:3,23
DA:4,23
DA:6,23
DA:7,23
DA:8,23
DA:10,23
DA:11,0
DA:13,23
DA:15,23
DA:19,16
DA:20,16
DA:21,16
DA:23,0
DA:24,0
DA:29,1
DA:30,1
DA:31,1
DA:32,1
DA:33,1
DA:34,0
DA:36,1
DA:37,1
DA:40,0
DA:41,0
DA:43,0
DA:44,0
DA:48,23
DA:49,20
DA:50,20
DA:51,20
DA:52,20
DA:53,20
DA:54,20
DA:55,1
DA:56,1
DA:57,0
DA:58,0
DA:61,20
DA:62,0
DA:64,20
DA:66,20
DA:69,3
DA:70,3
DA:71,3
DA:72,3
DA:73,3
DA:74,3
DA:75,0
DA:76,0
DA:77,0
DA:78,0
DA:81,3
DA:82,0
DA:84,3
DA:87,0
DA:88,0
DA:94,16
DA:95,16
DA:96,16
DA:97,16
DA:98,16
DA:99,16
DA:101,0
DA:102,0
DA:103,0
DA:104,0
DA:105,0
DA:111,11
DA:112,11
DA:113,5
DA:114,5
DA:116,6
DA:117,1
DA:118,1
DA:119,1
DA:121,5
DA:122,5
DA:126,15
DA:127,15
DA:128,15
DA:129,3
DA:130,3
DA:132,15
DA:136,8
DA:137,8
DA:138,8
DA:139,8
DA:140,8
DA:141,8
DA:142,5
DA:144,3
DA:147,0
DA:148,0
DA:149,0
DA:150,0
DA:151,0
DA:152,0
DA:154,0
DA:155,0
DA:156,0
DA:158,0
DA:164,2
DA:165,2
DA:166,2
DA:167,2
DA:168,2
DA:169,2
DA:170,0
DA:171,0
DA:176,1
DA:180,0
DA:184,2
DA:185,2
DA:186,2
DA:190,1
DA:191,1
DA:192,2
DA:193,2
DA:195,1
DA:199,1
DA:200,3
DA:205,1
DA:206,1
DA:207,1
DA:212,6
DA:216,2
DA:220,6
DA:224,0
DA:228,1
DA:229,1
DA:230,1
DA:231,1
DA:235,2
DA:236,2
DA:239,23
DA:259,23
DA:260,23
DA:261,23
DA:262,0
DA:263,0
DA:264,0
DA:266,23
DA:267,23
LF:145
LH:105
BRDA:10,0,0,0
BRDA:10,0,1,23
BRDA:13,1,0,23
BRDA:13,1,1,23
BRDA:13,1,2,23
BRDA:13,1,3,23
BRDA:13,1,4,23
BRDA:15,2,0,23
BRDA:15,2,1,0
BRDA:21,3,0,16
BRDA:21,3,1,0
BRDA:29,4,0,0
BRDA:29,4,1,1
BRDA:30,5,0,1
BRDA:30,5,1,0
BRDA:33,6,0,1
BRDA:33,6,1,0
BRDA:48,7,0,20
BRDA:48,7,1,3
BRDA:48,8,0,23
BRDA:48,8,1,22
BRDA:48,8,2,20
BRDA:51,9,0,1
BRDA:51,9,1,19
BRDA:51,10,0,20
BRDA:51,10,1,20
BRDA:56,11,0,0
BRDA:56,11,1,1
BRDA:56,12,0,1
BRDA:56,12,1,0
BRDA:56,12,2,0
BRDA:61,13,0,0
BRDA:61,13,1,20
BRDA:69,14,0,3
BRDA:69,14,1,0
BRDA:69,15,0,3
BRDA:69,15,1,3
BRDA:71,16,0,3
BRDA:71,16,1,3
BRDA:76,17,0,0
BRDA:76,17,1,0
BRDA:76,18,0,0
BRDA:76,18,1,0
BRDA:76,18,2,0
BRDA:81,19,0,0
BRDA:81,19,1,3
BRDA:95,20,0,16
BRDA:95,20,1,0
BRDA:95,21,0,16
BRDA:95,21,1,16
BRDA:95,21,2,16
BRDA:97,22,0,9
BRDA:97,22,1,7
BRDA:97,23,0,16
BRDA:97,23,1,16
BRDA:101,24,0,0
BRDA:101,24,1,0
BRDA:103,25,0,0
BRDA:103,25,1,0
BRDA:112,26,0,5
BRDA:112,26,1,6
BRDA:116,27,0,1
BRDA:116,27,1,5
BRDA:116,28,0,6
BRDA:116,28,1,6
BRDA:126,29,0,15
BRDA:126,29,1,15
BRDA:128,30,0,3
BRDA:128,30,1,12
BRDA:137,31,0,8
BRDA:137,31,1,0
BRDA:137,32,0,8
BRDA:137,32,1,8
BRDA:137,32,2,8
BRDA:139,33,0,8
BRDA:139,33,1,0
BRDA:139,34,0,8
BRDA:139,34,1,8
BRDA:141,35,0,5
BRDA:141,35,1,3
BRDA:147,36,0,0
BRDA:147,36,1,0
BRDA:151,37,0,0
BRDA:151,37,1,0
BRDA:154,38,0,0
BRDA:154,38,1,0
BRDA:154,39,0,0
BRDA:154,39,1,0
BRDA:168,40,0,2
BRDA:168,40,1,0
BRDA:168,41,0,2
BRDA:168,41,1,2
BRDA:168,41,2,2
BRDA:170,42,0,0
BRDA:170,42,1,0
BRDA:185,43,0,1
BRDA:185,43,1,1
BRDA:192,44,0,2
BRDA:192,44,1,0
BRDA:193,45,0,2
BRDA:193,45,1,2
BRDA:200,46,0,2
BRDA:200,46,1,1
BRDA:207,47,0,1
BRDA:207,47,1,0
BRDA:207,48,0,1
BRDA:207,48,1,1
BRDA:229,49,0,1
BRDA:229,49,1,0
BRDA:259,50,0,23
BRDA:259,50,1,0
BRDA:262,51,0,0
BRDA:262,51,1,0
BRDA:266,52,0,23
BRDA:266,52,1,0
BRF:115
BRH:73
end_of_record
TN:
SF:src/config.js
FN:1,(anonymous_0)
FN:63,migrate
FN:65,mapStrategy
FN:73,(anonymous_3)
FN:126,qwenLoadConfig
FN:129,(anonymous_5)
FN:130,(anonymous_6)
FN:132,(anonymous_7)
FN:146,qwenSaveConfig
FN:150,(anonymous_9)
FN:168,(anonymous_10)
FNF:11
FNH:11
FNDA:6,(anonymous_0)
FNDA:5,migrate
FNDA:20,mapStrategy
FNDA:15,(anonymous_3)
FNDA:5,qwenLoadConfig
FNDA:5,(anonymous_5)
FNDA:5,(anonymous_6)
FNDA:5,(anonymous_7)
FNDA:1,qwenSaveConfig
FNDA:8,(anonymous_9)
FNDA:1,(anonymous_10)
DA:1,6
DA:3,6
DA:10,0
DA:11,0
DA:12,0
DA:14,0
DA:17,6
DA:19,6
DA:57,6
DA:64,5
DA:66,20
DA:67,20
DA:68,20
DA:70,5
DA:71,5
DA:72,5
DA:73,5
DA:74,15
DA:75,15
DA:76,15
DA:77,15
DA:78,15
DA:79,15
DA:81,15
DA:82,15
DA:83,15
DA:85,15
DA:86,15
DA:87,15
DA:88,15
DA:90,5
DA:91,5
DA:92,5
DA:93,5
DA:94,5
DA:95,5
DA:96,5
DA:97,5
DA:98,5
DA:99,5
DA:100,5
DA:101,5
DA:102,5
DA:103,5
DA:104,5
DA:105,5
DA:106,5
DA:107,5
DA:108,5
DA:109,5
DA:110,5
DA:111,0
DA:113,5
DA:114,5
DA:115,0
DA:117,5
DA:118,5
DA:119,5
DA:121,5
DA:123,5
DA:128,5
DA:129,5
DA:130,5
DA:131,5
DA:132,5
DA:138,0
DA:139,0
DA:143,0
DA:148,1
DA:149,1
DA:150,8
DA:151,1
DA:152,1
DA:167,1
DA:168,1
DA:169,1
DA:172,0
DA:175,6
DA:177,6
DA:178,6
DA:180,6
DA:181,6
DA:182,6
DA:183,6
DA:184,6
DA:185,6
DA:186,6
DA:192,0
LF:88
LH:77
BRDA:3,0,0,0
BRDA:3,0,1,6
BRDA:4,1,0,6
BRDA:4,1,1,6
BRDA:4,1,2,0
BRDA:4,1,3,0
BRDA:4,1,4,0
BRDA:4,1,5,0
BRDA:10,2,0,0
BRDA:10,2,1,0
BRDA:11,3,0,0
BRDA:11,3,1,0
BRDA:63,4,0,0
BRDA:66,5,0,0
BRDA:66,5,1,20
BRDA:67,6,0,0
BRDA:67,6,1,20
BRDA:70,7,0,0
BRDA:70,7,1,5
BRDA:70,8,0,5
BRDA:70,8,1,5
BRDA:71,9,0,5
BRDA:71,9,1,3
BRDA:72,10,0,5
BRDA:72,10,1,0
BRDA:74,11,0,5
BRDA:74,11,1,10
BRDA:74,12,0,0
BRDA:74,12,1,5
BRDA:74,13,0,5
BRDA:74,13,1,5
BRDA:75,14,0,15
BRDA:75,14,1,0
BRDA:76,15,0,15
BRDA:76,15,1,0
BRDA:77,16,0,15
BRDA:77,16,1,0
BRDA:78,17,0,0
BRDA:78,17,1,15
BRDA:81,18,0,15
BRDA:81,18,1,0
BRDA:82,19,0,0
BRDA:82,19,1,15
BRDA:85,20,0,15
BRDA:85,20,1,0
BRDA:86,21,0,0
BRDA:86,21,1,15
BRDA:87,22,0,15
BRDA:87,22,1,0
BRDA:87,23,0,15
BRDA:87,23,1,0
BRDA:88,24,0,15
BRDA:88,24,1,0
BRDA:88,25,0,15
BRDA:88,25,1,0
BRDA:88,26,0,0
BRDA:88,26,1,15
BRDA:90,27,0,1
BRDA:90,27,1,4
BRDA:90,28,0,5
BRDA:90,28,1,1
BRDA:91,29,0,5
BRDA:91,29,1,0
BRDA:91,30,0,5
BRDA:91,30,1,5
BRDA:92,31,0,5
BRDA:92,31,1,0
BRDA:92,32,0,5
BRDA:92,32,1,5
BRDA:94,33,0,5
BRDA:94,33,1,0
BRDA:94,34,0,5
BRDA:94,34,1,5
BRDA:94,35,0,5
BRDA:94,35,1,0
BRDA:95,36,0,5
BRDA:95,36,1,4
BRDA:95,36,2,4
BRDA:96,37,0,5
BRDA:96,37,1,0
BRDA:96,37,2,0
BRDA:97,38,0,5
BRDA:97,38,1,0
BRDA:97,38,2,0
BRDA:98,39,0,5
BRDA:98,39,1,0
BRDA:99,40,0,5
BRDA:99,40,1,0
BRDA:100,41,0,5
BRDA:100,41,1,5
BRDA:101,42,0,5
BRDA:101,42,1,0
BRDA:102,43,0,5
BRDA:102,43,1,5
BRDA:103,44,0,5
BRDA:103,44,1,0
BRDA:104,45,0,0
BRDA:104,45,1,5
BRDA:105,46,0,0
BRDA:105,46,1,5
BRDA:106,47,0,0
BRDA:106,47,1,5
BRDA:106,48,0,5
BRDA:106,48,1,5
BRDA:107,49,0,0
BRDA:107,49,1,5
BRDA:108,50,0,0
BRDA:108,50,1,5
BRDA:110,51,0,0
BRDA:110,51,1,5
BRDA:110,52,0,5
BRDA:110,52,1,5
BRDA:114,53,0,0
BRDA:114,53,1,5
BRDA:114,54,0,5
BRDA:114,54,1,5
BRDA:117,55,0,5
BRDA:117,55,1,0
BRDA:117,56,0,5
BRDA:117,56,1,5
BRDA:117,56,2,5
BRDA:118,57,0,5
BRDA:118,57,1,0
BRDA:118,58,0,5
BRDA:118,58,1,5
BRDA:128,59,0,5
BRDA:128,59,1,0
BRDA:128,60,0,5
BRDA:128,60,1,5
BRDA:128,60,2,5
BRDA:138,61,0,0
BRDA:138,61,1,0
BRDA:138,62,0,0
BRDA:138,62,1,0
BRDA:148,63,0,1
BRDA:148,63,1,0
BRDA:148,64,0,1
BRDA:148,64,1,1
BRDA:148,64,2,1
BRDA:149,65,0,1
BRDA:149,65,1,0
BRDA:150,66,0,8
BRDA:150,66,1,0
BRDA:150,67,0,8
BRDA:150,67,1,8
BRDA:151,68,0,1
BRDA:151,68,1,0
BRDA:153,69,0,1
BRDA:153,69,1,1
BRDA:177,70,0,6
BRDA:177,70,1,0
BRDA:180,71,0,6
BRDA:180,71,1,0
BRDA:186,72,0,0
BRDA:186,72,1,6
BRDA:187,73,0,6
BRDA:187,73,1,6
BRDA:187,73,2,0
BRDA:187,73,3,0
BRDA:187,73,4,0
BRDA:192,74,0,0
BRDA:192,74,1,0
BRF:162
BRH:96
end_of_record
TN:
SF:src/contentScript.js
FN:29,(anonymous_0)
FN:30,(anonymous_1)
FN:49,(anonymous_2)
FN:53,(anonymous_3)
FN:54,(anonymous_4)
FN:58,(anonymous_5)
FN:70,(anonymous_6)
FN:96,cleanupControllers
FN:97,(anonymous_8)
FN:103,onBeforeUnload
FN:109,handleLastError
FN:110,(anonymous_11)
FN:117,safeSendMessage
FN:125,ensureThemeCss
FN:128,(anonymous_14)
FN:151,replacePdfEmbeds
FN:158,(anonymous_16)
FN:170,loadGlossary
FN:173,(anonymous_18)
FN:174,(anonymous_19)
FN:184,setStatus
FN:206,clearStatus
FN:211,updateProgressHud
FN:230,(anonymous_23)
FN:233,(anonymous_24)
FN:245,updateTopProgressBar
FN:261,hideTopProgressBar
FN:265,(anonymous_27)
FN:271,showError
FN:275,setupPrefetchObserver
FN:281,(anonymous_30)
FN:283,(anonymous_31)
FN:289,(anonymous_32)
FN:297,prefetchNodes
FN:301,(anonymous_34)
FN:321,(anonymous_35)
FN:328,(anonymous_36)
FN:340,(anonymous_37)
FN:351,(anonymous_38)
FN:367,(anonymous_39)
FN:374,(anonymous_40)
FN:380,mark
FN:387,(anonymous_42)
FN:396,(anonymous_43)
FN:404,markUntranslatable
FN:412,scoreConfidence
FN:420,addFeedbackUI
FN:437,(anonymous_47)
FN:442,(anonymous_48)
FN:446,(anonymous_49)
FN:451,(anonymous_50)
FN:459,(anonymous_51)
FN:464,(anonymous_52)
FN:470,removeSelectionBubble
FN:477,showSelectionBubble
FN:481,(anonymous_55)
FN:518,(anonymous_56)
FN:569,(anonymous_57)
FN:575,(anonymous_58)
FN:580,(anonymous_59)
FN:615,handleSelection
FN:616,(anonymous_61)
FN:627,isMarked
FN:639,isVisible
FN:648,shouldTranslate
FN:655,translateNode
FN:667,(anonymous_66)
FN:713,(anonymous_67)
FN:727,translateBatch
FN:730,(anonymous_69)
FN:731,(anonymous_70)
FN:735,(anonymous_71)
FN:756,(anonymous_72)
FN:766,(anonymous_73)
FN:808,enqueueBatch
FN:815,processQueue
FN:827,(anonymous_76)
FN:838,(anonymous_77)
FN:856,batchNodes
FN:861,(anonymous_79)
FN:863,(anonymous_80)
FN:880,(anonymous_81)
FN:883,collectNodes
FN:892,(anonymous_83)
FN:898,(anonymous_84)
FN:904,flushPending
FN:906,(anonymous_86)
FN:912,scheduleScan
FN:918,scan
FN:924,observe
FN:925,(anonymous_90)
FN:927,(anonymous_91)
FN:938,(anonymous_92)
FN:944,stop
FN:945,(anonymous_94)
FN:961,start
FN:976,scanDocument
FN:994,(anonymous_97)
FN:1012,(anonymous_98)
FN:1039,(anonymous_99)
FN:1057,(anonymous_100)
FN:1066,(anonymous_101)
FN:1068,(anonymous_102)
FN:1081,(anonymous_103)
FN:1109,(anonymous_104)
FN:1122,initConfig
FN:1123,(anonymous_106)
FN:1129,(anonymous_107)
FN:1132,(anonymous_108)
FN:1138,(anonymous_109)
FN:1151,(anonymous_110)
FN:1193,(anonymous_111)
FN:1196,(anonymous_112)
FNF:113
FNH:60
FNDA:0,(anonymous_0)
FNDA:0,(anonymous_1)
FNDA:0,(anonymous_2)
FNDA:0,(anonymous_3)
FNDA:0,(anonymous_4)
FNDA:0,(anonymous_5)
FNDA:0,(anonymous_6)
FNDA:5,cleanupControllers
FNDA:1,(anonymous_8)
FNDA:2,onBeforeUnload
FNDA:44,handleLastError
FNDA:0,(anonymous_11)
FNDA:44,safeSendMessage
FNDA:9,ensureThemeCss
FNDA:5,(anonymous_14)
FNDA:6,replacePdfEmbeds
FNDA:0,(anonymous_16)
FNDA:9,loadGlossary
FNDA:0,(anonymous_18)
FNDA:0,(anonymous_19)
FNDA:16,setStatus
FNDA:7,clearStatus
FNDA:23,updateProgressHud
FNDA:3,(anonymous_23)
FNDA:0,(anonymous_24)
FNDA:14,updateTopProgressBar
FNDA:3,hideTopProgressBar
FNDA:0,(anonymous_27)
FNDA:3,showError
FNDA:3,setupPrefetchObserver
FNDA:0,(anonymous_30)
FNDA:0,(anonymous_31)
FNDA:0,(anonymous_32)
FNDA:3,prefetchNodes
FNDA:0,(anonymous_34)
FNDA:0,(anonymous_35)
FNDA:0,(anonymous_36)
FNDA:0,(anonymous_37)
FNDA:0,(anonymous_38)
FNDA:0,(anonymous_39)
FNDA:0,(anonymous_40)
FNDA:13,mark
FNDA:1,(anonymous_42)
FNDA:0,(anonymous_43)
FNDA:9,markUntranslatable
FNDA:12,scoreConfidence
FNDA:13,addFeedbackUI
FNDA:0,(anonymous_47)
FNDA:0,(anonymous_48)
FNDA:0,(anonymous_49)
FNDA:0,(anonymous_50)
FNDA:0,(anonymous_51)
FNDA:0,(anonymous_52)
FNDA:2,removeSelectionBubble
FNDA:2,showSelectionBubble
FNDA:4,(anonymous_55)
FNDA:2,(anonymous_56)
FNDA:0,(anonymous_57)
FNDA:0,(anonymous_58)
FNDA:0,(anonymous_59)
FNDA:2,handleSelection
FNDA:2,(anonymous_61)
FNDA:25,isMarked
FNDA:25,isVisible
FNDA:26,shouldTranslate
FNDA:0,translateNode
FNDA:0,(anonymous_66)
FNDA:0,(anonymous_67)
FNDA:17,translateBatch
FNDA:24,(anonymous_69)
FNDA:24,(anonymous_70)
FNDA:0,(anonymous_71)
FNDA:1,(anonymous_72)
FNDA:21,(anonymous_73)
FNDA:7,enqueueBatch
FNDA:3,processQueue
FNDA:0,(anonymous_76)
FNDA:0,(anonymous_77)
FNDA:3,batchNodes
FNDA:2,(anonymous_79)
FNDA:10,(anonymous_80)
FNDA:7,(anonymous_81)
FNDA:11,collectNodes
FNDA:0,(anonymous_83)
FNDA:27,(anonymous_84)
FNDA:0,flushPending
FNDA:0,(anonymous_86)
FNDA:0,scheduleScan
FNDA:0,scan
FNDA:3,observe
FNDA:14,(anonymous_90)
FNDA:11,(anonymous_91)
FNDA:28,(anonymous_92)
FNDA:3,stop
FNDA:2,(anonymous_94)
FNDA:3,start
FNDA:3,scanDocument
FNDA:0,(anonymous_97)
FNDA:10,(anonymous_98)
FNDA:0,(anonymous_99)
FNDA:0,(anonymous_100)
FNDA:0,(anonymous_101)
FNDA:0,(anonymous_102)
FNDA:4,(anonymous_103)
FNDA:0,(anonymous_104)
FNDA:6,initConfig
FNDA:6,(anonymous_106)
FNDA:0,(anonymous_107)
FNDA:0,(anonymous_108)
FNDA:1,(anonymous_109)
FNDA:0,(anonymous_110)
FNDA:11,(anonymous_111)
FNDA:2,(anonymous_112)
DA:1,8
DA:3,2
DA:4,2
DA:7,6
DA:8,6
DA:11,6
DA:12,6
DA:15,6
DA:16,6
DA:17,6
DA:18,0
DA:21,6
DA:22,6
DA:23,6
DA:26,0
DA:28,0
DA:29,0
DA:30,0
DA:35,6
DA:36,6
DA:37,6
DA:38,0
DA:41,6
DA:42,6
DA:43,6
DA:46,0
DA:48,0
DA:50,0
DA:51,0
DA:54,0
DA:55,0
DA:56,0
DA:57,0
DA:58,0
DA:59,0
DA:60,0
DA:63,0
DA:65,0
DA:66,0
DA:71,0
DA:72,0
DA:76,6
DA:78,6
DA:79,6
DA:81,6
DA:83,6
DA:84,6
DA:85,6
DA:88,6
DA:89,6
DA:90,6
DA:93,6
DA:94,6
DA:97,5
DA:98,1
DA:100,5
DA:104,2
DA:105,2
DA:107,6
DA:110,44
DA:111,0
DA:112,0
DA:113,0
DA:118,44
DA:119,44
DA:121,0
DA:126,9
DA:127,9
DA:128,9
DA:129,5
DA:131,9
DA:132,4
DA:133,4
DA:134,4
DA:135,4
DA:136,4
DA:139,9
DA:140,4
DA:141,4
DA:142,4
DA:143,4
DA:144,4
DA:152,6
DA:153,6
DA:154,6
DA:159,0
DA:160,0
DA:161,0
DA:162,0
DA:163,0
DA:164,0
DA:165,0
DA:168,6
DA:171,9
DA:172,0
DA:173,0
DA:174,0
DA:175,0
DA:176,0
DA:177,0
DA:179,0
DA:185,16
DA:186,16
DA:187,5
DA:188,5
DA:189,5
DA:191,5
DA:192,5
DA:193,5
DA:194,5
DA:195,5
DA:196,5
DA:198,16
DA:199,16
DA:200,16
DA:201,16
DA:202,16
DA:203,16
DA:207,7
DA:208,7
DA:212,23
DA:213,14
DA:214,3
DA:215,3
DA:216,3
DA:217,3
DA:218,3
DA:219,3
DA:220,3
DA:221,3
DA:223,14
DA:224,14
DA:227,14
DA:229,14
DA:230,3
DA:231,3
DA:232,3
DA:233,3
DA:234,0
DA:235,0
DA:236,0
DA:240,3
DA:246,14
DA:247,14
DA:248,3
DA:249,3
DA:250,3
DA:251,3
DA:252,3
DA:253,3
DA:256,14
DA:257,14
DA:258,14
DA:262,3
DA:263,3
DA:264,3
DA:265,3
DA:266,0
DA:272,3
DA:276,3
DA:277,2
DA:278,2
DA:279,2
DA:281,0
DA:282,0
DA:283,0
DA:284,0
DA:285,0
DA:286,0
DA:287,0
DA:288,0
DA:289,0
DA:293,0
DA:298,3
DA:299,3
DA:300,0
DA:301,0
DA:302,0
DA:303,0
DA:304,0
DA:305,0
DA:306,0
DA:307,0
DA:308,0
DA:309,0
DA:310,0
DA:312,0
DA:314,0
DA:317,0
DA:321,6
DA:322,0
DA:323,0
DA:324,0
DA:325,0
DA:326,0
DA:327,0
DA:328,0
DA:329,0
DA:332,0
DA:333,0
DA:334,0
DA:335,0
DA:337,0
DA:338,0
DA:339,0
DA:340,0
DA:341,0
DA:342,0
DA:343,0
DA:344,0
DA:345,0
DA:346,0
DA:348,0
DA:349,0
DA:351,0
DA:352,0
DA:353,0
DA:354,0
DA:356,0
DA:357,0
DA:358,0
DA:359,0
DA:360,0
DA:361,0
DA:363,0
DA:364,0
DA:365,0
DA:366,0
DA:367,0
DA:368,0
DA:371,0
DA:372,0
DA:373,0
DA:374,0
DA:375,0
DA:381,13
DA:382,13
DA:384,13
DA:385,13
DA:387,13
DA:388,1
DA:389,1
DA:393,0
DA:394,0
DA:396,0
DA:397,0
DA:398,0
DA:405,9
DA:406,9
DA:407,0
DA:408,0
DA:413,12
DA:414,12
DA:415,12
DA:416,12
DA:417,12
DA:421,13
DA:423,0
DA:424,0
DA:425,0
DA:426,0
DA:427,0
DA:429,0
DA:430,0
DA:431,0
DA:433,0
DA:434,0
DA:435,0
DA:437,0
DA:438,0
DA:439,0
DA:440,0
DA:441,0
DA:442,0
DA:446,0
DA:447,0
DA:448,0
DA:449,0
DA:450,0
DA:451,0
DA:455,0
DA:456,0
DA:459,0
DA:460,0
DA:464,0
DA:465,0
DA:471,2
DA:472,1
DA:473,1
DA:478,2
DA:479,2
DA:480,2
DA:481,4
DA:482,2
DA:483,2
DA:484,2
DA:485,2
DA:486,2
DA:487,2
DA:488,2
DA:490,2
DA:491,2
DA:492,2
DA:493,2
DA:494,2
DA:495,2
DA:497,2
DA:498,2
DA:500,2
DA:501,2
DA:502,2
DA:504,2
DA:505,2
DA:506,2
DA:508,2
DA:509,2
DA:510,2
DA:511,2
DA:513,2
DA:514,2
DA:516,2
DA:518,2
DA:519,2
DA:520,2
DA:521,2
DA:523,2
DA:524,2
DA:526,2
DA:527,2
DA:540,1
DA:541,1
DA:542,1
DA:545,1
DA:546,0
DA:547,0
DA:548,0
DA:549,0
DA:550,0
DA:551,0
DA:555,1
DA:556,1
DA:558,1
DA:559,0
DA:560,0
DA:562,1
DA:565,2
DA:569,2
DA:570,0
DA:571,0
DA:572,0
DA:575,2
DA:576,0
DA:577,0
DA:578,0
DA:579,0
DA:580,0
DA:581,0
DA:584,0
DA:589,2
DA:590,2
DA:591,2
DA:593,2
DA:594,2
DA:597,2
DA:598,0
DA:600,2
DA:601,2
DA:605,2
DA:606,0
DA:609,2
DA:610,2
DA:611,2
DA:612,2
DA:616,2
DA:617,2
DA:618,2
DA:619,2
DA:620,2
DA:622,0
DA:628,25
DA:629,25
DA:631,0
DA:637,6
DA:640,25
DA:641,25
DA:642,25
DA:643,25
DA:644,25
DA:645,25
DA:649,26
DA:650,26
DA:651,26
DA:652,25
DA:656,0
DA:657,0
DA:658,0
DA:659,0
DA:660,0
DA:661,0
DA:662,0
DA:663,0
DA:664,0
DA:665,0
DA:666,0
DA:667,0
DA:670,0
DA:683,0
DA:684,0
DA:685,0
DA:686,0
DA:687,0
DA:688,0
DA:693,0
DA:694,0
DA:695,0
DA:696,0
DA:697,0
DA:704,0
DA:705,0
DA:707,0
DA:713,0
DA:714,0
DA:715,0
DA:716,0
DA:717,0
DA:719,0
DA:721,0
DA:723,0
DA:728,17
DA:729,17
DA:730,24
DA:731,24
DA:732,17
DA:733,17
DA:734,17
DA:735,0
DA:739,17
DA:740,17
DA:754,17
DA:755,17
DA:756,8
DA:757,1
DA:759,8
DA:761,17
DA:763,17
DA:764,17
DA:766,16
DA:767,21
DA:768,21
DA:769,21
DA:770,21
DA:771,21
DA:772,0
DA:774,21
DA:775,9
DA:776,9
DA:777,0
DA:780,12
DA:781,12
DA:782,12
DA:785,16
DA:786,16
DA:787,16
DA:788,16
DA:789,16
DA:790,16
DA:791,16
DA:792,16
DA:793,16
DA:809,7
DA:810,7
DA:811,7
DA:812,7
DA:816,3
DA:817,3
DA:818,3
DA:819,3
DA:820,3
DA:821,7
DA:822,7
DA:823,7
DA:824,7
DA:825,7
DA:827,0
DA:828,0
DA:829,0
DA:830,0
DA:831,0
DA:833,0
DA:835,0
DA:836,0
DA:837,0
DA:838,0
DA:841,3
DA:842,3
DA:843,3
DA:844,3
DA:845,3
DA:850,3
DA:851,3
DA:852,3
DA:853,3
DA:857,3
DA:858,3
DA:859,3
DA:860,3
DA:861,3
DA:862,3
DA:863,3
DA:864,10
DA:865,10
DA:866,10
DA:867,10
DA:868,4
DA:869,4
DA:870,4
DA:871,4
DA:873,10
DA:874,10
DA:875,8
DA:876,8
DA:879,3
DA:880,7
DA:884,11
DA:886,11
DA:887,16
DA:888,15
DA:891,11
DA:892,11
DA:893,0
DA:894,0
DA:895,0
DA:898,11
DA:899,27
DA:905,0
DA:906,0
DA:907,0
DA:908,0
DA:909,0
DA:913,0
DA:914,0
DA:915,0
DA:919,0
DA:920,0
DA:921,0
DA:925,3
DA:926,14
DA:927,14
DA:928,11
DA:929,0
DA:931,11
DA:935,3
DA:936,3
DA:937,3
DA:938,3
DA:939,28
DA:945,3
DA:946,3
DA:947,3
DA:948,3
DA:949,3
DA:950,3
DA:951,3
DA:952,3
DA:953,3
DA:954,3
DA:955,3
DA:956,3
DA:957,3
DA:958,3
DA:962,3
DA:963,3
DA:964,3
DA:965,3
DA:966,3
DA:967,3
DA:968,3
DA:969,1
DA:971,3
DA:972,3
DA:973,3
DA:977,3
DA:978,3
DA:979,3
DA:981,3
DA:983,3
DA:984,10
DA:985,10
DA:986,10
DA:987,0
DA:990,10
DA:993,10
DA:994,0
DA:995,0
DA:996,0
DA:998,0
DA:1001,0
DA:1005,3
DA:1006,3
DA:1007,3
DA:1008,3
DA:1011,6
DA:1012,6
DA:1013,10
DA:1014,3
DA:1015,3
DA:1016,1
DA:1017,1
DA:1018,1
DA:1020,2
DA:1023,10
DA:1024,3
DA:1026,10
DA:1027,0
DA:1029,10
DA:1030,0
DA:1031,0
DA:1032,0
DA:1033,0
DA:1034,0
DA:1035,0
DA:1036,0
DA:1037,0
DA:1038,0
DA:1039,0
DA:1042,0
DA:1058,0
DA:1059,0
DA:1060,0
DA:1061,0
DA:1063,0
DA:1064,0
DA:1065,0
DA:1066,0
DA:1069,0
DA:1070,0
DA:1071,0
DA:1072,0
DA:1073,0
DA:1074,0
DA:1076,0
DA:1078,0
DA:1080,10
DA:1081,4
DA:1082,4
DA:1083,4
DA:1084,4
DA:1085,4
DA:1086,4
DA:1087,4
DA:1088,4
DA:1100,1
DA:1101,1
DA:1102,1
DA:1103,1
DA:1104,1
DA:1105,1
DA:1106,1
DA:1107,1
DA:1109,3
DA:1110,3
DA:1111,3
DA:1112,2
DA:1113,2
DA:1115,1
DA:1123,6
DA:1124,6
DA:1125,6
DA:1126,6
DA:1127,1
DA:1128,1
DA:1129,1
DA:1130,0
DA:1132,1
DA:1134,6
DA:1135,1
DA:1136,0
DA:1138,1
DA:1139,1
DA:1140,1
DA:1141,1
DA:1144,1
DA:1151,6
DA:1152,0
DA:1153,0
DA:1154,0
DA:1155,0
DA:1156,0
DA:1158,0
DA:1159,0
DA:1165,0
DA:1174,0
DA:1175,0
DA:1180,0
DA:1184,6
DA:1185,6
DA:1187,0
DA:1189,6
DA:1190,6
DA:1194,11
DA:1196,2
DA:1198,6
DA:1199,6
LF:703
LH:421
BRDA:1,0,0,2
BRDA:1,0,1,6
BRDA:1,1,0,8
BRDA:1,1,1,8
BRDA:3,2,0,2
BRDA:3,2,1,0
BRDA:7,3,0,6
BRDA:7,3,1,0
BRDA:12,4,0,2
BRDA:12,4,1,4
BRDA:12,5,0,6
BRDA:12,5,1,2
BRDA:17,6,0,0
BRDA:17,6,1,6
BRDA:29,7,0,0
BRDA:29,7,1,0
BRDA:37,8,0,0
BRDA:37,8,1,6
BRDA:49,9,0,0
BRDA:50,10,0,0
BRDA:50,10,1,0
BRDA:51,11,0,0
BRDA:51,11,1,0
BRDA:53,12,0,0
BRDA:57,13,0,0
BRDA:57,13,1,0
BRDA:57,14,0,0
BRDA:57,14,1,0
BRDA:59,15,0,0
BRDA:59,15,1,0
BRDA:60,16,0,0
BRDA:60,16,1,0
BRDA:65,17,0,0
BRDA:65,17,1,0
BRDA:66,18,0,0
BRDA:66,18,1,0
BRDA:71,19,0,0
BRDA:71,19,1,0
BRDA:89,20,0,2
BRDA:89,20,1,4
BRDA:89,21,0,6
BRDA:89,21,1,2
BRDA:90,22,0,6
BRDA:90,22,1,6
BRDA:94,23,0,6
BRDA:94,23,1,0
BRDA:112,24,0,0
BRDA:112,24,1,0
BRDA:112,25,0,0
BRDA:112,25,1,0
BRDA:113,26,0,0
BRDA:113,26,1,0
BRDA:121,27,0,0
BRDA:121,27,1,0
BRDA:121,28,0,0
BRDA:121,28,1,0
BRDA:126,29,0,9
BRDA:126,29,1,9
BRDA:129,30,0,0
BRDA:129,30,1,5
BRDA:131,31,0,4
BRDA:131,31,1,5
BRDA:136,32,0,4
BRDA:136,32,1,0
BRDA:139,33,0,4
BRDA:139,33,1,5
BRDA:144,34,0,4
BRDA:144,34,1,0
BRDA:152,35,0,0
BRDA:152,35,1,6
BRDA:152,36,0,6
BRDA:152,36,1,0
BRDA:160,37,0,0
BRDA:160,37,1,0
BRDA:160,38,0,0
BRDA:160,38,1,0
BRDA:160,38,2,0
BRDA:163,39,0,0
BRDA:163,39,1,0
BRDA:163,39,2,0
BRDA:164,40,0,0
BRDA:164,40,1,0
BRDA:164,40,2,0
BRDA:171,41,0,9
BRDA:171,41,1,0
BRDA:172,42,0,0
BRDA:172,42,1,0
BRDA:172,43,0,0
BRDA:172,43,1,0
BRDA:172,43,2,0
BRDA:176,44,0,0
BRDA:176,44,1,0
BRDA:177,45,0,0
BRDA:177,45,1,0
BRDA:177,46,0,0
BRDA:177,46,1,0
BRDA:184,47,0,13
BRDA:186,48,0,5
BRDA:186,48,1,11
BRDA:191,49,0,5
BRDA:191,49,1,5
BRDA:191,49,2,5
BRDA:192,50,0,5
BRDA:192,50,1,5
BRDA:192,50,2,5
BRDA:198,51,0,3
BRDA:198,51,1,13
BRDA:199,52,0,16
BRDA:199,52,1,0
BRDA:202,53,0,0
BRDA:202,53,1,16
BRDA:203,54,0,3
BRDA:203,54,1,13
BRDA:208,55,0,3
BRDA:208,55,1,4
BRDA:212,56,0,9
BRDA:212,56,1,14
BRDA:213,57,0,3
BRDA:213,57,1,11
BRDA:217,58,0,3
BRDA:217,58,1,3
BRDA:217,58,2,3
BRDA:218,59,0,3
BRDA:218,59,1,3
BRDA:218,59,2,3
BRDA:223,60,0,14
BRDA:223,60,1,0
BRDA:229,61,0,3
BRDA:229,61,1,11
BRDA:231,62,0,3
BRDA:231,62,1,0
BRDA:234,63,0,0
BRDA:234,63,1,0
BRDA:247,64,0,3
BRDA:247,64,1,11
BRDA:251,65,0,3
BRDA:251,65,1,3
BRDA:251,65,2,3
BRDA:257,66,0,14
BRDA:257,66,1,0
BRDA:263,67,0,3
BRDA:263,67,1,0
BRDA:266,68,0,0
BRDA:266,68,1,0
BRDA:276,69,0,1
BRDA:276,69,1,2
BRDA:277,70,0,2
BRDA:277,70,1,0
BRDA:284,71,0,0
BRDA:284,71,1,0
BRDA:286,72,0,0
BRDA:286,72,1,0
BRDA:293,73,0,0
BRDA:293,73,1,0
BRDA:299,74,0,3
BRDA:299,74,1,0
BRDA:303,75,0,0
BRDA:303,75,1,0
BRDA:305,76,0,0
BRDA:305,76,1,0
BRDA:305,77,0,0
BRDA:305,77,1,0
BRDA:307,78,0,0
BRDA:307,78,1,0
BRDA:317,79,0,0
BRDA:317,79,1,0
BRDA:322,80,0,0
BRDA:322,80,1,0
BRDA:323,81,0,0
BRDA:323,81,1,0
BRDA:324,82,0,0
BRDA:324,82,1,0
BRDA:332,83,0,0
BRDA:332,83,1,0
BRDA:333,84,0,0
BRDA:333,84,1,0
BRDA:334,85,0,0
BRDA:334,85,1,0
BRDA:345,86,0,0
BRDA:345,86,1,0
BRDA:348,87,0,0
BRDA:348,87,1,0
BRDA:349,88,0,0
BRDA:349,88,1,0
BRDA:357,89,0,0
BRDA:357,89,1,0
BRDA:358,90,0,0
BRDA:358,90,1,0
BRDA:363,91,0,0
BRDA:363,91,1,0
BRDA:364,92,0,0
BRDA:364,92,1,0
BRDA:365,93,0,0
BRDA:365,93,1,0
BRDA:371,94,0,0
BRDA:371,94,1,0
BRDA:381,95,0,13
BRDA:381,95,1,0
BRDA:384,96,0,13
BRDA:384,96,1,0
BRDA:388,97,0,1
BRDA:388,97,1,0
BRDA:393,98,0,0
BRDA:393,98,1,0
BRDA:397,99,0,0
BRDA:397,99,1,0
BRDA:405,100,0,9
BRDA:405,100,1,0
BRDA:407,101,0,0
BRDA:407,101,1,0
BRDA:413,102,0,12
BRDA:413,102,1,0
BRDA:414,103,0,12
BRDA:414,103,1,0
BRDA:415,104,0,0
BRDA:415,104,1,12
BRDA:415,105,0,12
BRDA:415,105,1,12
BRDA:421,106,0,13
BRDA:421,106,1,0
BRDA:421,107,0,13
BRDA:421,107,1,13
BRDA:426,108,0,0
BRDA:426,108,1,0
BRDA:426,108,2,0
BRDA:427,109,0,0
BRDA:427,109,1,0
BRDA:427,109,2,0
BRDA:431,110,0,0
BRDA:431,110,1,0
BRDA:439,111,0,0
BRDA:439,111,1,0
BRDA:448,112,0,0
BRDA:448,112,1,0
BRDA:465,113,0,0
BRDA:465,113,1,0
BRDA:471,114,0,1
BRDA:471,114,1,1
BRDA:471,115,0,2
BRDA:471,115,1,1
BRDA:481,116,0,1
BRDA:481,116,1,1
BRDA:484,117,0,2
BRDA:484,117,1,2
BRDA:484,117,2,2
BRDA:485,118,0,2
BRDA:485,118,1,2
BRDA:485,118,2,2
BRDA:488,119,0,2
BRDA:488,119,1,0
BRDA:502,120,0,2
BRDA:502,120,1,0
BRDA:506,121,0,2
BRDA:506,121,1,0
BRDA:510,122,0,2
BRDA:510,122,1,0
BRDA:523,123,0,2
BRDA:523,123,1,0
BRDA:545,124,0,0
BRDA:545,124,1,1
BRDA:558,125,0,0
BRDA:558,125,1,1
BRDA:559,126,0,0
BRDA:559,126,1,0
BRDA:562,127,0,1
BRDA:562,127,1,0
BRDA:562,128,0,1
BRDA:562,128,1,0
BRDA:562,129,0,1
BRDA:562,129,1,1
BRDA:572,130,0,0
BRDA:572,130,1,0
BRDA:577,131,0,0
BRDA:577,131,1,0
BRDA:577,131,2,0
BRDA:589,132,0,0
BRDA:589,132,1,2
BRDA:597,133,0,0
BRDA:597,133,1,2
BRDA:600,134,0,2
BRDA:600,134,1,0
BRDA:605,135,0,0
BRDA:605,135,1,2
BRDA:618,136,0,2
BRDA:618,136,1,2
BRDA:619,137,0,2
BRDA:619,137,1,0
BRDA:628,138,0,25
BRDA:628,138,1,0
BRDA:629,139,0,25
BRDA:629,139,1,25
BRDA:632,140,0,0
BRDA:632,140,1,0
BRDA:632,140,2,0
BRDA:640,141,0,0
BRDA:640,141,1,25
BRDA:641,142,0,0
BRDA:641,142,1,25
BRDA:643,143,0,0
BRDA:643,143,1,25
BRDA:643,144,0,25
BRDA:643,144,1,25
BRDA:644,145,0,0
BRDA:644,145,1,25
BRDA:649,146,0,26
BRDA:649,146,1,0
BRDA:650,147,0,0
BRDA:650,147,1,26
BRDA:651,148,0,1
BRDA:651,148,1,25
BRDA:651,149,0,26
BRDA:651,149,1,25
BRDA:652,150,0,25
BRDA:652,150,1,25
BRDA:652,150,2,25
BRDA:656,151,0,0
BRDA:656,151,1,0
BRDA:660,152,0,0
BRDA:660,152,1,0
BRDA:663,153,0,0
BRDA:663,153,1,0
BRDA:668,154,0,0
BRDA:668,154,1,0
BRDA:668,154,2,0
BRDA:668,154,3,0
BRDA:685,155,0,0
BRDA:685,155,1,0
BRDA:687,156,0,0
BRDA:687,156,1,0
BRDA:694,157,0,0
BRDA:694,157,1,0
BRDA:694,158,0,0
BRDA:694,158,1,0
BRDA:696,159,0,0
BRDA:696,159,1,0
BRDA:698,160,0,0
BRDA:698,160,1,0
BRDA:707,161,0,0
BRDA:707,161,1,0
BRDA:709,162,0,0
BRDA:709,162,1,0
BRDA:710,163,0,0
BRDA:710,163,1,0
BRDA:713,164,0,0
BRDA:713,164,1,0
BRDA:714,165,0,0
BRDA:714,165,1,0
BRDA:715,166,0,0
BRDA:715,166,1,0
BRDA:727,167,0,16
BRDA:730,168,0,24
BRDA:730,168,1,0
BRDA:736,169,0,17
BRDA:736,169,1,17
BRDA:736,169,2,17
BRDA:736,169,3,17
BRDA:754,170,0,1
BRDA:754,170,1,16
BRDA:755,171,0,8
BRDA:755,171,1,9
BRDA:771,172,0,0
BRDA:771,172,1,21
BRDA:774,173,0,9
BRDA:774,173,1,12
BRDA:776,174,0,0
BRDA:776,174,1,9
BRDA:787,175,0,0
BRDA:787,175,1,16
BRDA:790,176,0,8
BRDA:790,176,1,8
BRDA:791,177,0,16
BRDA:791,177,1,0
BRDA:798,178,0,8
BRDA:798,178,1,8
BRDA:799,179,0,8
BRDA:799,179,1,8
BRDA:812,180,0,3
BRDA:812,180,1,4
BRDA:823,181,0,0
BRDA:823,181,1,7
BRDA:827,182,0,0
BRDA:827,182,1,0
BRDA:829,183,0,0
BRDA:829,183,1,0
BRDA:835,184,0,0
BRDA:835,184,1,0
BRDA:842,185,0,3
BRDA:842,185,1,3
BRDA:843,186,0,3
BRDA:843,186,1,3
BRDA:844,187,0,3
BRDA:844,187,1,3
BRDA:846,188,0,3
BRDA:846,188,1,0
BRDA:846,188,2,3
BRDA:847,189,0,3
BRDA:847,189,1,0
BRDA:847,189,2,3
BRDA:848,190,0,0
BRDA:848,190,1,3
BRDA:850,191,0,0
BRDA:850,191,1,3
BRDA:850,192,0,3
BRDA:850,192,1,0
BRDA:861,193,0,2
BRDA:861,193,1,1
BRDA:867,194,0,4
BRDA:867,194,1,6
BRDA:867,195,0,10
BRDA:867,195,1,7
BRDA:867,196,0,5
BRDA:867,196,1,2
BRDA:874,197,0,8
BRDA:874,197,1,2
BRDA:879,198,0,3
BRDA:879,198,1,0
BRDA:887,199,0,15
BRDA:887,199,1,1
BRDA:887,200,0,16
BRDA:887,200,1,16
BRDA:891,201,0,11
BRDA:891,201,1,0
BRDA:894,202,0,0
BRDA:894,202,1,0
BRDA:895,203,0,0
BRDA:895,203,1,0
BRDA:899,204,0,0
BRDA:899,204,1,27
BRDA:909,205,0,0
BRDA:909,205,1,0
BRDA:913,206,0,0
BRDA:913,206,1,0
BRDA:915,207,0,0
BRDA:915,207,1,0
BRDA:918,208,0,0
BRDA:921,209,0,0
BRDA:921,209,1,0
BRDA:924,210,0,3
BRDA:928,211,0,0
BRDA:928,211,1,11
BRDA:931,212,0,0
BRDA:931,212,1,11
BRDA:937,213,0,3
BRDA:937,213,1,0
BRDA:939,214,0,0
BRDA:939,214,1,28
BRDA:949,215,0,0
BRDA:949,215,1,3
BRDA:951,216,0,0
BRDA:951,216,1,3
BRDA:956,217,0,2
BRDA:956,217,1,1
BRDA:962,218,0,0
BRDA:962,218,1,3
BRDA:965,219,0,3
BRDA:965,219,1,3
BRDA:968,220,0,1
BRDA:968,220,1,2
BRDA:969,221,0,1
BRDA:969,221,1,1
BRDA:971,222,0,0
BRDA:971,222,1,3
BRDA:983,223,0,13
BRDA:983,223,1,13
BRDA:984,224,0,10
BRDA:984,224,1,0
BRDA:984,225,0,10
BRDA:984,225,1,10
BRDA:986,226,0,0
BRDA:986,226,1,10
BRDA:993,227,0,0
BRDA:993,227,1,10
BRDA:995,228,0,0
BRDA:995,228,1,0
BRDA:1001,229,0,0
BRDA:1001,229,1,0
BRDA:1005,230,0,3
BRDA:1005,230,1,0
BRDA:1005,231,0,3
BRDA:1005,231,1,3
BRDA:1006,232,0,0
BRDA:1006,232,1,3
BRDA:1008,233,0,1
BRDA:1008,233,1,2
BRDA:1011,234,0,6
BRDA:1011,234,1,0
BRDA:1013,235,0,3
BRDA:1013,235,1,7
BRDA:1014,236,0,0
BRDA:1014,236,1,3
BRDA:1014,237,0,3
BRDA:1014,237,1,3
BRDA:1015,238,0,1
BRDA:1015,238,1,2
BRDA:1018,239,0,1
BRDA:1018,239,1,0
BRDA:1023,240,0,3
BRDA:1023,240,1,7
BRDA:1026,241,0,0
BRDA:1026,241,1,10
BRDA:1029,242,0,0
BRDA:1029,242,1,10
BRDA:1030,243,0,0
BRDA:1030,243,1,0
BRDA:1031,244,0,0
BRDA:1031,244,1,0
BRDA:1036,245,0,0
BRDA:1036,245,1,0
BRDA:1040,246,0,0
BRDA:1040,246,1,0
BRDA:1040,246,2,0
BRDA:1040,246,3,0
BRDA:1040,246,4,0
BRDA:1059,247,0,0
BRDA:1059,247,1,0
BRDA:1060,248,0,0
BRDA:1060,248,1,0
BRDA:1060,249,0,0
BRDA:1060,249,1,0
BRDA:1064,250,0,0
BRDA:1064,250,1,0
BRDA:1070,251,0,0
BRDA:1070,251,1,0
BRDA:1073,252,0,0
BRDA:1073,252,1,0
BRDA:1076,253,0,0
BRDA:1076,253,1,0
BRDA:1080,254,0,4
BRDA:1080,254,1,6
BRDA:1083,255,0,4
BRDA:1083,255,1,4
BRDA:1084,256,0,0
BRDA:1084,256,1,4
BRDA:1085,257,0,4
BRDA:1085,257,1,2
BRDA:1109,258,0,3
BRDA:1109,258,1,0
BRDA:1111,259,0,2
BRDA:1111,259,1,1
BRDA:1115,260,0,1
BRDA:1115,260,1,0
BRDA:1115,261,0,1
BRDA:1115,261,1,1
BRDA:1125,262,0,6
BRDA:1125,262,1,6
BRDA:1126,263,0,1
BRDA:1126,263,1,5
BRDA:1130,264,0,0
BRDA:1130,264,1,0
BRDA:1130,265,0,0
BRDA:1130,265,1,0
BRDA:1130,265,2,0
BRDA:1132,266,0,0
BRDA:1132,266,1,0
BRDA:1134,267,0,1
BRDA:1134,267,1,5
BRDA:1135,268,0,0
BRDA:1135,268,1,1
BRDA:1139,269,0,1
BRDA:1139,269,1,0
BRDA:1152,270,0,0
BRDA:1152,270,1,0
BRDA:1152,271,0,0
BRDA:1152,271,1,0
BRDA:1158,272,0,0
BRDA:1158,272,1,0
BRDA:1174,273,0,0
BRDA:1174,273,1,0
BRDA:1174,274,0,0
BRDA:1174,274,1,0
BRDA:1184,275,0,6
BRDA:1184,275,1,0
BRDA:1184,276,0,6
BRDA:1184,276,1,0
BRDA:1189,277,0,6
BRDA:1189,277,1,0
BRDA:1198,278,0,6
BRDA:1198,278,1,0
BRF:578
BRH:256
end_of_record
TN:
SF:src/findLimit.js
FN:1,defaultCheck
FN:3,findLimit
FN:7,safe
FNF:3
FNH:2
FNDA:0,defaultCheck
FNDA:6,findLimit
FNDA:65,safe
DA:1,0
DA:4,6
DA:5,6
DA:6,6
DA:8,65
DA:10,6
DA:11,28
DA:12,28
DA:14,6
DA:15,6
DA:16,32
DA:17,32
DA:18,20
DA:20,12
DA:23,6
DA:26,2
DA:27,2
LF:17
LH:16
BRDA:3,0,0,0
BRDA:3,1,0,0
BRDA:3,2,0,0
BRDA:3,3,0,0
BRDA:4,4,0,0
BRDA:4,4,1,6
BRDA:10,5,0,34
BRDA:10,5,1,33
BRDA:14,6,0,1
BRDA:14,6,1,5
BRDA:17,7,0,20
BRDA:17,7,1,12
BRDA:17,8,0,32
BRDA:17,8,1,32
BRDA:26,9,0,2
BRDA:26,9,1,0
BRDA:27,10,0,2
BRDA:27,10,1,0
BRF:18
BRH:11
end_of_record
TN:
SF:src/limitDetector.js
FN:9,(anonymous_0)
FN:12,detectTokenLimit
FN:13,(anonymous_2)
FN:20,detectRequestLimit
FN:21,(anonymous_4)
FNF:5
FNH:4
FNDA:0,(anonymous_0)
FNDA:1,detectTokenLimit
FNDA:16,(anonymous_2)
FNDA:1,detectRequestLimit
FNDA:6,(anonymous_4)
DA:2,1
DA:3,0
DA:4,1
DA:5,1
DA:6,0
DA:7,0
DA:9,0
DA:13,1
DA:14,16
DA:15,16
DA:16,6
DA:21,1
DA:22,6
DA:23,24
DA:24,24
DA:26,2
DA:29,4
DA:33,1
DA:34,1
DA:37,1
DA:38,1
LF:21
LH:17
BRDA:2,0,0,0
BRDA:2,0,1,1
BRDA:4,1,0,1
BRDA:4,1,1,0
BRDA:6,2,0,0
BRDA:6,2,1,0
BRDA:6,3,0,0
BRDA:6,3,1,0
BRDA:12,4,0,0
BRDA:12,5,0,0
BRDA:12,6,0,0
BRDA:20,7,0,0
BRDA:20,8,0,0
BRDA:20,9,0,0
BRDA:33,10,0,1
BRDA:33,10,1,0
BRDA:37,11,0,1
BRDA:37,11,1,0
BRF:18
BRH:4
end_of_record
TN:
SF:src/popup.js
FN:54,(anonymous_0)
FN:87,(anonymous_1)
FN:93,(anonymous_2)
FN:98,(anonymous_3)
FN:119,(anonymous_4)
FN:135,(anonymous_5)
FN:154,(anonymous_6)
FN:172,(anonymous_7)
FN:182,(anonymous_8)
FN:188,(anonymous_9)
FN:196,(anonymous_10)
FN:213,(anonymous_11)
FN:224,(anonymous_12)
FN:240,(anonymous_13)
FN:252,(anonymous_14)
FN:267,(anonymous_15)
FN:287,(anonymous_16)
FN:302,(anonymous_17)
FN:335,(anonymous_18)
FN:351,(anonymous_19)
FN:363,(anonymous_20)
FN:427,(anonymous_21)
FN:464,(anonymous_22)
FN:466,(anonymous_23)
FN:469,(anonymous_24)
FN:474,(anonymous_25)
FN:477,(anonymous_26)
FN:480,(anonymous_27)
FN:483,(anonymous_28)
FN:488,(anonymous_29)
FN:500,(anonymous_30)
FN:513,(anonymous_31)
FN:522,(anonymous_32)
FN:541,(anonymous_33)
FN:556,(anonymous_34)
FN:564,(anonymous_35)
FN:570,(anonymous_36)
FN:571,(anonymous_37)
FN:572,(anonymous_38)
FN:583,(anonymous_39)
FN:629,(anonymous_40)
FN:660,(anonymous_41)
FN:687,(anonymous_42)
FN:696,(anonymous_43)
FNF:44
FNH:22
FNDA:6,(anonymous_0)
FNDA:1,(anonymous_1)
FNDA:0,(anonymous_2)
FNDA:1,(anonymous_3)
FNDA:0,(anonymous_4)
FNDA:1,(anonymous_5)
FNDA:0,(anonymous_6)
FNDA:0,(anonymous_7)
FNDA:2,(anonymous_8)
FNDA:5,(anonymous_9)
FNDA:3,(anonymous_10)
FNDA:1,(anonymous_11)
FNDA:2,(anonymous_12)
FNDA:0,(anonymous_13)
FNDA:0,(anonymous_14)
FNDA:3,(anonymous_15)
FNDA:33,(anonymous_16)
FNDA:1,(anonymous_17)
FNDA:1,(anonymous_18)
FNDA:1,(anonymous_19)
FNDA:1,(anonymous_20)
FNDA:0,(anonymous_21)
FNDA:1,(anonymous_22)
FNDA:0,(anonymous_23)
FNDA:0,(anonymous_24)
FNDA:0,(anonymous_25)
FNDA:0,(anonymous_26)
FNDA:0,(anonymous_27)
FNDA:0,(anonymous_28)
FNDA:0,(anonymous_29)
FNDA:0,(anonymous_30)
FNDA:0,(anonymous_31)
FNDA:0,(anonymous_32)
FNDA:0,(anonymous_33)
FNDA:1,(anonymous_34)
FNDA:1,(anonymous_35)
FNDA:1,(anonymous_36)
FNDA:2,(anonymous_37)
FNDA:0,(anonymous_38)
FNDA:0,(anonymous_39)
FNDA:1,(anonymous_40)
FNDA:0,(anonymous_41)
FNDA:1,(anonymous_42)
FNDA:0,(anonymous_43)
DA:4,2
DA:6,2
DA:7,2
DA:8,2
DA:10,2
DA:11,2
DA:12,2
DA:14,2
DA:15,2
DA:16,2
DA:19,2
DA:20,2
DA:21,2
DA:22,2
DA:24,2
DA:25,2
DA:26,2
DA:27,2
DA:29,2
DA:30,2
DA:31,2
DA:32,2
DA:36,2
DA:55,6
DA:58,1
DA:59,1
DA:60,1
DA:61,1
DA:62,1
DA:63,1
DA:64,1
DA:65,1
DA:66,1
DA:67,1
DA:68,1
DA:71,1
DA:74,1
DA:75,1
DA:76,1
DA:77,1
DA:78,1
DA:79,1
DA:82,1
DA:84,1
DA:89,1
DA:90,1
DA:93,0
DA:94,0
DA:99,1
DA:101,1
DA:102,1
DA:106,1
DA:107,1
DA:111,1
DA:112,1
DA:115,0
DA:121,0
DA:123,0
DA:124,0
DA:127,0
DA:128,0
DA:130,0
DA:131,0
DA:136,1
DA:137,1
DA:138,1
DA:139,1
DA:140,1
DA:141,1
DA:142,1
DA:145,0
DA:146,0
DA:147,0
DA:148,0
DA:156,0
DA:157,0
DA:158,0
DA:169,0
DA:172,0
DA:173,0
DA:174,0
DA:183,2
DA:184,2
DA:185,2
DA:189,5
DA:190,2
DA:192,3
DA:197,3
DA:199,3
DA:200,3
DA:202,3
DA:203,3
DA:204,1
DA:205,1
DA:207,2
DA:208,2
DA:214,1
DA:215,1
DA:216,1
DA:217,1
DA:218,1
DA:225,2
DA:227,2
DA:228,0
DA:231,2
DA:234,0
DA:236,0
DA:242,0
DA:243,0
DA:244,0
DA:246,0
DA:249,0
DA:252,0
DA:254,0
DA:255,0
DA:256,0
DA:257,0
DA:260,0
DA:261,0
DA:262,0
DA:263,0
DA:268,3
DA:283,3
DA:284,3
DA:287,3
DA:288,33
DA:289,33
DA:290,33
DA:291,33
DA:293,33
DA:294,30
DA:295,30
DA:296,30
DA:297,30
DA:303,1
DA:305,1
DA:306,1
DA:308,0
DA:322,0
DA:325,0
DA:327,0
DA:336,1
DA:337,1
DA:343,1
DA:344,1
DA:345,1
DA:347,0
DA:352,1
DA:353,1
DA:354,1
DA:356,1
DA:359,0
DA:365,1
DA:366,1
DA:367,1
DA:368,1
DA:369,1
DA:370,1
DA:373,1
DA:374,1
DA:375,1
DA:376,1
DA:377,1
DA:378,1
DA:381,1
DA:382,1
DA:383,1
DA:384,1
DA:385,1
DA:386,1
DA:389,1
DA:390,1
DA:391,1
DA:392,1
DA:393,1
DA:394,1
DA:397,1
DA:398,1
DA:399,1
DA:400,1
DA:401,1
DA:402,1
DA:405,1
DA:406,1
DA:407,1
DA:408,1
DA:409,1
DA:410,1
DA:414,1
DA:415,0
DA:416,0
DA:417,0
DA:418,0
DA:419,0
DA:420,0
DA:421,0
DA:422,0
DA:423,0
DA:428,0
DA:431,0
DA:432,0
DA:433,0
DA:434,0
DA:435,0
DA:436,0
DA:437,0
DA:441,0
DA:442,0
DA:443,0
DA:444,0
DA:445,0
DA:446,0
DA:447,0
DA:451,0
DA:452,0
DA:453,0
DA:454,0
DA:455,0
DA:456,0
DA:457,0
DA:466,1
DA:469,1
DA:470,0
DA:474,1
DA:477,1
DA:480,1
DA:483,1
DA:488,1
DA:489,0
DA:492,0
DA:493,0
DA:500,1
DA:501,0
DA:504,0
DA:505,0
DA:513,1
DA:514,0
DA:515,0
DA:523,0
DA:525,0
DA:528,0
DA:529,0
DA:531,0
DA:532,0
DA:535,0
DA:542,0
DA:543,0
DA:546,0
DA:547,0
DA:552,0
DA:557,1
DA:558,0
DA:559,1
DA:560,1
DA:566,1
DA:569,1
DA:570,1
DA:571,1
DA:572,2
DA:574,0
DA:585,0
DA:586,0
DA:588,0
DA:589,0
DA:590,0
DA:593,0
DA:594,0
DA:595,0
DA:598,0
DA:599,0
DA:600,0
DA:603,0
DA:604,0
DA:605,0
DA:606,0
DA:609,0
DA:610,0
DA:611,0
DA:612,0
DA:616,0
DA:617,0
DA:618,0
DA:619,0
DA:620,0
DA:621,0
DA:623,0
DA:631,1
DA:632,0
DA:636,1
DA:637,1
DA:644,1
DA:645,1
DA:652,1
DA:653,1
DA:655,1
DA:657,1
DA:660,1
DA:661,0
DA:662,0
DA:666,0
DA:667,0
DA:670,0
DA:672,0
DA:673,0
DA:680,1
DA:686,2
DA:687,1
DA:689,1
DA:692,1
DA:696,2
DA:697,0
DA:701,2
DA:702,2
LF:313
LH:180
BRDA:4,0,0,2
BRDA:4,0,1,0
BRDA:55,1,0,5
BRDA:55,1,1,1
BRDA:90,2,0,1
BRDA:90,2,1,1
BRDA:90,2,2,1
BRDA:90,2,3,1
BRDA:101,3,0,1
BRDA:101,3,1,0
BRDA:106,4,0,1
BRDA:106,4,1,0
BRDA:111,5,0,1
BRDA:111,5,1,0
BRDA:121,6,0,0
BRDA:121,6,1,0
BRDA:121,6,2,0
BRDA:121,6,3,0
BRDA:136,7,0,1
BRDA:136,7,1,0
BRDA:138,8,0,1
BRDA:138,8,1,0
BRDA:141,9,0,1
BRDA:141,9,1,0
BRDA:147,10,0,0
BRDA:147,10,1,0
BRDA:173,11,0,0
BRDA:173,11,1,0
BRDA:189,12,0,2
BRDA:189,12,1,3
BRDA:197,13,0,0
BRDA:197,13,1,3
BRDA:202,14,0,3
BRDA:202,14,1,0
BRDA:202,15,0,3
BRDA:202,15,1,3
BRDA:203,16,0,1
BRDA:203,16,1,2
BRDA:214,17,0,0
BRDA:214,17,1,1
BRDA:215,18,0,0
BRDA:215,18,1,1
BRDA:227,19,0,0
BRDA:227,19,1,2
BRDA:227,20,0,2
BRDA:227,20,1,2
BRDA:243,21,0,0
BRDA:243,21,1,0
BRDA:293,22,0,30
BRDA:293,22,1,3
BRDA:306,23,0,0
BRDA:306,23,1,1
BRDA:306,24,0,1
BRDA:306,24,1,1
BRDA:310,25,0,0
BRDA:310,25,1,0
BRDA:311,26,0,0
BRDA:311,26,1,0
BRDA:314,27,0,0
BRDA:314,27,1,0
BRDA:315,28,0,0
BRDA:315,28,1,0
BRDA:318,29,0,0
BRDA:318,29,1,0
BRDA:354,30,0,1
BRDA:354,30,1,0
BRDA:366,31,0,1
BRDA:366,31,1,0
BRDA:374,32,0,1
BRDA:374,32,1,0
BRDA:382,33,0,1
BRDA:382,33,1,0
BRDA:390,34,0,1
BRDA:390,34,1,0
BRDA:398,35,0,1
BRDA:398,35,1,0
BRDA:406,36,0,1
BRDA:406,36,1,0
BRDA:414,37,0,0
BRDA:414,37,1,1
BRDA:417,38,0,0
BRDA:417,38,1,0
BRDA:418,39,0,0
BRDA:418,39,1,0
BRDA:419,40,0,0
BRDA:419,40,1,0
BRDA:420,41,0,0
BRDA:420,41,1,0
BRDA:421,42,0,0
BRDA:421,42,1,0
BRDA:422,43,0,0
BRDA:422,43,1,0
BRDA:423,44,0,0
BRDA:423,44,1,0
BRDA:432,45,0,0
BRDA:432,45,1,0
BRDA:442,46,0,0
BRDA:442,46,1,0
BRDA:452,47,0,0
BRDA:452,47,1,0
BRDA:492,48,0,0
BRDA:492,48,1,0
BRDA:504,49,0,0
BRDA:504,49,1,0
BRDA:514,50,0,0
BRDA:514,50,1,0
BRDA:515,51,0,0
BRDA:515,51,1,0
BRDA:515,52,0,0
BRDA:515,52,1,0
BRDA:523,53,0,0
BRDA:523,53,1,0
BRDA:557,54,0,0
BRDA:557,54,1,1
BRDA:559,55,0,1
BRDA:559,55,1,0
BRDA:569,56,0,1
BRDA:569,56,1,0
BRDA:574,57,0,0
BRDA:574,57,1,0
BRDA:585,58,0,0
BRDA:585,58,1,0
BRDA:589,59,0,0
BRDA:589,59,1,0
BRDA:594,60,0,0
BRDA:594,60,1,0
BRDA:595,61,0,0
BRDA:595,61,1,0
BRDA:599,62,0,0
BRDA:599,62,1,0
BRDA:600,63,0,0
BRDA:600,63,1,0
BRDA:604,64,0,0
BRDA:604,64,1,0
BRDA:605,65,0,0
BRDA:605,65,1,0
BRDA:606,66,0,0
BRDA:606,66,1,0
BRDA:610,67,0,0
BRDA:610,67,1,0
BRDA:611,68,0,0
BRDA:611,68,1,0
BRDA:612,69,0,0
BRDA:612,69,1,0
BRDA:616,70,0,0
BRDA:616,70,1,0
BRDA:618,71,0,0
BRDA:618,71,1,0
BRDA:631,72,0,0
BRDA:631,72,1,1
BRDA:636,73,0,1
BRDA:636,73,1,0
BRDA:644,74,0,1
BRDA:644,74,1,0
BRDA:661,75,0,0
BRDA:661,75,1,0
BRDA:672,76,0,0
BRDA:672,76,1,0
BRDA:686,77,0,1
BRDA:686,77,1,1
BRDA:686,78,0,2
BRDA:686,78,1,2
BRDA:686,78,2,2
BRDA:701,79,0,2
BRDA:701,79,1,0
BRF:165
BRH:51
end_of_record
TN:
SF:src/providerConfig.js
FN:1,(anonymous_0)
FN:2,applyProviderConfig
FN:24,(anonymous_2)
FN:26,(anonymous_3)
FN:32,loadProviderConfig
FN:51,(anonymous_5)
FN:58,saveProviderConfig
FN:83,(anonymous_7)
FNF:8
FNH:4
FNDA:1,(anonymous_0)
FNDA:1,applyProviderConfig
FNDA:15,(anonymous_2)
FNDA:15,(anonymous_3)
FNDA:0,loadProviderConfig
FNDA:0,(anonymous_5)
FNDA:0,saveProviderConfig
FNDA:0,(anonymous_7)
DA:1,1
DA:3,1
DA:12,1
DA:13,1
DA:24,1
DA:25,15
DA:26,15
DA:27,15
DA:33,0
DA:50,0
DA:51,0
DA:52,0
DA:55,0
DA:59,0
DA:60,0
DA:61,0
DA:62,0
DA:63,0
DA:83,0
DA:85,0
DA:88,1
DA:90,1
DA:91,1
DA:93,1
DA:94,1
LF:25
LH:13
BRDA:2,0,0,0
BRDA:12,1,0,1
BRDA:12,1,1,1
BRDA:12,1,2,0
BRDA:27,2,0,2
BRDA:27,2,1,13
BRDA:50,3,0,0
BRDA:50,3,1,0
BRDA:50,4,0,0
BRDA:50,4,1,0
BRDA:50,4,2,0
BRDA:59,5,0,0
BRDA:59,5,1,0
BRDA:59,6,0,0
BRDA:59,6,1,0
BRDA:59,6,2,0
BRDA:60,7,0,0
BRDA:60,7,1,0
BRDA:61,8,0,0
BRDA:61,8,1,0
BRDA:62,9,0,0
BRDA:62,9,1,0
BRDA:66,10,0,0
BRDA:66,10,1,0
BRDA:69,11,0,0
BRDA:69,11,1,0
BRDA:69,12,0,0
BRDA:69,12,1,0
BRDA:69,13,0,0
BRDA:69,13,1,0
BRDA:70,14,0,0
BRDA:70,14,1,0
BRDA:71,15,0,0
BRDA:71,15,1,0
BRDA:72,16,0,0
BRDA:72,16,1,0
BRDA:73,17,0,0
BRDA:73,17,1,0
BRDA:74,18,0,0
BRDA:74,18,1,0
BRDA:90,19,0,1
BRDA:90,19,1,0
BRDA:93,20,0,1
BRDA:93,20,1,0
BRF:44
BRH:6
end_of_record
TN:
SF:src/retry.js
FN:1,(anonymous_0)
FN:17,(anonymous_1)
FN:18,(anonymous_2)
FN:22,delay
FN:23,(anonymous_4)
FN:26,runWithRetry
FNF:6
FNH:1
FNDA:1,(anonymous_0)
FNDA:0,(anonymous_1)
FNDA:0,(anonymous_2)
FNDA:0,delay
FNDA:0,(anonymous_4)
FNDA:0,runWithRetry
DA:1,1
DA:2,1
DA:5,1
DA:6,0
DA:7,0
DA:9,0
DA:12,1
DA:13,1
DA:14,0
DA:15,0
DA:17,0
DA:18,0
DA:23,0
DA:27,0
DA:28,0
DA:29,0
DA:30,0
DA:31,0
DA:32,0
DA:33,0
DA:35,0
DA:36,0
DA:37,0
DA:38,0
DA:39,0
DA:40,0
DA:45,1
DA:46,1
DA:47,1
DA:49,1
DA:50,1
DA:51,0
DA:52,0
LF:33
LH:10
BRDA:2,0,0,0
BRDA:2,0,1,1
BRDA:5,1,0,0
BRDA:5,1,1,1
BRDA:6,2,0,0
BRDA:6,2,1,0
BRDA:6,3,0,0
BRDA:6,3,1,0
BRDA:12,4,0,1
BRDA:12,4,1,0
BRDA:14,5,0,0
BRDA:14,5,1,0
BRDA:26,6,0,0
BRDA:27,7,0,0
BRDA:27,7,1,0
BRDA:27,8,0,0
BRDA:27,8,1,0
BRDA:28,9,0,0
BRDA:28,10,0,0
BRDA:28,11,0,0
BRDA:32,12,0,0
BRDA:32,12,1,0
BRDA:35,13,0,0
BRDA:35,13,1,0
BRDA:35,14,0,0
BRDA:35,14,1,0
BRDA:36,15,0,0
BRDA:36,15,1,0
BRDA:37,16,0,0
BRDA:37,16,1,0
BRDA:38,17,0,0
BRDA:38,17,1,0
BRDA:46,18,0,1
BRDA:46,18,1,0
BRDA:49,19,0,1
BRDA:49,19,1,0
BRDA:51,20,0,0
BRDA:51,20,1,0
BRDA:54,21,0,1
BRDA:54,21,1,0
BRDA:54,22,0,0
BRDA:54,22,1,0
BRF:42
BRH:6
end_of_record
TN:
SF:src/throttle.js
FN:1,(anonymous_0)
FN:4,createThrottle
FN:22,splitSentences
FN:25,(anonymous_3)
FN:28,approxTokens
FN:32,predictiveBatch
FN:34,(anonymous_6)
FN:38,(anonymous_7)
FN:52,configure
FN:60,resetWindow
FN:66,recordUsage
FN:77,prune
FN:82,processQueue
FN:95,(anonymous_13)
FN:98,runWithRateLimit
FN:100,(anonymous_15)
FN:117,delay
FN:118,(anonymous_17)
FN:121,runWithRetry
FN:140,getUsage
FN:142,(anonymous_20)
FN:154,reset
FNF:22
FNH:22
FNDA:20,(anonymous_0)
FNDA:56,createThrottle
FNDA:2,splitSentences
FNDA:5,(anonymous_3)
FNDA:101100,approxTokens
FNDA:1,predictiveBatch
FNDA:1,(anonymous_6)
FNDA:3,(anonymous_7)
FNDA:8,configure
FNDA:5,resetWindow
FNDA:82,recordUsage
FNDA:163,prune
FNDA:14,processQueue
FNDA:4,(anonymous_13)
FNDA:81,runWithRateLimit
FNDA:81,(anonymous_15)
FNDA:6,delay
FNDA:6,(anonymous_17)
FNDA:66,runWithRetry
FNDA:81,getUsage
FNDA:70,(anonymous_20)
FNDA:6,reset
DA:1,20
DA:2,20
DA:5,56
DA:6,56
DA:7,56
DA:12,56
DA:13,56
DA:14,56
DA:15,56
DA:16,56
DA:17,56
DA:18,56
DA:19,56
DA:20,56
DA:23,2
DA:24,2
DA:25,5
DA:29,101100
DA:33,1
DA:34,1
DA:35,1
DA:36,1
DA:37,1
DA:38,1
DA:39,3
DA:40,3
DA:41,1
DA:42,1
DA:43,1
DA:45,3
DA:46,3
DA:48,1
DA:49,1
DA:53,8
DA:54,8
DA:55,8
DA:56,8
DA:57,8
DA:61,5
DA:62,5
DA:63,5
DA:67,82
DA:68,82
DA:69,83
DA:71,82
DA:72,82
DA:73,82
DA:74,82
DA:78,163
DA:79,163
DA:83,14
DA:84,11
DA:85,8
DA:86,5
DA:87,5
DA:88,5
DA:89,5
DA:90,5
DA:91,5
DA:92,5
DA:93,5
DA:94,5
DA:95,5
DA:99,81
DA:100,81
DA:101,81
DA:102,76
DA:103,76
DA:104,76
DA:105,76
DA:106,76
DA:108,3
DA:110,76
DA:112,5
DA:113,5
DA:118,6
DA:122,66
DA:123,66
DA:124,66
DA:125,72
DA:126,72
DA:127,72
DA:129,11
DA:130,6
DA:131,6
DA:132,6
DA:133,6
DA:134,6
DA:135,6
DA:141,81
DA:142,81
DA:143,81
DA:155,6
DA:156,6
DA:157,6
DA:158,6
DA:159,6
DA:160,6
DA:161,6
DA:162,6
DA:163,6
DA:166,56
DA:169,20
DA:171,20
DA:172,20
DA:175,20
DA:176,20
DA:177,0
DA:178,0
LF:109
LH:107
BRDA:2,0,0,0
BRDA:2,0,1,20
BRDA:4,1,0,20
BRDA:5,2,0,0
BRDA:5,2,1,56
BRDA:5,3,0,56
BRDA:5,3,1,0
BRDA:23,4,0,2
BRDA:23,4,1,0
BRDA:25,5,0,2
BRDA:25,5,1,0
BRDA:32,6,0,0
BRDA:40,7,0,1
BRDA:40,7,1,2
BRDA:40,8,0,3
BRDA:40,8,1,2
BRDA:48,9,0,1
BRDA:48,9,1,0
BRDA:52,10,0,0
BRDA:56,11,0,8
BRDA:56,11,1,0
BRDA:66,12,0,81
BRDA:77,13,0,81
BRDA:78,14,0,166
BRDA:78,14,1,111
BRDA:79,15,0,165
BRDA:79,15,1,110
BRDA:83,16,0,3
BRDA:83,16,1,11
BRDA:83,17,0,14
BRDA:83,17,1,14
BRDA:84,18,0,3
BRDA:84,18,1,8
BRDA:85,19,0,3
BRDA:85,19,1,5
BRDA:85,20,0,8
BRDA:85,20,1,5
BRDA:98,21,0,3
BRDA:99,22,0,75
BRDA:99,22,1,6
BRDA:99,23,0,6
BRDA:99,23,1,4
BRDA:101,24,0,76
BRDA:101,24,1,5
BRDA:101,25,0,81
BRDA:101,25,1,78
BRDA:101,25,2,78
BRDA:101,25,3,76
BRDA:121,26,0,0
BRDA:121,27,0,1
BRDA:122,28,0,65
BRDA:122,28,1,1
BRDA:122,29,0,1
BRDA:122,29,1,1
BRDA:126,30,0,0
BRDA:126,30,1,72
BRDA:129,31,0,5
BRDA:129,31,1,6
BRDA:129,32,0,11
BRDA:129,32,1,9
BRDA:130,33,0,6
BRDA:130,33,1,2
BRDA:133,34,0,0
BRDA:133,34,1,6
BRDA:171,35,0,20
BRDA:171,35,1,0
BRDA:175,36,0,20
BRDA:175,36,1,0
BRDA:177,37,0,0
BRDA:177,37,1,0
BRDA:180,38,0,20
BRDA:180,38,1,0
BRDA:180,39,0,0
BRDA:180,39,1,0
BRF:74
BRH:55
end_of_record
TN:
SF:src/translator.js
FN:1,(anonymous_0)
FN:21,throttleFor
FN:53,(anonymous_2)
FN:53,(anonymous_3)
FN:53,(anonymous_4)
FN:54,(anonymous_5)
FN:82,(anonymous_6)
FN:83,(anonymous_7)
FN:84,(anonymous_8)
FN:101,(anonymous_9)
FN:105,(anonymous_10)
FN:106,(anonymous_11)
FN:110,(anonymous_12)
FN:122,(anonymous_13)
FN:146,(anonymous_14)
FN:149,(anonymous_15)
FN:162,_sanitizeResult
FN:189,_applyGlossary
FN:241,(anonymous_18)
FN:242,(anonymous_19)
FN:243,(anonymous_20)
FN:244,(anonymous_21)
FN:245,(anonymous_22)
FN:247,(anonymous_23)
FN:251,_setGetUsage
FN:253,_memCacheMax
FN:281,_getCacheAdapter
FN:296,_setCache
FN:329,_touchCache
FN:374,_normText
FN:381,_key
FN:386,qwenIsCached
FN:407,(anonymous_32)
FN:430,_ensureProviders
FN:464,fetchViaXHR
FN:465,(anonymous_35)
FN:468,(anonymous_36)
FN:472,(anonymous_37)
FN:477,(anonymous_38)
FN:479,(anonymous_39)
FN:483,(anonymous_40)
FN:484,(anonymous_41)
FN:490,(anonymous_42)
FN:495,withSlash
FN:512,chooseProvider
FN:518,providerTranslate
FN:527,(anonymous_46)
FN:550,(anonymous_47)
FN:567,(anonymous_48)
FN:574,_detectSource
FN:595,doFetch
FN:671,(anonymous_51)
FN:742,qwenTranslate
FN:845,(anonymous_53)
FN:863,qwenTranslateStream
FN:921,(anonymous_55)
FN:930,(anonymous_56)
FN:956,qwenTranslateBatch
FN:999,_getTokenBudget
FN:1003,_setTokenBudget
FN:1014,batchOnce
FN:1035,(anonymous_61)
FN:1055,(anonymous_62)
FN:1055,(anonymous_63)
FN:1066,(anonymous_64)
FN:1123,splitLongText
FN:1156,(anonymous_66)
FN:1164,(anonymous_67)
FN:1167,(anonymous_68)
FN:1175,(anonymous_69)
FN:1195,(anonymous_70)
FN:1224,(anonymous_71)
FN:1236,chooseProvider
FN:1237,(anonymous_73)
FN:1261,handleGroup
FN:1262,(anonymous_75)
FN:1269,(anonymous_76)
FN:1275,(anonymous_77)
FN:1328,worker
FN:1335,(anonymous_79)
FN:1344,(anonymous_80)
FN:1346,(anonymous_81)
FN:1347,(anonymous_82)
FN:1410,qwenClearCache
FN:1440,(anonymous_84)
FN:1461,(anonymous_85)
FNF:86
FNH:42
FNDA:32,(anonymous_0)
FNDA:90,throttleFor
FNDA:0,(anonymous_2)
FNDA:0,(anonymous_3)
FNDA:0,(anonymous_4)
FNDA:0,(anonymous_5)
FNDA:0,(anonymous_6)
FNDA:0,(anonymous_7)
FNDA:0,(anonymous_8)
FNDA:0,(anonymous_9)
FNDA:0,(anonymous_10)
FNDA:0,(anonymous_11)
FNDA:0,(anonymous_12)
FNDA:0,(anonymous_13)
FNDA:32,(anonymous_14)
FNDA:0,(anonymous_15)
FNDA:2,_sanitizeResult
FNDA:126,_applyGlossary
FNDA:0,(anonymous_18)
FNDA:0,(anonymous_19)
FNDA:0,(anonymous_20)
FNDA:0,(anonymous_21)
FNDA:0,(anonymous_22)
FNDA:15,(anonymous_23)
FNDA:3,_setGetUsage
FNDA:15,_memCacheMax
FNDA:149,_getCacheAdapter
FNDA:149,_setCache
FNDA:0,_touchCache
FNDA:0,_normText
FNDA:0,_key
FNDA:0,qwenIsCached
FNDA:0,(anonymous_32)
FNDA:62,_ensureProviders
FNDA:0,fetchViaXHR
FNDA:0,(anonymous_35)
FNDA:0,(anonymous_36)
FNDA:0,(anonymous_37)
FNDA:0,(anonymous_38)
FNDA:0,(anonymous_39)
FNDA:0,(anonymous_40)
FNDA:0,(anonymous_41)
FNDA:0,(anonymous_42)
FNDA:69,withSlash
FNDA:0,chooseProvider
FNDA:62,providerTranslate
FNDA:0,(anonymous_46)
FNDA:70,(anonymous_47)
FNDA:0,(anonymous_48)
FNDA:130,_detectSource
FNDA:0,doFetch
FNDA:0,(anonymous_51)
FNDA:68,qwenTranslate
FNDA:16,(anonymous_53)
FNDA:2,qwenTranslateStream
FNDA:1,(anonymous_55)
FNDA:1,(anonymous_56)
FNDA:20,qwenTranslateBatch
FNDA:0,_getTokenBudget
FNDA:0,_setTokenBudget
FNDA:20,batchOnce
FNDA:60,(anonymous_61)
FNDA:58,(anonymous_62)
FNDA:0,(anonymous_63)
FNDA:60,(anonymous_64)
FNDA:0,splitLongText
FNDA:0,(anonymous_66)
FNDA:55,(anonymous_67)
FNDA:60,(anonymous_68)
FNDA:60,(anonymous_69)
FNDA:12,(anonymous_70)
FNDA:12,(anonymous_71)
FNDA:37,chooseProvider
FNDA:53,(anonymous_73)
FNDA:47,handleGroup
FNDA:55,(anonymous_75)
FNDA:47,(anonymous_76)
FNDA:2,(anonymous_77)
FNDA:25,worker
FNDA:25,(anonymous_79)
FNDA:60,(anonymous_80)
FNDA:0,(anonymous_81)
FNDA:60,(anonymous_82)
FNDA:2,qwenClearCache
FNDA:1,(anonymous_84)
FNDA:0,(anonymous_85)
DA:1,32
DA:3,32
DA:10,0
DA:11,0
DA:12,0
DA:14,0
DA:17,32
DA:20,32
DA:22,90
DA:23,90
DA:25,34
DA:27,34
DA:28,34
DA:30,34
DA:31,34
DA:32,2
DA:33,2
DA:35,34
DA:37,90
DA:40,32
DA:41,0
DA:42,0
DA:44,0
DA:45,0
DA:48,32
DA:49,18
DA:50,14
DA:51,14
DA:53,0
DA:54,0
DA:58,32
DA:59,32
DA:60,32
DA:61,0
DA:62,32
DA:63,0
DA:64,32
DA:65,32
DA:70,32
DA:71,32
DA:72,32
DA:73,0
DA:74,32
DA:75,0
DA:76,32
DA:77,32
DA:81,0
DA:82,0
DA:83,0
DA:84,0
DA:89,32
DA:90,32
DA:91,32
DA:92,0
DA:93,32
DA:94,0
DA:95,32
DA:96,32
DA:100,0
DA:102,0
DA:103,0
DA:106,0
DA:107,0
DA:108,0
DA:109,0
DA:110,0
DA:111,0
DA:112,0
DA:115,0
DA:117,0
DA:118,0
DA:123,0
DA:124,0
DA:132,32
DA:133,32
DA:134,32
DA:135,32
DA:136,17
DA:137,15
DA:138,0
DA:139,15
DA:140,15
DA:141,15
DA:145,32
DA:146,32
DA:147,32
DA:148,32
DA:150,0
DA:154,0
DA:163,2
DA:165,2
DA:167,2
DA:168,2
DA:169,2
DA:172,0
DA:173,0
DA:176,0
DA:177,0
DA:181,2
DA:183,32
DA:184,32
DA:185,32
DA:186,32
DA:187,32
DA:190,126
DA:192,126
DA:193,126
DA:194,1
DA:197,32
DA:198,32
DA:200,32
DA:201,32
DA:202,0
DA:203,32
DA:204,0
DA:205,32
DA:206,32
DA:209,0
DA:213,32
DA:214,32
DA:216,32
DA:217,0
DA:225,0
DA:226,0
DA:230,32
DA:233,32
DA:234,32
DA:235,32
DA:236,15
DA:237,15
DA:245,0
DA:246,32
DA:247,32
DA:251,3
DA:255,15
DA:256,15
DA:257,0
DA:260,15
DA:261,15
DA:262,15
DA:263,0
DA:267,15
DA:268,15
DA:269,15
DA:270,0
DA:274,15
DA:275,0
DA:278,32
DA:279,32
DA:282,149
DA:284,29
DA:285,0
DA:286,29
DA:287,29
DA:289,0
DA:291,29
DA:293,149
DA:297,149
DA:298,149
DA:300,149
DA:301,149
DA:303,0
DA:304,0
DA:306,149
DA:307,149
DA:311,0
DA:312,0
DA:313,0
DA:314,0
DA:315,0
DA:316,0
DA:318,0
DA:322,0
DA:323,0
DA:324,0
DA:326,0
DA:330,0
DA:332,0
DA:333,0
DA:335,0
DA:337,0
DA:341,0
DA:342,0
DA:343,0
DA:344,0
DA:345,0
DA:347,0
DA:351,0
DA:352,0
DA:353,0
DA:354,0
DA:355,0
DA:356,0
DA:359,0
DA:364,32
DA:365,32
DA:366,17
DA:367,15
DA:368,0
DA:369,15
DA:370,15
DA:373,32
DA:374,0
DA:375,0
DA:376,0
DA:377,0
DA:380,32
DA:381,0
DA:382,0
DA:387,0
DA:388,0
DA:389,0
DA:390,0
DA:392,0
DA:395,0
DA:398,32
DA:399,32
DA:400,32
DA:401,19
DA:402,13
DA:403,13
DA:407,32
[...]
BRDA:10,3,0,4
BRDA:10,3,1,0
BRDA:12,4,0,4
BRDA:12,4,1,0
BRDA:12,5,0,4
BRDA:12,5,1,4
BRDA:13,6,0,4
BRDA:13,6,1,0
BRDA:13,7,0,4
BRDA:13,7,1,4
BRDA:14,8,0,4
BRDA:14,8,1,0
BRDA:14,9,0,4
BRDA:14,9,1,4
BRDA:15,10,0,4
BRDA:15,10,1,0
BRDA:15,11,0,4
BRDA:15,11,1,4
BRDA:16,12,0,4
BRDA:16,12,1,0
BRDA:16,13,0,4
BRDA:16,13,1,4
BRDA:17,14,0,4
BRDA:17,14,1,0
BRDA:17,15,0,4
BRDA:17,15,1,4
BRDA:42,16,0,2
BRDA:42,16,1,25
BRDA:43,17,0,25
BRDA:43,17,1,0
BRDA:52,18,0,0
BRDA:52,18,1,0
BRDA:55,19,0,0
BRDA:55,19,1,0
BRDA:60,20,0,0
BRDA:60,20,1,0
BRDA:65,21,0,0
BRDA:65,21,1,0
BRDA:67,22,0,0
BRDA:67,22,1,0
BRDA:68,23,0,0
BRDA:68,23,1,0
BRDA:68,24,0,0
BRDA:68,24,1,0
BRDA:72,25,0,0
BRDA:72,25,1,0
BRDA:72,26,0,0
BRDA:72,26,1,0
BRDA:76,27,0,0
BRDA:76,27,1,0
BRDA:76,28,0,0
BRDA:76,28,1,0
BRDA:85,29,0,0
BRDA:85,29,1,0
BRDA:85,30,0,0
BRDA:85,30,1,0
BRDA:86,31,0,0
BRDA:86,31,1,0
BRDA:99,32,0,0
BRDA:99,32,1,0
BRDA:122,33,0,0
BRDA:122,33,1,5
BRDA:127,34,0,2
BRDA:127,34,1,3
BRDA:127,35,0,5
BRDA:127,35,1,5
BRDA:137,36,0,1
BRDA:138,37,0,3
BRDA:138,37,1,0
BRDA:143,38,0,2
BRDA:143,38,1,1
BRDA:143,39,0,3
BRDA:143,39,1,2
BRDA:146,40,0,22
BRDA:146,40,1,6
BRDA:150,41,0,2
BRDA:150,41,1,20
BRDA:152,42,0,2
BRDA:152,42,1,0
BRDA:153,43,0,0
BRDA:153,43,1,2
BRDA:153,44,0,2
BRDA:153,44,1,2
BRDA:154,45,0,0
BRDA:154,45,1,2
BRDA:154,46,0,2
BRDA:154,46,1,0
BRDA:155,47,0,0
BRDA:155,47,1,2
BRDA:155,48,0,2
BRDA:155,48,1,0
BRDA:159,49,0,20
BRDA:159,49,1,0
BRDA:172,50,0,20
BRDA:172,50,1,2
BRDA:173,51,0,6
BRDA:173,51,1,14
BRDA:192,52,0,23
BRDA:192,52,1,0
BRDA:192,53,0,23
BRDA:192,53,1,23
BRDA:197,54,0,4
BRDA:197,54,1,0
BRDA:206,55,0,0
BRDA:206,55,1,0
BRDA:220,56,0,15
BRDA:220,56,1,14
BRDA:220,57,0,29
BRDA:220,57,1,16
BRDA:242,58,0,14
BRDA:242,58,1,0
BRDA:259,59,0,4
BRDA:259,59,1,0
BRDA:260,60,0,4
BRDA:260,60,1,0
BRDA:261,61,0,0
BRDA:261,61,1,0
BRDA:262,62,0,0
BRDA:262,62,1,0
BRDA:265,63,0,4
BRDA:265,63,1,0
BRF:130
BRH:68
end_of_record
TN:
SF:src/providers/localWasm.js
FN:1,(anonymous_0)
FN:4,loadModel
FN:6,(anonymous_2)
FN:13,(anonymous_3)
FN:20,translate
FNF:5
FNH:1
FNDA:2,(anonymous_0)
FNDA:0,loadModel
FNDA:0,(anonymous_2)
FNDA:0,(anonymous_3)
FNDA:0,translate
DA:1,2
DA:5,0
DA:6,0
DA:7,0
DA:8,0
DA:9,0
DA:10,0
DA:13,0
DA:17,0
DA:21,0
DA:22,0
DA:23,0
DA:25,0
DA:26,0
DA:28,0
DA:29,0
DA:30,0
DA:33,2
DA:39,2
DA:40,0
DA:42,2
DA:43,2
DA:46,2
DA:49,2
LF:24
LH:7
BRDA:5,0,0,0
BRDA:5,0,1,0
BRDA:7,1,0,0
BRDA:7,1,1,0
BRDA:10,2,0,0
BRDA:10,2,1,0
BRDA:22,3,0,0
BRDA:22,3,1,0
BRDA:22,4,0,0
BRDA:22,4,1,0
BRDA:25,5,0,0
BRDA:25,5,1,0
BRDA:29,6,0,0
BRDA:29,6,1,0
BRDA:39,7,0,2
BRDA:39,7,1,0
BRDA:40,8,0,0
BRDA:40,8,1,0
BRDA:43,9,0,2
BRDA:43,9,1,2
BRDA:43,9,2,0
BRDA:43,9,3,0
BRDA:43,9,4,0
BRDA:45,10,0,0
BRDA:45,10,1,0
BRDA:46,11,0,2
BRDA:46,11,1,0
BRDA:46,12,0,2
BRDA:46,12,1,2
BRDA:46,12,2,2
BRDA:49,13,0,2
BRDA:49,13,1,0
BRF:32
BRH:8
end_of_record
TN:
SF:src/providers/macos.js
FN:1,(anonymous_0)
FN:6,(anonymous_1)
FN:7,translate
FN:14,capabilities
FNF:4
FNH:2
FNDA:2,(anonymous_0)
FNDA:2,(anonymous_1)
FNDA:0,translate
FNDA:0,capabilities
DA:1,2
DA:2,2
DA:3,2
DA:4,0
DA:5,2
DA:8,0
DA:9,0
DA:10,0
DA:12,0
DA:15,0
DA:16,0
DA:17,0
DA:19,0
DA:21,2
DA:22,2
DA:23,2
DA:24,2
DA:26,2
LF:18
LH:9
BRDA:3,0,0,2
BRDA:3,0,1,0
BRDA:4,1,0,0
BRDA:4,1,1,0
BRDA:5,2,0,2
BRDA:5,2,1,0
BRDA:6,3,0,2
BRDA:6,3,1,0
BRDA:8,4,0,0
BRDA:8,4,1,0
BRDA:8,4,2,0
BRDA:8,4,3,0
BRDA:9,5,0,0
BRDA:9,5,1,0
BRDA:9,6,0,0
BRDA:9,6,1,0
BRDA:15,7,0,0
BRDA:15,7,1,0
BRDA:15,7,2,0
BRDA:15,7,3,0
BRDA:16,8,0,0
BRDA:16,8,1,0
BRDA:16,9,0,0
BRDA:16,9,1,0
BRDA:23,10,0,2
BRDA:23,10,1,0
BRDA:23,11,0,0
BRDA:23,11,1,0
BRDA:24,12,0,2
BRDA:24,12,1,0
BRDA:24,13,0,2
BRDA:24,13,1,2
BRDA:24,13,2,2
BRF:33
BRH:8
end_of_record
TN:
SF:src/providers/mistral.js
FN:1,(anonymous_0)
FN:6,(anonymous_1)
FN:9,withSlash
FN:11,translate
FNF:4
FNH:4
FNDA:4,(anonymous_0)
FNDA:4,(anonymous_1)
FNDA:6,withSlash
FNDA:6,translate
DA:1,4
DA:2,4
DA:3,4
DA:4,0
DA:5,4
DA:7,4
DA:8,4
DA:9,6
DA:12,6
DA:13,6
DA:14,6
DA:15,6
DA:16,6
DA:17,6
DA:18,6
DA:19,6
DA:21,6
DA:22,0
DA:23,0
DA:26,6
DA:27,6
DA:28,5
DA:29,5
DA:30,5
DA:31,5
DA:32,5
DA:33,5
DA:34,5
DA:35,5
DA:36,5
DA:39,1
DA:40,1
DA:41,1
DA:42,1
DA:43,1
DA:47,0
DA:48,0
DA:49,0
DA:50,0
DA:51,0
DA:52,0
DA:53,0
DA:54,0
DA:55,0
DA:56,0
DA:57,0
DA:58,0
DA:59,0
DA:60,0
DA:61,0
DA:62,0
DA:63,0
DA:64,0
DA:66,0
DA:67,0
DA:68,0
DA:69,0
DA:70,0
DA:71,0
DA:72,0
DA:77,0
DA:80,4
DA:82,4
DA:83,4
DA:84,4
DA:86,4
LF:66
LH:37
BRDA:3,0,0,4
BRDA:3,0,1,0
BRDA:4,1,0,0
BRDA:4,1,1,0
BRDA:5,2,0,4
BRDA:5,2,1,0
BRDA:6,3,0,4
BRDA:6,3,1,0
BRDA:7,4,0,0
BRDA:7,4,1,4
BRDA:7,5,0,4
BRDA:7,5,1,0
BRDA:8,6,0,4
BRDA:8,6,1,0
BRDA:8,7,0,0
BRDA:8,7,1,0
BRDA:9,8,0,6
BRDA:9,8,1,0
BRDA:11,9,0,0
BRDA:12,10,0,0
BRDA:12,10,1,6
BRDA:13,11,0,6
BRDA:13,11,1,0
BRDA:18,12,0,6
BRDA:18,12,1,0
BRDA:19,13,0,6
BRDA:19,13,1,0
BRDA:19,14,0,0
BRDA:19,14,1,6
BRDA:21,15,0,0
BRDA:21,15,1,6
BRDA:27,16,0,5
BRDA:27,16,1,1
BRDA:29,17,0,5
BRDA:29,17,1,0
BRDA:32,18,0,5
BRDA:32,18,1,5
BRDA:32,18,2,5
BRDA:33,19,0,2
BRDA:33,19,1,3
BRDA:33,20,0,0
BRDA:33,20,1,2
BRDA:33,21,0,0
BRDA:33,21,1,0
BRDA:33,22,0,2
BRDA:33,22,1,0
BRDA:34,23,0,2
BRDA:34,23,1,3
BRDA:34,24,0,5
BRDA:34,24,1,4
BRDA:34,25,0,3
BRDA:34,25,1,0
BRDA:34,26,0,3
BRDA:34,26,1,1
BRDA:35,27,0,1
BRDA:35,27,1,4
BRDA:35,28,0,5
BRDA:35,28,1,2
BRDA:39,29,0,1
BRDA:39,29,1,0
BRDA:39,30,0,1
BRDA:39,30,1,0
BRDA:39,30,2,0
BRDA:42,31,0,0
BRDA:42,31,1,1
BRDA:53,32,0,0
BRDA:53,32,1,0
BRDA:59,33,0,0
BRDA:59,33,1,0
BRDA:61,34,0,0
BRDA:61,34,1,0
BRDA:62,35,0,0
BRDA:62,35,1,0
BRDA:68,36,0,0
BRDA:68,36,1,0
BRDA:69,37,0,0
BRDA:69,37,1,0
BRDA:71,38,0,0
BRDA:71,38,1,0
BRDA:72,39,0,0
BRDA:72,39,1,0
BRDA:83,40,0,4
BRDA:83,40,1,2
BRDA:83,41,0,2
BRDA:83,41,1,0
BRDA:84,42,0,4
BRDA:84,42,1,0
BRDA:84,43,0,4
BRDA:84,43,1,4
BRDA:84,43,2,4
BRF:90
BRH:44
end_of_record
TN:
SF:src/providers/ollama.js
FN:1,(anonymous_0)
FN:6,(anonymous_1)
FN:9,withSlash
FN:11,translate
FN:79,listModels
FN:86,(anonymous_5)
FN:89,capabilities
FNF:7
FNH:4
FNDA:4,(anonymous_0)
FNDA:4,(anonymous_1)
FNDA:6,withSlash
FNDA:6,translate
FNDA:0,listModels
FNDA:0,(anonymous_5)
FNDA:0,capabilities
DA:1,4
DA:2,4
DA:3,4
DA:4,0
DA:5,4
DA:7,4
DA:8,4
DA:9,6
DA:12,6
DA:13,6
DA:14,6
DA:15,6
DA:16,6
DA:17,6
DA:19,6
DA:20,0
DA:21,0
DA:25,6
DA:26,6
DA:28,0
DA:29,0
DA:32,6
DA:33,5
DA:34,5
DA:35,5
DA:36,5
DA:37,5
DA:38,5
DA:39,5
DA:40,5
DA:41,5
DA:44,1
DA:45,1
DA:46,1
DA:47,1
DA:48,1
DA:51,0
DA:52,0
DA:53,0
DA:54,0
DA:55,0
DA:56,0
DA:57,0
DA:58,0
DA:59,0
DA:60,0
DA:61,0
DA:62,0
DA:63,0
DA:64,0
DA:65,0
DA:66,0
DA:67,0
DA:68,0
DA:69,0
DA:70,0
DA:72,0
DA:76,0
DA:80,0
DA:81,0
DA:82,0
DA:83,0
DA:84,0
DA:85,0
DA:86,0
DA:90,0
DA:91,0
DA:92,0
DA:94,0
DA:98,4
DA:99,4
DA:100,4
DA:101,4
DA:103,4
LF:74
LH:36
BRDA:3,0,0,4
BRDA:3,0,1,0
BRDA:4,1,0,0
BRDA:4,1,1,0
BRDA:5,2,0,4
BRDA:5,2,1,0
BRDA:6,3,0,4
BRDA:6,3,1,0
BRDA:7,4,0,0
BRDA:7,4,1,4
BRDA:7,5,0,4
BRDA:7,5,1,0
BRDA:8,6,0,4
BRDA:8,6,1,0
BRDA:8,7,0,0
BRDA:8,7,1,0
BRDA:9,8,0,6
BRDA:9,8,1,0
BRDA:11,9,0,0
BRDA:12,10,0,0
BRDA:12,10,1,6
BRDA:13,11,0,6
BRDA:13,11,1,0
BRDA:19,12,0,0
BRDA:19,12,1,6
BRDA:32,13,0,5
BRDA:32,13,1,1
BRDA:34,14,0,5
BRDA:34,14,1,0
BRDA:34,14,2,0
BRDA:37,15,0,5
BRDA:37,15,1,5
BRDA:37,15,2,5
BRDA:38,16,0,2
BRDA:38,16,1,3
BRDA:38,17,0,0
BRDA:38,17,1,2
BRDA:38,18,0,0
BRDA:38,18,1,0
BRDA:38,19,0,2
BRDA:38,19,1,0
BRDA:39,20,0,2
BRDA:39,20,1,3
BRDA:39,21,0,5
BRDA:39,21,1,4
BRDA:39,22,0,3
BRDA:39,22,1,0
BRDA:39,23,0,3
BRDA:39,23,1,1
BRDA:40,24,0,1
BRDA:40,24,1,4
BRDA:40,25,0,5
BRDA:40,25,1,2
BRDA:44,26,0,1
BRDA:44,26,1,0
BRDA:44,27,0,1
BRDA:44,27,1,0
BRDA:44,27,2,0
BRDA:46,28,0,1
BRDA:46,28,1,0
BRDA:47,29,0,0
BRDA:47,29,1,1
BRDA:57,30,0,0
BRDA:57,30,1,0
BRDA:63,31,0,0
BRDA:63,31,1,0
BRDA:66,32,0,0
BRDA:66,32,1,0
BRDA:67,33,0,0
BRDA:67,33,1,0
BRDA:69,34,0,0
BRDA:69,34,1,0
BRDA:70,35,0,0
BRDA:70,35,1,0
BRDA:72,36,0,0
BRDA:72,36,1,0
BRDA:79,37,0,0
BRDA:80,38,0,0
BRDA:80,38,1,0
BRDA:81,39,0,0
BRDA:81,39,1,0
BRDA:84,40,0,0
BRDA:84,40,1,0
BRDA:86,41,0,0
BRDA:86,41,1,0
BRDA:89,42,0,0
BRDA:100,43,0,4
BRDA:100,43,1,2
BRDA:100,44,0,2
BRDA:100,44,1,0
BRDA:101,45,0,4
BRDA:101,45,1,0
BRDA:101,46,0,4
BRDA:101,46,1,4
BRDA:101,46,2,4
BRF:95
BRH:42
end_of_record
TN:
SF:src/providers/openai.js
FN:1,(anonymous_0)
FN:6,(anonymous_1)
FN:9,withSlash
FN:11,translate
FN:80,listModels
FN:90,(anonymous_5)
FNF:6
FNH:4
FNDA:4,(anonymous_0)
FNDA:4,(anonymous_1)
FNDA:6,withSlash
FNDA:6,translate
FNDA:0,listModels
FNDA:0,(anonymous_5)
DA:1,4
DA:2,4
DA:3,4
DA:4,0
DA:5,4
DA:7,4
DA:8,4
DA:9,6
DA:12,6
DA:13,6
DA:14,6
DA:15,6
DA:16,6
DA:17,6
DA:18,6
DA:19,6
DA:21,6
DA:22,0
DA:23,0
DA:26,6
DA:27,6
DA:28,5
DA:29,5
DA:30,5
DA:31,5
DA:32,5
DA:33,5
DA:34,5
DA:35,5
DA:36,5
DA:39,1
DA:40,1
DA:41,1
DA:42,1
DA:43,1
DA:47,0
DA:48,0
DA:49,0
DA:50,0
DA:51,0
DA:52,0
DA:53,0
DA:54,0
DA:55,0
DA:56,0
DA:57,0
DA:58,0
DA:59,0
DA:60,0
DA:61,0
DA:62,0
DA:63,0
DA:64,0
DA:66,0
DA:67,0
DA:68,0
DA:69,0
DA:70,0
DA:71,0
DA:72,0
DA:77,0
DA:81,0
DA:82,0
DA:83,0
DA:84,0
DA:85,0
DA:86,0
DA:87,0
DA:88,0
DA:89,0
DA:90,0
DA:93,4
DA:95,4
DA:96,4
DA:97,4
DA:99,4
LF:76
LH:37
BRDA:3,0,0,4
BRDA:3,0,1,0
BRDA:4,1,0,0
BRDA:4,1,1,0
BRDA:5,2,0,4
BRDA:5,2,1,0
BRDA:6,3,0,4
BRDA:6,3,1,0
BRDA:7,4,0,0
BRDA:7,4,1,4
BRDA:7,5,0,4
BRDA:7,5,1,0
BRDA:8,6,0,4
BRDA:8,6,1,0
BRDA:8,7,0,0
BRDA:8,7,1,0
BRDA:9,8,0,6
BRDA:9,8,1,0
BRDA:11,9,0,0
BRDA:12,10,0,0
BRDA:12,10,1,6
BRDA:13,11,0,6
BRDA:13,11,1,0
BRDA:18,12,0,6
BRDA:18,12,1,0
BRDA:19,13,0,6
BRDA:19,13,1,0
BRDA:19,14,0,0
BRDA:19,14,1,6
BRDA:21,15,0,0
BRDA:21,15,1,6
BRDA:27,16,0,5
BRDA:27,16,1,1
BRDA:29,17,0,5
BRDA:29,17,1,0
BRDA:32,18,0,5
BRDA:32,18,1,5
BRDA:32,18,2,5
BRDA:33,19,0,2
BRDA:33,19,1,3
BRDA:33,20,0,0
BRDA:33,20,1,2
BRDA:33,21,0,0
BRDA:33,21,1,0
BRDA:33,22,0,2
BRDA:33,22,1,0
BRDA:34,23,0,2
BRDA:34,23,1,3
BRDA:34,24,0,5
BRDA:34,24,1,4
BRDA:34,25,0,3
BRDA:34,25,1,0
BRDA:34,26,0,3
BRDA:34,26,1,1
BRDA:35,27,0,1
BRDA:35,27,1,4
BRDA:35,28,0,5
BRDA:35,28,1,2
BRDA:39,29,0,1
BRDA:39,29,1,0
BRDA:39,30,0,1
BRDA:39,30,1,0
BRDA:39,30,2,0
BRDA:42,31,0,0
BRDA:42,31,1,1
BRDA:53,32,0,0
BRDA:53,32,1,0
BRDA:59,33,0,0
BRDA:59,33,1,0
BRDA:61,34,0,0
BRDA:61,34,1,0
BRDA:62,35,0,0
BRDA:62,35,1,0
BRDA:68,36,0,0
BRDA:68,36,1,0
BRDA:69,37,0,0
BRDA:69,37,1,0
BRDA:71,38,0,0
BRDA:71,38,1,0
BRDA:72,39,0,0
BRDA:72,39,1,0
BRDA:80,40,0,0
BRDA:81,41,0,0
BRDA:81,41,1,0
BRDA:82,42,0,0
BRDA:82,42,1,0
BRDA:85,43,0,0
BRDA:85,43,1,0
BRDA:86,44,0,0
BRDA:86,44,1,0
BRDA:86,45,0,0
BRDA:86,45,1,0
BRDA:88,46,0,0
BRDA:88,46,1,0
BRDA:90,47,0,0
BRDA:90,47,1,0
BRDA:96,48,0,4
BRDA:96,48,1,2
BRDA:96,49,0,2
BRDA:96,49,1,0
BRDA:97,50,0,4
BRDA:97,50,1,0
BRDA:97,51,0,4
BRDA:97,51,1,4
BRDA:97,51,2,4
BRF:105
BRH:44
end_of_record
TN:
SF:src/providers/openrouter.js
FN:1,(anonymous_0)
FN:6,(anonymous_1)
FN:9,withSlash
FN:11,translate
FN:82,listModels
FN:92,(anonymous_5)
FNF:6
FNH:4
FNDA:4,(anonymous_0)
FNDA:4,(anonymous_1)
FNDA:6,withSlash
FNDA:6,translate
FNDA:0,listModels
FNDA:0,(anonymous_5)
DA:1,4
DA:2,4
DA:3,4
DA:4,0
DA:5,4
DA:7,4
DA:8,4
DA:9,6
DA:12,6
DA:13,6
DA:14,6
DA:15,6
DA:16,6
DA:17,6
DA:18,6
DA:19,6
DA:20,6
DA:21,6
DA:23,6
DA:24,0
DA:25,0
DA:28,6
DA:29,6
DA:30,5
DA:31,5
DA:32,5
DA:33,5
DA:34,5
DA:35,5
DA:36,5
DA:37,5
DA:38,5
DA:41,1
DA:42,1
DA:43,1
DA:44,1
DA:45,1
DA:49,0
DA:50,0
DA:51,0
DA:52,0
DA:53,0
DA:54,0
DA:55,0
DA:56,0
DA:57,0
DA:58,0
DA:59,0
DA:60,0
DA:61,0
DA:62,0
DA:63,0
DA:64,0
DA:65,0
DA:66,0
DA:68,0
DA:69,0
DA:70,0
DA:71,0
DA:72,0
DA:73,0
DA:74,0
DA:79,0
DA:83,0
DA:84,0
DA:85,0
DA:86,0
DA:87,0
DA:88,0
DA:89,0
DA:90,0
DA:91,0
DA:92,0
DA:95,4
DA:97,4
DA:98,4
DA:99,4
DA:101,4
LF:78
LH:39
BRDA:3,0,0,4
BRDA:3,0,1,0
BRDA:4,1,0,0
BRDA:4,1,1,0
BRDA:5,2,0,4
BRDA:5,2,1,0
BRDA:6,3,0,4
BRDA:6,3,1,0
BRDA:7,4,0,0
BRDA:7,4,1,4
BRDA:7,5,0,4
BRDA:7,5,1,0
BRDA:8,6,0,4
BRDA:8,6,1,0
BRDA:8,7,0,0
BRDA:8,7,1,0
BRDA:9,8,0,6
BRDA:9,8,1,0
BRDA:11,9,0,0
BRDA:12,10,0,0
BRDA:12,10,1,6
BRDA:13,11,0,6
BRDA:13,11,1,0
BRDA:18,12,0,6
BRDA:18,12,1,0
BRDA:19,13,0,6
BRDA:19,13,1,0
BRDA:19,14,0,0
BRDA:19,14,1,6
BRDA:20,15,0,0
BRDA:20,15,1,6
BRDA:21,16,0,0
BRDA:21,16,1,6
BRDA:23,17,0,0
BRDA:23,17,1,6
BRDA:29,18,0,5
BRDA:29,18,1,1
BRDA:31,19,0,5
BRDA:31,19,1,0
BRDA:34,20,0,5
BRDA:34,20,1,5
BRDA:34,20,2,5
BRDA:35,21,0,2
BRDA:35,21,1,3
BRDA:35,22,0,0
BRDA:35,22,1,2
BRDA:35,23,0,0
BRDA:35,23,1,0
BRDA:35,24,0,2
BRDA:35,24,1,0
BRDA:36,25,0,2
BRDA:36,25,1,3
BRDA:36,26,0,5
BRDA:36,26,1,4
BRDA:36,27,0,3
BRDA:36,27,1,0
BRDA:36,28,0,3
BRDA:36,28,1,1
BRDA:37,29,0,1
BRDA:37,29,1,4
BRDA:37,30,0,5
BRDA:37,30,1,2
BRDA:41,31,0,1
BRDA:41,31,1,0
BRDA:41,32,0,1
BRDA:41,32,1,0
BRDA:41,32,2,0
BRDA:44,33,0,0
BRDA:44,33,1,1
BRDA:55,34,0,0
BRDA:55,34,1,0
BRDA:61,35,0,0
BRDA:61,35,1,0
BRDA:63,36,0,0
BRDA:63,36,1,0
BRDA:64,37,0,0
BRDA:64,37,1,0
BRDA:70,38,0,0
BRDA:70,38,1,0
BRDA:71,39,0,0
BRDA:71,39,1,0
BRDA:73,40,0,0
BRDA:73,40,1,0
BRDA:74,41,0,0
BRDA:74,41,1,0
BRDA:82,42,0,0
BRDA:83,43,0,0
BRDA:83,43,1,0
BRDA:84,44,0,0
BRDA:84,44,1,0
BRDA:87,45,0,0
BRDA:87,45,1,0
BRDA:88,46,0,0
BRDA:88,46,1,0
BRDA:88,47,0,0
BRDA:88,47,1,0
BRDA:90,48,0,0
BRDA:90,48,1,0
BRDA:92,49,0,0
BRDA:92,49,1,0
BRDA:98,50,0,4
BRDA:98,50,1,2
BRDA:98,51,0,2
BRDA:98,51,1,0
BRDA:99,52,0,4
BRDA:99,52,1,0
BRDA:99,53,0,4
BRDA:99,53,1,4
BRDA:99,53,2,4
BRF:109
BRH:46
end_of_record
TN:
SF:src/providers/qwen.js
FN:1,(anonymous_0)
FN:8,withSlash
FN:12,fetchViaXHR
FN:13,(anonymous_3)
FN:16,(anonymous_4)
FN:20,(anonymous_5)
FN:25,(anonymous_6)
FN:27,(anonymous_7)
FN:31,(anonymous_8)
FN:32,(anonymous_9)
FN:38,(anonymous_10)
FN:43,translate
FN:44,attempt
FN:84,(anonymous_13)
FN:152,getQuota
FN:161,(anonymous_15)
FNF:16
FNH:4
FNDA:5,(anonymous_0)
FNDA:8,withSlash
FNDA:0,fetchViaXHR
FNDA:0,(anonymous_3)
FNDA:0,(anonymous_4)
FNDA:0,(anonymous_5)
FNDA:0,(anonymous_6)
FNDA:0,(anonymous_7)
FNDA:0,(anonymous_8)
FNDA:0,(anonymous_9)
FNDA:0,(anonymous_10)
FNDA:7,translate
FNDA:8,attempt
FNDA:0,(anonymous_13)
FNDA:0,getQuota
FNDA:0,(anonymous_15)
DA:1,5
DA:2,5
DA:4,5
DA:5,0
DA:9,8
DA:13,0
DA:14,0
DA:15,0
DA:16,0
DA:17,0
DA:18,0
DA:19,0
DA:20,0
DA:21,0
DA:22,0
DA:24,0
DA:25,0
DA:27,0
DA:28,0
DA:31,0
DA:32,0
DA:35,0
DA:36,0
DA:38,0
DA:39,0
DA:45,8
DA:46,8
DA:47,0
DA:48,0
DA:50,8
DA:57,8
DA:58,8
DA:59,8
DA:60,8
DA:61,8
DA:63,8
DA:64,8
DA:70,8
DA:71,0
DA:72,0
DA:75,0
DA:76,0
DA:77,0
DA:79,0
DA:80,0
DA:83,8
DA:84,6
DA:85,6
DA:86,6
DA:87,6
DA:88,6
DA:89,4
DA:90,4
DA:91,4
DA:92,2
DA:93,2
DA:95,4
DA:97,6
DA:99,2
DA:100,2
DA:101,2
DA:102,2
DA:103,2
DA:104,0
DA:106,2
DA:108,0
DA:109,0
DA:110,0
DA:111,0
DA:112,0
DA:113,0
DA:114,0
DA:115,0
DA:116,0
DA:117,0
DA:118,0
DA:119,0
DA:120,0
DA:121,0
DA:122,0
DA:123,0
DA:124,0
DA:125,0
DA:126,0
DA:128,0
DA:129,0
DA:130,0
DA:131,0
DA:132,0
DA:133,0
DA:137,0
DA:140,7
DA:141,7
DA:143,6
DA:144,6
DA:145,1
DA:146,1
DA:148,5
DA:153,0
DA:154,0
DA:155,0
DA:156,0
DA:157,0
DA:158,0
DA:159,0
DA:160,0
DA:161,0
DA:162,0
DA:164,0
DA:165,0
DA:169,0
DA:173,0
DA:175,0
DA:176,0
DA:180,5
DA:187,5
DA:188,0
DA:190,5
DA:191,5
DA:194,5
DA:197,5
LF:121
LH:47
BRDA:2,0,0,5
BRDA:2,0,1,0
BRDA:4,1,0,0
BRDA:4,1,1,5
BRDA:4,2,0,5
BRDA:4,2,1,0
BRDA:4,2,2,0
BRDA:9,3,0,6
BRDA:9,3,1,2
BRDA:12,4,0,0
BRDA:12,5,0,0
BRDA:18,6,0,0
BRDA:18,6,1,0
BRDA:19,7,0,0
BRDA:19,7,1,0
BRDA:29,8,0,0
BRDA:29,8,1,0
BRDA:31,9,0,0
BRDA:31,9,1,0
BRDA:35,10,0,0
BRDA:35,10,1,0
BRDA:43,11,0,0
BRDA:46,12,0,0
BRDA:46,12,1,8
BRDA:57,13,0,0
BRDA:57,13,1,8
BRDA:58,14,0,8
BRDA:58,14,1,0
BRDA:60,15,0,8
BRDA:60,15,1,0
BRDA:60,16,0,0
BRDA:60,16,1,8
BRDA:61,17,0,0
BRDA:61,17,1,8
BRDA:70,18,0,0
BRDA:70,18,1,8
BRDA:75,19,0,0
BRDA:75,19,1,0
BRDA:75,20,0,0
BRDA:75,20,1,0
BRDA:76,21,0,0
BRDA:76,21,1,0
BRDA:83,22,0,6
BRDA:83,22,1,2
BRDA:85,23,0,6
BRDA:85,23,1,5
BRDA:87,24,0,0
BRDA:87,24,1,6
BRDA:88,25,0,4
BRDA:88,25,1,2
BRDA:88,26,0,6
BRDA:88,26,1,5
BRDA:91,27,0,2
BRDA:91,27,1,2
BRDA:93,28,0,2
BRDA:93,28,1,0
BRDA:95,29,0,2
BRDA:95,29,1,2
BRDA:95,30,0,4
BRDA:95,30,1,3
BRDA:99,31,0,2
BRDA:99,31,1,0
BRDA:99,32,0,2
BRDA:99,32,1,0
BRDA:99,32,2,0
BRDA:100,33,0,0
BRDA:100,33,1,2
BRDA:102,34,0,2
BRDA:102,34,1,0
BRDA:103,35,0,0
BRDA:103,35,1,2
BRDA:108,36,0,0
BRDA:108,36,1,0
BRDA:115,37,0,0
BRDA:115,37,1,0
BRDA:121,38,0,0
BRDA:121,38,1,0
BRDA:123,39,0,0
BRDA:123,39,1,0
BRDA:124,40,0,0
BRDA:124,40,1,0
BRDA:130,41,0,0
BRDA:130,41,1,0
BRDA:130,41,2,0
BRDA:132,42,0,0
BRDA:132,42,1,0
BRDA:132,43,0,0
BRDA:132,43,1,0
BRDA:133,44,0,0
BRDA:133,44,1,0
BRDA:133,45,0,0
BRDA:133,45,1,0
BRDA:143,46,0,6
BRDA:143,46,1,6
BRDA:143,46,2,3
BRDA:143,47,0,3
BRDA:143,47,1,0
BRDA:144,48,0,1
BRDA:144,48,1,5
BRDA:144,49,0,6
BRDA:144,49,1,1
BRDA:145,50,0,0
BRDA:145,50,1,1
BRDA:154,51,0,0
BRDA:154,51,1,0
BRDA:156,52,0,0
BRDA:156,52,1,0
BRDA:156,53,0,0
BRDA:156,53,1,0
BRDA:158,54,0,0
BRDA:158,54,1,0
BRDA:159,55,0,0
BRDA:159,55,1,0
BRDA:160,56,0,0
BRDA:160,56,1,0
BRDA:162,57,0,0
BRDA:162,57,1,0
BRDA:166,58,0,0
BRDA:166,58,1,0
BRDA:166,58,2,0
BRDA:167,59,0,0
BRDA:167,59,1,0
BRDA:167,59,2,0
BRDA:170,60,0,0
BRDA:170,60,1,0
BRDA:170,60,2,0
BRDA:171,61,0,0
BRDA:171,61,1,0
BRDA:171,61,2,0
BRDA:175,62,0,0
BRDA:175,62,1,0
BRDA:187,63,0,5
BRDA:187,63,1,0
BRDA:188,64,0,0
BRDA:188,64,1,0
BRDA:191,65,0,5
BRDA:191,65,1,5
BRDA:191,65,2,3
BRDA:191,65,3,3
BRDA:191,65,4,3
BRDA:193,66,0,3
BRDA:193,66,1,0
BRDA:194,67,0,5
BRDA:194,67,1,0
BRDA:194,68,0,5
BRDA:194,68,1,5
BRDA:194,68,2,5
BRDA:197,69,0,5
BRDA:197,69,1,0
BRF:149
BRH:54
end_of_record
TN:
SF:src/translator/batching.js
FN:1,(anonymous_0)
FN:2,(anonymous_1)
FN:9,splitLongText
FNF:3
FNH:2
FNDA:9,(anonymous_0)
FNDA:0,(anonymous_1)
FNDA:158,splitLongText
DA:1,9
DA:2,9
DA:3,9
DA:4,9
DA:5,2
DA:6,2
DA:10,158
DA:11,158
DA:12,158
DA:13,158
DA:14,100161
DA:15,100161
DA:16,603
DA:17,603
DA:19,99558
DA:22,158
DA:23,158
DA:24,158
DA:25,761
DA:26,757
DA:28,4
DA:29,4
DA:30,4
DA:31,8
DA:32,8
DA:36,158
DA:39,9
DA:40,9
DA:41,9
DA:42,0
LF:30
LH:29
BRDA:2,0,0,0
BRDA:2,0,1,0
BRDA:4,1,0,7
BRDA:4,1,1,2
BRDA:4,2,0,9
BRDA:4,2,1,9
BRDA:5,3,0,0
BRDA:5,3,1,2
BRDA:5,4,0,2
BRDA:5,4,1,2
BRDA:5,4,2,0
BRDA:6,5,0,2
BRDA:6,5,1,0
BRDA:10,6,0,158
BRDA:10,6,1,0
BRDA:14,7,0,100003
BRDA:14,7,1,158
BRDA:15,8,0,603
BRDA:15,8,1,99558
BRDA:15,9,0,100161
BRDA:15,9,1,605
BRDA:22,10,0,158
BRDA:22,10,1,0
BRDA:25,11,0,757
BRDA:25,11,1,4
BRDA:40,12,0,9
BRDA:40,12,1,0
BRDA:41,13,0,9
BRDA:41,13,1,0
BRDA:41,14,0,9
BRDA:41,14,1,9
BRDA:42,15,0,0
BRDA:42,15,1,0
BRDA:42,16,0,0
BRDA:42,16,1,0
BRDA:43,17,0,9
BRDA:43,17,1,0
BRDA:43,18,0,0
BRDA:43,18,1,0
BRF:39
BRH:23
end_of_record
TN:
SF:src/translator/cacheKey.js
FN:1,(anonymous_0)
FN:2,normalizeText
FN:7,makeCacheKey
FNF:3
FNH:3
FNDA:15,(anonymous_0)
FNDA:273,normalizeText
FNDA:273,makeCacheKey
DA:1,15
DA:3,273
DA:4,273
DA:5,273
DA:8,273
DA:10,15
DA:11,15
DA:12,15
DA:13,0
LF:9
LH:8
BRDA:3,0,0,0
BRDA:3,0,1,273
BRDA:11,1,0,15
BRDA:11,1,1,0
BRDA:12,2,0,15
BRDA:12,2,1,0
BRDA:12,3,0,15
BRDA:12,3,1,15
BRDA:13,4,0,0
BRDA:13,4,1,0
BRDA:13,5,0,0
BRDA:13,5,1,0
BRDA:14,6,0,15
BRDA:14,6,1,0
BRDA:14,7,0,0
BRDA:14,7,1,0
BRF:16
BRH:6
end_of_record
TN:
SF:src/translator/providers.js
FN:1,(anonymous_0)
FN:2,chooseDefault
FN:18,candidatesChain
FN:23,(anonymous_3)
FNF:4
FNH:3
FNDA:16,(anonymous_0)
FNDA:39,chooseDefault
FNDA:71,candidatesChain
FNDA:0,(anonymous_3)
DA:1,16
DA:3,39
DA:4,18
DA:5,18
DA:6,16
DA:7,14
DA:8,12
DA:9,10
DA:10,8
DA:11,6
DA:12,4
DA:13,4
DA:14,4
DA:15,4
DA:19,71
DA:20,71
DA:21,5
DA:22,5
DA:23,2
DA:24,2
DA:26,66
DA:27,26
DA:28,8
DA:30,0
DA:34,16
DA:35,16
DA:36,16
DA:37,0
LF:28
LH:26
BRDA:3,0,0,21
BRDA:3,0,1,18
BRDA:3,1,0,39
BRDA:3,1,1,23
BRDA:4,2,0,18
BRDA:4,2,1,0
BRDA:5,3,0,2
BRDA:5,3,1,16
BRDA:6,4,0,2
BRDA:6,4,1,14
BRDA:7,5,0,2
BRDA:7,5,1,12
BRDA:7,6,0,14
BRDA:7,6,1,12
BRDA:8,7,0,2
BRDA:8,7,1,10
BRDA:9,8,0,2
BRDA:9,8,1,8
BRDA:10,9,0,2
BRDA:10,9,1,6
BRDA:11,10,0,2
BRDA:11,10,1,4
BRDA:11,11,0,6
BRDA:11,11,1,6
BRDA:12,12,0,0
BRDA:12,12,1,4
BRDA:13,13,0,0
BRDA:13,13,1,4
BRDA:14,14,0,0
BRDA:14,14,1,4
BRDA:14,15,0,4
BRDA:14,15,1,4
BRDA:20,16,0,5
BRDA:20,16,1,66
BRDA:20,17,0,71
BRDA:20,17,1,13
BRDA:22,18,0,3
BRDA:22,18,1,2
BRDA:22,19,0,5
BRDA:22,19,1,3
BRDA:23,20,0,0
BRDA:23,20,1,2
BRDA:26,21,0,40
BRDA:26,21,1,26
BRDA:27,22,0,18
BRDA:27,22,1,8
BRDA:27,23,0,26
BRDA:27,23,1,18
BRDA:35,24,0,16
BRDA:35,24,1,0
BRDA:36,25,0,16
BRDA:36,25,1,0
BRDA:36,26,0,16
BRDA:36,26,1,16
BRDA:37,27,0,0
BRDA:37,27,1,0
BRDA:37,28,0,0
BRDA:37,28,1,0
BRDA:38,29,0,16
BRDA:38,29,1,0
BRDA:38,30,0,0
BRDA:38,30,1,0
BRF:62
BRH:48
end_of_record
